08/14/2018 13:48:53.200 [sow3dh0xndtbldnmvm3apbq5] - Info - http://localhost:50947/Default.aspx - App_Web_rb5hn32g.dll - _Default.Login() : checking if membership user is logged in and authenticated
08/14/2018 13:48:53.234 [sow3dh0xndtbldnmvm3apbq5] - Info - http://localhost:50947/Default.aspx - App_Web_rb5hn32g.dll - _Default.Login() : 
ALL available roles: 
    Admin
    Administration
    AOR
    CR
    Dashboard
    MasterData
    Meeting
    News
    Reports
    ResourceManagement
    RQMT
    SustainmentRequest
    Task
    Tester
    View:Administration
    View:AOR
    View:CR
    View:CVTMetrics
    View:Dashboard
    View:MasterData
    View:Meeting
    View:Metrics
    View:News
    View:Reports
    View:ResourceManagement
    View:RQMT
    View:SustainmentRequest
    View:Task
    View:WorkItem
    View:WorkRequest
    WorkItem
    WorkRequest


User Joseph.Porubsky is logged in and is approved.
Organization = Business Team

User is in roles:  
    Admin
    Administration
    AOR
    CR
    Dashboard
    MasterData
    Meeting
    News
    Reports
    ResourceManagement
    RQMT
    SustainmentRequest
    Task
    View:Administration
    View:AOR
    View:CR
    View:CVTMetrics
    View:Dashboard
    View:MasterData
    View:Meeting
    View:Metrics
    View:News
    View:Reports
    View:ResourceManagement
    View:RQMT
    View:SustainmentRequest
    View:Task
    View:WorkItem
    View:WorkRequest
    WorkItem
    WorkRequest

08/14/2018 13:54:39.170 [hcht5qgg0ep5yesmofcju3lq] - Info - http://localhost:50947/Default.aspx - App_Web_rb5hn32g.dll - _Default.Login() : checking if membership user is logged in and authenticated
08/14/2018 13:54:39.179 [hcht5qgg0ep5yesmofcju3lq] - Info - http://localhost:50947/Default.aspx - App_Web_rb5hn32g.dll - _Default.Login() : 
ALL available roles: 
    Admin
    Administration
    AOR
    CR
    Dashboard
    MasterData
    Meeting
    News
    Reports
    ResourceManagement
    RQMT
    SustainmentRequest
    Task
    Tester
    View:Administration
    View:AOR
    View:CR
    View:CVTMetrics
    View:Dashboard
    View:MasterData
    View:Meeting
    View:Metrics
    View:News
    View:Reports
    View:ResourceManagement
    View:RQMT
    View:SustainmentRequest
    View:Task
    View:WorkItem
    View:WorkRequest
    WorkItem
    WorkRequest


User joseph.porubsky is logged in and is approved.
Organization = Business Team

User is in roles:  
    Admin
    Administration
    AOR
    CR
    Dashboard
    MasterData
    Meeting
    News
    Reports
    ResourceManagement
    RQMT
    SustainmentRequest
    Task
    View:Administration
    View:AOR
    View:CR
    View:CVTMetrics
    View:Dashboard
    View:MasterData
    View:Meeting
    View:Metrics
    View:News
    View:Reports
    View:ResourceManagement
    View:RQMT
    View:SustainmentRequest
    View:Task
    View:WorkItem
    View:WorkRequest
    WorkItem
    WorkRequest

08/14/2018 13:56:17.613 [qfu5dwdadqab0b2kz0kzmhqq] - Info - http://localhost:50947/Default.aspx - App_Web_rb5hn32g.dll - _Default.Login() : checking if membership user is logged in and authenticated
08/14/2018 13:56:17.623 [qfu5dwdadqab0b2kz0kzmhqq] - Info - http://localhost:50947/Default.aspx - App_Web_rb5hn32g.dll - _Default.Login() : 
ALL available roles: 
    Admin
    Administration
    AOR
    CR
    Dashboard
    MasterData
    Meeting
    News
    Reports
    ResourceManagement
    RQMT
    SustainmentRequest
    Task
    Tester
    View:Administration
    View:AOR
    View:CR
    View:CVTMetrics
    View:Dashboard
    View:MasterData
    View:Meeting
    View:Metrics
    View:News
    View:Reports
    View:ResourceManagement
    View:RQMT
    View:SustainmentRequest
    View:Task
    View:WorkItem
    View:WorkRequest
    WorkItem
    WorkRequest


User JOSEPH.PORUBSKY is logged in and is approved.
Organization = Business Team

User is in roles:  
    Admin
    Administration
    AOR
    CR
    Dashboard
    MasterData
    Meeting
    News
    Reports
    ResourceManagement
    RQMT
    SustainmentRequest
    Task
    View:Administration
    View:AOR
    View:CR
    View:CVTMetrics
    View:Dashboard
    View:MasterData
    View:Meeting
    View:Metrics
    View:News
    View:Reports
    View:ResourceManagement
    View:RQMT
    View:SustainmentRequest
    View:Task
    View:WorkItem
    View:WorkRequest
    WorkItem
    WorkRequest

08/14/2018 13:57:44.820 [yfnwba2fbngmm1reqiicdqo5] - Info - http://localhost:50947/Default.aspx - App_Web_rb5hn32g.dll - _Default.Login() : checking if membership user is logged in and authenticated
08/14/2018 13:57:44.827 [yfnwba2fbngmm1reqiicdqo5] - Info - http://localhost:50947/Default.aspx - App_Web_rb5hn32g.dll - _Default.Login() : 
ALL available roles: 
    Admin
    Administration
    AOR
    CR
    Dashboard
    MasterData
    Meeting
    News
    Reports
    ResourceManagement
    RQMT
    SustainmentRequest
    Task
    Tester
    View:Administration
    View:AOR
    View:CR
    View:CVTMetrics
    View:Dashboard
    View:MasterData
    View:Meeting
    View:Metrics
    View:News
    View:Reports
    View:ResourceManagement
    View:RQMT
    View:SustainmentRequest
    View:Task
    View:WorkItem
    View:WorkRequest
    WorkItem
    WorkRequest


User JOSEPH.porubsky is logged in and is approved.
Organization = Business Team

User is in roles:  
    Admin
    Administration
    AOR
    CR
    Dashboard
    MasterData
    Meeting
    News
    Reports
    ResourceManagement
    RQMT
    SustainmentRequest
    Task
    View:Administration
    View:AOR
    View:CR
    View:CVTMetrics
    View:Dashboard
    View:MasterData
    View:Meeting
    View:Metrics
    View:News
    View:Reports
    View:ResourceManagement
    View:RQMT
    View:SustainmentRequest
    View:Task
    View:WorkItem
    View:WorkRequest
    WorkItem
    WorkRequest

