08/16/2018 10:09:12.649 [uo1lknubv2bmxx31tob5o4lg] - Info - http://localhost:50947/Default.aspx - App_Web_x5e0epj3.dll - _Default.Login() : checking if membership user is logged in and authenticated
08/16/2018 10:09:12.721 [uo1lknubv2bmxx31tob5o4lg] - Info - http://localhost:50947/Default.aspx - App_Web_x5e0epj3.dll - _Default.Login() : 
ALL available roles: 
    Admin
    Administration
    AOR
    CR
    Dashboard
    MasterData
    Meeting
    News
    Reports
    ResourceManagement
    RQMT
    SustainmentRequest
    Task
    Tester
    View:Administration
    View:AOR
    View:CR
    View:CVTMetrics
    View:Dashboard
    View:MasterData
    View:Meeting
    View:Metrics
    View:News
    View:Reports
    View:ResourceManagement
    View:RQMT
    View:SustainmentRequest
    View:Task
    View:WorkItem
    View:WorkRequest
    WorkItem
    WorkRequest


User joseph.porubsky is logged in and is approved.
Organization = Business Team

User is in roles:  
    Admin
    Administration
    AOR
    CR
    Dashboard
    MasterData
    Meeting
    News
    Reports
    ResourceManagement
    RQMT
    SustainmentRequest
    Task
    View:Administration
    View:AOR
    View:CR
    View:CVTMetrics
    View:Dashboard
    View:MasterData
    View:Meeting
    View:Metrics
    View:News
    View:Reports
    View:ResourceManagement
    View:RQMT
    View:SustainmentRequest
    View:Task
    View:WorkItem
    View:WorkRequest
    WorkItem
    WorkRequest

08/16/2018 10:11:17.497 [bhdmqb2iu0mojuw2zwt1myrj] - Info - http://localhost:50947/Default.aspx - App_Web_x5e0epj3.dll - _Default.Login() : checking if membership user is logged in and authenticated
08/16/2018 10:11:17.511 [bhdmqb2iu0mojuw2zwt1myrj] - Info - http://localhost:50947/Default.aspx - App_Web_x5e0epj3.dll - _Default.Login() : 
ALL available roles: 
    Admin
    Administration
    AOR
    CR
    Dashboard
    MasterData
    Meeting
    News
    Reports
    ResourceManagement
    RQMT
    SustainmentRequest
    Task
    Tester
    View:Administration
    View:AOR
    View:CR
    View:CVTMetrics
    View:Dashboard
    View:MasterData
    View:Meeting
    View:Metrics
    View:News
    View:Reports
    View:ResourceManagement
    View:RQMT
    View:SustainmentRequest
    View:Task
    View:WorkItem
    View:WorkRequest
    WorkItem
    WorkRequest


User joseph.porubsky is logged in and is approved.
Organization = Business Team

User is in roles:  
    Admin
    Administration
    AOR
    CR
    Dashboard
    MasterData
    Meeting
    News
    Reports
    ResourceManagement
    RQMT
    SustainmentRequest
    Task
    View:Administration
    View:AOR
    View:CR
    View:CVTMetrics
    View:Dashboard
    View:MasterData
    View:Meeting
    View:Metrics
    View:News
    View:Reports
    View:ResourceManagement
    View:RQMT
    View:SustainmentRequest
    View:Task
    View:WorkItem
    View:WorkRequest
    WorkItem
    WorkRequest

08/16/2018 10:12:12.856 [qaf1l0jf5ub10fpjrqpefjze] - Info - http://localhost:50947/Default.aspx - App_Web_x5e0epj3.dll - _Default.Login() : checking if membership user is logged in and authenticated
08/16/2018 10:12:12.864 [qaf1l0jf5ub10fpjrqpefjze] - Info - http://localhost:50947/Default.aspx - App_Web_x5e0epj3.dll - _Default.Login() : 
ALL available roles: 
    Admin
    Administration
    AOR
    CR
    Dashboard
    MasterData
    Meeting
    News
    Reports
    ResourceManagement
    RQMT
    SustainmentRequest
    Task
    Tester
    View:Administration
    View:AOR
    View:CR
    View:CVTMetrics
    View:Dashboard
    View:MasterData
    View:Meeting
    View:Metrics
    View:News
    View:Reports
    View:ResourceManagement
    View:RQMT
    View:SustainmentRequest
    View:Task
    View:WorkItem
    View:WorkRequest
    WorkItem
    WorkRequest


User joseph.porubsky is logged in and is approved.
Organization = Business Team

User is in roles:  
    Admin
    Administration
    AOR
    CR
    Dashboard
    MasterData
    Meeting
    News
    Reports
    ResourceManagement
    RQMT
    SustainmentRequest
    Task
    View:Administration
    View:AOR
    View:CR
    View:CVTMetrics
    View:Dashboard
    View:MasterData
    View:Meeting
    View:Metrics
    View:News
    View:Reports
    View:ResourceManagement
    View:RQMT
    View:SustainmentRequest
    View:Task
    View:WorkItem
    View:WorkRequest
    WorkItem
    WorkRequest

08/16/2018 10:16:57.004 [ewqosrv4id0fe3iyrk4zebpg] - Info - http://localhost:50947/Default.aspx - App_Web_x5e0epj3.dll - _Default.Login() : checking if membership user is logged in and authenticated
08/16/2018 10:16:57.010 [ewqosrv4id0fe3iyrk4zebpg] - Info - http://localhost:50947/Default.aspx - App_Web_x5e0epj3.dll - _Default.Login() : 
ALL available roles: 
    Admin
    Administration
    AOR
    CR
    Dashboard
    MasterData
    Meeting
    News
    Reports
    ResourceManagement
    RQMT
    SustainmentRequest
    Task
    Tester
    View:Administration
    View:AOR
    View:CR
    View:CVTMetrics
    View:Dashboard
    View:MasterData
    View:Meeting
    View:Metrics
    View:News
    View:Reports
    View:ResourceManagement
    View:RQMT
    View:SustainmentRequest
    View:Task
    View:WorkItem
    View:WorkRequest
    WorkItem
    WorkRequest


User joseph.porubsky is logged in and is approved.
Organization = Business Team

User is in roles:  
    Admin
    Administration
    AOR
    CR
    Dashboard
    MasterData
    Meeting
    News
    Reports
    ResourceManagement
    RQMT
    SustainmentRequest
    Task
    View:Administration
    View:AOR
    View:CR
    View:CVTMetrics
    View:Dashboard
    View:MasterData
    View:Meeting
    View:Metrics
    View:News
    View:Reports
    View:ResourceManagement
    View:RQMT
    View:SustainmentRequest
    View:Task
    View:WorkItem
    View:WorkRequest
    WorkItem
    WorkRequest

08/16/2018 10:28:54.252 [ewqosrv4id0fe3iyrk4zebpg] - Info - http://localhost:50947/Default.aspx - App_Web_x5e0epj3.dll - _Default.Login() : checking if membership user is logged in and authenticated
08/16/2018 10:28:54.260 [ewqosrv4id0fe3iyrk4zebpg] - Info - http://localhost:50947/Default.aspx - App_Web_x5e0epj3.dll - _Default.Login() : 
ALL available roles: 
    Admin
    Administration
    AOR
    CR
    Dashboard
    MasterData
    Meeting
    News
    Reports
    ResourceManagement
    RQMT
    SustainmentRequest
    Task
    Tester
    View:Administration
    View:AOR
    View:CR
    View:CVTMetrics
    View:Dashboard
    View:MasterData
    View:Meeting
    View:Metrics
    View:News
    View:Reports
    View:ResourceManagement
    View:RQMT
    View:SustainmentRequest
    View:Task
    View:WorkItem
    View:WorkRequest
    WorkItem
    WorkRequest


User joseph.porubsky is logged in and is approved.
Organization = Business Team

User is in roles:  
    Admin
    Administration
    AOR
    CR
    Dashboard
    MasterData
    Meeting
    News
    Reports
    ResourceManagement
    RQMT
    SustainmentRequest
    Task
    View:Administration
    View:AOR
    View:CR
    View:CVTMetrics
    View:Dashboard
    View:MasterData
    View:Meeting
    View:Metrics
    View:News
    View:Reports
    View:ResourceManagement
    View:RQMT
    View:SustainmentRequest
    View:Task
    View:WorkItem
    View:WorkRequest
    WorkItem
    WorkRequest

08/16/2018 10:31:02.673 [bzugrmu1cjn5srfpvpx5pws3] - Info - http://localhost:50947/Default.aspx - App_Web_x5e0epj3.dll - _Default.Login() : checking if membership user is logged in and authenticated
08/16/2018 10:31:02.680 [bzugrmu1cjn5srfpvpx5pws3] - Info - http://localhost:50947/Default.aspx - App_Web_x5e0epj3.dll - _Default.Login() : 
ALL available roles: 
    Admin
    Administration
    AOR
    CR
    Dashboard
    MasterData
    Meeting
    News
    Reports
    ResourceManagement
    RQMT
    SustainmentRequest
    Task
    Tester
    View:Administration
    View:AOR
    View:CR
    View:CVTMetrics
    View:Dashboard
    View:MasterData
    View:Meeting
    View:Metrics
    View:News
    View:Reports
    View:ResourceManagement
    View:RQMT
    View:SustainmentRequest
    View:Task
    View:WorkItem
    View:WorkRequest
    WorkItem
    WorkRequest


User joseph.porubsky is logged in and is approved.
Organization = Business Team

User is in roles:  
    Admin
    Administration
    AOR
    CR
    Dashboard
    MasterData
    Meeting
    News
    Reports
    ResourceManagement
    RQMT
    SustainmentRequest
    Task
    View:Administration
    View:AOR
    View:CR
    View:CVTMetrics
    View:Dashboard
    View:MasterData
    View:Meeting
    View:Metrics
    View:News
    View:Reports
    View:ResourceManagement
    View:RQMT
    View:SustainmentRequest
    View:Task
    View:WorkItem
    View:WorkRequest
    WorkItem
    WorkRequest

08/16/2018 10:32:05.398 [vgcws3u3yuwq0a0zrby5i5c5] - Info - http://localhost:50947/Default.aspx - App_Web_x5e0epj3.dll - _Default.Login() : checking if membership user is logged in and authenticated
08/16/2018 10:32:05.404 [vgcws3u3yuwq0a0zrby5i5c5] - Info - http://localhost:50947/Default.aspx - App_Web_x5e0epj3.dll - _Default.Login() : 
ALL available roles: 
    Admin
    Administration
    AOR
    CR
    Dashboard
    MasterData
    Meeting
    News
    Reports
    ResourceManagement
    RQMT
    SustainmentRequest
    Task
    Tester
    View:Administration
    View:AOR
    View:CR
    View:CVTMetrics
    View:Dashboard
    View:MasterData
    View:Meeting
    View:Metrics
    View:News
    View:Reports
    View:ResourceManagement
    View:RQMT
    View:SustainmentRequest
    View:Task
    View:WorkItem
    View:WorkRequest
    WorkItem
    WorkRequest


User joseph.porubsky is logged in and is approved.
Organization = Business Team

User is in roles:  
    Admin
    Administration
    AOR
    CR
    Dashboard
    MasterData
    Meeting
    News
    Reports
    ResourceManagement
    RQMT
    SustainmentRequest
    Task
    View:Administration
    View:AOR
    View:CR
    View:CVTMetrics
    View:Dashboard
    View:MasterData
    View:Meeting
    View:Metrics
    View:News
    View:Reports
    View:ResourceManagement
    View:RQMT
    View:SustainmentRequest
    View:Task
    View:WorkItem
    View:WorkRequest
    WorkItem
    WorkRequest

08/16/2018 10:33:58.819 [ovmq5kllcr25qbsxuy1w4a55] - Info - http://localhost:50947/Default.aspx - App_Web_x5e0epj3.dll - _Default.Login() : checking if membership user is logged in and authenticated
08/16/2018 10:33:58.824 [ovmq5kllcr25qbsxuy1w4a55] - Info - http://localhost:50947/Default.aspx - App_Web_x5e0epj3.dll - _Default.Login() : 
ALL available roles: 
    Admin
    Administration
    AOR
    CR
    Dashboard
    MasterData
    Meeting
    News
    Reports
    ResourceManagement
    RQMT
    SustainmentRequest
    Task
    Tester
    View:Administration
    View:AOR
    View:CR
    View:CVTMetrics
    View:Dashboard
    View:MasterData
    View:Meeting
    View:Metrics
    View:News
    View:Reports
    View:ResourceManagement
    View:RQMT
    View:SustainmentRequest
    View:Task
    View:WorkItem
    View:WorkRequest
    WorkItem
    WorkRequest


User joseph.porubsky is logged in and is approved.
Organization = Business Team

User is in roles:  
    Admin
    Administration
    AOR
    CR
    Dashboard
    MasterData
    Meeting
    News
    Reports
    ResourceManagement
    RQMT
    SustainmentRequest
    Task
    View:Administration
    View:AOR
    View:CR
    View:CVTMetrics
    View:Dashboard
    View:MasterData
    View:Meeting
    View:Metrics
    View:News
    View:Reports
    View:ResourceManagement
    View:RQMT
    View:SustainmentRequest
    View:Task
    View:WorkItem
    View:WorkRequest
    WorkItem
    WorkRequest

08/16/2018 10:35:57.537 [ovmq5kllcr25qbsxuy1w4a55] - Info - http://localhost:50947/Default.aspx - App_Web_x5e0epj3.dll - _Default.Login() : checking if membership user is logged in and authenticated
08/16/2018 10:35:57.554 [ovmq5kllcr25qbsxuy1w4a55] - Info - http://localhost:50947/Default.aspx - App_Web_x5e0epj3.dll - _Default.Login() : 
ALL available roles: 
    Admin
    Administration
    AOR
    CR
    Dashboard
    MasterData
    Meeting
    News
    Reports
    ResourceManagement
    RQMT
    SustainmentRequest
    Task
    Tester
    View:Administration
    View:AOR
    View:CR
    View:CVTMetrics
    View:Dashboard
    View:MasterData
    View:Meeting
    View:Metrics
    View:News
    View:Reports
    View:ResourceManagement
    View:RQMT
    View:SustainmentRequest
    View:Task
    View:WorkItem
    View:WorkRequest
    WorkItem
    WorkRequest


User joseph.porubsky is logged in and is approved.
Organization = Business Team

User is in roles:  
    Admin
    Administration
    AOR
    CR
    Dashboard
    MasterData
    Meeting
    News
    Reports
    ResourceManagement
    RQMT
    SustainmentRequest
    Task
    View:Administration
    View:AOR
    View:CR
    View:CVTMetrics
    View:Dashboard
    View:MasterData
    View:Meeting
    View:Metrics
    View:News
    View:Reports
    View:ResourceManagement
    View:RQMT
    View:SustainmentRequest
    View:Task
    View:WorkItem
    View:WorkRequest
    WorkItem
    WorkRequest

08/16/2018 10:36:38.882 [ovmq5kllcr25qbsxuy1w4a55] - Info - http://localhost:50947/Default.aspx - App_Web_x5e0epj3.dll - _Default.Login() : checking if membership user is logged in and authenticated
08/16/2018 10:36:38.891 [ovmq5kllcr25qbsxuy1w4a55] - Info - http://localhost:50947/Default.aspx - App_Web_x5e0epj3.dll - _Default.Login() : 
ALL available roles: 
    Admin
    Administration
    AOR
    CR
    Dashboard
    MasterData
    Meeting
    News
    Reports
    ResourceManagement
    RQMT
    SustainmentRequest
    Task
    Tester
    View:Administration
    View:AOR
    View:CR
    View:CVTMetrics
    View:Dashboard
    View:MasterData
    View:Meeting
    View:Metrics
    View:News
    View:Reports
    View:ResourceManagement
    View:RQMT
    View:SustainmentRequest
    View:Task
    View:WorkItem
    View:WorkRequest
    WorkItem
    WorkRequest


User joseph.porubsky is logged in and is approved.
Organization = Business Team

User is in roles:  
    Admin
    Administration
    AOR
    CR
    Dashboard
    MasterData
    Meeting
    News
    Reports
    ResourceManagement
    RQMT
    SustainmentRequest
    Task
    View:Administration
    View:AOR
    View:CR
    View:CVTMetrics
    View:Dashboard
    View:MasterData
    View:Meeting
    View:Metrics
    View:News
    View:Reports
    View:ResourceManagement
    View:RQMT
    View:SustainmentRequest
    View:Task
    View:WorkItem
    View:WorkRequest
    WorkItem
    WorkRequest

08/16/2018 10:37:56.653 [ovmq5kllcr25qbsxuy1w4a55] - Info - http://localhost:50947/Default.aspx - App_Web_x5e0epj3.dll - _Default.Login() : checking if membership user is logged in and authenticated
08/16/2018 10:37:56.663 [ovmq5kllcr25qbsxuy1w4a55] - Info - http://localhost:50947/Default.aspx - App_Web_x5e0epj3.dll - _Default.Login() : 
ALL available roles: 
    Admin
    Administration
    AOR
    CR
    Dashboard
    MasterData
    Meeting
    News
    Reports
    ResourceManagement
    RQMT
    SustainmentRequest
    Task
    Tester
    View:Administration
    View:AOR
    View:CR
    View:CVTMetrics
    View:Dashboard
    View:MasterData
    View:Meeting
    View:Metrics
    View:News
    View:Reports
    View:ResourceManagement
    View:RQMT
    View:SustainmentRequest
    View:Task
    View:WorkItem
    View:WorkRequest
    WorkItem
    WorkRequest


User joseph.porubsky is logged in and is approved.
Organization = Business Team

User is in roles:  
    Admin
    Administration
    AOR
    CR
    Dashboard
    MasterData
    Meeting
    News
    Reports
    ResourceManagement
    RQMT
    SustainmentRequest
    Task
    View:Administration
    View:AOR
    View:CR
    View:CVTMetrics
    View:Dashboard
    View:MasterData
    View:Meeting
    View:Metrics
    View:News
    View:Reports
    View:ResourceManagement
    View:RQMT
    View:SustainmentRequest
    View:Task
    View:WorkItem
    View:WorkRequest
    WorkItem
    WorkRequest

08/16/2018 10:38:25.684 [r4x0vovx51bu4bulu3eosics] - Info - http://localhost:50947/Default.aspx - App_Web_x5e0epj3.dll - _Default.Login() : checking if membership user is logged in and authenticated
08/16/2018 10:38:25.689 [r4x0vovx51bu4bulu3eosics] - Info - http://localhost:50947/Default.aspx - App_Web_x5e0epj3.dll - _Default.Login() : 
ALL available roles: 
    Admin
    Administration
    AOR
    CR
    Dashboard
    MasterData
    Meeting
    News
    Reports
    ResourceManagement
    RQMT
    SustainmentRequest
    Task
    Tester
    View:Administration
    View:AOR
    View:CR
    View:CVTMetrics
    View:Dashboard
    View:MasterData
    View:Meeting
    View:Metrics
    View:News
    View:Reports
    View:ResourceManagement
    View:RQMT
    View:SustainmentRequest
    View:Task
    View:WorkItem
    View:WorkRequest
    WorkItem
    WorkRequest


User joseph.porubsky is logged in and is approved.
Organization = Business Team

User is in roles:  
    Admin
    Administration
    AOR
    CR
    Dashboard
    MasterData
    Meeting
    News
    Reports
    ResourceManagement
    RQMT
    SustainmentRequest
    Task
    View:Administration
    View:AOR
    View:CR
    View:CVTMetrics
    View:Dashboard
    View:MasterData
    View:Meeting
    View:Metrics
    View:News
    View:Reports
    View:ResourceManagement
    View:RQMT
    View:SustainmentRequest
    View:Task
    View:WorkItem
    View:WorkRequest
    WorkItem
    WorkRequest

08/16/2018 10:39:06.330 [ishwuc5kf12c2q25ejpz4zej] - Info - http://localhost:50947/Default.aspx - App_Web_x5e0epj3.dll - _Default.Login() : checking if membership user is logged in and authenticated
08/16/2018 10:39:06.336 [ishwuc5kf12c2q25ejpz4zej] - Info - http://localhost:50947/Default.aspx - App_Web_x5e0epj3.dll - _Default.Login() : 
ALL available roles: 
    Admin
    Administration
    AOR
    CR
    Dashboard
    MasterData
    Meeting
    News
    Reports
    ResourceManagement
    RQMT
    SustainmentRequest
    Task
    Tester
    View:Administration
    View:AOR
    View:CR
    View:CVTMetrics
    View:Dashboard
    View:MasterData
    View:Meeting
    View:Metrics
    View:News
    View:Reports
    View:ResourceManagement
    View:RQMT
    View:SustainmentRequest
    View:Task
    View:WorkItem
    View:WorkRequest
    WorkItem
    WorkRequest


User joseph.porubsky is logged in and is approved.
Organization = Business Team

User is in roles:  
    Admin
    Administration
    AOR
    CR
    Dashboard
    MasterData
    Meeting
    News
    Reports
    ResourceManagement
    RQMT
    SustainmentRequest
    Task
    View:Administration
    View:AOR
    View:CR
    View:CVTMetrics
    View:Dashboard
    View:MasterData
    View:Meeting
    View:Metrics
    View:News
    View:Reports
    View:ResourceManagement
    View:RQMT
    View:SustainmentRequest
    View:Task
    View:WorkItem
    View:WorkRequest
    WorkItem
    WorkRequest

08/16/2018 10:41:13.681 [hnfjejl12vxtgpbxjit0xame] - Info - http://localhost:50947/Default.aspx - App_Web_x5e0epj3.dll - _Default.Login() : checking if membership user is logged in and authenticated
08/16/2018 10:41:13.687 [hnfjejl12vxtgpbxjit0xame] - Info - http://localhost:50947/Default.aspx - App_Web_x5e0epj3.dll - _Default.Login() : 
ALL available roles: 
    Admin
    Administration
    AOR
    CR
    Dashboard
    MasterData
    Meeting
    News
    Reports
    ResourceManagement
    RQMT
    SustainmentRequest
    Task
    Tester
    View:Administration
    View:AOR
    View:CR
    View:CVTMetrics
    View:Dashboard
    View:MasterData
    View:Meeting
    View:Metrics
    View:News
    View:Reports
    View:ResourceManagement
    View:RQMT
    View:SustainmentRequest
    View:Task
    View:WorkItem
    View:WorkRequest
    WorkItem
    WorkRequest


User joseph.porubsky is logged in and is approved.
Organization = Business Team

User is in roles:  
    Admin
    Administration
    AOR
    CR
    Dashboard
    MasterData
    Meeting
    News
    Reports
    ResourceManagement
    RQMT
    SustainmentRequest
    Task
    View:Administration
    View:AOR
    View:CR
    View:CVTMetrics
    View:Dashboard
    View:MasterData
    View:Meeting
    View:Metrics
    View:News
    View:Reports
    View:ResourceManagement
    View:RQMT
    View:SustainmentRequest
    View:Task
    View:WorkItem
    View:WorkRequest
    WorkItem
    WorkRequest

08/16/2018 10:44:51.159 [nuln3ald41xpxtjflrsamxdu] - Info - http://localhost:50947/Default.aspx - App_Web_x5e0epj3.dll - _Default.Login() : checking if membership user is logged in and authenticated
08/16/2018 10:44:51.165 [nuln3ald41xpxtjflrsamxdu] - Info - http://localhost:50947/Default.aspx - App_Web_x5e0epj3.dll - _Default.Login() : 
ALL available roles: 
    Admin
    Administration
    AOR
    CR
    Dashboard
    MasterData
    Meeting
    News
    Reports
    ResourceManagement
    RQMT
    SustainmentRequest
    Task
    Tester
    View:Administration
    View:AOR
    View:CR
    View:CVTMetrics
    View:Dashboard
    View:MasterData
    View:Meeting
    View:Metrics
    View:News
    View:Reports
    View:ResourceManagement
    View:RQMT
    View:SustainmentRequest
    View:Task
    View:WorkItem
    View:WorkRequest
    WorkItem
    WorkRequest


User joseph.porubsky is logged in and is approved.
Organization = Business Team

User is in roles:  
    Admin
    Administration
    AOR
    CR
    Dashboard
    MasterData
    Meeting
    News
    Reports
    ResourceManagement
    RQMT
    SustainmentRequest
    Task
    View:Administration
    View:AOR
    View:CR
    View:CVTMetrics
    View:Dashboard
    View:MasterData
    View:Meeting
    View:Metrics
    View:News
    View:Reports
    View:ResourceManagement
    View:RQMT
    View:SustainmentRequest
    View:Task
    View:WorkItem
    View:WorkRequest
    WorkItem
    WorkRequest

08/16/2018 11:22:00.897 [cmwv0og2vzkfm4ulb2hb0oq0] - Info - http://localhost:50947/Default.aspx - App_Web_x5e0epj3.dll - _Default.Login() : checking if membership user is logged in and authenticated
08/16/2018 11:22:00.947 [cmwv0og2vzkfm4ulb2hb0oq0] - Info - http://localhost:50947/Default.aspx - App_Web_x5e0epj3.dll - _Default.Login() : 
ALL available roles: 
    Admin
    Administration
    AOR
    CR
    Dashboard
    MasterData
    Meeting
    News
    Reports
    ResourceManagement
    RQMT
    SustainmentRequest
    Task
    Tester
    View:Administration
    View:AOR
    View:CR
    View:CVTMetrics
    View:Dashboard
    View:MasterData
    View:Meeting
    View:Metrics
    View:News
    View:Reports
    View:ResourceManagement
    View:RQMT
    View:SustainmentRequest
    View:Task
    View:WorkItem
    View:WorkRequest
    WorkItem
    WorkRequest


User joseph.porubsky is logged in and is approved.
Organization = Business Team

User is in roles:  
    Admin
    Administration
    AOR
    CR
    Dashboard
    MasterData
    Meeting
    News
    Reports
    ResourceManagement
    RQMT
    SustainmentRequest
    Task
    View:Administration
    View:AOR
    View:CR
    View:CVTMetrics
    View:Dashboard
    View:MasterData
    View:Meeting
    View:Metrics
    View:News
    View:Reports
    View:ResourceManagement
    View:RQMT
    View:SustainmentRequest
    View:Task
    View:WorkItem
    View:WorkRequest
    WorkItem
    WorkRequest

08/16/2018 11:24:26.245 [1fscudye1hal5uv4mariwet5] - Info - http://localhost:50947/Default.aspx - App_Web_x5e0epj3.dll - _Default.Login() : checking if membership user is logged in and authenticated
08/16/2018 11:24:26.252 [1fscudye1hal5uv4mariwet5] - Info - http://localhost:50947/Default.aspx - App_Web_x5e0epj3.dll - _Default.Login() : 
ALL available roles: 
    Admin
    Administration
    AOR
    CR
    Dashboard
    MasterData
    Meeting
    News
    Reports
    ResourceManagement
    RQMT
    SustainmentRequest
    Task
    Tester
    View:Administration
    View:AOR
    View:CR
    View:CVTMetrics
    View:Dashboard
    View:MasterData
    View:Meeting
    View:Metrics
    View:News
    View:Reports
    View:ResourceManagement
    View:RQMT
    View:SustainmentRequest
    View:Task
    View:WorkItem
    View:WorkRequest
    WorkItem
    WorkRequest


User joseph.porubsky is logged in and is approved.
Organization = Business Team

User is in roles:  
    Admin
    Administration
    AOR
    CR
    Dashboard
    MasterData
    Meeting
    News
    Reports
    ResourceManagement
    RQMT
    SustainmentRequest
    Task
    View:Administration
    View:AOR
    View:CR
    View:CVTMetrics
    View:Dashboard
    View:MasterData
    View:Meeting
    View:Metrics
    View:News
    View:Reports
    View:ResourceManagement
    View:RQMT
    View:SustainmentRequest
    View:Task
    View:WorkItem
    View:WorkRequest
    WorkItem
    WorkRequest

08/16/2018 11:25:09.809 [pmi5iy3fceyob0qddw3lyx0f] - Info - http://localhost:50947/Default.aspx - App_Web_x5e0epj3.dll - _Default.Login() : checking if membership user is logged in and authenticated
08/16/2018 11:25:09.815 [pmi5iy3fceyob0qddw3lyx0f] - Info - http://localhost:50947/Default.aspx - App_Web_x5e0epj3.dll - _Default.Login() : 
ALL available roles: 
    Admin
    Administration
    AOR
    CR
    Dashboard
    MasterData
    Meeting
    News
    Reports
    ResourceManagement
    RQMT
    SustainmentRequest
    Task
    Tester
    View:Administration
    View:AOR
    View:CR
    View:CVTMetrics
    View:Dashboard
    View:MasterData
    View:Meeting
    View:Metrics
    View:News
    View:Reports
    View:ResourceManagement
    View:RQMT
    View:SustainmentRequest
    View:Task
    View:WorkItem
    View:WorkRequest
    WorkItem
    WorkRequest


User joseph.porubsky is logged in and is approved.
Organization = Business Team

User is in roles:  
    Admin
    Administration
    AOR
    CR
    Dashboard
    MasterData
    Meeting
    News
    Reports
    ResourceManagement
    RQMT
    SustainmentRequest
    Task
    View:Administration
    View:AOR
    View:CR
    View:CVTMetrics
    View:Dashboard
    View:MasterData
    View:Meeting
    View:Metrics
    View:News
    View:Reports
    View:ResourceManagement
    View:RQMT
    View:SustainmentRequest
    View:Task
    View:WorkItem
    View:WorkRequest
    WorkItem
    WorkRequest

08/16/2018 11:38:49.205 [khzr22p20d4bj51g1ktuh4ga] - Info - http://localhost:50947/Default.aspx - App_Web_x5e0epj3.dll - _Default.Login() : checking if membership user is logged in and authenticated
08/16/2018 11:38:49.211 [khzr22p20d4bj51g1ktuh4ga] - Info - http://localhost:50947/Default.aspx - App_Web_x5e0epj3.dll - _Default.Login() : 
ALL available roles: 
    Admin
    Administration
    AOR
    CR
    Dashboard
    MasterData
    Meeting
    News
    Reports
    ResourceManagement
    RQMT
    SustainmentRequest
    Task
    Tester
    View:Administration
    View:AOR
    View:CR
    View:CVTMetrics
    View:Dashboard
    View:MasterData
    View:Meeting
    View:Metrics
    View:News
    View:Reports
    View:ResourceManagement
    View:RQMT
    View:SustainmentRequest
    View:Task
    View:WorkItem
    View:WorkRequest
    WorkItem
    WorkRequest


User joseph.porubsky is logged in and is approved.
Organization = Business Team

User is in roles:  
    Admin
    Administration
    AOR
    CR
    Dashboard
    MasterData
    Meeting
    News
    Reports
    ResourceManagement
    RQMT
    SustainmentRequest
    Task
    View:Administration
    View:AOR
    View:CR
    View:CVTMetrics
    View:Dashboard
    View:MasterData
    View:Meeting
    View:Metrics
    View:News
    View:Reports
    View:ResourceManagement
    View:RQMT
    View:SustainmentRequest
    View:Task
    View:WorkItem
    View:WorkRequest
    WorkItem
    WorkRequest

08/16/2018 11:47:08.060 [1334yhsmnxyrr5edjmytzxt3] - Info - http://localhost:50947/Default.aspx - App_Web_x5e0epj3.dll - _Default.Login() : checking if membership user is logged in and authenticated
08/16/2018 11:47:08.066 [1334yhsmnxyrr5edjmytzxt3] - Info - http://localhost:50947/Default.aspx - App_Web_x5e0epj3.dll - _Default.Login() : 
ALL available roles: 
    Admin
    Administration
    AOR
    CR
    Dashboard
    MasterData
    Meeting
    News
    Reports
    ResourceManagement
    RQMT
    SustainmentRequest
    Task
    Tester
    View:Administration
    View:AOR
    View:CR
    View:CVTMetrics
    View:Dashboard
    View:MasterData
    View:Meeting
    View:Metrics
    View:News
    View:Reports
    View:ResourceManagement
    View:RQMT
    View:SustainmentRequest
    View:Task
    View:WorkItem
    View:WorkRequest
    WorkItem
    WorkRequest


User joseph.porubsky is logged in and is approved.
Organization = Business Team

User is in roles:  
    Admin
    Administration
    AOR
    CR
    Dashboard
    MasterData
    Meeting
    News
    Reports
    ResourceManagement
    RQMT
    SustainmentRequest
    Task
    View:Administration
    View:AOR
    View:CR
    View:CVTMetrics
    View:Dashboard
    View:MasterData
    View:Meeting
    View:Metrics
    View:News
    View:Reports
    View:ResourceManagement
    View:RQMT
    View:SustainmentRequest
    View:Task
    View:WorkItem
    View:WorkRequest
    WorkItem
    WorkRequest

08/16/2018 12:49:34.765 [oaj1azz10zzjtllrvntixx2n] - Info - http://localhost:50947/Default.aspx - App_Web_ioatn5lu.dll - _Default.Login() : checking if membership user is logged in and authenticated
08/16/2018 12:49:34.784 [oaj1azz10zzjtllrvntixx2n] - Info - http://localhost:50947/Default.aspx - App_Web_ioatn5lu.dll - _Default.Login() : 
ALL available roles: 
    Admin
    Administration
    AOR
    CR
    Dashboard
    MasterData
    Meeting
    News
    Reports
    ResourceManagement
    RQMT
    SustainmentRequest
    Task
    Tester
    View:Administration
    View:AOR
    View:CR
    View:CVTMetrics
    View:Dashboard
    View:MasterData
    View:Meeting
    View:Metrics
    View:News
    View:Reports
    View:ResourceManagement
    View:RQMT
    View:SustainmentRequest
    View:Task
    View:WorkItem
    View:WorkRequest
    WorkItem
    WorkRequest


User joseph.porubsky is logged in and is approved.
Organization = Business Team

User is in roles:  
    Admin
    Administration
    AOR
    CR
    Dashboard
    MasterData
    Meeting
    News
    Reports
    ResourceManagement
    RQMT
    SustainmentRequest
    Task
    View:Administration
    View:AOR
    View:CR
    View:CVTMetrics
    View:Dashboard
    View:MasterData
    View:Meeting
    View:Metrics
    View:News
    View:Reports
    View:ResourceManagement
    View:RQMT
    View:SustainmentRequest
    View:Task
    View:WorkItem
    View:WorkRequest
    WorkItem
    WorkRequest

08/16/2018 12:51:11.478 [avlswwiqxxarfr0brpmb2dtk] - Info - http://localhost:50947/Default.aspx - App_Web_ioatn5lu.dll - _Default.Login() : checking if membership user is logged in and authenticated
08/16/2018 12:51:11.488 [avlswwiqxxarfr0brpmb2dtk] - Info - http://localhost:50947/Default.aspx - App_Web_ioatn5lu.dll - _Default.Login() : 
ALL available roles: 
    Admin
    Administration
    AOR
    CR
    Dashboard
    MasterData
    Meeting
    News
    Reports
    ResourceManagement
    RQMT
    SustainmentRequest
    Task
    Tester
    View:Administration
    View:AOR
    View:CR
    View:CVTMetrics
    View:Dashboard
    View:MasterData
    View:Meeting
    View:Metrics
    View:News
    View:Reports
    View:ResourceManagement
    View:RQMT
    View:SustainmentRequest
    View:Task
    View:WorkItem
    View:WorkRequest
    WorkItem
    WorkRequest


User joseph.porubsky is logged in and is approved.
Organization = Business Team

User is in roles:  
    Admin
    Administration
    AOR
    CR
    Dashboard
    MasterData
    Meeting
    News
    Reports
    ResourceManagement
    RQMT
    SustainmentRequest
    Task
    View:Administration
    View:AOR
    View:CR
    View:CVTMetrics
    View:Dashboard
    View:MasterData
    View:Meeting
    View:Metrics
    View:News
    View:Reports
    View:ResourceManagement
    View:RQMT
    View:SustainmentRequest
    View:Task
    View:WorkItem
    View:WorkRequest
    WorkItem
    WorkRequest

08/16/2018 12:51:53.398 [avlswwiqxxarfr0brpmb2dtk] - Info - http://localhost:50947/Default.aspx - App_Web_ioatn5lu.dll - _Default.Login() : checking if membership user is logged in and authenticated
08/16/2018 12:51:53.405 [avlswwiqxxarfr0brpmb2dtk] - Info - http://localhost:50947/Default.aspx - App_Web_ioatn5lu.dll - _Default.Login() : 
ALL available roles: 
    Admin
    Administration
    AOR
    CR
    Dashboard
    MasterData
    Meeting
    News
    Reports
    ResourceManagement
    RQMT
    SustainmentRequest
    Task
    Tester
    View:Administration
    View:AOR
    View:CR
    View:CVTMetrics
    View:Dashboard
    View:MasterData
    View:Meeting
    View:Metrics
    View:News
    View:Reports
    View:ResourceManagement
    View:RQMT
    View:SustainmentRequest
    View:Task
    View:WorkItem
    View:WorkRequest
    WorkItem
    WorkRequest


User joseph.porubsky is logged in and is approved.
Organization = Business Team

User is in roles:  
    Admin
    Administration
    AOR
    CR
    Dashboard
    MasterData
    Meeting
    News
    Reports
    ResourceManagement
    RQMT
    SustainmentRequest
    Task
    View:Administration
    View:AOR
    View:CR
    View:CVTMetrics
    View:Dashboard
    View:MasterData
    View:Meeting
    View:Metrics
    View:News
    View:Reports
    View:ResourceManagement
    View:RQMT
    View:SustainmentRequest
    View:Task
    View:WorkItem
    View:WorkRequest
    WorkItem
    WorkRequest

08/16/2018 12:54:24.776 [xigbsnuf2hwcqfgr30m5clui] - Info - http://localhost:50947/Default.aspx - App_Web_ioatn5lu.dll - _Default.Login() : checking if membership user is logged in and authenticated
08/16/2018 12:54:24.784 [xigbsnuf2hwcqfgr30m5clui] - Info - http://localhost:50947/Default.aspx - App_Web_ioatn5lu.dll - _Default.Login() : 
ALL available roles: 
    Admin
    Administration
    AOR
    CR
    Dashboard
    MasterData
    Meeting
    News
    Reports
    ResourceManagement
    RQMT
    SustainmentRequest
    Task
    Tester
    View:Administration
    View:AOR
    View:CR
    View:CVTMetrics
    View:Dashboard
    View:MasterData
    View:Meeting
    View:Metrics
    View:News
    View:Reports
    View:ResourceManagement
    View:RQMT
    View:SustainmentRequest
    View:Task
    View:WorkItem
    View:WorkRequest
    WorkItem
    WorkRequest


User joseph.porubsky is logged in and is approved.
Organization = Business Team

User is in roles:  
    Admin
    Administration
    AOR
    CR
    Dashboard
    MasterData
    Meeting
    News
    Reports
    ResourceManagement
    RQMT
    SustainmentRequest
    Task
    View:Administration
    View:AOR
    View:CR
    View:CVTMetrics
    View:Dashboard
    View:MasterData
    View:Meeting
    View:Metrics
    View:News
    View:Reports
    View:ResourceManagement
    View:RQMT
    View:SustainmentRequest
    View:Task
    View:WorkItem
    View:WorkRequest
    WorkItem
    WorkRequest

08/16/2018 13:39:39.786 [vbt1jytq1x2ot5e24andslel] - Info - http://localhost:50947/Default.aspx - App_Web_ioatn5lu.dll - _Default.Login() : checking if membership user is logged in and authenticated
08/16/2018 13:39:39.832 [vbt1jytq1x2ot5e24andslel] - Info - http://localhost:50947/Default.aspx - App_Web_ioatn5lu.dll - _Default.Login() : 
ALL available roles: 
    Admin
    Administration
    AOR
    CR
    Dashboard
    MasterData
    Meeting
    News
    Reports
    ResourceManagement
    RQMT
    SustainmentRequest
    Task
    Tester
    View:Administration
    View:AOR
    View:CR
    View:CVTMetrics
    View:Dashboard
    View:MasterData
    View:Meeting
    View:Metrics
    View:News
    View:Reports
    View:ResourceManagement
    View:RQMT
    View:SustainmentRequest
    View:Task
    View:WorkItem
    View:WorkRequest
    WorkItem
    WorkRequest


User joseph.porubsky is logged in and is approved.
Organization = Business Team

User is in roles:  
    Admin
    Administration
    AOR
    CR
    Dashboard
    MasterData
    Meeting
    News
    Reports
    ResourceManagement
    RQMT
    SustainmentRequest
    Task
    View:Administration
    View:AOR
    View:CR
    View:CVTMetrics
    View:Dashboard
    View:MasterData
    View:Meeting
    View:Metrics
    View:News
    View:Reports
    View:ResourceManagement
    View:RQMT
    View:SustainmentRequest
    View:Task
    View:WorkItem
    View:WorkRequest
    WorkItem
    WorkRequest

08/16/2018 13:40:20.720 [vbt1jytq1x2ot5e24andslel] - Info - http://localhost:50947/Default.aspx - App_Web_ioatn5lu.dll - _Default.Login() : checking if membership user is logged in and authenticated
08/16/2018 13:40:20.726 [vbt1jytq1x2ot5e24andslel] - Info - http://localhost:50947/Default.aspx - App_Web_ioatn5lu.dll - _Default.Login() : 
ALL available roles: 
    Admin
    Administration
    AOR
    CR
    Dashboard
    MasterData
    Meeting
    News
    Reports
    ResourceManagement
    RQMT
    SustainmentRequest
    Task
    Tester
    View:Administration
    View:AOR
    View:CR
    View:CVTMetrics
    View:Dashboard
    View:MasterData
    View:Meeting
    View:Metrics
    View:News
    View:Reports
    View:ResourceManagement
    View:RQMT
    View:SustainmentRequest
    View:Task
    View:WorkItem
    View:WorkRequest
    WorkItem
    WorkRequest


User joseph.porubsky is logged in and is approved.
Organization = Business Team

User is in roles:  
    Admin
    Administration
    AOR
    CR
    Dashboard
    MasterData
    Meeting
    News
    Reports
    ResourceManagement
    RQMT
    SustainmentRequest
    Task
    View:Administration
    View:AOR
    View:CR
    View:CVTMetrics
    View:Dashboard
    View:MasterData
    View:Meeting
    View:Metrics
    View:News
    View:Reports
    View:ResourceManagement
    View:RQMT
    View:SustainmentRequest
    View:Task
    View:WorkItem
    View:WorkRequest
    WorkItem
    WorkRequest

08/16/2018 13:41:22.117 [vbt1jytq1x2ot5e24andslel] - Info - http://localhost:50947/Default.aspx - App_Web_ioatn5lu.dll - _Default.Login() : checking if membership user is logged in and authenticated
08/16/2018 13:41:22.124 [vbt1jytq1x2ot5e24andslel] - Info - http://localhost:50947/Default.aspx - App_Web_ioatn5lu.dll - _Default.Login() : 
ALL available roles: 
    Admin
    Administration
    AOR
    CR
    Dashboard
    MasterData
    Meeting
    News
    Reports
    ResourceManagement
    RQMT
    SustainmentRequest
    Task
    Tester
    View:Administration
    View:AOR
    View:CR
    View:CVTMetrics
    View:Dashboard
    View:MasterData
    View:Meeting
    View:Metrics
    View:News
    View:Reports
    View:ResourceManagement
    View:RQMT
    View:SustainmentRequest
    View:Task
    View:WorkItem
    View:WorkRequest
    WorkItem
    WorkRequest


User joseph.porubsky is logged in and is approved.
Organization = Business Team

User is in roles:  
    Admin
    Administration
    AOR
    CR
    Dashboard
    MasterData
    Meeting
    News
    Reports
    ResourceManagement
    RQMT
    SustainmentRequest
    Task
    View:Administration
    View:AOR
    View:CR
    View:CVTMetrics
    View:Dashboard
    View:MasterData
    View:Meeting
    View:Metrics
    View:News
    View:Reports
    View:ResourceManagement
    View:RQMT
    View:SustainmentRequest
    View:Task
    View:WorkItem
    View:WorkRequest
    WorkItem
    WorkRequest

08/16/2018 13:42:20.355 [vbt1jytq1x2ot5e24andslel] - Info - http://localhost:50947/Default.aspx - App_Web_ioatn5lu.dll - _Default.Login() : checking if membership user is logged in and authenticated
08/16/2018 13:42:20.363 [vbt1jytq1x2ot5e24andslel] - Info - http://localhost:50947/Default.aspx - App_Web_ioatn5lu.dll - _Default.Login() : 
ALL available roles: 
    Admin
    Administration
    AOR
    CR
    Dashboard
    MasterData
    Meeting
    News
    Reports
    ResourceManagement
    RQMT
    SustainmentRequest
    Task
    Tester
    View:Administration
    View:AOR
    View:CR
    View:CVTMetrics
    View:Dashboard
    View:MasterData
    View:Meeting
    View:Metrics
    View:News
    View:Reports
    View:ResourceManagement
    View:RQMT
    View:SustainmentRequest
    View:Task
    View:WorkItem
    View:WorkRequest
    WorkItem
    WorkRequest


User joseph.porubsky is logged in and is approved.
Organization = Business Team

User is in roles:  
    Admin
    Administration
    AOR
    CR
    Dashboard
    MasterData
    Meeting
    News
    Reports
    ResourceManagement
    RQMT
    SustainmentRequest
    Task
    View:Administration
    View:AOR
    View:CR
    View:CVTMetrics
    View:Dashboard
    View:MasterData
    View:Meeting
    View:Metrics
    View:News
    View:Reports
    View:ResourceManagement
    View:RQMT
    View:SustainmentRequest
    View:Task
    View:WorkItem
    View:WorkRequest
    WorkItem
    WorkRequest

08/16/2018 16:22:42.865 [tle5uqve0gfzti3uoctr3jfb] - Info - http://localhost:50947/Default.aspx - App_Web_ioatn5lu.dll - _Default.Login() : checking if membership user is logged in and authenticated
08/16/2018 16:22:42.872 [tle5uqve0gfzti3uoctr3jfb] - Info - http://localhost:50947/Default.aspx - App_Web_ioatn5lu.dll - _Default.Login() : 
ALL available roles: 
    Admin
    Administration
    AOR
    CR
    Dashboard
    MasterData
    Meeting
    News
    Reports
    ResourceManagement
    RQMT
    SustainmentRequest
    Task
    Tester
    View:Administration
    View:AOR
    View:CR
    View:CVTMetrics
    View:Dashboard
    View:MasterData
    View:Meeting
    View:Metrics
    View:News
    View:Reports
    View:ResourceManagement
    View:RQMT
    View:SustainmentRequest
    View:Task
    View:WorkItem
    View:WorkRequest
    WorkItem
    WorkRequest


User joseph.porubsky is logged in and is approved.
Organization = Business Team

User is in roles:  
    Admin
    Administration
    AOR
    CR
    Dashboard
    MasterData
    Meeting
    News
    Reports
    ResourceManagement
    RQMT
    SustainmentRequest
    Task
    View:Administration
    View:AOR
    View:CR
    View:CVTMetrics
    View:Dashboard
    View:MasterData
    View:Meeting
    View:Metrics
    View:News
    View:Reports
    View:ResourceManagement
    View:RQMT
    View:SustainmentRequest
    View:Task
    View:WorkItem
    View:WorkRequest
    WorkItem
    WorkRequest

08/16/2018 16:24:08.368 [tle5uqve0gfzti3uoctr3jfb] - Info - http://localhost:50947/Default.aspx - App_Web_ioatn5lu.dll - _Default.Login() : checking if membership user is logged in and authenticated
08/16/2018 16:24:08.390 [tle5uqve0gfzti3uoctr3jfb] - Info - http://localhost:50947/Default.aspx - App_Web_ioatn5lu.dll - _Default.Login() : 
ALL available roles: 
    Admin
    Administration
    AOR
    CR
    Dashboard
    MasterData
    Meeting
    News
    Reports
    ResourceManagement
    RQMT
    SustainmentRequest
    Task
    Tester
    View:Administration
    View:AOR
    View:CR
    View:CVTMetrics
    View:Dashboard
    View:MasterData
    View:Meeting
    View:Metrics
    View:News
    View:Reports
    View:ResourceManagement
    View:RQMT
    View:SustainmentRequest
    View:Task
    View:WorkItem
    View:WorkRequest
    WorkItem
    WorkRequest


User joseph.porubsky is logged in and is approved.
Organization = Business Team

User is in roles:  
    Admin
    Administration
    AOR
    CR
    Dashboard
    MasterData
    Meeting
    News
    Reports
    ResourceManagement
    RQMT
    SustainmentRequest
    Task
    View:Administration
    View:AOR
    View:CR
    View:CVTMetrics
    View:Dashboard
    View:MasterData
    View:Meeting
    View:Metrics
    View:News
    View:Reports
    View:ResourceManagement
    View:RQMT
    View:SustainmentRequest
    View:Task
    View:WorkItem
    View:WorkRequest
    WorkItem
    WorkRequest

08/16/2018 16:24:44.236 [ep3c3pvb5b11jjper4uh3lye] - Info - http://localhost:50947/Default.aspx - App_Web_ioatn5lu.dll - _Default.Login() : checking if membership user is logged in and authenticated
08/16/2018 16:24:44.242 [ep3c3pvb5b11jjper4uh3lye] - Info - http://localhost:50947/Default.aspx - App_Web_ioatn5lu.dll - _Default.Login() : 
ALL available roles: 
    Admin
    Administration
    AOR
    CR
    Dashboard
    MasterData
    Meeting
    News
    Reports
    ResourceManagement
    RQMT
    SustainmentRequest
    Task
    Tester
    View:Administration
    View:AOR
    View:CR
    View:CVTMetrics
    View:Dashboard
    View:MasterData
    View:Meeting
    View:Metrics
    View:News
    View:Reports
    View:ResourceManagement
    View:RQMT
    View:SustainmentRequest
    View:Task
    View:WorkItem
    View:WorkRequest
    WorkItem
    WorkRequest


User joseph.porubsky is logged in and is approved.
Organization = Business Team

User is in roles:  
    Admin
    Administration
    AOR
    CR
    Dashboard
    MasterData
    Meeting
    News
    Reports
    ResourceManagement
    RQMT
    SustainmentRequest
    Task
    View:Administration
    View:AOR
    View:CR
    View:CVTMetrics
    View:Dashboard
    View:MasterData
    View:Meeting
    View:Metrics
    View:News
    View:Reports
    View:ResourceManagement
    View:RQMT
    View:SustainmentRequest
    View:Task
    View:WorkItem
    View:WorkRequest
    WorkItem
    WorkRequest

08/16/2018 16:25:41.976 [mrtnety4u0fguz1hrafweguu] - Info - http://localhost:50947/Default.aspx - App_Web_ioatn5lu.dll - _Default.Login() : checking if membership user is logged in and authenticated
08/16/2018 16:25:41.982 [mrtnety4u0fguz1hrafweguu] - Info - http://localhost:50947/Default.aspx - App_Web_ioatn5lu.dll - _Default.Login() : 
ALL available roles: 
    Admin
    Administration
    AOR
    CR
    Dashboard
    MasterData
    Meeting
    News
    Reports
    ResourceManagement
    RQMT
    SustainmentRequest
    Task
    Tester
    View:Administration
    View:AOR
    View:CR
    View:CVTMetrics
    View:Dashboard
    View:MasterData
    View:Meeting
    View:Metrics
    View:News
    View:Reports
    View:ResourceManagement
    View:RQMT
    View:SustainmentRequest
    View:Task
    View:WorkItem
    View:WorkRequest
    WorkItem
    WorkRequest


User joseph.porubsky is logged in and is approved.
Organization = Business Team

User is in roles:  
    Admin
    Administration
    AOR
    CR
    Dashboard
    MasterData
    Meeting
    News
    Reports
    ResourceManagement
    RQMT
    SustainmentRequest
    Task
    View:Administration
    View:AOR
    View:CR
    View:CVTMetrics
    View:Dashboard
    View:MasterData
    View:Meeting
    View:Metrics
    View:News
    View:Reports
    View:ResourceManagement
    View:RQMT
    View:SustainmentRequest
    View:Task
    View:WorkItem
    View:WorkRequest
    WorkItem
    WorkRequest

08/16/2018 16:32:23.641 [wmhl1mscmmorsjutsoph2iyb] - Info - http://localhost:50947/Default.aspx - App_Web_ioatn5lu.dll - _Default.Login() : checking if membership user is logged in and authenticated
08/16/2018 16:32:23.648 [wmhl1mscmmorsjutsoph2iyb] - Info - http://localhost:50947/Default.aspx - App_Web_ioatn5lu.dll - _Default.Login() : 
ALL available roles: 
    Admin
    Administration
    AOR
    CR
    Dashboard
    MasterData
    Meeting
    News
    Reports
    ResourceManagement
    RQMT
    SustainmentRequest
    Task
    Tester
    View:Administration
    View:AOR
    View:CR
    View:CVTMetrics
    View:Dashboard
    View:MasterData
    View:Meeting
    View:Metrics
    View:News
    View:Reports
    View:ResourceManagement
    View:RQMT
    View:SustainmentRequest
    View:Task
    View:WorkItem
    View:WorkRequest
    WorkItem
    WorkRequest


User joseph.porubsky is logged in and is approved.
Organization = Business Team

User is in roles:  
    Admin
    Administration
    AOR
    CR
    Dashboard
    MasterData
    Meeting
    News
    Reports
    ResourceManagement
    RQMT
    SustainmentRequest
    Task
    View:Administration
    View:AOR
    View:CR
    View:CVTMetrics
    View:Dashboard
    View:MasterData
    View:Meeting
    View:Metrics
    View:News
    View:Reports
    View:ResourceManagement
    View:RQMT
    View:SustainmentRequest
    View:Task
    View:WorkItem
    View:WorkRequest
    WorkItem
    WorkRequest

08/16/2018 16:33:28.188 [5fam4nt1sxk00ikqxy0dkdrf] - Info - http://localhost:50947/Default.aspx - App_Web_ioatn5lu.dll - _Default.Login() : checking if membership user is logged in and authenticated
08/16/2018 16:33:28.196 [5fam4nt1sxk00ikqxy0dkdrf] - Info - http://localhost:50947/Default.aspx - App_Web_ioatn5lu.dll - _Default.Login() : 
ALL available roles: 
    Admin
    Administration
    AOR
    CR
    Dashboard
    MasterData
    Meeting
    News
    Reports
    ResourceManagement
    RQMT
    SustainmentRequest
    Task
    Tester
    View:Administration
    View:AOR
    View:CR
    View:CVTMetrics
    View:Dashboard
    View:MasterData
    View:Meeting
    View:Metrics
    View:News
    View:Reports
    View:ResourceManagement
    View:RQMT
    View:SustainmentRequest
    View:Task
    View:WorkItem
    View:WorkRequest
    WorkItem
    WorkRequest


User joseph.porubsky is logged in and is approved.
Organization = Business Team

User is in roles:  
    Admin
    Administration
    AOR
    CR
    Dashboard
    MasterData
    Meeting
    News
    Reports
    ResourceManagement
    RQMT
    SustainmentRequest
    Task
    View:Administration
    View:AOR
    View:CR
    View:CVTMetrics
    View:Dashboard
    View:MasterData
    View:Meeting
    View:Metrics
    View:News
    View:Reports
    View:ResourceManagement
    View:RQMT
    View:SustainmentRequest
    View:Task
    View:WorkItem
    View:WorkRequest
    WorkItem
    WorkRequest

08/16/2018 16:34:39.888 [obxiq3ggwo0o4feuyfcjix44] - Info - http://localhost:50947/Default.aspx - App_Web_ioatn5lu.dll - _Default.Login() : checking if membership user is logged in and authenticated
08/16/2018 16:34:39.895 [obxiq3ggwo0o4feuyfcjix44] - Info - http://localhost:50947/Default.aspx - App_Web_ioatn5lu.dll - _Default.Login() : 
ALL available roles: 
    Admin
    Administration
    AOR
    CR
    Dashboard
    MasterData
    Meeting
    News
    Reports
    ResourceManagement
    RQMT
    SustainmentRequest
    Task
    Tester
    View:Administration
    View:AOR
    View:CR
    View:CVTMetrics
    View:Dashboard
    View:MasterData
    View:Meeting
    View:Metrics
    View:News
    View:Reports
    View:ResourceManagement
    View:RQMT
    View:SustainmentRequest
    View:Task
    View:WorkItem
    View:WorkRequest
    WorkItem
    WorkRequest


User joseph.porubsky is logged in and is approved.
Organization = Business Team

User is in roles:  
    Admin
    Administration
    AOR
    CR
    Dashboard
    MasterData
    Meeting
    News
    Reports
    ResourceManagement
    RQMT
    SustainmentRequest
    Task
    View:Administration
    View:AOR
    View:CR
    View:CVTMetrics
    View:Dashboard
    View:MasterData
    View:Meeting
    View:Metrics
    View:News
    View:Reports
    View:ResourceManagement
    View:RQMT
    View:SustainmentRequest
    View:Task
    View:WorkItem
    View:WorkRequest
    WorkItem
    WorkRequest

08/16/2018 16:35:44.678 [12fld0sk0lbfblhsdfqwjha0] - Info - http://localhost:50947/Default.aspx - App_Web_ioatn5lu.dll - _Default.Login() : checking if membership user is logged in and authenticated
08/16/2018 16:35:44.687 [12fld0sk0lbfblhsdfqwjha0] - Info - http://localhost:50947/Default.aspx - App_Web_ioatn5lu.dll - _Default.Login() : 
ALL available roles: 
    Admin
    Administration
    AOR
    CR
    Dashboard
    MasterData
    Meeting
    News
    Reports
    ResourceManagement
    RQMT
    SustainmentRequest
    Task
    Tester
    View:Administration
    View:AOR
    View:CR
    View:CVTMetrics
    View:Dashboard
    View:MasterData
    View:Meeting
    View:Metrics
    View:News
    View:Reports
    View:ResourceManagement
    View:RQMT
    View:SustainmentRequest
    View:Task
    View:WorkItem
    View:WorkRequest
    WorkItem
    WorkRequest


User joseph.porubsky is logged in and is approved.
Organization = Business Team

User is in roles:  
    Admin
    Administration
    AOR
    CR
    Dashboard
    MasterData
    Meeting
    News
    Reports
    ResourceManagement
    RQMT
    SustainmentRequest
    Task
    View:Administration
    View:AOR
    View:CR
    View:CVTMetrics
    View:Dashboard
    View:MasterData
    View:Meeting
    View:Metrics
    View:News
    View:Reports
    View:ResourceManagement
    View:RQMT
    View:SustainmentRequest
    View:Task
    View:WorkItem
    View:WorkRequest
    WorkItem
    WorkRequest

08/16/2018 16:40:41.263 [4lzp35suysseiekgsizsruzn] - Info - http://localhost:50947/Default.aspx - App_Web_ioatn5lu.dll - _Default.Login() : checking if membership user is logged in and authenticated
08/16/2018 16:40:41.272 [4lzp35suysseiekgsizsruzn] - Info - http://localhost:50947/Default.aspx - App_Web_ioatn5lu.dll - _Default.Login() : 
ALL available roles: 
    Admin
    Administration
    AOR
    CR
    Dashboard
    MasterData
    Meeting
    News
    Reports
    ResourceManagement
    RQMT
    SustainmentRequest
    Task
    Tester
    View:Administration
    View:AOR
    View:CR
    View:CVTMetrics
    View:Dashboard
    View:MasterData
    View:Meeting
    View:Metrics
    View:News
    View:Reports
    View:ResourceManagement
    View:RQMT
    View:SustainmentRequest
    View:Task
    View:WorkItem
    View:WorkRequest
    WorkItem
    WorkRequest


User joseph.porubsky is logged in and is approved.
Organization = Business Team

User is in roles:  
    Admin
    Administration
    AOR
    CR
    Dashboard
    MasterData
    Meeting
    News
    Reports
    ResourceManagement
    RQMT
    SustainmentRequest
    Task
    View:Administration
    View:AOR
    View:CR
    View:CVTMetrics
    View:Dashboard
    View:MasterData
    View:Meeting
    View:Metrics
    View:News
    View:Reports
    View:ResourceManagement
    View:RQMT
    View:SustainmentRequest
    View:Task
    View:WorkItem
    View:WorkRequest
    WorkItem
    WorkRequest

08/16/2018 16:51:13.922 [ijoawx14yjb0oas0y0jx3ren] - Info - http://localhost:50947/Default.aspx - App_Web_ioatn5lu.dll - _Default.Login() : checking if membership user is logged in and authenticated
08/16/2018 16:51:13.939 [ijoawx14yjb0oas0y0jx3ren] - Info - http://localhost:50947/Default.aspx - App_Web_ioatn5lu.dll - _Default.Login() : 
ALL available roles: 
    Admin
    Administration
    AOR
    CR
    Dashboard
    MasterData
    Meeting
    News
    Reports
    ResourceManagement
    RQMT
    SustainmentRequest
    Task
    Tester
    View:Administration
    View:AOR
    View:CR
    View:CVTMetrics
    View:Dashboard
    View:MasterData
    View:Meeting
    View:Metrics
    View:News
    View:Reports
    View:ResourceManagement
    View:RQMT
    View:SustainmentRequest
    View:Task
    View:WorkItem
    View:WorkRequest
    WorkItem
    WorkRequest


User joseph.porubsky is logged in and is approved.
Organization = Business Team

User is in roles:  
    Admin
    Administration
    AOR
    CR
    Dashboard
    MasterData
    Meeting
    News
    Reports
    ResourceManagement
    RQMT
    SustainmentRequest
    Task
    View:Administration
    View:AOR
    View:CR
    View:CVTMetrics
    View:Dashboard
    View:MasterData
    View:Meeting
    View:Metrics
    View:News
    View:Reports
    View:ResourceManagement
    View:RQMT
    View:SustainmentRequest
    View:Task
    View:WorkItem
    View:WorkRequest
    WorkItem
    WorkRequest

08/16/2018 16:54:26.456 [ijoawx14yjb0oas0y0jx3ren] - Info - http://localhost:50947/QM_Workload_Crosswalk_Multi_Level_Grid.aspx?GridType=MultiLevel&MyData=false&showParameters=true&random=1534452684022&SelectedStatuses=80,72,1,2,3,4,5,7,8,9,11,12,13&SelectedAssigned=101,90,44,36,113,55,54,89,103,80,18,41,75,60,58,81,37,110,82,46,21,76,45,26,65,66,42,51,11,105,10,33,28,86,97,94,83,71,108,120,31,62,102,47,121,84,122,53,49,100,74,43,106,126,95,111,112,114,38,56,59,20,73,29,98,25,77,72,104,107,35,6,88,85,91,50,96,27,79,40,87,99,109,137,17,39,30,68,67,14,23&GridPageSize=25&BusinessReview=false&GridPageIndex=0&UserDDLChange=yes - App_global.asax.yf6d1xtp.dll - ASP.global_asax.Application_Error(System.Object, System.EventArgs) : Exception of type 'System.Web.HttpUnhandledException' was thrown.    at ASP.global_asax.Application_Error(Object sender, EventArgs e) in c:\inetpub\wwwroot\Dev\WTS\Global.asax:line 74
08/16/2018 16:55:09.685 [n4ocfue1ivxgabvhivawhkaq] - Info - http://localhost:50947/Default.aspx - App_Web_ioatn5lu.dll - _Default.Login() : checking if membership user is logged in and authenticated
08/16/2018 16:55:09.703 [n4ocfue1ivxgabvhivawhkaq] - Info - http://localhost:50947/Default.aspx - App_Web_ioatn5lu.dll - _Default.Login() : 
ALL available roles: 
    Admin
    Administration
    AOR
    CR
    Dashboard
    MasterData
    Meeting
    News
    Reports
    ResourceManagement
    RQMT
    SustainmentRequest
    Task
    Tester
    View:Administration
    View:AOR
    View:CR
    View:CVTMetrics
    View:Dashboard
    View:MasterData
    View:Meeting
    View:Metrics
    View:News
    View:Reports
    View:ResourceManagement
    View:RQMT
    View:SustainmentRequest
    View:Task
    View:WorkItem
    View:WorkRequest
    WorkItem
    WorkRequest


User joseph.porubsky is logged in and is approved.
Organization = Business Team

User is in roles:  
    Admin
    Administration
    AOR
    CR
    Dashboard
    MasterData
    Meeting
    News
    Reports
    ResourceManagement
    RQMT
    SustainmentRequest
    Task
    View:Administration
    View:AOR
    View:CR
    View:CVTMetrics
    View:Dashboard
    View:MasterData
    View:Meeting
    View:Metrics
    View:News
    View:Reports
    View:ResourceManagement
    View:RQMT
    View:SustainmentRequest
    View:Task
    View:WorkItem
    View:WorkRequest
    WorkItem
    WorkRequest

08/16/2018 16:56:58.100 [n4ocfue1ivxgabvhivawhkaq] - Info - http://localhost:50947/QM_Workload_Crosswalk_Multi_Level_Grid.aspx?GridType=MultiLevel&MyData=false&showParameters=true&random=1534452923024&SelectedStatuses=80,72,1,2,3,4,5,7,8,9,11,12,13&SelectedAssigned=101,90,44,36,113,55,54,89,103,80,18,41,75,60,58,81,37,110,82,46,21,76,45,26,65,66,42,51,11,105,10,33,28,86,97,94,83,71,108,120,31,62,102,47,121,84,122,53,49,100,74,43,106,126,95,111,112,114,38,56,59,20,73,29,98,25,77,72,104,107,35,6,88,85,91,50,96,27,79,40,87,99,109,137,17,39,30,68,67,14,23&GridPageSize=25&BusinessReview=false&GridPageIndex=0&UserDDLChange=yes - App_global.asax.yf6d1xtp.dll - ASP.global_asax.Application_Error(System.Object, System.EventArgs) : Exception of type 'System.Web.HttpUnhandledException' was thrown.    at ASP.global_asax.Application_Error(Object sender, EventArgs e) in c:\inetpub\wwwroot\Dev\WTS\Global.asax:line 74
08/16/2018 16:58:53.325 [kqwclqj1wx1i1p4nmzvjm0ze] - Info - http://localhost:50947/Default.aspx - App_Web_ioatn5lu.dll - _Default.Login() : checking if membership user is logged in and authenticated
08/16/2018 16:58:53.340 [kqwclqj1wx1i1p4nmzvjm0ze] - Info - http://localhost:50947/Default.aspx - App_Web_ioatn5lu.dll - _Default.Login() : 
ALL available roles: 
    Admin
    Administration
    AOR
    CR
    Dashboard
    MasterData
    Meeting
    News
    Reports
    ResourceManagement
    RQMT
    SustainmentRequest
    Task
    Tester
    View:Administration
    View:AOR
    View:CR
    View:CVTMetrics
    View:Dashboard
    View:MasterData
    View:Meeting
    View:Metrics
    View:News
    View:Reports
    View:ResourceManagement
    View:RQMT
    View:SustainmentRequest
    View:Task
    View:WorkItem
    View:WorkRequest
    WorkItem
    WorkRequest


User joseph.porubsky is logged in and is approved.
Organization = Business Team

User is in roles:  
    Admin
    Administration
    AOR
    CR
    Dashboard
    MasterData
    Meeting
    News
    Reports
    ResourceManagement
    RQMT
    SustainmentRequest
    Task
    View:Administration
    View:AOR
    View:CR
    View:CVTMetrics
    View:Dashboard
    View:MasterData
    View:Meeting
    View:Metrics
    View:News
    View:Reports
    View:ResourceManagement
    View:RQMT
    View:SustainmentRequest
    View:Task
    View:WorkItem
    View:WorkRequest
    WorkItem
    WorkRequest

08/16/2018 16:59:52.675 [ydvrrnwsnq4kcnli0eslksa0] - Info - http://localhost:50947/Default.aspx - App_Web_ioatn5lu.dll - _Default.Login() : checking if membership user is logged in and authenticated
08/16/2018 16:59:52.719 [ydvrrnwsnq4kcnli0eslksa0] - Info - http://localhost:50947/Default.aspx - App_Web_ioatn5lu.dll - _Default.Login() : 
ALL available roles: 
    Admin
    Administration
    AOR
    CR
    Dashboard
    MasterData
    Meeting
    News
    Reports
    ResourceManagement
    RQMT
    SustainmentRequest
    Task
    Tester
    View:Administration
    View:AOR
    View:CR
    View:CVTMetrics
    View:Dashboard
    View:MasterData
    View:Meeting
    View:Metrics
    View:News
    View:Reports
    View:ResourceManagement
    View:RQMT
    View:SustainmentRequest
    View:Task
    View:WorkItem
    View:WorkRequest
    WorkItem
    WorkRequest


User joseph.porubsky is logged in and is approved.
Organization = Business Team

User is in roles:  
    Admin
    Administration
    AOR
    CR
    Dashboard
    MasterData
    Meeting
    News
    Reports
    ResourceManagement
    RQMT
    SustainmentRequest
    Task
    View:Administration
    View:AOR
    View:CR
    View:CVTMetrics
    View:Dashboard
    View:MasterData
    View:Meeting
    View:Metrics
    View:News
    View:Reports
    View:ResourceManagement
    View:RQMT
    View:SustainmentRequest
    View:Task
    View:WorkItem
    View:WorkRequest
    WorkItem
    WorkRequest

08/16/2018 17:02:30.589 [fhzgnrm2okkviqf40punfkss] - Info - http://localhost:50947/Default.aspx - App_Web_ioatn5lu.dll - _Default.Login() : checking if membership user is logged in and authenticated
08/16/2018 17:02:30.599 [fhzgnrm2okkviqf40punfkss] - Info - http://localhost:50947/Default.aspx - App_Web_ioatn5lu.dll - _Default.Login() : 
ALL available roles: 
    Admin
    Administration
    AOR
    CR
    Dashboard
    MasterData
    Meeting
    News
    Reports
    ResourceManagement
    RQMT
    SustainmentRequest
    Task
    Tester
    View:Administration
    View:AOR
    View:CR
    View:CVTMetrics
    View:Dashboard
    View:MasterData
    View:Meeting
    View:Metrics
    View:News
    View:Reports
    View:ResourceManagement
    View:RQMT
    View:SustainmentRequest
    View:Task
    View:WorkItem
    View:WorkRequest
    WorkItem
    WorkRequest


User joseph.porubsky is logged in and is approved.
Organization = Business Team

User is in roles:  
    Admin
    Administration
    AOR
    CR
    Dashboard
    MasterData
    Meeting
    News
    Reports
    ResourceManagement
    RQMT
    SustainmentRequest
    Task
    View:Administration
    View:AOR
    View:CR
    View:CVTMetrics
    View:Dashboard
    View:MasterData
    View:Meeting
    View:Metrics
    View:News
    View:Reports
    View:ResourceManagement
    View:RQMT
    View:SustainmentRequest
    View:Task
    View:WorkItem
    View:WorkRequest
    WorkItem
    WorkRequest

08/16/2018 17:03:57.040 [ap52fdxfxwiss5put02u5yl3] - Info - http://localhost:50947/Default.aspx - App_Web_ioatn5lu.dll - _Default.Login() : checking if membership user is logged in and authenticated
08/16/2018 17:03:57.050 [ap52fdxfxwiss5put02u5yl3] - Info - http://localhost:50947/Default.aspx - App_Web_ioatn5lu.dll - _Default.Login() : 
ALL available roles: 
    Admin
    Administration
    AOR
    CR
    Dashboard
    MasterData
    Meeting
    News
    Reports
    ResourceManagement
    RQMT
    SustainmentRequest
    Task
    Tester
    View:Administration
    View:AOR
    View:CR
    View:CVTMetrics
    View:Dashboard
    View:MasterData
    View:Meeting
    View:Metrics
    View:News
    View:Reports
    View:ResourceManagement
    View:RQMT
    View:SustainmentRequest
    View:Task
    View:WorkItem
    View:WorkRequest
    WorkItem
    WorkRequest


User joseph.porubsky is logged in and is approved.
Organization = Business Team

User is in roles:  
    Admin
    Administration
    AOR
    CR
    Dashboard
    MasterData
    Meeting
    News
    Reports
    ResourceManagement
    RQMT
    SustainmentRequest
    Task
    View:Administration
    View:AOR
    View:CR
    View:CVTMetrics
    View:Dashboard
    View:MasterData
    View:Meeting
    View:Metrics
    View:News
    View:Reports
    View:ResourceManagement
    View:RQMT
    View:SustainmentRequest
    View:Task
    View:WorkItem
    View:WorkRequest
    WorkItem
    WorkRequest

08/16/2018 17:10:44.667 [mj1udw24otbwp3q3po1ujeuv] - Info - http://localhost:50947/Default.aspx - App_Web_ioatn5lu.dll - _Default.Login() : checking if membership user is logged in and authenticated
08/16/2018 17:10:44.683 [mj1udw24otbwp3q3po1ujeuv] - Info - http://localhost:50947/Default.aspx - App_Web_ioatn5lu.dll - _Default.Login() : 
ALL available roles: 
    Admin
    Administration
    AOR
    CR
    Dashboard
    MasterData
    Meeting
    News
    Reports
    ResourceManagement
    RQMT
    SustainmentRequest
    Task
    Tester
    View:Administration
    View:AOR
    View:CR
    View:CVTMetrics
    View:Dashboard
    View:MasterData
    View:Meeting
    View:Metrics
    View:News
    View:Reports
    View:ResourceManagement
    View:RQMT
    View:SustainmentRequest
    View:Task
    View:WorkItem
    View:WorkRequest
    WorkItem
    WorkRequest


User joseph.porubsky is logged in and is approved.
Organization = Business Team

User is in roles:  
    Admin
    Administration
    AOR
    CR
    Dashboard
    MasterData
    Meeting
    News
    Reports
    ResourceManagement
    RQMT
    SustainmentRequest
    Task
    View:Administration
    View:AOR
    View:CR
    View:CVTMetrics
    View:Dashboard
    View:MasterData
    View:Meeting
    View:Metrics
    View:News
    View:Reports
    View:ResourceManagement
    View:RQMT
    View:SustainmentRequest
    View:Task
    View:WorkItem
    View:WorkRequest
    WorkItem
    WorkRequest

08/16/2018 17:11:58.584 [0aj5jhx3l1e33ngdkmczmqby] - Info - http://localhost:50947/Default.aspx - App_Web_ioatn5lu.dll - _Default.Login() : checking if membership user is logged in and authenticated
08/16/2018 17:11:58.592 [0aj5jhx3l1e33ngdkmczmqby] - Info - http://localhost:50947/Default.aspx - App_Web_ioatn5lu.dll - _Default.Login() : 
ALL available roles: 
    Admin
    Administration
    AOR
    CR
    Dashboard
    MasterData
    Meeting
    News
    Reports
    ResourceManagement
    RQMT
    SustainmentRequest
    Task
    Tester
    View:Administration
    View:AOR
    View:CR
    View:CVTMetrics
    View:Dashboard
    View:MasterData
    View:Meeting
    View:Metrics
    View:News
    View:Reports
    View:ResourceManagement
    View:RQMT
    View:SustainmentRequest
    View:Task
    View:WorkItem
    View:WorkRequest
    WorkItem
    WorkRequest


User joseph.porubsky is logged in and is approved.
Organization = Business Team

User is in roles:  
    Admin
    Administration
    AOR
    CR
    Dashboard
    MasterData
    Meeting
    News
    Reports
    ResourceManagement
    RQMT
    SustainmentRequest
    Task
    View:Administration
    View:AOR
    View:CR
    View:CVTMetrics
    View:Dashboard
    View:MasterData
    View:Meeting
    View:Metrics
    View:News
    View:Reports
    View:ResourceManagement
    View:RQMT
    View:SustainmentRequest
    View:Task
    View:WorkItem
    View:WorkRequest
    WorkItem
    WorkRequest

08/16/2018 17:14:21.410 [whsplxf0dv40ikftlacxpo3c] - Info - http://localhost:50947/Default.aspx - App_Web_ioatn5lu.dll - _Default.Login() : checking if membership user is logged in and authenticated
08/16/2018 17:14:21.417 [whsplxf0dv40ikftlacxpo3c] - Info - http://localhost:50947/Default.aspx - App_Web_ioatn5lu.dll - _Default.Login() : 
ALL available roles: 
    Admin
    Administration
    AOR
    CR
    Dashboard
    MasterData
    Meeting
    News
    Reports
    ResourceManagement
    RQMT
    SustainmentRequest
    Task
    Tester
    View:Administration
    View:AOR
    View:CR
    View:CVTMetrics
    View:Dashboard
    View:MasterData
    View:Meeting
    View:Metrics
    View:News
    View:Reports
    View:ResourceManagement
    View:RQMT
    View:SustainmentRequest
    View:Task
    View:WorkItem
    View:WorkRequest
    WorkItem
    WorkRequest


User joseph.porubsky is logged in and is approved.
Organization = Business Team

User is in roles:  
    Admin
    Administration
    AOR
    CR
    Dashboard
    MasterData
    Meeting
    News
    Reports
    ResourceManagement
    RQMT
    SustainmentRequest
    Task
    View:Administration
    View:AOR
    View:CR
    View:CVTMetrics
    View:Dashboard
    View:MasterData
    View:Meeting
    View:Metrics
    View:News
    View:Reports
    View:ResourceManagement
    View:RQMT
    View:SustainmentRequest
    View:Task
    View:WorkItem
    View:WorkRequest
    WorkItem
    WorkRequest

08/16/2018 17:17:46.669 [whsplxf0dv40ikftlacxpo3c] - Info - http://localhost:50947/QM_Workload_Crosswalk_Multi_Level_Grid.aspx?GridType=MultiLevel&MyData=false&showParameters=true&random=1534454117690&SelectedStatuses=80,72,1,2,3,4,5,7,8,9,11,12,13&SelectedAssigned=101,90,44,36,113,55,54,89,103,80,18,41,75,60,58,81,37,110,82,46,21,76,45,26,65,66,42,51,11,105,10,33,28,86,97,94,83,71,108,120,31,62,102,47,121,84,122,53,49,100,74,43,106,126,95,111,112,114,38,56,59,20,73,29,98,25,77,72,104,107,35,6,88,85,91,50,96,27,79,40,87,99,109,137,17,39,30,68,67,14,23&GridPageSize=25&BusinessReview=false&GridPageIndex=0&UserDDLChange=yes - App_global.asax.yf6d1xtp.dll - ASP.global_asax.Application_Error(System.Object, System.EventArgs) : Exception of type 'System.Web.HttpUnhandledException' was thrown.    at ASP.global_asax.Application_Error(Object sender, EventArgs e) in c:\inetpub\wwwroot\Dev\WTS\Global.asax:line 74
08/16/2018 17:18:02.041 [blb0x1cytd04esxqbdlm4gft] - Info - http://localhost:50947/Default.aspx - App_Web_ioatn5lu.dll - _Default.Login() : checking if membership user is logged in and authenticated
08/16/2018 17:18:02.056 [blb0x1cytd04esxqbdlm4gft] - Info - http://localhost:50947/Default.aspx - App_Web_ioatn5lu.dll - _Default.Login() : 
ALL available roles: 
    Admin
    Administration
    AOR
    CR
    Dashboard
    MasterData
    Meeting
    News
    Reports
    ResourceManagement
    RQMT
    SustainmentRequest
    Task
    Tester
    View:Administration
    View:AOR
    View:CR
    View:CVTMetrics
    View:Dashboard
    View:MasterData
    View:Meeting
    View:Metrics
    View:News
    View:Reports
    View:ResourceManagement
    View:RQMT
    View:SustainmentRequest
    View:Task
    View:WorkItem
    View:WorkRequest
    WorkItem
    WorkRequest


User joseph.porubsky is logged in and is approved.
Organization = Business Team

User is in roles:  
    Admin
    Administration
    AOR
    CR
    Dashboard
    MasterData
    Meeting
    News
    Reports
    ResourceManagement
    RQMT
    SustainmentRequest
    Task
    View:Administration
    View:AOR
    View:CR
    View:CVTMetrics
    View:Dashboard
    View:MasterData
    View:Meeting
    View:Metrics
    View:News
    View:Reports
    View:ResourceManagement
    View:RQMT
    View:SustainmentRequest
    View:Task
    View:WorkItem
    View:WorkRequest
    WorkItem
    WorkRequest

08/16/2018 17:21:05.339 [ufhtq240i5kjhcsadrgov1oo] - Info - http://localhost:50947/Default.aspx - App_Web_ioatn5lu.dll - _Default.Login() : checking if membership user is logged in and authenticated
08/16/2018 17:21:05.346 [ufhtq240i5kjhcsadrgov1oo] - Info - http://localhost:50947/Default.aspx - App_Web_ioatn5lu.dll - _Default.Login() : 
ALL available roles: 
    Admin
    Administration
    AOR
    CR
    Dashboard
    MasterData
    Meeting
    News
    Reports
    ResourceManagement
    RQMT
    SustainmentRequest
    Task
    Tester
    View:Administration
    View:AOR
    View:CR
    View:CVTMetrics
    View:Dashboard
    View:MasterData
    View:Meeting
    View:Metrics
    View:News
    View:Reports
    View:ResourceManagement
    View:RQMT
    View:SustainmentRequest
    View:Task
    View:WorkItem
    View:WorkRequest
    WorkItem
    WorkRequest


User joseph.porubsky is logged in and is approved.
Organization = Business Team

User is in roles:  
    Admin
    Administration
    AOR
    CR
    Dashboard
    MasterData
    Meeting
    News
    Reports
    ResourceManagement
    RQMT
    SustainmentRequest
    Task
    View:Administration
    View:AOR
    View:CR
    View:CVTMetrics
    View:Dashboard
    View:MasterData
    View:Meeting
    View:Metrics
    View:News
    View:Reports
    View:ResourceManagement
    View:RQMT
    View:SustainmentRequest
    View:Task
    View:WorkItem
    View:WorkRequest
    WorkItem
    WorkRequest

08/16/2018 17:22:41.114 [pxddjync0f3ohwxuq5ldpvca] - Info - http://localhost:50947/Default.aspx - App_Web_ioatn5lu.dll - _Default.Login() : checking if membership user is logged in and authenticated
08/16/2018 17:22:41.121 [pxddjync0f3ohwxuq5ldpvca] - Info - http://localhost:50947/Default.aspx - App_Web_ioatn5lu.dll - _Default.Login() : 
ALL available roles: 
    Admin
    Administration
    AOR
    CR
    Dashboard
    MasterData
    Meeting
    News
    Reports
    ResourceManagement
    RQMT
    SustainmentRequest
    Task
    Tester
    View:Administration
    View:AOR
    View:CR
    View:CVTMetrics
    View:Dashboard
    View:MasterData
    View:Meeting
    View:Metrics
    View:News
    View:Reports
    View:ResourceManagement
    View:RQMT
    View:SustainmentRequest
    View:Task
    View:WorkItem
    View:WorkRequest
    WorkItem
    WorkRequest


User joseph.porubsky is logged in and is approved.
Organization = Business Team

User is in roles:  
    Admin
    Administration
    AOR
    CR
    Dashboard
    MasterData
    Meeting
    News
    Reports
    ResourceManagement
    RQMT
    SustainmentRequest
    Task
    View:Administration
    View:AOR
    View:CR
    View:CVTMetrics
    View:Dashboard
    View:MasterData
    View:Meeting
    View:Metrics
    View:News
    View:Reports
    View:ResourceManagement
    View:RQMT
    View:SustainmentRequest
    View:Task
    View:WorkItem
    View:WorkRequest
    WorkItem
    WorkRequest

08/16/2018 17:22:41.652 [ufhtq240i5kjhcsadrgov1oo] - Info - http://localhost:50947/QM_Workload_Crosswalk_Multi_Level_Grid.aspx?GridType=MultiLevel&MyData=false&showParameters=true&random=1534454476155&SelectedStatuses=80,72,1,2,3,4,5,7,8,9,11,12,13&SelectedAssigned=101,90,44,36,113,55,54,89,103,80,18,41,75,60,58,81,37,110,82,46,21,76,45,26,65,66,42,51,11,105,10,33,28,86,97,94,83,71,108,120,31,62,102,47,121,84,122,53,49,100,74,43,106,126,95,111,112,114,38,56,59,20,73,29,98,25,77,72,104,107,35,6,88,85,91,50,96,27,79,40,87,99,109,137,17,39,30,68,67,14,23&GridPageSize=25&BusinessReview=false&GridPageIndex=0&UserDDLChange=yes - App_global.asax.yf6d1xtp.dll - ASP.global_asax.Application_Error(System.Object, System.EventArgs) : Exception of type 'System.Web.HttpUnhandledException' was thrown.    at ASP.global_asax.Application_Error(Object sender, EventArgs e) in c:\inetpub\wwwroot\Dev\WTS\Global.asax:line 74
