08/17/2018 10:58:31.184 [pxddjync0f3ohwxuq5ldpvca] - Info - http://localhost:50947/QM_Workload_Crosswalk_Multi_Level_Grid.aspx?GridType=MultiLevel&MyData=false&showParameters=true&random=1534454571804&SelectedStatuses=80,72,1,2,3,4,5,7,8,9,11,12,13&SelectedAssigned=101,90,44,36,113,55,54,89,103,80,18,41,75,60,58,81,37,110,82,46,21,76,45,26,65,66,42,51,11,105,10,33,28,86,97,94,83,71,108,120,31,62,102,47,121,84,122,53,49,100,74,43,106,126,95,111,112,114,38,56,59,20,73,29,98,25,77,72,104,107,35,6,88,85,91,50,96,27,79,40,87,99,109,137,17,39,30,68,67,14,23&GridPageSize=25&BusinessReview=false&GridPageIndex=0&UserDDLChange=yes - App_global.asax.yf6d1xtp.dll - ASP.global_asax.Application_Error(System.Object, System.EventArgs) : Exception of type 'System.Web.HttpUnhandledException' was thrown.    at ASP.global_asax.Application_Error(Object sender, EventArgs e) in c:\inetpub\wwwroot\Dev\WTS\Global.asax:line 74
08/17/2018 11:05:30.045 [2fs0f0hg5ar4z3mpgrxduxap] - Info - http://localhost:50947/Default.aspx - App_Web_ioatn5lu.dll - _Default.Login() : checking if membership user is logged in and authenticated
08/17/2018 11:05:30.051 [2fs0f0hg5ar4z3mpgrxduxap] - Info - http://localhost:50947/Default.aspx - App_Web_ioatn5lu.dll - _Default.Login() : 
ALL available roles: 
    Admin
    Administration
    AOR
    CR
    Dashboard
    MasterData
    Meeting
    News
    Reports
    ResourceManagement
    RQMT
    SustainmentRequest
    Task
    Tester
    View:Administration
    View:AOR
    View:CR
    View:CVTMetrics
    View:Dashboard
    View:MasterData
    View:Meeting
    View:Metrics
    View:News
    View:Reports
    View:ResourceManagement
    View:RQMT
    View:SustainmentRequest
    View:Task
    View:WorkItem
    View:WorkRequest
    WorkItem
    WorkRequest


User joseph.porubsky is logged in and is approved.
Organization = Business Team

User is in roles:  
    Admin
    Administration
    AOR
    CR
    Dashboard
    MasterData
    Meeting
    News
    Reports
    ResourceManagement
    RQMT
    SustainmentRequest
    Task
    View:Administration
    View:AOR
    View:CR
    View:CVTMetrics
    View:Dashboard
    View:MasterData
    View:Meeting
    View:Metrics
    View:News
    View:Reports
    View:ResourceManagement
    View:RQMT
    View:SustainmentRequest
    View:Task
    View:WorkItem
    View:WorkRequest
    WorkItem
    WorkRequest

08/17/2018 11:08:27.407 [yglw335bgtotcv0wefzoi1m0] - Info - http://localhost:50947/Default.aspx - App_Web_ioatn5lu.dll - _Default.Login() : checking if membership user is logged in and authenticated
08/17/2018 11:08:27.415 [yglw335bgtotcv0wefzoi1m0] - Info - http://localhost:50947/Default.aspx - App_Web_ioatn5lu.dll - _Default.Login() : 
ALL available roles: 
    Admin
    Administration
    AOR
    CR
    Dashboard
    MasterData
    Meeting
    News
    Reports
    ResourceManagement
    RQMT
    SustainmentRequest
    Task
    Tester
    View:Administration
    View:AOR
    View:CR
    View:CVTMetrics
    View:Dashboard
    View:MasterData
    View:Meeting
    View:Metrics
    View:News
    View:Reports
    View:ResourceManagement
    View:RQMT
    View:SustainmentRequest
    View:Task
    View:WorkItem
    View:WorkRequest
    WorkItem
    WorkRequest


User joseph.porubsky is logged in and is approved.
Organization = Business Team

User is in roles:  
    Admin
    Administration
    AOR
    CR
    Dashboard
    MasterData
    Meeting
    News
    Reports
    ResourceManagement
    RQMT
    SustainmentRequest
    Task
    View:Administration
    View:AOR
    View:CR
    View:CVTMetrics
    View:Dashboard
    View:MasterData
    View:Meeting
    View:Metrics
    View:News
    View:Reports
    View:ResourceManagement
    View:RQMT
    View:SustainmentRequest
    View:Task
    View:WorkItem
    View:WorkRequest
    WorkItem
    WorkRequest

08/17/2018 11:09:10.621 [avhrx1n3xhf0a51xcdugihz1] - Info - http://localhost:50947/Default.aspx - App_Web_ioatn5lu.dll - _Default.Login() : checking if membership user is logged in and authenticated
08/17/2018 11:09:10.628 [avhrx1n3xhf0a51xcdugihz1] - Info - http://localhost:50947/Default.aspx - App_Web_ioatn5lu.dll - _Default.Login() : 
ALL available roles: 
    Admin
    Administration
    AOR
    CR
    Dashboard
    MasterData
    Meeting
    News
    Reports
    ResourceManagement
    RQMT
    SustainmentRequest
    Task
    Tester
    View:Administration
    View:AOR
    View:CR
    View:CVTMetrics
    View:Dashboard
    View:MasterData
    View:Meeting
    View:Metrics
    View:News
    View:Reports
    View:ResourceManagement
    View:RQMT
    View:SustainmentRequest
    View:Task
    View:WorkItem
    View:WorkRequest
    WorkItem
    WorkRequest


User joseph.porubsky is logged in and is approved.
Organization = Business Team

User is in roles:  
    Admin
    Administration
    AOR
    CR
    Dashboard
    MasterData
    Meeting
    News
    Reports
    ResourceManagement
    RQMT
    SustainmentRequest
    Task
    View:Administration
    View:AOR
    View:CR
    View:CVTMetrics
    View:Dashboard
    View:MasterData
    View:Meeting
    View:Metrics
    View:News
    View:Reports
    View:ResourceManagement
    View:RQMT
    View:SustainmentRequest
    View:Task
    View:WorkItem
    View:WorkRequest
    WorkItem
    WorkRequest

08/17/2018 11:12:10.747 [q2r1d4nteudbrp3sgerfsh0v] - Info - http://localhost:50947/Default.aspx - App_Web_ioatn5lu.dll - _Default.Login() : checking if membership user is logged in and authenticated
08/17/2018 11:12:10.754 [q2r1d4nteudbrp3sgerfsh0v] - Info - http://localhost:50947/Default.aspx - App_Web_ioatn5lu.dll - _Default.Login() : 
ALL available roles: 
    Admin
    Administration
    AOR
    CR
    Dashboard
    MasterData
    Meeting
    News
    Reports
    ResourceManagement
    RQMT
    SustainmentRequest
    Task
    Tester
    View:Administration
    View:AOR
    View:CR
    View:CVTMetrics
    View:Dashboard
    View:MasterData
    View:Meeting
    View:Metrics
    View:News
    View:Reports
    View:ResourceManagement
    View:RQMT
    View:SustainmentRequest
    View:Task
    View:WorkItem
    View:WorkRequest
    WorkItem
    WorkRequest


User joseph.porubsky is logged in and is approved.
Organization = Business Team

User is in roles:  
    Admin
    Administration
    AOR
    CR
    Dashboard
    MasterData
    Meeting
    News
    Reports
    ResourceManagement
    RQMT
    SustainmentRequest
    Task
    View:Administration
    View:AOR
    View:CR
    View:CVTMetrics
    View:Dashboard
    View:MasterData
    View:Meeting
    View:Metrics
    View:News
    View:Reports
    View:ResourceManagement
    View:RQMT
    View:SustainmentRequest
    View:Task
    View:WorkItem
    View:WorkRequest
    WorkItem
    WorkRequest

08/17/2018 11:14:13.779 [q2r1d4nteudbrp3sgerfsh0v] - Info - http://localhost:50947/QM_Workload_Crosswalk_Multi_Level_Grid.aspx?GridType=MultiLevel&MyData=false&showParameters=true&random=1534518755162&SelectedStatuses=80,72,1,2,3,4,5,7,8,9,11,12,13&SelectedAssigned=101,90,44,36,113,55,54,89,103,80,18,41,75,60,58,81,37,110,82,46,21,76,45,26,65,66,42,51,11,105,10,33,28,86,97,94,83,71,108,120,31,62,102,47,121,84,122,53,49,100,74,43,106,126,95,111,112,114,38,56,59,20,73,29,98,25,77,72,104,107,35,6,88,85,91,50,96,27,79,40,87,99,109,137,17,39,30,68,67,14,23&GridPageSize=25&BusinessReview=false&GridPageIndex=0&UserDDLChange=yes - App_global.asax.yf6d1xtp.dll - ASP.global_asax.Application_Error(System.Object, System.EventArgs) : Exception of type 'System.Web.HttpUnhandledException' was thrown.    at ASP.global_asax.Application_Error(Object sender, EventArgs e) in c:\inetpub\wwwroot\Dev\WTS\Global.asax:line 74
08/17/2018 11:16:03.975 [0lstjlugt1k0opaqm1e111v0] - Info - http://localhost:50947/Default.aspx - App_Web_ioatn5lu.dll - _Default.Login() : checking if membership user is logged in and authenticated
08/17/2018 11:16:03.982 [0lstjlugt1k0opaqm1e111v0] - Info - http://localhost:50947/Default.aspx - App_Web_ioatn5lu.dll - _Default.Login() : 
ALL available roles: 
    Admin
    Administration
    AOR
    CR
    Dashboard
    MasterData
    Meeting
    News
    Reports
    ResourceManagement
    RQMT
    SustainmentRequest
    Task
    Tester
    View:Administration
    View:AOR
    View:CR
    View:CVTMetrics
    View:Dashboard
    View:MasterData
    View:Meeting
    View:Metrics
    View:News
    View:Reports
    View:ResourceManagement
    View:RQMT
    View:SustainmentRequest
    View:Task
    View:WorkItem
    View:WorkRequest
    WorkItem
    WorkRequest


User joseph.porubsky is logged in and is approved.
Organization = Business Team

User is in roles:  
    Admin
    Administration
    AOR
    CR
    Dashboard
    MasterData
    Meeting
    News
    Reports
    ResourceManagement
    RQMT
    SustainmentRequest
    Task
    View:Administration
    View:AOR
    View:CR
    View:CVTMetrics
    View:Dashboard
    View:MasterData
    View:Meeting
    View:Metrics
    View:News
    View:Reports
    View:ResourceManagement
    View:RQMT
    View:SustainmentRequest
    View:Task
    View:WorkItem
    View:WorkRequest
    WorkItem
    WorkRequest

08/17/2018 11:31:29.425 [ilcdpngzqk2pvfgjw1hwvt50] - Info - http://localhost:50947/Default.aspx - App_Web_ioatn5lu.dll - _Default.Login() : checking if membership user is logged in and authenticated
08/17/2018 11:31:29.452 [ilcdpngzqk2pvfgjw1hwvt50] - Info - http://localhost:50947/Default.aspx - App_Web_ioatn5lu.dll - _Default.Login() : 
ALL available roles: 
    Admin
    Administration
    AOR
    CR
    Dashboard
    MasterData
    Meeting
    News
    Reports
    ResourceManagement
    RQMT
    SustainmentRequest
    Task
    Tester
    View:Administration
    View:AOR
    View:CR
    View:CVTMetrics
    View:Dashboard
    View:MasterData
    View:Meeting
    View:Metrics
    View:News
    View:Reports
    View:ResourceManagement
    View:RQMT
    View:SustainmentRequest
    View:Task
    View:WorkItem
    View:WorkRequest
    WorkItem
    WorkRequest


User joseph.porubsky is logged in and is approved.
Organization = Business Team

User is in roles:  
    Admin
    Administration
    AOR
    CR
    Dashboard
    MasterData
    Meeting
    News
    Reports
    ResourceManagement
    RQMT
    SustainmentRequest
    Task
    View:Administration
    View:AOR
    View:CR
    View:CVTMetrics
    View:Dashboard
    View:MasterData
    View:Meeting
    View:Metrics
    View:News
    View:Reports
    View:ResourceManagement
    View:RQMT
    View:SustainmentRequest
    View:Task
    View:WorkItem
    View:WorkRequest
    WorkItem
    WorkRequest

08/17/2018 11:33:47.824 [e1vcnylr4nzga5obt43qj555] - Info - http://localhost:50947/Default.aspx - App_Web_ioatn5lu.dll - _Default.Login() : checking if membership user is logged in and authenticated
08/17/2018 11:33:47.909 [e1vcnylr4nzga5obt43qj555] - Info - http://localhost:50947/Default.aspx - App_Web_ioatn5lu.dll - _Default.Login() : 
ALL available roles: 
    Admin
    Administration
    AOR
    CR
    Dashboard
    MasterData
    Meeting
    News
    Reports
    ResourceManagement
    RQMT
    SustainmentRequest
    Task
    Tester
    View:Administration
    View:AOR
    View:CR
    View:CVTMetrics
    View:Dashboard
    View:MasterData
    View:Meeting
    View:Metrics
    View:News
    View:Reports
    View:ResourceManagement
    View:RQMT
    View:SustainmentRequest
    View:Task
    View:WorkItem
    View:WorkRequest
    WorkItem
    WorkRequest


User joseph.porubsky is logged in and is approved.
Organization = Business Team

User is in roles:  
    Admin
    Administration
    AOR
    CR
    Dashboard
    MasterData
    Meeting
    News
    Reports
    ResourceManagement
    RQMT
    SustainmentRequest
    Task
    View:Administration
    View:AOR
    View:CR
    View:CVTMetrics
    View:Dashboard
    View:MasterData
    View:Meeting
    View:Metrics
    View:News
    View:Reports
    View:ResourceManagement
    View:RQMT
    View:SustainmentRequest
    View:Task
    View:WorkItem
    View:WorkRequest
    WorkItem
    WorkRequest

08/17/2018 11:36:11.280 [e1vcnylr4nzga5obt43qj555] - Info - http://localhost:50947/QM_Workload_Crosswalk_Multi_Level_Grid.aspx?GridType=MultiLevel&MyData=false&showParameters=true&random=1534520045248&SelectedStatuses=80,72,1,2,3,4,5,7,8,9,11,12,13&SelectedAssigned=101,90,44,36,113,55,54,89,103,80,18,41,75,60,58,81,37,110,82,46,21,76,45,26,65,66,42,51,11,105,10,33,28,86,97,94,83,71,108,120,31,62,102,47,121,84,122,53,49,100,74,43,106,126,95,111,112,114,38,56,59,20,73,29,98,25,77,72,104,107,35,6,88,85,91,50,96,27,79,40,87,99,109,137,17,39,30,68,67,14,23&GridPageSize=25&BusinessReview=false&GridPageIndex=0&UserDDLChange=yes - App_global.asax.yf6d1xtp.dll - ASP.global_asax.Application_Error(System.Object, System.EventArgs) : Exception of type 'System.Web.HttpUnhandledException' was thrown.    at ASP.global_asax.Application_Error(Object sender, EventArgs e) in c:\inetpub\wwwroot\Dev\WTS\Global.asax:line 74
08/17/2018 11:37:46.435 [lwxdttrtflnkgib2nqq0qjsb] - Info - http://localhost:50947/Default.aspx - App_Web_ioatn5lu.dll - _Default.Login() : checking if membership user is logged in and authenticated
08/17/2018 11:37:46.511 [lwxdttrtflnkgib2nqq0qjsb] - Info - http://localhost:50947/Default.aspx - App_Web_ioatn5lu.dll - _Default.Login() : 
ALL available roles: 
    Admin
    Administration
    AOR
    CR
    Dashboard
    MasterData
    Meeting
    News
    Reports
    ResourceManagement
    RQMT
    SustainmentRequest
    Task
    Tester
    View:Administration
    View:AOR
    View:CR
    View:CVTMetrics
    View:Dashboard
    View:MasterData
    View:Meeting
    View:Metrics
    View:News
    View:Reports
    View:ResourceManagement
    View:RQMT
    View:SustainmentRequest
    View:Task
    View:WorkItem
    View:WorkRequest
    WorkItem
    WorkRequest


User joseph.porubsky is logged in and is approved.
Organization = Business Team

User is in roles:  
    Admin
    Administration
    AOR
    CR
    Dashboard
    MasterData
    Meeting
    News
    Reports
    ResourceManagement
    RQMT
    SustainmentRequest
    Task
    View:Administration
    View:AOR
    View:CR
    View:CVTMetrics
    View:Dashboard
    View:MasterData
    View:Meeting
    View:Metrics
    View:News
    View:Reports
    View:ResourceManagement
    View:RQMT
    View:SustainmentRequest
    View:Task
    View:WorkItem
    View:WorkRequest
    WorkItem
    WorkRequest

08/17/2018 11:41:09.116 [lwxdttrtflnkgib2nqq0qjsb] - Info - http://localhost:50947/QM_Workload_Crosswalk_Multi_Level_Grid.aspx?GridType=MultiLevel&MyData=false&showParameters=true&random=1534520283346&SelectedStatuses=80,72,1,2,3,4,5,7,8,9,11,12,13&SelectedAssigned=101,90,44,36,113,55,54,89,103,80,18,41,75,60,58,81,37,110,82,46,21,76,45,26,65,66,42,51,11,105,10,33,28,86,97,94,83,71,108,120,31,62,102,47,121,84,122,53,49,100,74,43,106,126,95,111,112,114,38,56,59,20,73,29,98,25,77,72,104,107,35,6,88,85,91,50,96,27,79,40,87,99,109,137,17,39,30,68,67,14,23&GridPageSize=25&BusinessReview=false&GridPageIndex=0&UserDDLChange=yes - App_global.asax.yf6d1xtp.dll - ASP.global_asax.Application_Error(System.Object, System.EventArgs) : Exception of type 'System.Web.HttpUnhandledException' was thrown.    at ASP.global_asax.Application_Error(Object sender, EventArgs e) in c:\inetpub\wwwroot\Dev\WTS\Global.asax:line 74
08/17/2018 11:43:33.895 [w1fawfoxnfhp5ei10aklauho] - Info - http://localhost:50947/Default.aspx - App_Web_ioatn5lu.dll - _Default.Login() : checking if membership user is logged in and authenticated
08/17/2018 11:43:33.961 [w1fawfoxnfhp5ei10aklauho] - Info - http://localhost:50947/Default.aspx - App_Web_ioatn5lu.dll - _Default.Login() : 
ALL available roles: 
    Admin
    Administration
    AOR
    CR
    Dashboard
    MasterData
    Meeting
    News
    Reports
    ResourceManagement
    RQMT
    SustainmentRequest
    Task
    Tester
    View:Administration
    View:AOR
    View:CR
    View:CVTMetrics
    View:Dashboard
    View:MasterData
    View:Meeting
    View:Metrics
    View:News
    View:Reports
    View:ResourceManagement
    View:RQMT
    View:SustainmentRequest
    View:Task
    View:WorkItem
    View:WorkRequest
    WorkItem
    WorkRequest


User joseph.porubsky is logged in and is approved.
Organization = Business Team

User is in roles:  
    Admin
    Administration
    AOR
    CR
    Dashboard
    MasterData
    Meeting
    News
    Reports
    ResourceManagement
    RQMT
    SustainmentRequest
    Task
    View:Administration
    View:AOR
    View:CR
    View:CVTMetrics
    View:Dashboard
    View:MasterData
    View:Meeting
    View:Metrics
    View:News
    View:Reports
    View:ResourceManagement
    View:RQMT
    View:SustainmentRequest
    View:Task
    View:WorkItem
    View:WorkRequest
    WorkItem
    WorkRequest

08/17/2018 11:47:40.596 [ju0b4lisbwgxabpjkboqenmm] - Info - http://localhost:50947/Default.aspx - App_Web_ioatn5lu.dll - _Default.Login() : checking if membership user is logged in and authenticated
08/17/2018 11:47:40.676 [ju0b4lisbwgxabpjkboqenmm] - Info - http://localhost:50947/Default.aspx - App_Web_ioatn5lu.dll - _Default.Login() : 
ALL available roles: 
    Admin
    Administration
    AOR
    CR
    Dashboard
    MasterData
    Meeting
    News
    Reports
    ResourceManagement
    RQMT
    SustainmentRequest
    Task
    Tester
    View:Administration
    View:AOR
    View:CR
    View:CVTMetrics
    View:Dashboard
    View:MasterData
    View:Meeting
    View:Metrics
    View:News
    View:Reports
    View:ResourceManagement
    View:RQMT
    View:SustainmentRequest
    View:Task
    View:WorkItem
    View:WorkRequest
    WorkItem
    WorkRequest


User joseph.porubsky is logged in and is approved.
Organization = Business Team

User is in roles:  
    Admin
    Administration
    AOR
    CR
    Dashboard
    MasterData
    Meeting
    News
    Reports
    ResourceManagement
    RQMT
    SustainmentRequest
    Task
    View:Administration
    View:AOR
    View:CR
    View:CVTMetrics
    View:Dashboard
    View:MasterData
    View:Meeting
    View:Metrics
    View:News
    View:Reports
    View:ResourceManagement
    View:RQMT
    View:SustainmentRequest
    View:Task
    View:WorkItem
    View:WorkRequest
    WorkItem
    WorkRequest

08/17/2018 11:52:10.269 [fqagtq1dg5v2wv0gh0hbaa1y] - Info - http://localhost:50947/Default.aspx - App_Web_ioatn5lu.dll - _Default.Login() : checking if membership user is logged in and authenticated
08/17/2018 11:52:10.357 [fqagtq1dg5v2wv0gh0hbaa1y] - Info - http://localhost:50947/Default.aspx - App_Web_ioatn5lu.dll - _Default.Login() : 
ALL available roles: 
    Admin
    Administration
    AOR
    CR
    Dashboard
    MasterData
    Meeting
    News
    Reports
    ResourceManagement
    RQMT
    SustainmentRequest
    Task
    Tester
    View:Administration
    View:AOR
    View:CR
    View:CVTMetrics
    View:Dashboard
    View:MasterData
    View:Meeting
    View:Metrics
    View:News
    View:Reports
    View:ResourceManagement
    View:RQMT
    View:SustainmentRequest
    View:Task
    View:WorkItem
    View:WorkRequest
    WorkItem
    WorkRequest


User joseph.porubsky is logged in and is approved.
Organization = Business Team

User is in roles:  
    Admin
    Administration
    AOR
    CR
    Dashboard
    MasterData
    Meeting
    News
    Reports
    ResourceManagement
    RQMT
    SustainmentRequest
    Task
    View:Administration
    View:AOR
    View:CR
    View:CVTMetrics
    View:Dashboard
    View:MasterData
    View:Meeting
    View:Metrics
    View:News
    View:Reports
    View:ResourceManagement
    View:RQMT
    View:SustainmentRequest
    View:Task
    View:WorkItem
    View:WorkRequest
    WorkItem
    WorkRequest

08/17/2018 11:52:10.522 [ju0b4lisbwgxabpjkboqenmm] - Info - http://localhost:50947/QM_Workload_Crosswalk_Multi_Level_Grid.aspx?GridType=MultiLevel&MyData=false&showParameters=true&random=1534520881767&SelectedStatuses=80,72,1,2,3,4,5,7,8,9,11,12,13&SelectedAssigned=101,90,44,36,113,55,54,89,103,80,18,41,75,60,58,81,37,110,82,46,21,76,45,26,65,66,42,51,11,105,10,33,28,86,97,94,83,71,108,120,31,62,102,47,121,84,122,53,49,100,74,43,106,126,95,111,112,114,38,56,59,20,73,29,98,25,77,72,104,107,35,6,88,85,91,50,96,27,79,40,87,99,109,137,17,39,30,68,67,14,23&GridPageSize=25&BusinessReview=false&GridPageIndex=0&UserDDLChange=yes - App_global.asax.yf6d1xtp.dll - ASP.global_asax.Application_Error(System.Object, System.EventArgs) : Exception of type 'System.Web.HttpUnhandledException' was thrown.    at ASP.global_asax.Application_Error(Object sender, EventArgs e) in c:\inetpub\wwwroot\Dev\WTS\Global.asax:line 74
08/17/2018 14:03:22.318 [ohrs1j3kzxobyzxbkiwif5o4] - Info - http://localhost:50947/Default.aspx - App_Web_ioatn5lu.dll - _Default.Login() : checking if membership user is logged in and authenticated
08/17/2018 14:03:22.358 [ohrs1j3kzxobyzxbkiwif5o4] - Info - http://localhost:50947/Default.aspx - App_Web_ioatn5lu.dll - _Default.Login() : 
ALL available roles: 
    Admin
    Administration
    AOR
    CR
    Dashboard
    MasterData
    Meeting
    News
    Reports
    ResourceManagement
    RQMT
    SustainmentRequest
    Task
    Tester
    View:Administration
    View:AOR
    View:CR
    View:CVTMetrics
    View:Dashboard
    View:MasterData
    View:Meeting
    View:Metrics
    View:News
    View:Reports
    View:ResourceManagement
    View:RQMT
    View:SustainmentRequest
    View:Task
    View:WorkItem
    View:WorkRequest
    WorkItem
    WorkRequest


User joseph.porubsky is logged in and is approved.
Organization = Business Team

User is in roles:  
    Admin
    Administration
    AOR
    CR
    Dashboard
    MasterData
    Meeting
    News
    Reports
    ResourceManagement
    RQMT
    SustainmentRequest
    Task
    View:Administration
    View:AOR
    View:CR
    View:CVTMetrics
    View:Dashboard
    View:MasterData
    View:Meeting
    View:Metrics
    View:News
    View:Reports
    View:ResourceManagement
    View:RQMT
    View:SustainmentRequest
    View:Task
    View:WorkItem
    View:WorkRequest
    WorkItem
    WorkRequest

08/17/2018 14:30:40.592 [stelrsr5aaswad1mzz01sa0w] - Info - http://localhost:50947/Default.aspx - App_Web_ioatn5lu.dll - _Default.Login() : checking if membership user is logged in and authenticated
08/17/2018 14:30:40.608 [stelrsr5aaswad1mzz01sa0w] - Info - http://localhost:50947/Default.aspx - App_Web_ioatn5lu.dll - _Default.Login() : 
ALL available roles: 
    Admin
    Administration
    AOR
    CR
    Dashboard
    MasterData
    Meeting
    News
    Reports
    ResourceManagement
    RQMT
    SustainmentRequest
    Task
    Tester
    View:Administration
    View:AOR
    View:CR
    View:CVTMetrics
    View:Dashboard
    View:MasterData
    View:Meeting
    View:Metrics
    View:News
    View:Reports
    View:ResourceManagement
    View:RQMT
    View:SustainmentRequest
    View:Task
    View:WorkItem
    View:WorkRequest
    WorkItem
    WorkRequest


User joseph.porubsky is logged in and is approved.
Organization = Business Team

User is in roles:  
    Admin
    Administration
    AOR
    CR
    Dashboard
    MasterData
    Meeting
    News
    Reports
    ResourceManagement
    RQMT
    SustainmentRequest
    Task
    View:Administration
    View:AOR
    View:CR
    View:CVTMetrics
    View:Dashboard
    View:MasterData
    View:Meeting
    View:Metrics
    View:News
    View:Reports
    View:ResourceManagement
    View:RQMT
    View:SustainmentRequest
    View:Task
    View:WorkItem
    View:WorkRequest
    WorkItem
    WorkRequest

08/17/2018 14:41:17.380 [stelrsr5aaswad1mzz01sa0w] - Info - http://localhost:50947/QM_Workload_Crosswalk_Multi_Level_Grid.aspx?GridType=MultiLevel&MyData=false&showParameters=true&random=1534530816799&SelectedStatuses=80,72,1,2,3,4,5,7,8,9,11,12,13&SelectedAssigned=101,90,44,36,113,55,54,89,103,80,18,41,75,60,58,81,37,110,82,46,21,76,45,26,65,66,42,51,11,105,10,33,28,86,97,94,83,71,108,120,31,62,102,47,121,84,122,53,49,100,74,43,106,126,95,111,112,114,38,56,59,20,73,29,98,25,77,72,104,107,35,6,88,85,91,50,96,27,79,40,87,99,109,137,17,39,30,68,67,14,23&GridPageSize=25&BusinessReview=false&GridPageIndex=0&UserDDLChange=yes - App_global.asax.yf6d1xtp.dll - ASP.global_asax.Application_Error(System.Object, System.EventArgs) : Exception of type 'System.Web.HttpUnhandledException' was thrown.    at ASP.global_asax.Application_Error(Object sender, EventArgs e) in c:\inetpub\wwwroot\Dev\WTS\Global.asax:line 74
08/17/2018 14:42:02.687 [sxr04evpxuqtrjcy0gcksbys] - Info - http://localhost:50947/Default.aspx - App_Web_ioatn5lu.dll - _Default.Login() : checking if membership user is logged in and authenticated
08/17/2018 14:42:02.730 [sxr04evpxuqtrjcy0gcksbys] - Info - http://localhost:50947/Default.aspx - App_Web_ioatn5lu.dll - _Default.Login() : 
ALL available roles: 
    Admin
    Administration
    AOR
    CR
    Dashboard
    MasterData
    Meeting
    News
    Reports
    ResourceManagement
    RQMT
    SustainmentRequest
    Task
    Tester
    View:Administration
    View:AOR
    View:CR
    View:CVTMetrics
    View:Dashboard
    View:MasterData
    View:Meeting
    View:Metrics
    View:News
    View:Reports
    View:ResourceManagement
    View:RQMT
    View:SustainmentRequest
    View:Task
    View:WorkItem
    View:WorkRequest
    WorkItem
    WorkRequest


User joseph.porubsky is logged in and is approved.
Organization = Business Team

User is in roles:  
    Admin
    Administration
    AOR
    CR
    Dashboard
    MasterData
    Meeting
    News
    Reports
    ResourceManagement
    RQMT
    SustainmentRequest
    Task
    View:Administration
    View:AOR
    View:CR
    View:CVTMetrics
    View:Dashboard
    View:MasterData
    View:Meeting
    View:Metrics
    View:News
    View:Reports
    View:ResourceManagement
    View:RQMT
    View:SustainmentRequest
    View:Task
    View:WorkItem
    View:WorkRequest
    WorkItem
    WorkRequest

08/17/2018 14:54:47.177 [sxr04evpxuqtrjcy0gcksbys] - Info - http://localhost:50947/QM_Workload_Crosswalk_Multi_Level_Grid.aspx?GridType=MultiLevel&MyData=false&showParameters=true&random=1534531676316&SelectedStatuses=80,72,1,2,3,4,5,7,8,9,11,12,13&SelectedAssigned=101,90,44,36,113,55,54,89,103,80,18,41,75,60,58,81,37,110,82,46,21,76,45,26,65,66,42,51,11,105,10,33,28,86,97,94,83,71,108,120,31,62,102,47,121,84,122,53,49,100,74,43,106,126,95,111,112,114,38,56,59,20,73,29,98,25,77,72,104,107,35,6,88,85,91,50,96,27,79,40,87,99,109,137,17,39,30,68,67,14,23&GridPageSize=25&BusinessReview=false&GridPageIndex=0&UserDDLChange=yes - App_global.asax.yf6d1xtp.dll - ASP.global_asax.Application_Error(System.Object, System.EventArgs) : Exception of type 'System.Web.HttpUnhandledException' was thrown.    at ASP.global_asax.Application_Error(Object sender, EventArgs e) in c:\inetpub\wwwroot\Dev\WTS\Global.asax:line 74
08/17/2018 14:55:22.706 [sxr04evpxuqtrjcy0gcksbys] - Info - http://localhost:50947/QM_Workload_Crosswalk_Multi_Level_Grid.aspx?GridType=MultiLevel&MyData=false&showParameters=true&random=1534532105546 - App_global.asax.yf6d1xtp.dll - ASP.global_asax.Application_Error(System.Object, System.EventArgs) : Exception of type 'System.Web.HttpUnhandledException' was thrown.    at ASP.global_asax.Application_Error(Object sender, EventArgs e) in c:\inetpub\wwwroot\Dev\WTS\Global.asax:line 74
08/17/2018 14:55:58.074 [sxr04evpxuqtrjcy0gcksbys] - Info - http://localhost:50947/QM_Workload_Crosswalk_Multi_Level_Grid.aspx?GridType=MultiLevel&MyData=false&showParameters=true&random=1534532144239 - App_global.asax.yf6d1xtp.dll - ASP.global_asax.Application_Error(System.Object, System.EventArgs) : Exception of type 'System.Web.HttpUnhandledException' was thrown.    at ASP.global_asax.Application_Error(Object sender, EventArgs e) in c:\inetpub\wwwroot\Dev\WTS\Global.asax:line 74
08/17/2018 14:58:12.277 [sxr04evpxuqtrjcy0gcksbys] - Info - http://localhost:50947/QM_Workload_Crosswalk_Multi_Level_Grid.aspx?GridType=MultiLevel&MyData=false&showParameters=true&random=1534532181671&SelectedStatuses=80,72,1,2,3,4,5,7,8,9,11,12,13&SelectedAssigned=101,90,44,36,113,55,54,89,103,80,18,41,75,60,58,81,37,110,82,46,21,76,45,26,65,66,42,51,11,105,10,33,28,86,97,94,83,71,108,120,31,62,102,47,121,84,122,53,49,100,74,43,106,126,95,111,112,114,38,56,59,20,73,29,98,25,77,72,104,107,35,6,88,85,91,50,96,27,79,40,87,99,109,137,17,39,30,68,67,14,23&GridPageSize=25&BusinessReview=false&GridPageIndex=0&UserDDLChange=yes - App_global.asax.yf6d1xtp.dll - ASP.global_asax.Application_Error(System.Object, System.EventArgs) : Exception of type 'System.Web.HttpUnhandledException' was thrown.    at ASP.global_asax.Application_Error(Object sender, EventArgs e) in c:\inetpub\wwwroot\Dev\WTS\Global.asax:line 74
08/17/2018 15:05:19.593 [skocttlcxtn5v2nbc5f5qdqd] - Info - http://localhost:50947/Default.aspx - App_Web_ioatn5lu.dll - _Default.Login() : checking if membership user is logged in and authenticated
08/17/2018 15:05:19.641 [skocttlcxtn5v2nbc5f5qdqd] - Info - http://localhost:50947/Default.aspx - App_Web_ioatn5lu.dll - _Default.Login() : 
ALL available roles: 
    Admin
    Administration
    AOR
    CR
    Dashboard
    MasterData
    Meeting
    News
    Reports
    ResourceManagement
    RQMT
    SustainmentRequest
    Task
    Tester
    View:Administration
    View:AOR
    View:CR
    View:CVTMetrics
    View:Dashboard
    View:MasterData
    View:Meeting
    View:Metrics
    View:News
    View:Reports
    View:ResourceManagement
    View:RQMT
    View:SustainmentRequest
    View:Task
    View:WorkItem
    View:WorkRequest
    WorkItem
    WorkRequest


User joseph.porubsky is logged in and is approved.
Organization = Business Team

User is in roles:  
    Admin
    Administration
    AOR
    CR
    Dashboard
    MasterData
    Meeting
    News
    Reports
    ResourceManagement
    RQMT
    SustainmentRequest
    Task
    View:Administration
    View:AOR
    View:CR
    View:CVTMetrics
    View:Dashboard
    View:MasterData
    View:Meeting
    View:Metrics
    View:News
    View:Reports
    View:ResourceManagement
    View:RQMT
    View:SustainmentRequest
    View:Task
    View:WorkItem
    View:WorkRequest
    WorkItem
    WorkRequest

08/17/2018 15:13:17.878 [lctceoe1corll2r03ftwsgpp] - Info - http://localhost:50947/Default.aspx - App_Web_ioatn5lu.dll - _Default.Login() : checking if membership user is logged in and authenticated
08/17/2018 15:13:17.977 [lctceoe1corll2r03ftwsgpp] - Info - http://localhost:50947/Default.aspx - App_Web_ioatn5lu.dll - _Default.Login() : 
ALL available roles: 
    Admin
    Administration
    AOR
    CR
    Dashboard
    MasterData
    Meeting
    News
    Reports
    ResourceManagement
    RQMT
    SustainmentRequest
    Task
    Tester
    View:Administration
    View:AOR
    View:CR
    View:CVTMetrics
    View:Dashboard
    View:MasterData
    View:Meeting
    View:Metrics
    View:News
    View:Reports
    View:ResourceManagement
    View:RQMT
    View:SustainmentRequest
    View:Task
    View:WorkItem
    View:WorkRequest
    WorkItem
    WorkRequest


User joseph.porubsky is logged in and is approved.
Organization = Business Team

User is in roles:  
    Admin
    Administration
    AOR
    CR
    Dashboard
    MasterData
    Meeting
    News
    Reports
    ResourceManagement
    RQMT
    SustainmentRequest
    Task
    View:Administration
    View:AOR
    View:CR
    View:CVTMetrics
    View:Dashboard
    View:MasterData
    View:Meeting
    View:Metrics
    View:News
    View:Reports
    View:ResourceManagement
    View:RQMT
    View:SustainmentRequest
    View:Task
    View:WorkItem
    View:WorkRequest
    WorkItem
    WorkRequest

08/17/2018 15:15:19.046 [lctceoe1corll2r03ftwsgpp] - Info - http://localhost:50947/QM_Workload_Crosswalk_Multi_Level_Grid.aspx?GridType=MultiLevel&MyData=false&showParameters=true&random=1534533214115&SelectedStatuses=80,72,1,2,3,4,5,7,8,9,11,12,13&SelectedAssigned=101,90,44,36,113,55,54,89,103,80,18,41,75,60,58,81,37,110,82,46,21,76,45,26,65,66,42,51,11,105,10,33,28,86,97,94,83,71,108,120,31,62,102,47,121,84,122,53,49,100,74,43,106,126,95,111,112,114,38,56,59,20,73,29,98,25,77,72,104,107,35,6,88,85,91,50,96,27,79,40,87,99,109,137,17,39,30,68,67,14,23&GridPageSize=25&BusinessReview=false&GridPageIndex=0&UserDDLChange=yes - App_global.asax.yf6d1xtp.dll - ASP.global_asax.Application_Error(System.Object, System.EventArgs) : Exception of type 'System.Web.HttpUnhandledException' was thrown.    at ASP.global_asax.Application_Error(Object sender, EventArgs e) in c:\inetpub\wwwroot\Dev\WTS\Global.asax:line 74
08/17/2018 15:16:20.040 [lctceoe1corll2r03ftwsgpp] - Info - http://localhost:50947/QM_Workload_Crosswalk_Multi_Level_Grid.aspx?GridType=MultiLevel&MyData=false&showParameters=true&random=1534533363412 - App_global.asax.yf6d1xtp.dll - ASP.global_asax.Application_Error(System.Object, System.EventArgs) : Exception of type 'System.Web.HttpUnhandledException' was thrown.    at ASP.global_asax.Application_Error(Object sender, EventArgs e) in c:\inetpub\wwwroot\Dev\WTS\Global.asax:line 74
08/17/2018 16:27:21.738 [cgp3qkhmgvsn3bhfvmocltho] - Info - http://localhost:50947/Default.aspx - App_Web_ioatn5lu.dll - _Default.Login() : checking if membership user is logged in and authenticated
08/17/2018 16:27:21.830 [cgp3qkhmgvsn3bhfvmocltho] - Info - http://localhost:50947/Default.aspx - App_Web_ioatn5lu.dll - _Default.Login() : 
ALL available roles: 
    Admin
    Administration
    AOR
    CR
    Dashboard
    MasterData
    Meeting
    News
    Reports
    ResourceManagement
    RQMT
    SustainmentRequest
    Task
    Tester
    View:Administration
    View:AOR
    View:CR
    View:CVTMetrics
    View:Dashboard
    View:MasterData
    View:Meeting
    View:Metrics
    View:News
    View:Reports
    View:ResourceManagement
    View:RQMT
    View:SustainmentRequest
    View:Task
    View:WorkItem
    View:WorkRequest
    WorkItem
    WorkRequest


User joseph.porubsky is logged in and is approved.
Organization = Business Team

User is in roles:  
    Admin
    Administration
    AOR
    CR
    Dashboard
    MasterData
    Meeting
    News
    Reports
    ResourceManagement
    RQMT
    SustainmentRequest
    Task
    View:Administration
    View:AOR
    View:CR
    View:CVTMetrics
    View:Dashboard
    View:MasterData
    View:Meeting
    View:Metrics
    View:News
    View:Reports
    View:ResourceManagement
    View:RQMT
    View:SustainmentRequest
    View:Task
    View:WorkItem
    View:WorkRequest
    WorkItem
    WorkRequest

08/17/2018 16:49:31.883 [5zs0yk4mpq0lfkgixhwlbcul] - Info - http://localhost:50947/Default.aspx - App_Web_ioatn5lu.dll - _Default.Login() : checking if membership user is logged in and authenticated
08/17/2018 16:49:31.902 [5zs0yk4mpq0lfkgixhwlbcul] - Info - http://localhost:50947/Default.aspx - App_Web_ioatn5lu.dll - _Default.Login() : 
ALL available roles: 
    Admin
    Administration
    AOR
    CR
    Dashboard
    MasterData
    Meeting
    News
    Reports
    ResourceManagement
    RQMT
    SustainmentRequest
    Task
    Tester
    View:Administration
    View:AOR
    View:CR
    View:CVTMetrics
    View:Dashboard
    View:MasterData
    View:Meeting
    View:Metrics
    View:News
    View:Reports
    View:ResourceManagement
    View:RQMT
    View:SustainmentRequest
    View:Task
    View:WorkItem
    View:WorkRequest
    WorkItem
    WorkRequest


User joseph.porubsky is logged in and is approved.
Organization = Business Team

User is in roles:  
    Admin
    Administration
    AOR
    CR
    Dashboard
    MasterData
    Meeting
    News
    Reports
    ResourceManagement
    RQMT
    SustainmentRequest
    Task
    View:Administration
    View:AOR
    View:CR
    View:CVTMetrics
    View:Dashboard
    View:MasterData
    View:Meeting
    View:Metrics
    View:News
    View:Reports
    View:ResourceManagement
    View:RQMT
    View:SustainmentRequest
    View:Task
    View:WorkItem
    View:WorkRequest
    WorkItem
    WorkRequest

08/17/2018 16:52:13.690 [5zs0yk4mpq0lfkgixhwlbcul] - Info - http://localhost:50947/QM_Workload_Crosswalk_Multi_Level_Grid.aspx?GridType=MultiLevel&MyData=false&showParameters=true&random=1534539069621&SelectedStatuses=80,72,1,2,3,4,5,7,8,9,11,12,13&SelectedAssigned=101,90,44,36,113,55,54,89,103,80,18,41,75,60,58,81,37,110,82,46,21,76,45,26,65,66,42,51,11,105,10,33,28,86,97,94,83,71,108,120,31,62,102,47,121,84,122,53,49,100,74,43,106,126,95,111,112,114,38,56,59,20,73,29,98,25,77,72,104,107,35,6,88,85,91,50,96,27,79,40,87,99,109,137,17,39,30,68,67,14,23&GridPageSize=25&BusinessReview=false&GridPageIndex=0&UserDDLChange=yes - App_global.asax.yf6d1xtp.dll - ASP.global_asax.Application_Error(System.Object, System.EventArgs) : Exception of type 'System.Web.HttpUnhandledException' was thrown.    at ASP.global_asax.Application_Error(Object sender, EventArgs e) in c:\inetpub\wwwroot\Dev\WTS\Global.asax:line 74
08/17/2018 16:52:37.078 [5zs0yk4mpq0lfkgixhwlbcul] - Info - http://localhost:50947/QM_Workload_Crosswalk_Multi_Level_Grid.aspx?GridType=MultiLevel&MyData=false&showParameters=true&random=1534539145575 - App_global.asax.yf6d1xtp.dll - ASP.global_asax.Application_Error(System.Object, System.EventArgs) : Exception of type 'System.Web.HttpUnhandledException' was thrown.    at ASP.global_asax.Application_Error(Object sender, EventArgs e) in c:\inetpub\wwwroot\Dev\WTS\Global.asax:line 74
08/17/2018 16:54:29.925 [5zs0yk4mpq0lfkgixhwlbcul] - Info - http://localhost:50947/QM_Workload_Crosswalk_Multi_Level_Grid.aspx?GridType=MultiLevel&MyData=false&showParameters=true&random=1534539251041 - App_global.asax.yf6d1xtp.dll - ASP.global_asax.Application_Error(System.Object, System.EventArgs) : Exception of type 'System.Web.HttpUnhandledException' was thrown.    at ASP.global_asax.Application_Error(Object sender, EventArgs e) in c:\inetpub\wwwroot\Dev\WTS\Global.asax:line 74
08/17/2018 16:54:59.456 [5zs0yk4mpq0lfkgixhwlbcul] - Info - http://localhost:50947/QM_Workload_Crosswalk_Multi_Level_Grid.aspx?GridType=MultiLevel&MyData=false&showParameters=true&random=1534539286044 - App_global.asax.yf6d1xtp.dll - ASP.global_asax.Application_Error(System.Object, System.EventArgs) : Exception of type 'System.Web.HttpUnhandledException' was thrown.    at ASP.global_asax.Application_Error(Object sender, EventArgs e) in c:\inetpub\wwwroot\Dev\WTS\Global.asax:line 74
08/17/2018 16:55:44.947 [5zs0yk4mpq0lfkgixhwlbcul] - Info - http://localhost:50947/QM_Workload_Crosswalk_Multi_Level_Grid.aspx?GridType=MultiLevel&MyData=false&showParameters=true&random=1534539313073 - App_global.asax.yf6d1xtp.dll - ASP.global_asax.Application_Error(System.Object, System.EventArgs) : Exception of type 'System.Web.HttpUnhandledException' was thrown.    at ASP.global_asax.Application_Error(Object sender, EventArgs e) in c:\inetpub\wwwroot\Dev\WTS\Global.asax:line 74
08/17/2018 16:58:13.825 [5zs0yk4mpq0lfkgixhwlbcul] - Info - http://localhost:50947/QM_Workload_Crosswalk_Multi_Level_Grid.aspx?GridType=MultiLevel&MyData=false&showParameters=true&random=1534539479356 - App_global.asax.yf6d1xtp.dll - ASP.global_asax.Application_Error(System.Object, System.EventArgs) : Exception of type 'System.Web.HttpUnhandledException' was thrown.    at ASP.global_asax.Application_Error(Object sender, EventArgs e) in c:\inetpub\wwwroot\Dev\WTS\Global.asax:line 74
08/17/2018 17:02:14.731 [z4gftjbusdknh5d1hsfq2snf] - Info - http://localhost:50947/Default.aspx - App_Web_gcv014an.dll - _Default.Login() : checking if membership user is logged in and authenticated
08/17/2018 17:02:14.844 [z4gftjbusdknh5d1hsfq2snf] - Info - http://localhost:50947/Default.aspx - App_Web_gcv014an.dll - _Default.Login() : 
ALL available roles: 
    Admin
    Administration
    AOR
    CR
    Dashboard
    MasterData
    Meeting
    News
    Reports
    ResourceManagement
    RQMT
    SustainmentRequest
    Task
    Tester
    View:Administration
    View:AOR
    View:CR
    View:CVTMetrics
    View:Dashboard
    View:MasterData
    View:Meeting
    View:Metrics
    View:News
    View:Reports
    View:ResourceManagement
    View:RQMT
    View:SustainmentRequest
    View:Task
    View:WorkItem
    View:WorkRequest
    WorkItem
    WorkRequest


User joseph.porubsky is logged in and is approved.
Organization = Business Team

User is in roles:  
    Admin
    Administration
    AOR
    CR
    Dashboard
    MasterData
    Meeting
    News
    Reports
    ResourceManagement
    RQMT
    SustainmentRequest
    Task
    View:Administration
    View:AOR
    View:CR
    View:CVTMetrics
    View:Dashboard
    View:MasterData
    View:Meeting
    View:Metrics
    View:News
    View:Reports
    View:ResourceManagement
    View:RQMT
    View:SustainmentRequest
    View:Task
    View:WorkItem
    View:WorkRequest
    WorkItem
    WorkRequest

08/17/2018 17:03:46.639 [wdf4synpg42epxthurmmmagt] - Info - http://localhost:50947/Default.aspx - App_Web_gcv014an.dll - _Default.Login() : checking if membership user is logged in and authenticated
08/17/2018 17:03:46.721 [wdf4synpg42epxthurmmmagt] - Info - http://localhost:50947/Default.aspx - App_Web_gcv014an.dll - _Default.Login() : 
ALL available roles: 
    Admin
    Administration
    AOR
    CR
    Dashboard
    MasterData
    Meeting
    News
    Reports
    ResourceManagement
    RQMT
    SustainmentRequest
    Task
    Tester
    View:Administration
    View:AOR
    View:CR
    View:CVTMetrics
    View:Dashboard
    View:MasterData
    View:Meeting
    View:Metrics
    View:News
    View:Reports
    View:ResourceManagement
    View:RQMT
    View:SustainmentRequest
    View:Task
    View:WorkItem
    View:WorkRequest
    WorkItem
    WorkRequest


User joseph.porubsky is logged in and is approved.
Organization = Business Team

User is in roles:  
    Admin
    Administration
    AOR
    CR
    Dashboard
    MasterData
    Meeting
    News
    Reports
    ResourceManagement
    RQMT
    SustainmentRequest
    Task
    View:Administration
    View:AOR
    View:CR
    View:CVTMetrics
    View:Dashboard
    View:MasterData
    View:Meeting
    View:Metrics
    View:News
    View:Reports
    View:ResourceManagement
    View:RQMT
    View:SustainmentRequest
    View:Task
    View:WorkItem
    View:WorkRequest
    WorkItem
    WorkRequest

08/17/2018 17:07:12.794 [g0lytkzyuo4adkq5hsv34lg5] - Info - http://localhost:50947/Default.aspx - App_Web_gcv014an.dll - _Default.Login() : checking if membership user is logged in and authenticated
08/17/2018 17:07:12.815 [g0lytkzyuo4adkq5hsv34lg5] - Info - http://localhost:50947/Default.aspx - App_Web_gcv014an.dll - _Default.Login() : 
ALL available roles: 
    Admin
    Administration
    AOR
    CR
    Dashboard
    MasterData
    Meeting
    News
    Reports
    ResourceManagement
    RQMT
    SustainmentRequest
    Task
    Tester
    View:Administration
    View:AOR
    View:CR
    View:CVTMetrics
    View:Dashboard
    View:MasterData
    View:Meeting
    View:Metrics
    View:News
    View:Reports
    View:ResourceManagement
    View:RQMT
    View:SustainmentRequest
    View:Task
    View:WorkItem
    View:WorkRequest
    WorkItem
    WorkRequest


User joseph.porubsky is logged in and is approved.
Organization = Business Team

User is in roles:  
    Admin
    Administration
    AOR
    CR
    Dashboard
    MasterData
    Meeting
    News
    Reports
    ResourceManagement
    RQMT
    SustainmentRequest
    Task
    View:Administration
    View:AOR
    View:CR
    View:CVTMetrics
    View:Dashboard
    View:MasterData
    View:Meeting
    View:Metrics
    View:News
    View:Reports
    View:ResourceManagement
    View:RQMT
    View:SustainmentRequest
    View:Task
    View:WorkItem
    View:WorkRequest
    WorkItem
    WorkRequest

08/17/2018 17:07:40.372 [slq03rknrvg3bo1bixqioamm] - Info - http://localhost:50947/Default.aspx - App_Web_gcv014an.dll - _Default.Login() : checking if membership user is logged in and authenticated
08/17/2018 17:07:40.451 [slq03rknrvg3bo1bixqioamm] - Info - http://localhost:50947/Default.aspx - App_Web_gcv014an.dll - _Default.Login() : 
ALL available roles: 
    Admin
    Administration
    AOR
    CR
    Dashboard
    MasterData
    Meeting
    News
    Reports
    ResourceManagement
    RQMT
    SustainmentRequest
    Task
    Tester
    View:Administration
    View:AOR
    View:CR
    View:CVTMetrics
    View:Dashboard
    View:MasterData
    View:Meeting
    View:Metrics
    View:News
    View:Reports
    View:ResourceManagement
    View:RQMT
    View:SustainmentRequest
    View:Task
    View:WorkItem
    View:WorkRequest
    WorkItem
    WorkRequest


User joseph.porubsky is logged in and is approved.
Organization = Business Team

User is in roles:  
    Admin
    Administration
    AOR
    CR
    Dashboard
    MasterData
    Meeting
    News
    Reports
    ResourceManagement
    RQMT
    SustainmentRequest
    Task
    View:Administration
    View:AOR
    View:CR
    View:CVTMetrics
    View:Dashboard
    View:MasterData
    View:Meeting
    View:Metrics
    View:News
    View:Reports
    View:ResourceManagement
    View:RQMT
    View:SustainmentRequest
    View:Task
    View:WorkItem
    View:WorkRequest
    WorkItem
    WorkRequest

08/17/2018 17:11:32.113 [jmvnf4fp3zdbczpqpf5ow1d5] - Info - http://localhost:50947/Default.aspx - App_Web_gcv014an.dll - _Default.Login() : checking if membership user is logged in and authenticated
08/17/2018 17:11:32.236 [jmvnf4fp3zdbczpqpf5ow1d5] - Info - http://localhost:50947/Default.aspx - App_Web_gcv014an.dll - _Default.Login() : 
ALL available roles: 
    Admin
    Administration
    AOR
    CR
    Dashboard
    MasterData
    Meeting
    News
    Reports
    ResourceManagement
    RQMT
    SustainmentRequest
    Task
    Tester
    View:Administration
    View:AOR
    View:CR
    View:CVTMetrics
    View:Dashboard
    View:MasterData
    View:Meeting
    View:Metrics
    View:News
    View:Reports
    View:ResourceManagement
    View:RQMT
    View:SustainmentRequest
    View:Task
    View:WorkItem
    View:WorkRequest
    WorkItem
    WorkRequest


User joseph.porubsky is logged in and is approved.
Organization = Business Team

User is in roles:  
    Admin
    Administration
    AOR
    CR
    Dashboard
    MasterData
    Meeting
    News
    Reports
    ResourceManagement
    RQMT
    SustainmentRequest
    Task
    View:Administration
    View:AOR
    View:CR
    View:CVTMetrics
    View:Dashboard
    View:MasterData
    View:Meeting
    View:Metrics
    View:News
    View:Reports
    View:ResourceManagement
    View:RQMT
    View:SustainmentRequest
    View:Task
    View:WorkItem
    View:WorkRequest
    WorkItem
    WorkRequest

08/17/2018 17:14:20.109 [gson0eeqhvsmookukdhzqply] - Info - http://localhost:50947/Default.aspx - App_Web_gcv014an.dll - _Default.Login() : checking if membership user is logged in and authenticated
08/17/2018 17:14:20.188 [gson0eeqhvsmookukdhzqply] - Info - http://localhost:50947/Default.aspx - App_Web_gcv014an.dll - _Default.Login() : 
ALL available roles: 
    Admin
    Administration
    AOR
    CR
    Dashboard
    MasterData
    Meeting
    News
    Reports
    ResourceManagement
    RQMT
    SustainmentRequest
    Task
    Tester
    View:Administration
    View:AOR
    View:CR
    View:CVTMetrics
    View:Dashboard
    View:MasterData
    View:Meeting
    View:Metrics
    View:News
    View:Reports
    View:ResourceManagement
    View:RQMT
    View:SustainmentRequest
    View:Task
    View:WorkItem
    View:WorkRequest
    WorkItem
    WorkRequest


User joseph.porubsky is logged in and is approved.
Organization = Business Team

User is in roles:  
    Admin
    Administration
    AOR
    CR
    Dashboard
    MasterData
    Meeting
    News
    Reports
    ResourceManagement
    RQMT
    SustainmentRequest
    Task
    View:Administration
    View:AOR
    View:CR
    View:CVTMetrics
    View:Dashboard
    View:MasterData
    View:Meeting
    View:Metrics
    View:News
    View:Reports
    View:ResourceManagement
    View:RQMT
    View:SustainmentRequest
    View:Task
    View:WorkItem
    View:WorkRequest
    WorkItem
    WorkRequest

