10/01/2018 08:50:31.408 [[NONE]] - Info - [INTERNAL] - App_Code.l0o6-shh.dll - WTS.Events.EventQueueService.Start() : Starting EventQueueService...
10/01/2018 08:50:31.415 [[NONE]] - Info - [INTERNAL] - App_Code.l0o6-shh.dll - WTS.Events.EventQueueService.RunJob() : EventQueueService started (117524).
10/01/2018 11:30:37.096 [[NONE]] - Info - [INTERNAL] - App_Code.l0o6-shh.dll - WTS.Events.EventQueueService.Stop() : Stopping EventQueueService...
10/01/2018 11:33:31.709 [[NONE]] - Info - [INTERNAL] - App_Code.lv7vtjeg.dll - WTS.Events.EventQueueService.Start() : Starting EventQueueService...
10/01/2018 11:33:31.712 [[NONE]] - Info - [INTERNAL] - App_Code.lv7vtjeg.dll - WTS.Events.EventQueueService.RunJob() : EventQueueService started (112755).
10/01/2018 12:28:13.560 [[NONE]] - Info - [INTERNAL] - App_Code.lv7vtjeg.dll - WTS.Events.EventQueueService.Start() : Starting EventQueueService...
10/01/2018 12:28:13.583 [[NONE]] - Info - [INTERNAL] - App_Code.lv7vtjeg.dll - WTS.Events.EventQueueService.RunJob() : EventQueueService started (611274).
10/01/2018 12:57:47.670 [[NONE]] - Info - [INTERNAL] - App_Code.lv7vtjeg.dll - WTS.Events.EventQueueService.Stop() : Stopping EventQueueService...
10/01/2018 13:00:47.201 [[NONE]] - Info - [INTERNAL] - App_Code.w29irw5a.dll - WTS.Events.EventQueueService.Start() : Starting EventQueueService...
10/01/2018 13:00:47.203 [[NONE]] - Info - [INTERNAL] - App_Code.w29irw5a.dll - WTS.Events.EventQueueService.RunJob() : EventQueueService started (026914).
10/01/2018 13:10:19.767 [[NONE]] - Info - [INTERNAL] - App_Code.w29irw5a.dll - WTS.Events.EventQueueService.Stop() : Stopping EventQueueService...
10/01/2018 13:15:48.031 [[NONE]] - Info - [INTERNAL] - App_Code.x9upmxnn.dll - WTS.Events.EventQueueService.Start() : Starting EventQueueService...
10/01/2018 13:15:48.033 [[NONE]] - Info - [INTERNAL] - App_Code.x9upmxnn.dll - WTS.Events.EventQueueService.RunJob() : EventQueueService started (324358).
10/01/2018 13:56:04.274 [[NONE]] - Info - [INTERNAL] - App_Code.x9upmxnn.dll - WTS.Events.EventQueueService.Stop() : Stopping EventQueueService...
10/01/2018 13:56:46.925 [[NONE]] - Info - [INTERNAL] - App_Code.ydzqnbow.dll - WTS.Events.EventQueueService.Start() : Starting EventQueueService...
10/01/2018 13:56:46.925 [[NONE]] - Info - [INTERNAL] - App_Code.ydzqnbow.dll - WTS.Events.EventQueueService.RunJob() : EventQueueService started (254745).
10/01/2018 15:38:50.296 [[NONE]] - Info - [INTERNAL] - App_Code.ydzqnbow.dll - WTS.Events.EventQueueService.Stop() : Stopping EventQueueService...
10/01/2018 15:38:50.468 [[NONE]] - Info - [INTERNAL] - App_Code.ydzqnbow.dll - WTS.Events.EventQueueService.RunJob() : EventQueueService stopped (254745).
10/01/2018 15:41:49.298 [[NONE]] - Info - [INTERNAL] - App_Code.kn65pla7.dll - WTS.Events.EventQueueService.Start() : Starting EventQueueService...
10/01/2018 15:41:49.298 [[NONE]] - Info - [INTERNAL] - App_Code.kn65pla7.dll - WTS.Events.EventQueueService.RunJob() : EventQueueService started (986992).
10/01/2018 16:58:31.258 [[NONE]] - Info - [INTERNAL] - App_Code.kn65pla7.dll - WTS.Events.EventQueueService.Stop() : Stopping EventQueueService...
10/01/2018 16:59:04.720 [[NONE]] - Info - [INTERNAL] - App_Code.kn65pla7.dll - WTS.Events.EventQueueService.Start() : Starting EventQueueService...
10/01/2018 16:59:04.720 [[NONE]] - Info - [INTERNAL] - App_Code.kn65pla7.dll - WTS.Events.EventQueueService.RunJob() : EventQueueService started (201150).
10/01/2018 17:08:25.031 [[NONE]] - Info - [INTERNAL] - App_Code.kn65pla7.dll - WTS.Events.EventQueueService.Stop() : Stopping EventQueueService...
10/01/2018 17:08:25.304 [[NONE]] - Info - [INTERNAL] - App_Code.kn65pla7.dll - WTS.Events.EventQueueService.RunJob() : EventQueueService stopped (201150).
10/01/2018 17:08:36.506 [[NONE]] - Info - [INTERNAL] - App_Code.kn65pla7.dll - WTS.Events.EventQueueService.Start() : Starting EventQueueService...
10/01/2018 17:08:36.506 [[NONE]] - Info - [INTERNAL] - App_Code.kn65pla7.dll - WTS.Events.EventQueueService.RunJob() : EventQueueService started (067978).
