08/23/2018 10:30:37.376 [[NONE]] - Info - [INTERNAL] - App_Code.4qfzbtwu.dll - WTS.Events.EventQueueService.Stop() : Stopping EventQueueService...
08/23/2018 10:30:53.791 [[NONE]] - Info - [INTERNAL] - App_Code.4qfzbtwu.dll - WTS.Events.EventQueueService.Start() : Starting EventQueueService...
08/23/2018 10:30:53.795 [[NONE]] - Info - [INTERNAL] - App_Code.4qfzbtwu.dll - WTS.Events.EventQueueService.RunJob() : EventQueueService started (930936).
08/23/2018 14:11:28.760 [[NONE]] - Info - [INTERNAL] - App_Code.4qfzbtwu.dll - WTS.Events.EventQueueService.Stop() : Stopping EventQueueService...
08/23/2018 14:12:57.645 [[NONE]] - Info - [INTERNAL] - App_Code.4qfzbtwu.dll - WTS.Events.EventQueueService.Start() : Starting EventQueueService...
08/23/2018 14:12:57.649 [[NONE]] - Info - [INTERNAL] - App_Code.4qfzbtwu.dll - WTS.Events.EventQueueService.RunJob() : EventQueueService started (479787).
08/23/2018 14:49:52.148 [[NONE]] - Info - [INTERNAL] - App_Code.4qfzbtwu.dll - WTS.Events.EventQueueService.Stop() : Stopping EventQueueService...
08/23/2018 14:52:19.030 [[NONE]] - Info - [INTERNAL] - App_Code.qjztgnp_.dll - WTS.Events.EventQueueService.Start() : Starting EventQueueService...
08/23/2018 14:52:19.034 [[NONE]] - Info - [INTERNAL] - App_Code.qjztgnp_.dll - WTS.Events.EventQueueService.RunJob() : EventQueueService started (331987).
08/23/2018 14:53:02.389 [[NONE]] - Info - [INTERNAL] - App_Code.qjztgnp_.dll - WTS.Events.EventQueueService.Start() : Starting EventQueueService...
08/23/2018 14:53:02.397 [[NONE]] - Info - [INTERNAL] - App_Code.qjztgnp_.dll - WTS.Events.EventQueueService.RunJob() : EventQueueService started (917532).
08/23/2018 15:45:02.266 [[NONE]] - Info - [INTERNAL] - App_Code.qjztgnp_.dll - WTS.Events.EventQueueService.Stop() : Stopping EventQueueService...
08/23/2018 15:45:04.937 [[NONE]] - Info - [INTERNAL] - App_Code.qjztgnp_.dll - WTS.Events.EventQueueService.Start() : Starting EventQueueService...
08/23/2018 15:45:04.940 [[NONE]] - Info - [INTERNAL] - App_Code.qjztgnp_.dll - WTS.Events.EventQueueService.RunJob() : EventQueueService started (385461).
08/23/2018 15:45:25.484 [[NONE]] - Info - [INTERNAL] - App_global.asax.x9-afmwa.dll - ASP.global_asax.Application_Error(System.Object, System.EventArgs) : Thread was being aborted.    at ASP.global_asax.Application_Error(Object sender, EventArgs e) in c:\inetpub\wwwroot\Dev\WTS\Global.asax:line 74
08/23/2018 15:45:59.932 [[NONE]] - Info - [INTERNAL] - App_Code.qjztgnp_.dll - WTS.Events.EventQueueService.Start() : Starting EventQueueService...
08/23/2018 15:45:59.939 [[NONE]] - Info - [INTERNAL] - App_Code.qjztgnp_.dll - WTS.Events.EventQueueService.RunJob() : EventQueueService started (378712).
08/23/2018 15:53:34.583 [[NONE]] - Info - [INTERNAL] - App_Code.qjztgnp_.dll - WTS.Events.EventQueueService.Stop() : Stopping EventQueueService...
08/23/2018 15:55:07.292 [[NONE]] - Info - [INTERNAL] - App_Code.bnw_pudr.dll - WTS.Events.EventQueueService.Start() : Starting EventQueueService...
08/23/2018 15:55:07.297 [[NONE]] - Info - [INTERNAL] - App_Code.bnw_pudr.dll - WTS.Events.EventQueueService.RunJob() : EventQueueService started (958832).
08/23/2018 17:33:51.634 [[NONE]] - Info - [INTERNAL] - App_Code.bnw_pudr.dll - WTS.Events.EventQueueService.Stop() : Stopping EventQueueService...
08/23/2018 17:38:02.176 [[NONE]] - Info - [INTERNAL] - App_Code.bnw_pudr.dll - WTS.Events.EventQueueService.Start() : Starting EventQueueService...
08/23/2018 17:38:02.179 [[NONE]] - Info - [INTERNAL] - App_Code.bnw_pudr.dll - WTS.Events.EventQueueService.RunJob() : EventQueueService started (778663).
