08/24/2018 11:59:15.308 [[NONE]] - Error - [INTERNAL] - App_Code.bnw_pudr.dll - WTS.Events.EventQueueService.RunJob() : EventQueueService encountered an error (778663). Connection Timeout Expired.  The timeout period elapsed while attempting to consume the pre-login handshake acknowledgement.  This could be because the pre-login handshake failed or the server was unable to respond back in time.  The duration spent while attempting to connect to this server was - [Pre-Login] initialization=29; handshake=0; .    at System.Data.SqlClient.SqlInternalConnectionTds..ctor(DbConnectionPoolIdentity identity, SqlConnectionString connectionOptions, SqlCredential credential, Object providerInfo, String newPassword, SecureString newSecurePassword, Boolean redirectedUserInstance, SqlConnectionString userConnectionOptions, SessionData reconnectSessionData, DbConnectionPool pool, String accessToken, Boolean applyTransientFaultHandling)
   at System.Data.SqlClient.SqlConnectionFactory.CreateConnection(DbConnectionOptions options, DbConnectionPoolKey poolKey, Object poolGroupProviderInfo, DbConnectionPool pool, DbConnection owningConnection, DbConnectionOptions userOptions)
   at System.Data.ProviderBase.DbConnectionFactory.CreatePooledConnection(DbConnectionPool pool, DbConnection owningObject, DbConnectionOptions options, DbConnectionPoolKey poolKey, DbConnectionOptions userOptions)
   at System.Data.ProviderBase.DbConnectionPool.CreateObject(DbConnection owningObject, DbConnectionOptions userOptions, DbConnectionInternal oldConnection)
   at System.Data.ProviderBase.DbConnectionPool.UserCreateRequest(DbConnection owningObject, DbConnectionOptions userOptions, DbConnectionInternal oldConnection)
   at System.Data.ProviderBase.DbConnectionPool.TryGetConnection(DbConnection owningObject, UInt32 waitForMultipleObjectsTimeout, Boolean allowCreate, Boolean onlyOneCheckConnection, DbConnectionOptions userOptions, DbConnectionInternal& connection)
   at System.Data.ProviderBase.DbConnectionPool.TryGetConnection(DbConnection owningObject, TaskCompletionSource`1 retry, DbConnectionOptions userOptions, DbConnectionInternal& connection)
   at System.Data.ProviderBase.DbConnectionFactory.TryGetConnection(DbConnection owningConnection, TaskCompletionSource`1 retry, DbConnectionOptions userOptions, DbConnectionInternal oldConnection, DbConnectionInternal& connection)
   at System.Data.ProviderBase.DbConnectionInternal.TryOpenConnectionInternal(DbConnection outerConnection, DbConnectionFactory connectionFactory, TaskCompletionSource`1 retry, DbConnectionOptions userOptions)
   at System.Data.ProviderBase.DbConnectionClosed.TryOpenConnection(DbConnection outerConnection, DbConnectionFactory connectionFactory, TaskCompletionSource`1 retry, DbConnectionOptions userOptions)
   at System.Data.SqlClient.SqlConnection.TryOpenInner(TaskCompletionSource`1 retry)
   at System.Data.SqlClient.SqlConnection.TryOpen(TaskCompletionSource`1 retry)
   at System.Data.SqlClient.SqlConnection.Open()
   at WTS.Events.EventQueue.GetEvents(Int32 eventStatusID, Int32 eventTypeID, Boolean includeFutureEvents) in c:\inetpub\wwwroot\Dev\WTS\App_Code\Events\EventQueue.cs:line 306
   at WTS.Events.EventQueue.ProcessEventQueue() in c:\inetpub\wwwroot\Dev\WTS\App_Code\Events\EventQueue.cs:line 132
   at WTS.Events.EventQueueService.RunJob() in c:\inetpub\wwwroot\Dev\WTS\App_Code\Events\EventQueueService.cs:line 104
08/24/2018 13:02:58.296 [[NONE]] - Info - [INTERNAL] - App_Code.2kf3oss5.dll - WTS.Events.EventQueueService.Start() : Starting EventQueueService...
08/24/2018 13:02:58.296 [[NONE]] - Info - [INTERNAL] - App_Code.2kf3oss5.dll - WTS.Events.EventQueueService.RunJob() : EventQueueService started (962086).
08/24/2018 17:23:02.648 [[NONE]] - Info - [INTERNAL] - App_Code.2kf3oss5.dll - WTS.Events.EventQueueService.Stop() : Stopping EventQueueService...
08/24/2018 17:24:01.247 [[NONE]] - Info - [INTERNAL] - App_Code.lgvpjm0t.dll - WTS.Events.EventQueueService.Start() : Starting EventQueueService...
08/24/2018 17:24:01.250 [[NONE]] - Info - [INTERNAL] - App_Code.lgvpjm0t.dll - WTS.Events.EventQueueService.RunJob() : EventQueueService started (487488).
08/24/2018 17:34:25.841 [[NONE]] - Info - [INTERNAL] - App_Code.lgvpjm0t.dll - WTS.Events.EventQueueService.Stop() : Stopping EventQueueService...
08/24/2018 17:35:33.640 [[NONE]] - Info - [INTERNAL] - App_Code.wpuljf9v.dll - WTS.Events.EventQueueService.Start() : Starting EventQueueService...
08/24/2018 17:35:33.645 [[NONE]] - Info - [INTERNAL] - App_Code.wpuljf9v.dll - WTS.Events.EventQueueService.RunJob() : EventQueueService started (426775).
08/24/2018 19:25:47.477 [[NONE]] - Info - [INTERNAL] - App_Code.wpuljf9v.dll - WTS.Events.EventQueueService.Start() : Starting EventQueueService...
08/24/2018 19:25:47.480 [[NONE]] - Info - [INTERNAL] - App_Code.wpuljf9v.dll - WTS.Events.EventQueueService.RunJob() : EventQueueService started (808288).
