10/10/2018 11:25:40.962 [[NONE]] - Info - [INTERNAL] - App_Code.wuizrgpv.dll - WTS.Events.EventQueueService.Start() : Starting EventQueueService...
10/10/2018 11:25:40.965 [[NONE]] - Info - [INTERNAL] - App_Code.wuizrgpv.dll - WTS.Events.EventQueueService.RunJob() : EventQueueService started (649676).
10/10/2018 11:32:06.894 [[NONE]] - Info - [INTERNAL] - App_Code.u-r20ybh.dll - WTS.Events.EventQueueService.Start() : Starting EventQueueService...
10/10/2018 11:32:06.894 [[NONE]] - Info - [INTERNAL] - App_Code.u-r20ybh.dll - WTS.Events.EventQueueService.RunJob() : EventQueueService started (945441).
10/10/2018 11:43:25.483 [[NONE]] - Info - [INTERNAL] - App_Code.cbxblkc6.dll - WTS.Events.EventQueueService.Start() : Starting EventQueueService...
10/10/2018 11:43:25.483 [[NONE]] - Info - [INTERNAL] - App_Code.cbxblkc6.dll - WTS.Events.EventQueueService.RunJob() : EventQueueService started (833604).
10/10/2018 11:49:52.820 [[NONE]] - Info - [INTERNAL] - App_Code.abqpic4g.dll - WTS.Events.EventQueueService.Start() : Starting EventQueueService...
10/10/2018 11:49:52.820 [[NONE]] - Info - [INTERNAL] - App_Code.abqpic4g.dll - WTS.Events.EventQueueService.RunJob() : EventQueueService started (209596).
10/10/2018 11:50:15.612 [[NONE]] - Info - [INTERNAL] - App_Code.cbxblkc6.dll - WTS.Events.EventQueueService.Stop() : Stopping EventQueueService...
10/10/2018 11:54:19.640 [[NONE]] - Info - [INTERNAL] - App_Code.abqpic4g.dll - WTS.Events.EventQueueService.Stop() : Stopping EventQueueService...
10/10/2018 11:54:38.380 [[NONE]] - Info - [INTERNAL] - App_Code.flf8ux2o.dll - WTS.Events.EventQueueService.Start() : Starting EventQueueService...
10/10/2018 11:54:38.381 [[NONE]] - Info - [INTERNAL] - App_Code.flf8ux2o.dll - WTS.Events.EventQueueService.RunJob() : EventQueueService started (803742).
10/10/2018 11:56:45.679 [[NONE]] - Info - [INTERNAL] - App_Code.flf8ux2o.dll - WTS.Events.EventQueueService.Stop() : Stopping EventQueueService...
10/10/2018 11:57:06.769 [[NONE]] - Info - [INTERNAL] - App_Code.7ymdwi61.dll - WTS.Events.EventQueueService.Start() : Starting EventQueueService...
10/10/2018 11:57:06.771 [[NONE]] - Info - [INTERNAL] - App_Code.7ymdwi61.dll - WTS.Events.EventQueueService.RunJob() : EventQueueService started (700599).
10/10/2018 11:59:33.413 [[NONE]] - Info - [INTERNAL] - App_Code.7ymdwi61.dll - WTS.Events.EventQueueService.Stop() : Stopping EventQueueService...
10/10/2018 12:00:16.806 [[NONE]] - Info - [INTERNAL] - App_Code.xnx3blok.dll - WTS.Events.EventQueueService.Start() : Starting EventQueueService...
10/10/2018 12:00:16.808 [[NONE]] - Info - [INTERNAL] - App_Code.xnx3blok.dll - WTS.Events.EventQueueService.RunJob() : EventQueueService started (074298).
10/10/2018 12:00:39.688 [[NONE]] - Info - [INTERNAL] - App_Code.xnx3blok.dll - WTS.Events.EventQueueService.Stop() : Stopping EventQueueService...
10/10/2018 12:02:28.808 [[NONE]] - Info - [INTERNAL] - App_Code.hwm33moc.dll - WTS.Events.EventQueueService.Start() : Starting EventQueueService...
10/10/2018 12:02:28.810 [[NONE]] - Info - [INTERNAL] - App_Code.hwm33moc.dll - WTS.Events.EventQueueService.RunJob() : EventQueueService started (094618).
10/10/2018 12:21:50.020 [[NONE]] - Info - [INTERNAL] - App_Code.7fxnyem5.dll - WTS.Events.EventQueueService.Start() : Starting EventQueueService...
10/10/2018 12:21:50.023 [[NONE]] - Info - [INTERNAL] - App_Code.7fxnyem5.dll - WTS.Events.EventQueueService.RunJob() : EventQueueService started (216090).
10/10/2018 12:25:43.786 [[NONE]] - Info - [INTERNAL] - App_Code.7fxnyem5.dll - WTS.Events.EventQueueService.Start() : Starting EventQueueService...
10/10/2018 12:25:43.801 [[NONE]] - Info - [INTERNAL] - App_Code.7fxnyem5.dll - WTS.Events.EventQueueService.RunJob() : EventQueueService started (001611).
10/10/2018 12:49:31.883 [[NONE]] - Info - [INTERNAL] - App_Code.7fxnyem5.dll - WTS.Events.EventQueueService.Start() : Starting EventQueueService...
10/10/2018 12:49:31.889 [[NONE]] - Info - [INTERNAL] - App_Code.7fxnyem5.dll - WTS.Events.EventQueueService.RunJob() : EventQueueService started (875749).
10/10/2018 12:53:30.326 [[NONE]] - Info - [INTERNAL] - App_Code.7fxnyem5.dll - WTS.Events.EventQueueService.Stop() : Stopping EventQueueService...
10/10/2018 12:54:16.753 [[NONE]] - Info - [INTERNAL] - App_Code.ov7a5keg.dll - WTS.Events.EventQueueService.Start() : Starting EventQueueService...
10/10/2018 12:54:16.756 [[NONE]] - Info - [INTERNAL] - App_Code.ov7a5keg.dll - WTS.Events.EventQueueService.RunJob() : EventQueueService started (543803).
10/10/2018 13:07:50.633 [[NONE]] - Info - [INTERNAL] - App_Code.ov7a5keg.dll - WTS.Events.EventQueueService.Stop() : Stopping EventQueueService...
10/10/2018 13:08:03.669 [[NONE]] - Info - [INTERNAL] - App_Code.nobsrn5v.dll - WTS.Events.EventQueueService.Start() : Starting EventQueueService...
10/10/2018 13:08:03.672 [[NONE]] - Info - [INTERNAL] - App_Code.nobsrn5v.dll - WTS.Events.EventQueueService.RunJob() : EventQueueService started (707468).
10/10/2018 13:10:59.000 [[NONE]] - Info - [INTERNAL] - App_Code.nobsrn5v.dll - WTS.Events.EventQueueService.Stop() : Stopping EventQueueService...
10/10/2018 13:11:13.524 [[NONE]] - Info - [INTERNAL] - App_Code.ig-ygl0b.dll - WTS.Events.EventQueueService.Start() : Starting EventQueueService...
10/10/2018 13:11:13.526 [[NONE]] - Info - [INTERNAL] - App_Code.ig-ygl0b.dll - WTS.Events.EventQueueService.RunJob() : EventQueueService started (256778).
10/10/2018 13:13:37.766 [[NONE]] - Info - [INTERNAL] - App_Code.ig-ygl0b.dll - WTS.Events.EventQueueService.Stop() : Stopping EventQueueService...
10/10/2018 13:13:55.192 [[NONE]] - Info - [INTERNAL] - App_Code.odovrtl3.dll - WTS.Events.EventQueueService.Start() : Starting EventQueueService...
10/10/2018 13:13:55.194 [[NONE]] - Info - [INTERNAL] - App_Code.odovrtl3.dll - WTS.Events.EventQueueService.RunJob() : EventQueueService started (933494).
10/10/2018 13:18:36.351 [[NONE]] - Info - [INTERNAL] - App_Code.odovrtl3.dll - WTS.Events.EventQueueService.Stop() : Stopping EventQueueService...
10/10/2018 13:20:25.461 [[NONE]] - Info - [INTERNAL] - App_Code.o0zdiyfd.dll - WTS.Events.EventQueueService.Start() : Starting EventQueueService...
10/10/2018 13:20:25.464 [[NONE]] - Info - [INTERNAL] - App_Code.o0zdiyfd.dll - WTS.Events.EventQueueService.RunJob() : EventQueueService started (629584).
10/10/2018 13:22:46.774 [[NONE]] - Info - [INTERNAL] - App_Code.o0zdiyfd.dll - WTS.Events.EventQueueService.Stop() : Stopping EventQueueService...
10/10/2018 13:23:02.218 [[NONE]] - Info - [INTERNAL] - App_Code.5aalf8f-.dll - WTS.Events.EventQueueService.Start() : Starting EventQueueService...
10/10/2018 13:23:02.221 [[NONE]] - Info - [INTERNAL] - App_Code.5aalf8f-.dll - WTS.Events.EventQueueService.RunJob() : EventQueueService started (195145).
10/10/2018 13:25:16.909 [[NONE]] - Info - [INTERNAL] - App_Code.5aalf8f-.dll - WTS.Events.EventQueueService.Stop() : Stopping EventQueueService...
10/10/2018 13:25:29.945 [[NONE]] - Info - [INTERNAL] - App_Code.a7iejw88.dll - WTS.Events.EventQueueService.Start() : Starting EventQueueService...
10/10/2018 13:25:29.947 [[NONE]] - Info - [INTERNAL] - App_Code.a7iejw88.dll - WTS.Events.EventQueueService.RunJob() : EventQueueService started (468375).
10/10/2018 13:55:22.903 [[NONE]] - Info - [INTERNAL] - App_Code.a7iejw88.dll - WTS.Events.EventQueueService.Stop() : Stopping EventQueueService...
10/10/2018 13:55:48.085 [[NONE]] - Info - [INTERNAL] - App_Code.a7iejw88.dll - WTS.Events.EventQueueService.Start() : Starting EventQueueService...
10/10/2018 13:55:48.088 [[NONE]] - Info - [INTERNAL] - App_Code.a7iejw88.dll - WTS.Events.EventQueueService.RunJob() : EventQueueService started (873092).
10/10/2018 16:10:03.277 [[NONE]] - Info - [INTERNAL] - App_Code.a7iejw88.dll - WTS.Events.EventQueueService.Stop() : Stopping EventQueueService...
10/10/2018 16:11:30.581 [[NONE]] - Info - [INTERNAL] - App_Code.a7iejw88.dll - WTS.Events.EventQueueService.Start() : Starting EventQueueService...
10/10/2018 16:11:30.584 [[NONE]] - Info - [INTERNAL] - App_Code.a7iejw88.dll - WTS.Events.EventQueueService.RunJob() : EventQueueService started (830082).
10/10/2018 16:32:53.784 [[NONE]] - Info - [INTERNAL] - App_Code.a7iejw88.dll - WTS.Events.EventQueueService.Start() : Starting EventQueueService...
10/10/2018 16:32:53.815 [[NONE]] - Info - [INTERNAL] - App_Code.a7iejw88.dll - WTS.Events.EventQueueService.RunJob() : EventQueueService started (858300).
10/10/2018 16:44:58.115 [[NONE]] - Info - [INTERNAL] - App_Code.a7iejw88.dll - WTS.Events.EventQueueService.Stop() : Stopping EventQueueService...
10/10/2018 16:45:05.373 [[NONE]] - Info - [INTERNAL] - App_Code.0huf4nmc.dll - WTS.Events.EventQueueService.Start() : Starting EventQueueService...
10/10/2018 16:45:05.376 [[NONE]] - Info - [INTERNAL] - App_Code.0huf4nmc.dll - WTS.Events.EventQueueService.RunJob() : EventQueueService started (751607).
10/10/2018 16:53:38.184 [[NONE]] - Info - [INTERNAL] - App_Code.0huf4nmc.dll - WTS.Events.EventQueueService.Stop() : Stopping EventQueueService...
10/10/2018 16:53:56.747 [[NONE]] - Info - [INTERNAL] - App_Code.cjtd7ku1.dll - WTS.Events.EventQueueService.Start() : Starting EventQueueService...
10/10/2018 16:53:56.749 [[NONE]] - Info - [INTERNAL] - App_Code.cjtd7ku1.dll - WTS.Events.EventQueueService.RunJob() : EventQueueService started (482267).
10/10/2018 16:55:06.422 [[NONE]] - Info - [INTERNAL] - App_Code.rvhj49md.dll - WTS.Events.EventQueueService.Start() : Starting EventQueueService...
10/10/2018 16:55:06.425 [[NONE]] - Info - [INTERNAL] - App_Code.rvhj49md.dll - WTS.Events.EventQueueService.RunJob() : EventQueueService started (242180).
10/10/2018 19:46:23.473 [[NONE]] - Info - [INTERNAL] - App_Code.cjtd7ku1.dll - WTS.Events.EventQueueService.Stop() : Stopping EventQueueService...
10/10/2018 19:47:12.348 [[NONE]] - Info - [INTERNAL] - App_Code.wtg4rfwj.dll - WTS.Events.EventQueueService.Start() : Starting EventQueueService...
10/10/2018 19:47:12.351 [[NONE]] - Info - [INTERNAL] - App_Code.wtg4rfwj.dll - WTS.Events.EventQueueService.RunJob() : EventQueueService started (499951).
10/10/2018 19:47:33.200 [[NONE]] - Info - [INTERNAL] - App_Code.e-wm-lho.dll - WTS.Events.EventQueueService.Start() : Starting EventQueueService...
10/10/2018 19:47:33.203 [[NONE]] - Info - [INTERNAL] - App_Code.e-wm-lho.dll - WTS.Events.EventQueueService.RunJob() : EventQueueService started (017126).
10/10/2018 20:07:28.044 [[NONE]] - Info - [INTERNAL] - App_Code.e-wm-lho.dll - WTS.Events.EventQueueService.Start() : Starting EventQueueService...
10/10/2018 20:07:28.048 [[NONE]] - Info - [INTERNAL] - App_Code.e-wm-lho.dll - WTS.Events.EventQueueService.RunJob() : EventQueueService started (468940).
10/10/2018 22:15:16.992 [[NONE]] - Info - [INTERNAL] - App_Code.wtg4rfwj.dll - WTS.Events.EventQueueService.Start() : Starting EventQueueService...
10/10/2018 22:15:16.998 [[NONE]] - Info - [INTERNAL] - App_Code.wtg4rfwj.dll - WTS.Events.EventQueueService.RunJob() : EventQueueService started (939663).
10/10/2018 22:32:14.649 [[NONE]] - Info - [INTERNAL] - App_Code.e-wm-lho.dll - WTS.Events.EventQueueService.Stop() : Stopping EventQueueService...
10/10/2018 22:32:14.692 [[NONE]] - Info - [INTERNAL] - App_Code.wtg4rfwj.dll - WTS.Events.EventQueueService.Stop() : Stopping EventQueueService...
10/10/2018 22:36:55.603 [[NONE]] - Info - [INTERNAL] - App_Code.yh6hjlw6.dll - WTS.Events.EventQueueService.Start() : Starting EventQueueService...
10/10/2018 22:36:55.606 [[NONE]] - Info - [INTERNAL] - App_Code.yh6hjlw6.dll - WTS.Events.EventQueueService.RunJob() : EventQueueService started (047214).
10/10/2018 22:37:04.088 [[NONE]] - Info - [INTERNAL] - App_Code.m3w3fiit.dll - WTS.Events.EventQueueService.Start() : Starting EventQueueService...
10/10/2018 22:37:04.091 [[NONE]] - Info - [INTERNAL] - App_Code.m3w3fiit.dll - WTS.Events.EventQueueService.RunJob() : EventQueueService started (899286).
10/10/2018 22:37:08.173 [[NONE]] - Info - [INTERNAL] - App_Code.yh6hjlw6.dll - WTS.Events.EventQueueService.Stop() : Stopping EventQueueService...
