08/22/2018 09:54:44.981 [[NONE]] - Info - [INTERNAL] - App_Code.yvpyhjbc.dll - WTS.Events.EventQueueService.Stop() : Stopping EventQueueService...
08/22/2018 09:56:01.214 [[NONE]] - Info - [INTERNAL] - App_Code.5wkrgc3r.dll - WTS.Events.EventQueueService.Start() : Starting EventQueueService...
08/22/2018 09:56:01.218 [[NONE]] - Info - [INTERNAL] - App_Code.5wkrgc3r.dll - WTS.Events.EventQueueService.RunJob() : EventQueueService started (168240).
08/22/2018 10:05:49.027 [[NONE]] - Info - [INTERNAL] - App_Code.5wkrgc3r.dll - WTS.Events.EventQueueService.Stop() : Stopping EventQueueService...
08/22/2018 10:06:08.894 [[NONE]] - Info - [INTERNAL] - App_Code.mvhdgy4p.dll - WTS.Events.EventQueueService.Start() : Starting EventQueueService...
08/22/2018 10:06:08.917 [[NONE]] - Info - [INTERNAL] - App_Code.mvhdgy4p.dll - WTS.Events.EventQueueService.RunJob() : EventQueueService started (163732).
08/22/2018 10:09:37.377 [[NONE]] - Info - [INTERNAL] - App_Code.mvhdgy4p.dll - WTS.Events.EventQueueService.Stop() : Stopping EventQueueService...
08/22/2018 10:10:58.559 [[NONE]] - Info - [INTERNAL] - App_Code.jt7i6tjg.dll - WTS.Events.EventQueueService.Start() : Starting EventQueueService...
08/22/2018 10:10:58.565 [[NONE]] - Info - [INTERNAL] - App_Code.jt7i6tjg.dll - WTS.Events.EventQueueService.RunJob() : EventQueueService started (631521).
08/22/2018 11:17:13.338 [[NONE]] - Info - [INTERNAL] - App_Code.jt7i6tjg.dll - WTS.Events.EventQueueService.Stop() : Stopping EventQueueService...
08/22/2018 11:27:07.584 [[NONE]] - Info - [INTERNAL] - App_Code.ixetexbc.dll - WTS.Events.EventQueueService.Start() : Starting EventQueueService...
08/22/2018 11:27:07.588 [[NONE]] - Info - [INTERNAL] - App_Code.ixetexbc.dll - WTS.Events.EventQueueService.RunJob() : EventQueueService started (865771).
08/22/2018 11:27:38.591 [[NONE]] - Info - [INTERNAL] - App_Code.ixetexbc.dll - WTS.Events.EventQueueService.Stop() : Stopping EventQueueService...
08/22/2018 11:30:17.507 [[NONE]] - Info - [INTERNAL] - App_Code.4qfzbtwu.dll - WTS.Events.EventQueueService.Start() : Starting EventQueueService...
08/22/2018 11:30:17.510 [[NONE]] - Info - [INTERNAL] - App_Code.4qfzbtwu.dll - WTS.Events.EventQueueService.RunJob() : EventQueueService started (094352).
08/22/2018 14:45:35.980 [[NONE]] - Info - [INTERNAL] - App_Code.4qfzbtwu.dll - WTS.Events.EventQueueService.Stop() : Stopping EventQueueService...
08/22/2018 14:45:50.624 [[NONE]] - Info - [INTERNAL] - App_Code.4qfzbtwu.dll - WTS.Events.EventQueueService.Start() : Starting EventQueueService...
08/22/2018 14:45:50.628 [[NONE]] - Info - [INTERNAL] - App_Code.4qfzbtwu.dll - WTS.Events.EventQueueService.RunJob() : EventQueueService started (263940).
08/22/2018 15:07:28.285 [[NONE]] - Info - [INTERNAL] - App_Code.4qfzbtwu.dll - WTS.Events.EventQueueService.Start() : Starting EventQueueService...
08/22/2018 15:07:28.292 [[NONE]] - Info - [INTERNAL] - App_Code.4qfzbtwu.dll - WTS.Events.EventQueueService.RunJob() : EventQueueService started (878419).
08/22/2018 16:26:00.761 [[NONE]] - Info - [INTERNAL] - App_Code.4qfzbtwu.dll - WTS.Events.EventQueueService.Stop() : Stopping EventQueueService...
08/22/2018 16:26:07.742 [[NONE]] - Info - [INTERNAL] - App_Code.4qfzbtwu.dll - WTS.Events.EventQueueService.Start() : Starting EventQueueService...
08/22/2018 16:26:07.746 [[NONE]] - Info - [INTERNAL] - App_Code.4qfzbtwu.dll - WTS.Events.EventQueueService.RunJob() : EventQueueService started (449940).
08/22/2018 17:13:30.752 [[NONE]] - Info - [INTERNAL] - App_Code.4qfzbtwu.dll - WTS.Events.EventQueueService.Stop() : Stopping EventQueueService...
08/22/2018 17:13:40.699 [[NONE]] - Info - [INTERNAL] - App_Code.4qfzbtwu.dll - WTS.Events.EventQueueService.Start() : Starting EventQueueService...
08/22/2018 17:13:40.702 [[NONE]] - Info - [INTERNAL] - App_Code.4qfzbtwu.dll - WTS.Events.EventQueueService.RunJob() : EventQueueService started (006741).
08/22/2018 17:50:44.779 [[NONE]] - Info - [INTERNAL] - App_Code.4qfzbtwu.dll - WTS.Events.EventQueueService.Start() : Starting EventQueueService...
08/22/2018 17:50:44.810 [[NONE]] - Info - [INTERNAL] - App_Code.4qfzbtwu.dll - WTS.Events.EventQueueService.RunJob() : EventQueueService started (862911).
