10/11/2018 00:09:36.733 [[NONE]] - Info - [INTERNAL] - App_Code.m3w3fiit.dll - WTS.Events.EventQueueService.Stop() : Stopping EventQueueService...
10/11/2018 00:09:39.008 [[NONE]] - Info - [INTERNAL] - App_Code.m3w3fiit.dll - WTS.Events.EventQueueService.Start() : Starting EventQueueService...
10/11/2018 00:09:39.011 [[NONE]] - Info - [INTERNAL] - App_Code.m3w3fiit.dll - WTS.Events.EventQueueService.RunJob() : EventQueueService started (100059).
10/11/2018 00:23:10.832 [[NONE]] - Info - [INTERNAL] - App_Code.m3w3fiit.dll - WTS.Events.EventQueueService.Stop() : Stopping EventQueueService...
10/11/2018 00:27:23.797 [[NONE]] - Info - [INTERNAL] - App_Code.fj8bliy3.dll - WTS.Events.EventQueueService.Start() : Starting EventQueueService...
10/11/2018 00:27:23.802 [[NONE]] - Info - [INTERNAL] - App_Code.fj8bliy3.dll - WTS.Events.EventQueueService.RunJob() : EventQueueService started (006479).
10/11/2018 10:58:51.496 [[NONE]] - Info - [INTERNAL] - App_Code.h7i-qigx.dll - WTS.Events.EventQueueService.Start() : Starting EventQueueService...
10/11/2018 10:58:51.500 [[NONE]] - Info - [INTERNAL] - App_Code.h7i-qigx.dll - WTS.Events.EventQueueService.RunJob() : EventQueueService started (983486).
10/11/2018 11:19:42.658 [[NONE]] - Info - [INTERNAL] - App_Code.h7i-qigx.dll - WTS.Events.EventQueueService.Stop() : Stopping EventQueueService...
10/11/2018 11:45:01.748 [[NONE]] - Info - [INTERNAL] - App_Code.fj8bliy3.dll - WTS.Events.EventQueueService.Start() : Starting EventQueueService...
10/11/2018 11:45:01.754 [[NONE]] - Info - [INTERNAL] - App_Code.fj8bliy3.dll - WTS.Events.EventQueueService.RunJob() : EventQueueService started (528230).
10/11/2018 12:55:51.220 [[NONE]] - Info - [INTERNAL] - App_Code.fj8bliy3.dll - WTS.Events.EventQueueService.Stop() : Stopping EventQueueService...
10/11/2018 12:57:56.476 [[NONE]] - Info - [INTERNAL] - App_Code.k5vp-b9q.dll - WTS.Events.EventQueueService.Start() : Starting EventQueueService...
10/11/2018 12:57:56.479 [[NONE]] - Info - [INTERNAL] - App_Code.k5vp-b9q.dll - WTS.Events.EventQueueService.RunJob() : EventQueueService started (784521).
10/11/2018 13:23:08.146 [[NONE]] - Info - [INTERNAL] - App_Code.k5vp-b9q.dll - WTS.Events.EventQueueService.Start() : Starting EventQueueService...
10/11/2018 13:23:08.152 [[NONE]] - Info - [INTERNAL] - App_Code.k5vp-b9q.dll - WTS.Events.EventQueueService.RunJob() : EventQueueService started (488775).
10/11/2018 14:36:10.285 [[NONE]] - Info - [INTERNAL] - App_Code.k5vp-b9q.dll - WTS.Events.EventQueueService.Stop() : Stopping EventQueueService...
10/11/2018 14:36:42.324 [[NONE]] - Info - [INTERNAL] - App_Code.as0opzuj.dll - WTS.Events.EventQueueService.Start() : Starting EventQueueService...
10/11/2018 14:36:42.326 [[NONE]] - Info - [INTERNAL] - App_Code.as0opzuj.dll - WTS.Events.EventQueueService.RunJob() : EventQueueService started (251741).
10/11/2018 14:42:26.240 [[NONE]] - Info - [INTERNAL] - App_Code.as0opzuj.dll - WTS.Events.EventQueueService.Stop() : Stopping EventQueueService...
10/11/2018 14:42:26.244 [[NONE]] - Info - [INTERNAL] - App_Code.as0opzuj.dll - WTS.Events.EventQueueService.RunJob() : EventQueueService stopped (251741).
10/11/2018 14:42:32.913 [[NONE]] - Info - [INTERNAL] - App_Code.kniwqx34.dll - WTS.Events.EventQueueService.Start() : Starting EventQueueService...
10/11/2018 14:42:32.915 [[NONE]] - Info - [INTERNAL] - App_Code.kniwqx34.dll - WTS.Events.EventQueueService.RunJob() : EventQueueService started (148269).
10/11/2018 14:49:05.566 [[NONE]] - Info - [INTERNAL] - App_Code.kniwqx34.dll - WTS.Events.EventQueueService.Stop() : Stopping EventQueueService...
10/11/2018 14:49:12.521 [[NONE]] - Info - [INTERNAL] - App_Code.uc9lmxlv.dll - WTS.Events.EventQueueService.Start() : Starting EventQueueService...
10/11/2018 14:49:12.524 [[NONE]] - Info - [INTERNAL] - App_Code.uc9lmxlv.dll - WTS.Events.EventQueueService.RunJob() : EventQueueService started (227547).
10/11/2018 14:53:26.491 [[NONE]] - Info - [INTERNAL] - App_Code.uc9lmxlv.dll - WTS.Events.EventQueueService.Stop() : Stopping EventQueueService...
10/11/2018 14:53:28.780 [[NONE]] - Info - [INTERNAL] - App_Code.uc9lmxlv.dll - WTS.Events.EventQueueService.Start() : Starting EventQueueService...
10/11/2018 14:53:28.783 [[NONE]] - Info - [INTERNAL] - App_Code.uc9lmxlv.dll - WTS.Events.EventQueueService.RunJob() : EventQueueService started (821242).
10/11/2018 15:49:05.858 [[NONE]] - Error - [INTERNAL] - App_Code.uc9lmxlv.dll - WTS.Events.EventQueueService.RunJob() : EventQueueService encountered an error (821242). Connection Timeout Expired.  The timeout period elapsed while attempting to consume the pre-login handshake acknowledgement.  This could be because the pre-login handshake failed or the server was unable to respond back in time.  The duration spent while attempting to connect to this server was - [Pre-Login] initialization=42028; handshake=10; .    at System.Data.SqlClient.SqlInternalConnectionTds..ctor(DbConnectionPoolIdentity identity, SqlConnectionString connectionOptions, SqlCredential credential, Object providerInfo, String newPassword, SecureString newSecurePassword, Boolean redirectedUserInstance, SqlConnectionString userConnectionOptions, SessionData reconnectSessionData, DbConnectionPool pool, String accessToken, Boolean applyTransientFaultHandling, SqlAuthenticationProviderManager sqlAuthProviderManager)
   at System.Data.SqlClient.SqlConnectionFactory.CreateConnection(DbConnectionOptions options, DbConnectionPoolKey poolKey, Object poolGroupProviderInfo, DbConnectionPool pool, DbConnection owningConnection, DbConnectionOptions userOptions)
   at System.Data.ProviderBase.DbConnectionFactory.CreatePooledConnection(DbConnectionPool pool, DbConnection owningObject, DbConnectionOptions options, DbConnectionPoolKey poolKey, DbConnectionOptions userOptions)
   at System.Data.ProviderBase.DbConnectionPool.CreateObject(DbConnection owningObject, DbConnectionOptions userOptions, DbConnectionInternal oldConnection)
   at System.Data.ProviderBase.DbConnectionPool.UserCreateRequest(DbConnection owningObject, DbConnectionOptions userOptions, DbConnectionInternal oldConnection)
   at System.Data.ProviderBase.DbConnectionPool.TryGetConnection(DbConnection owningObject, UInt32 waitForMultipleObjectsTimeout, Boolean allowCreate, Boolean onlyOneCheckConnection, DbConnectionOptions userOptions, DbConnectionInternal& connection)
   at System.Data.ProviderBase.DbConnectionPool.TryGetConnection(DbConnection owningObject, TaskCompletionSource`1 retry, DbConnectionOptions userOptions, DbConnectionInternal& connection)
   at System.Data.ProviderBase.DbConnectionFactory.TryGetConnection(DbConnection owningConnection, TaskCompletionSource`1 retry, DbConnectionOptions userOptions, DbConnectionInternal oldConnection, DbConnectionInternal& connection)
   at System.Data.ProviderBase.DbConnectionInternal.TryOpenConnectionInternal(DbConnection outerConnection, DbConnectionFactory connectionFactory, TaskCompletionSource`1 retry, DbConnectionOptions userOptions)
   at System.Data.ProviderBase.DbConnectionClosed.TryOpenConnection(DbConnection outerConnection, DbConnectionFactory connectionFactory, TaskCompletionSource`1 retry, DbConnectionOptions userOptions)
   at System.Data.SqlClient.SqlConnection.TryOpenInner(TaskCompletionSource`1 retry)
   at System.Data.SqlClient.SqlConnection.TryOpen(TaskCompletionSource`1 retry)
   at System.Data.SqlClient.SqlConnection.Open()
   at WTS.Events.EventQueue.GetEvents(Int32 eventStatusID, Int32 eventTypeID, Boolean includeFutureEvents) in c:\inetpub\wwwroot\Dev\WTS\App_Code\Events\EventQueue.cs:line 306
   at WTS.Events.EventQueue.ProcessEventQueue() in c:\inetpub\wwwroot\Dev\WTS\App_Code\Events\EventQueue.cs:line 132
   at WTS.Events.EventQueueService.RunJob() in c:\inetpub\wwwroot\Dev\WTS\App_Code\Events\EventQueueService.cs:line 104
10/11/2018 15:58:57.595 [[NONE]] - Info - [INTERNAL] - App_Code.uc9lmxlv.dll - WTS.Events.EventQueueService.Stop() : Stopping EventQueueService...
10/11/2018 15:59:26.066 [[NONE]] - Info - [INTERNAL] - App_Code.rt5p8g4a.dll - WTS.Events.EventQueueService.Start() : Starting EventQueueService...
10/11/2018 15:59:26.068 [[NONE]] - Info - [INTERNAL] - App_Code.rt5p8g4a.dll - WTS.Events.EventQueueService.RunJob() : EventQueueService started (679355).
10/11/2018 16:16:13.573 [[NONE]] - Info - [INTERNAL] - App_Code.rt5p8g4a.dll - WTS.Events.EventQueueService.Stop() : Stopping EventQueueService...
10/11/2018 16:16:33.693 [[NONE]] - Info - [INTERNAL] - App_Code.-5m51chc.dll - WTS.Events.EventQueueService.Start() : Starting EventQueueService...
10/11/2018 16:16:33.696 [[NONE]] - Info - [INTERNAL] - App_Code.-5m51chc.dll - WTS.Events.EventQueueService.RunJob() : EventQueueService started (952159).
10/11/2018 16:17:00.001 [[NONE]] - Info - [INTERNAL] - App_Code.-5m51chc.dll - WTS.Events.EventQueueService.Stop() : Stopping EventQueueService...
10/11/2018 16:17:14.838 [[NONE]] - Info - [INTERNAL] - App_Code.fbrupjns.dll - WTS.Events.EventQueueService.Start() : Starting EventQueueService...
10/11/2018 16:17:14.841 [[NONE]] - Info - [INTERNAL] - App_Code.fbrupjns.dll - WTS.Events.EventQueueService.RunJob() : EventQueueService started (396685).
10/11/2018 16:18:45.737 [[NONE]] - Info - [INTERNAL] - App_Code.fbrupjns.dll - WTS.Events.EventQueueService.Stop() : Stopping EventQueueService...
10/11/2018 16:18:54.004 [[NONE]] - Info - [INTERNAL] - App_Code.maplvumd.dll - WTS.Events.EventQueueService.Start() : Starting EventQueueService...
10/11/2018 16:18:54.007 [[NONE]] - Info - [INTERNAL] - App_Code.maplvumd.dll - WTS.Events.EventQueueService.RunJob() : EventQueueService started (061118).
10/11/2018 16:28:23.772 [[NONE]] - Info - [INTERNAL] - App_Code.maplvumd.dll - WTS.Events.EventQueueService.Stop() : Stopping EventQueueService...
10/11/2018 16:28:43.795 [[NONE]] - Info - [INTERNAL] - App_Code.o9f2ubry.dll - WTS.Events.EventQueueService.Start() : Starting EventQueueService...
10/11/2018 16:28:43.798 [[NONE]] - Info - [INTERNAL] - App_Code.o9f2ubry.dll - WTS.Events.EventQueueService.RunJob() : EventQueueService started (971343).
10/11/2018 17:35:38.616 [[NONE]] - Info - [INTERNAL] - App_Code.o9f2ubry.dll - WTS.Events.EventQueueService.Stop() : Stopping EventQueueService...
10/11/2018 17:35:45.953 [[NONE]] - Info - [INTERNAL] - App_Code.o9f2ubry.dll - WTS.Events.EventQueueService.Start() : Starting EventQueueService...
10/11/2018 17:35:45.955 [[NONE]] - Info - [INTERNAL] - App_Code.o9f2ubry.dll - WTS.Events.EventQueueService.RunJob() : EventQueueService started (549491).
10/11/2018 22:39:38.994 [[NONE]] - Info - [INTERNAL] - App_Code.o9f2ubry.dll - WTS.Events.EventQueueService.Start() : Starting EventQueueService...
10/11/2018 22:39:39.002 [[NONE]] - Info - [INTERNAL] - App_Code.o9f2ubry.dll - WTS.Events.EventQueueService.RunJob() : EventQueueService started (967284).
