09/26/2018 12:08:11.268 [[NONE]] - Info - [INTERNAL] - App_Code.fy-xicvd.dll - WTS.Events.EventQueueService.Stop() : Stopping EventQueueService...
09/26/2018 12:11:40.028 [[NONE]] - Info - [INTERNAL] - App_Code.-3sd91nf.dll - WTS.Events.EventQueueService.Start() : Starting EventQueueService...
09/26/2018 12:11:40.032 [[NONE]] - Info - [INTERNAL] - App_Code.-3sd91nf.dll - WTS.Events.EventQueueService.RunJob() : EventQueueService started (303774).
09/26/2018 13:05:27.551 [[NONE]] - Info - [INTERNAL] - App_Code.-3sd91nf.dll - WTS.Events.EventQueueService.Stop() : Stopping EventQueueService...
09/26/2018 15:18:10.212 [[NONE]] - Info - [INTERNAL] - App_Code.ugpp1-bd.dll - WTS.Events.EventQueueService.Start() : Starting EventQueueService...
09/26/2018 15:18:10.217 [[NONE]] - Info - [INTERNAL] - App_Code.ugpp1-bd.dll - WTS.Events.EventQueueService.RunJob() : EventQueueService started (153002).
09/26/2018 16:21:13.350 [[NONE]] - Info - [INTERNAL] - App_Code.ugpp1-bd.dll - WTS.Events.EventQueueService.Stop() : Stopping EventQueueService...
09/26/2018 16:51:15.991 [[NONE]] - Info - [INTERNAL] - App_Code.kby66k4g.dll - WTS.Events.EventQueueService.Start() : Starting EventQueueService...
09/26/2018 16:51:16.007 [[NONE]] - Info - [INTERNAL] - App_Code.kby66k4g.dll - WTS.Events.EventQueueService.RunJob() : EventQueueService started (032921).
09/26/2018 17:32:04.605 [[NONE]] - Info - [INTERNAL] - App_Code.kby66k4g.dll - WTS.Events.EventQueueService.Stop() : Stopping EventQueueService...
09/26/2018 17:33:33.015 [[NONE]] - Info - [INTERNAL] - App_Code.iefhx5-d.dll - WTS.Events.EventQueueService.Start() : Starting EventQueueService...
09/26/2018 17:33:33.022 [[NONE]] - Info - [INTERNAL] - App_Code.iefhx5-d.dll - WTS.Events.EventQueueService.RunJob() : EventQueueService started (196864).
09/26/2018 17:44:00.043 [[NONE]] - Info - [INTERNAL] - App_Code.iefhx5-d.dll - WTS.Events.EventQueueService.Stop() : Stopping EventQueueService...
09/26/2018 17:44:00.157 [[NONE]] - Info - [INTERNAL] - App_Code.iefhx5-d.dll - WTS.Events.EventQueueService.RunJob() : EventQueueService stopped (196864).
09/26/2018 17:44:17.158 [[NONE]] - Info - [INTERNAL] - App_Code.hhc5sl2_.dll - WTS.Events.EventQueueService.Start() : Starting EventQueueService...
09/26/2018 17:44:17.166 [[NONE]] - Info - [INTERNAL] - App_Code.hhc5sl2_.dll - WTS.Events.EventQueueService.RunJob() : EventQueueService started (616588).
09/26/2018 17:50:40.491 [[NONE]] - Info - [INTERNAL] - App_Code.hhc5sl2_.dll - WTS.Events.EventQueueService.Stop() : Stopping EventQueueService...
09/26/2018 17:51:04.413 [[NONE]] - Info - [INTERNAL] - App_Code.peqo2hcf.dll - WTS.Events.EventQueueService.Start() : Starting EventQueueService...
09/26/2018 17:51:04.420 [[NONE]] - Info - [INTERNAL] - App_Code.peqo2hcf.dll - WTS.Events.EventQueueService.RunJob() : EventQueueService started (173130).
09/26/2018 17:52:39.919 [[NONE]] - Info - [INTERNAL] - App_Code.peqo2hcf.dll - WTS.Events.EventQueueService.Start() : Starting EventQueueService...
09/26/2018 17:52:39.935 [[NONE]] - Info - [INTERNAL] - App_Code.peqo2hcf.dll - WTS.Events.EventQueueService.RunJob() : EventQueueService started (226522).
09/26/2018 19:39:17.087 [[NONE]] - Info - [INTERNAL] - App_Code.wcxlgxid.dll - WTS.Events.EventQueueService.Start() : Starting EventQueueService...
09/26/2018 19:39:17.118 [[NONE]] - Info - [INTERNAL] - App_Code.wcxlgxid.dll - WTS.Events.EventQueueService.RunJob() : EventQueueService started (909761).
09/26/2018 19:43:04.897 [[NONE]] - Info - [INTERNAL] - App_Code.wcxlgxid.dll - WTS.Events.EventQueueService.Start() : Starting EventQueueService...
09/26/2018 19:43:04.902 [[NONE]] - Info - [INTERNAL] - App_Code.wcxlgxid.dll - WTS.Events.EventQueueService.RunJob() : EventQueueService started (018242).
09/26/2018 20:05:30.403 [[NONE]] - Info - [INTERNAL] - App_Code.wcxlgxid.dll - WTS.Events.EventQueueService.Stop() : Stopping EventQueueService...
09/26/2018 20:05:30.573 [[NONE]] - Info - [INTERNAL] - App_Code.wcxlgxid.dll - WTS.Events.EventQueueService.RunJob() : EventQueueService stopped (018242).
09/26/2018 20:09:30.152 [[NONE]] - Info - [INTERNAL] - App_Code.7dro703i.dll - WTS.Events.EventQueueService.Start() : Starting EventQueueService...
09/26/2018 20:09:30.154 [[NONE]] - Info - [INTERNAL] - App_Code.7dro703i.dll - WTS.Events.EventQueueService.RunJob() : EventQueueService started (535446).
09/26/2018 20:46:27.027 [[NONE]] - Info - [INTERNAL] - App_Code.7dro703i.dll - WTS.Events.EventQueueService.Start() : Starting EventQueueService...
09/26/2018 20:46:27.030 [[NONE]] - Info - [INTERNAL] - App_Code.7dro703i.dll - WTS.Events.EventQueueService.RunJob() : EventQueueService started (295464).
09/26/2018 20:46:27.282 [[NONE]] - Info - [INTERNAL] - App_Code.7dro703i.dll - WTS.Events.EventQueueService.Stop() : Stopping EventQueueService...
