09/27/2018 13:20:46.922 [[NONE]] - Info - [INTERNAL] - App_Code.7dro703i.dll - WTS.Events.EventQueueService.Stop() : Stopping EventQueueService...
09/27/2018 13:20:59.238 [[NONE]] - Info - [INTERNAL] - App_Code.7dro703i.dll - WTS.Events.EventQueueService.Start() : Starting EventQueueService...
09/27/2018 13:20:59.241 [[NONE]] - Info - [INTERNAL] - App_Code.7dro703i.dll - WTS.Events.EventQueueService.RunJob() : EventQueueService started (398864).
09/27/2018 14:06:28.603 [[NONE]] - Info - [INTERNAL] - App_Code.7dro703i.dll - WTS.Events.EventQueueService.Stop() : Stopping EventQueueService...
09/27/2018 14:06:38.952 [[NONE]] - Info - [INTERNAL] - App_Code.jmcloxql.dll - WTS.Events.EventQueueService.Start() : Starting EventQueueService...
09/27/2018 14:06:38.972 [[NONE]] - Info - [INTERNAL] - App_Code.jmcloxql.dll - WTS.Events.EventQueueService.RunJob() : EventQueueService started (717617).
09/27/2018 20:22:47.273 [[NONE]] - Info - [INTERNAL] - App_Code.jmcloxql.dll - WTS.Events.EventQueueService.Stop() : Stopping EventQueueService...
09/27/2018 20:22:55.847 [[NONE]] - Info - [INTERNAL] - App_Code.jmcloxql.dll - WTS.Events.EventQueueService.Start() : Starting EventQueueService...
09/27/2018 20:22:55.850 [[NONE]] - Info - [INTERNAL] - App_Code.jmcloxql.dll - WTS.Events.EventQueueService.RunJob() : EventQueueService started (487920).
09/27/2018 20:26:45.927 [[NONE]] - Info - [INTERNAL] - App_Code.jmcloxql.dll - WTS.Events.EventQueueService.Stop() : Stopping EventQueueService...
09/27/2018 20:27:45.366 [[NONE]] - Info - [INTERNAL] - App_Code.oxiw2kbl.dll - WTS.Events.EventQueueService.Start() : Starting EventQueueService...
09/27/2018 20:27:45.369 [[NONE]] - Info - [INTERNAL] - App_Code.oxiw2kbl.dll - WTS.Events.EventQueueService.RunJob() : EventQueueService started (676834).
09/27/2018 20:43:16.593 [[NONE]] - Info - [INTERNAL] - App_Code.oxiw2kbl.dll - WTS.Events.EventQueueService.Stop() : Stopping EventQueueService...
09/27/2018 20:43:20.847 [[NONE]] - Info - [INTERNAL] - App_Code.oxiw2kbl.dll - WTS.Events.EventQueueService.Start() : Starting EventQueueService...
09/27/2018 20:43:20.850 [[NONE]] - Info - [INTERNAL] - App_Code.oxiw2kbl.dll - WTS.Events.EventQueueService.RunJob() : EventQueueService started (490407).
09/27/2018 20:50:22.245 [[NONE]] - Info - [INTERNAL] - App_Code.oxiw2kbl.dll - WTS.Events.EventQueueService.Stop() : Stopping EventQueueService...
09/27/2018 20:53:53.466 [[NONE]] - Info - [INTERNAL] - App_Code.rtgsl0_o.dll - WTS.Events.EventQueueService.Start() : Starting EventQueueService...
09/27/2018 20:53:53.469 [[NONE]] - Info - [INTERNAL] - App_Code.rtgsl0_o.dll - WTS.Events.EventQueueService.RunJob() : EventQueueService started (676359).
09/27/2018 20:55:50.867 [[NONE]] - Info - [INTERNAL] - App_Code.rtgsl0_o.dll - WTS.Events.EventQueueService.Stop() : Stopping EventQueueService...
09/27/2018 22:05:07.725 [[NONE]] - Info - [INTERNAL] - App_Code.kknp4pdn.dll - WTS.Events.EventQueueService.Start() : Starting EventQueueService...
09/27/2018 22:05:07.728 [[NONE]] - Info - [INTERNAL] - App_Code.kknp4pdn.dll - WTS.Events.EventQueueService.RunJob() : EventQueueService started (267085).
09/27/2018 22:20:15.166 [[NONE]] - Info - [INTERNAL] - App_Code.kknp4pdn.dll - WTS.Events.EventQueueService.Stop() : Stopping EventQueueService...
09/27/2018 22:20:30.594 [[NONE]] - Info - [INTERNAL] - App_Code.l0o6-shh.dll - WTS.Events.EventQueueService.Start() : Starting EventQueueService...
09/27/2018 22:20:30.596 [[NONE]] - Info - [INTERNAL] - App_Code.l0o6-shh.dll - WTS.Events.EventQueueService.RunJob() : EventQueueService started (958163).
