10/09/2018 11:12:42.872 [[NONE]] - Info - [INTERNAL] - App_Code.ecgel_zz.dll - WTS.Events.EventQueueService.Start() : Starting EventQueueService...
10/09/2018 11:12:42.877 [[NONE]] - Info - [INTERNAL] - App_Code.ecgel_zz.dll - WTS.Events.EventQueueService.RunJob() : EventQueueService started (764342).
10/09/2018 11:23:55.620 [[NONE]] - Info - [INTERNAL] - App_Code.ecgel_zz.dll - WTS.Events.EventQueueService.Stop() : Stopping EventQueueService...
10/09/2018 11:26:01.608 [[NONE]] - Info - [INTERNAL] - App_Code.mlx5dyg_.dll - WTS.Events.EventQueueService.Start() : Starting EventQueueService...
10/09/2018 11:26:01.611 [[NONE]] - Info - [INTERNAL] - App_Code.mlx5dyg_.dll - WTS.Events.EventQueueService.RunJob() : EventQueueService started (102861).
10/09/2018 11:34:19.884 [[NONE]] - Info - [INTERNAL] - App_Code.mlx5dyg_.dll - WTS.Events.EventQueueService.Stop() : Stopping EventQueueService...
10/09/2018 11:39:25.254 [[NONE]] - Info - [INTERNAL] - App_Code.-ancfkyk.dll - WTS.Events.EventQueueService.Start() : Starting EventQueueService...
10/09/2018 11:39:25.257 [[NONE]] - Info - [INTERNAL] - App_Code.-ancfkyk.dll - WTS.Events.EventQueueService.RunJob() : EventQueueService started (561873).
10/09/2018 12:19:31.987 [[NONE]] - Info - [INTERNAL] - App_Code.nbgik2xl.dll - WTS.Events.EventQueueService.Start() : Starting EventQueueService...
10/09/2018 12:19:31.990 [[NONE]] - Info - [INTERNAL] - App_Code.nbgik2xl.dll - WTS.Events.EventQueueService.RunJob() : EventQueueService started (892312).
10/09/2018 12:44:18.546 [[NONE]] - Info - [INTERNAL] - App_Code.nbgik2xl.dll - WTS.Events.EventQueueService.Stop() : Stopping EventQueueService...
10/09/2018 12:44:31.187 [[NONE]] - Info - [INTERNAL] - App_Code.9wo-umzq.dll - WTS.Events.EventQueueService.Start() : Starting EventQueueService...
10/09/2018 12:44:31.189 [[NONE]] - Info - [INTERNAL] - App_Code.9wo-umzq.dll - WTS.Events.EventQueueService.RunJob() : EventQueueService started (886910).
10/09/2018 12:50:19.964 [[NONE]] - Info - [INTERNAL] - App_Code.9wo-umzq.dll - WTS.Events.EventQueueService.Stop() : Stopping EventQueueService...
10/09/2018 12:50:40.891 [[NONE]] - Info - [INTERNAL] - App_Code.vsnun_pd.dll - WTS.Events.EventQueueService.Start() : Starting EventQueueService...
10/09/2018 12:50:40.893 [[NONE]] - Info - [INTERNAL] - App_Code.vsnun_pd.dll - WTS.Events.EventQueueService.RunJob() : EventQueueService started (927094).
10/09/2018 12:51:58.577 [[NONE]] - Error - [INTERNAL] - App_Code.vsnun_pd.dll - WTS.Events.EventQueueService.RunJob() : EventQueueService encountered an error (927094). Connection Timeout Expired.  The timeout period elapsed while attempting to consume the pre-login handshake acknowledgement.  This could be because the pre-login handshake failed or the server was unable to respond back in time.  The duration spent while attempting to connect to this server was - [Pre-Login] initialization=12764; handshake=22; .    at System.Data.SqlClient.SqlInternalConnectionTds..ctor(DbConnectionPoolIdentity identity, SqlConnectionString connectionOptions, SqlCredential credential, Object providerInfo, String newPassword, SecureString newSecurePassword, Boolean redirectedUserInstance, SqlConnectionString userConnectionOptions, SessionData reconnectSessionData, DbConnectionPool pool, String accessToken, Boolean applyTransientFaultHandling, SqlAuthenticationProviderManager sqlAuthProviderManager)
   at System.Data.SqlClient.SqlConnectionFactory.CreateConnection(DbConnectionOptions options, DbConnectionPoolKey poolKey, Object poolGroupProviderInfo, DbConnectionPool pool, DbConnection owningConnection, DbConnectionOptions userOptions)
   at System.Data.ProviderBase.DbConnectionFactory.CreatePooledConnection(DbConnectionPool pool, DbConnection owningObject, DbConnectionOptions options, DbConnectionPoolKey poolKey, DbConnectionOptions userOptions)
   at System.Data.ProviderBase.DbConnectionPool.CreateObject(DbConnection owningObject, DbConnectionOptions userOptions, DbConnectionInternal oldConnection)
   at System.Data.ProviderBase.DbConnectionPool.UserCreateRequest(DbConnection owningObject, DbConnectionOptions userOptions, DbConnectionInternal oldConnection)
   at System.Data.ProviderBase.DbConnectionPool.TryGetConnection(DbConnection owningObject, UInt32 waitForMultipleObjectsTimeout, Boolean allowCreate, Boolean onlyOneCheckConnection, DbConnectionOptions userOptions, DbConnectionInternal& connection)
   at System.Data.ProviderBase.DbConnectionPool.TryGetConnection(DbConnection owningObject, TaskCompletionSource`1 retry, DbConnectionOptions userOptions, DbConnectionInternal& connection)
   at System.Data.ProviderBase.DbConnectionFactory.TryGetConnection(DbConnection owningConnection, TaskCompletionSource`1 retry, DbConnectionOptions userOptions, DbConnectionInternal oldConnection, DbConnectionInternal& connection)
   at System.Data.ProviderBase.DbConnectionInternal.TryOpenConnectionInternal(DbConnection outerConnection, DbConnectionFactory connectionFactory, TaskCompletionSource`1 retry, DbConnectionOptions userOptions)
   at System.Data.ProviderBase.DbConnectionClosed.TryOpenConnection(DbConnection outerConnection, DbConnectionFactory connectionFactory, TaskCompletionSource`1 retry, DbConnectionOptions userOptions)
   at System.Data.SqlClient.SqlConnection.TryOpenInner(TaskCompletionSource`1 retry)
   at System.Data.SqlClient.SqlConnection.TryOpen(TaskCompletionSource`1 retry)
   at System.Data.SqlClient.SqlConnection.Open()
   at WTS.Events.EventQueue.GetEvents(Int32 eventStatusID, Int32 eventTypeID, Boolean includeFutureEvents) in c:\inetpub\wwwroot\Dev\WTS\App_Code\Events\EventQueue.cs:line 306
   at WTS.Events.EventQueue.ProcessEventQueue() in c:\inetpub\wwwroot\Dev\WTS\App_Code\Events\EventQueue.cs:line 132
   at WTS.Events.EventQueueService.RunJob() in c:\inetpub\wwwroot\Dev\WTS\App_Code\Events\EventQueueService.cs:line 104
10/09/2018 13:27:22.335 [[NONE]] - Info - [INTERNAL] - App_Code.f0dq5afb.dll - WTS.Events.EventQueueService.Start() : Starting EventQueueService...
10/09/2018 13:27:22.338 [[NONE]] - Info - [INTERNAL] - App_Code.f0dq5afb.dll - WTS.Events.EventQueueService.RunJob() : EventQueueService started (369818).
10/09/2018 13:30:58.964 [[NONE]] - Info - [INTERNAL] - App_Code.vsnun_pd.dll - WTS.Events.EventQueueService.Stop() : Stopping EventQueueService...
10/09/2018 13:34:15.504 [[NONE]] - Info - [INTERNAL] - App_Code.f0dq5afb.dll - WTS.Events.EventQueueService.Stop() : Stopping EventQueueService...
10/09/2018 13:35:05.720 [[NONE]] - Info - [INTERNAL] - App_Code.f0dq5afb.dll - WTS.Events.EventQueueService.Start() : Starting EventQueueService...
10/09/2018 13:35:05.722 [[NONE]] - Info - [INTERNAL] - App_Code.f0dq5afb.dll - WTS.Events.EventQueueService.RunJob() : EventQueueService started (215076).
10/09/2018 13:51:28.140 [[NONE]] - Info - [INTERNAL] - App_Code.vsnun_pd.dll - WTS.Events.EventQueueService.Start() : Starting EventQueueService...
10/09/2018 13:51:28.145 [[NONE]] - Info - [INTERNAL] - App_Code.vsnun_pd.dll - WTS.Events.EventQueueService.RunJob() : EventQueueService started (436959).
10/09/2018 13:56:19.721 [[NONE]] - Info - [INTERNAL] - App_Code.vsnun_pd.dll - WTS.Events.EventQueueService.Stop() : Stopping EventQueueService...
10/09/2018 13:56:19.823 [[NONE]] - Info - [INTERNAL] - App_Code.f0dq5afb.dll - WTS.Events.EventQueueService.Stop() : Stopping EventQueueService...
10/09/2018 14:04:22.733 [[NONE]] - Info - [INTERNAL] - App_Code.b6cgga1d.dll - WTS.Events.EventQueueService.Start() : Starting EventQueueService...
10/09/2018 14:04:22.740 [[NONE]] - Info - [INTERNAL] - App_Code.b6cgga1d.dll - WTS.Events.EventQueueService.RunJob() : EventQueueService started (363988).
10/09/2018 14:05:45.327 [[NONE]] - Info - [INTERNAL] - App_Code.12zhbq6j.dll - WTS.Events.EventQueueService.Start() : Starting EventQueueService...
10/09/2018 14:05:45.329 [[NONE]] - Info - [INTERNAL] - App_Code.12zhbq6j.dll - WTS.Events.EventQueueService.RunJob() : EventQueueService started (282078).
10/09/2018 14:25:03.264 [[NONE]] - Info - [INTERNAL] - App_Code.12zhbq6j.dll - WTS.Events.EventQueueService.Stop() : Stopping EventQueueService...
10/09/2018 14:25:29.376 [[NONE]] - Info - [INTERNAL] - App_Code.b6cgga1d.dll - WTS.Events.EventQueueService.Start() : Starting EventQueueService...
10/09/2018 14:25:29.379 [[NONE]] - Info - [INTERNAL] - App_Code.b6cgga1d.dll - WTS.Events.EventQueueService.RunJob() : EventQueueService started (780325).
10/09/2018 14:28:55.665 [[NONE]] - Info - [INTERNAL] - App_Code.b6cgga1d.dll - WTS.Events.EventQueueService.Start() : Starting EventQueueService...
10/09/2018 14:28:55.681 [[NONE]] - Info - [INTERNAL] - App_Code.b6cgga1d.dll - WTS.Events.EventQueueService.RunJob() : EventQueueService started (815228).
