10/02/2018 12:50:45.189 [[NONE]] - Info - [INTERNAL] - App_Code.kn65pla7.dll - WTS.Events.EventQueueService.Start() : Starting EventQueueService...
10/02/2018 12:50:45.197 [[NONE]] - Info - [INTERNAL] - App_Code.kn65pla7.dll - WTS.Events.EventQueueService.RunJob() : EventQueueService started (913036).
10/02/2018 13:15:59.222 [[NONE]] - Info - [INTERNAL] - App_Code.kn65pla7.dll - WTS.Events.EventQueueService.Stop() : Stopping EventQueueService...
10/02/2018 13:16:14.948 [[NONE]] - Info - [INTERNAL] - App_Code.kn65pla7.dll - WTS.Events.EventQueueService.Start() : Starting EventQueueService...
10/02/2018 13:16:14.952 [[NONE]] - Info - [INTERNAL] - App_Code.kn65pla7.dll - WTS.Events.EventQueueService.RunJob() : EventQueueService started (509423).
10/02/2018 13:24:20.769 [[NONE]] - Info - [INTERNAL] - App_Code.kn65pla7.dll - WTS.Events.EventQueueService.Stop() : Stopping EventQueueService...
10/02/2018 13:35:09.935 [[NONE]] - Info - [INTERNAL] - App_Code.8wwahyko.dll - WTS.Events.EventQueueService.Start() : Starting EventQueueService...
10/02/2018 13:35:09.959 [[NONE]] - Info - [INTERNAL] - App_Code.8wwahyko.dll - WTS.Events.EventQueueService.RunJob() : EventQueueService started (372001).
10/02/2018 13:44:41.219 [[NONE]] - Info - [INTERNAL] - App_Code.8wwahyko.dll - WTS.Events.EventQueueService.Stop() : Stopping EventQueueService...
10/02/2018 13:46:13.846 [[NONE]] - Info - [INTERNAL] - App_Code.ftypt2eg.dll - WTS.Events.EventQueueService.Start() : Starting EventQueueService...
10/02/2018 13:46:13.848 [[NONE]] - Info - [INTERNAL] - App_Code.ftypt2eg.dll - WTS.Events.EventQueueService.RunJob() : EventQueueService started (474685).
10/02/2018 13:46:15.713 [[NONE]] - Info - [INTERNAL] - App_Code.ftypt2eg.dll - WTS.Events.EventQueueService.Stop() : Stopping EventQueueService...
10/02/2018 13:47:16.908 [[NONE]] - Info - [INTERNAL] - App_Code.joioxufg.dll - WTS.Events.EventQueueService.Start() : Starting EventQueueService...
10/02/2018 13:47:16.934 [[NONE]] - Info - [INTERNAL] - App_Code.joioxufg.dll - WTS.Events.EventQueueService.RunJob() : EventQueueService started (106413).
10/02/2018 14:00:21.595 [[NONE]] - Info - [INTERNAL] - App_Code.joioxufg.dll - WTS.Events.EventQueueService.Stop() : Stopping EventQueueService...
10/02/2018 14:03:00.091 [[NONE]] - Info - [INTERNAL] - App_Code.ty4eth-y.dll - WTS.Events.EventQueueService.Start() : Starting EventQueueService...
10/02/2018 14:03:00.094 [[NONE]] - Info - [INTERNAL] - App_Code.ty4eth-y.dll - WTS.Events.EventQueueService.RunJob() : EventQueueService started (928261).
10/02/2018 14:25:09.622 [[NONE]] - Info - [INTERNAL] - App_Code.ty4eth-y.dll - WTS.Events.EventQueueService.Stop() : Stopping EventQueueService...
10/02/2018 14:29:10.610 [[NONE]] - Info - [INTERNAL] - App_Code.en10kbv-.dll - WTS.Events.EventQueueService.Start() : Starting EventQueueService...
10/02/2018 14:29:10.612 [[NONE]] - Info - [INTERNAL] - App_Code.en10kbv-.dll - WTS.Events.EventQueueService.RunJob() : EventQueueService started (115820).
10/02/2018 14:51:50.741 [[NONE]] - Info - [INTERNAL] - App_Code.en10kbv-.dll - WTS.Events.EventQueueService.Stop() : Stopping EventQueueService...
10/02/2018 14:51:56.668 [[NONE]] - Info - [INTERNAL] - App_Code.en10kbv-.dll - WTS.Events.EventQueueService.Start() : Starting EventQueueService...
10/02/2018 14:51:56.670 [[NONE]] - Info - [INTERNAL] - App_Code.en10kbv-.dll - WTS.Events.EventQueueService.RunJob() : EventQueueService started (694653).
10/02/2018 14:52:03.727 [[NONE]] - Info - [INTERNAL] - App_global.asax.gakm9x1z.dll - ASP.global_asax.Application_Error(System.Object, System.EventArgs) : Thread was being aborted.    at ASP.global_asax.Application_Error(Object sender, EventArgs e) in c:\inetpub\wwwroot\Dev\WTS\Global.asax:line 74
