09/13/2018 12:14:51.775 [fx3mtbsp0kqtjz0p5qkzncpd] - Info - http://localhost:50947/Default.aspx - App_Web_knp3t0e2.dll - _Default.Login() : checking if membership user is logged in and authenticated
09/13/2018 12:14:51.861 [fx3mtbsp0kqtjz0p5qkzncpd] - Info - http://localhost:50947/Default.aspx - App_Web_knp3t0e2.dll - _Default.Login() : 
ALL available roles: 
    Admin
    Administration
    AOR
    CR
    Dashboard
    Deployment
    MasterData
    Meeting
    News
    Reports
    ResourceManagement
    RQMT
    SustainmentRequest
    Task
    Tester
    View:Administration
    View:AOR
    View:CR
    View:CVTMetrics
    View:Dashboard
    View:Deployment
    View:MasterData
    View:Meeting
    View:Metrics
    View:News
    View:Reports
    View:ResourceManagement
    View:RQMT
    View:SustainmentRequest
    View:Task
    View:WorkItem
    View:WorkRequest
    WorkItem
    WorkRequest


User erin.mendoza is logged in and is approved.
Organization = Folsom Dev

User is in roles:  
    Admin
    Administration
    CR
    Dashboard
    MasterData
    Meeting
    Reports
    RQMT
    SustainmentRequest
    Task
    View:AOR
    View:CR
    View:CVTMetrics
    View:Meeting
    View:Metrics
    View:News
    View:ResourceManagement
    WorkItem
    WorkRequest

09/13/2018 12:15:00.203 [[NONE]] - Info - http://localhost:50947/Account/Default.aspx - App_global.asax.u-usmvhq.dll - ASP.global_asax.Application_Error(System.Object, System.EventArgs) : The file '/Account/Default.aspx' does not exist.    at ASP.global_asax.Application_Error(Object sender, EventArgs e) in c:\inetpub\wwwroot\Dev\WTS\Global.asax:line 74
09/13/2018 12:30:35.257 [h3yusnyu5qukfcjrrwqx1r2r] - Info - http://localhost:50947/Default.aspx - App_Web_knp3t0e2.dll - _Default.Login() : checking if membership user is logged in and authenticated
09/13/2018 12:30:35.290 [h3yusnyu5qukfcjrrwqx1r2r] - Info - http://localhost:50947/Default.aspx - App_Web_knp3t0e2.dll - _Default.Login() : 
ALL available roles: 
    Admin
    Administration
    AOR
    CR
    Dashboard
    Deployment
    MasterData
    Meeting
    News
    Reports
    ResourceManagement
    RQMT
    SustainmentRequest
    Task
    Tester
    View:Administration
    View:AOR
    View:CR
    View:CVTMetrics
    View:Dashboard
    View:Deployment
    View:MasterData
    View:Meeting
    View:Metrics
    View:News
    View:Reports
    View:ResourceManagement
    View:RQMT
    View:SustainmentRequest
    View:Task
    View:WorkItem
    View:WorkRequest
    WorkItem
    WorkRequest


User erin.mendoza is logged in and is approved.
Organization = Folsom Dev

User is in roles:  
    Admin
    Administration
    CR
    Dashboard
    MasterData
    Meeting
    Reports
    RQMT
    SustainmentRequest
    Task
    View:AOR
    View:CR
    View:CVTMetrics
    View:Meeting
    View:Metrics
    View:News
    View:ResourceManagement
    WorkItem
    WorkRequest

09/13/2018 13:14:15.176 [r4nj33ybxo0fudadvj3du5ey] - Info - http://localhost:50947/Default.aspx - App_Web_knp3t0e2.dll - _Default.Login() : checking if membership user is logged in and authenticated
09/13/2018 13:14:15.215 [r4nj33ybxo0fudadvj3du5ey] - Info - http://localhost:50947/Default.aspx - App_Web_knp3t0e2.dll - _Default.Login() : 
ALL available roles: 
    Admin
    Administration
    AOR
    CR
    Dashboard
    Deployment
    MasterData
    Meeting
    News
    Reports
    ResourceManagement
    RQMT
    SustainmentRequest
    Task
    Tester
    View:Administration
    View:AOR
    View:CR
    View:CVTMetrics
    View:Dashboard
    View:Deployment
    View:MasterData
    View:Meeting
    View:Metrics
    View:News
    View:Reports
    View:ResourceManagement
    View:RQMT
    View:SustainmentRequest
    View:Task
    View:WorkItem
    View:WorkRequest
    WorkItem
    WorkRequest


User erin.mendoza is logged in and is approved.
Organization = Folsom Dev

User is in roles:  
    Admin
    Administration
    CR
    Dashboard
    MasterData
    Meeting
    Reports
    RQMT
    SustainmentRequest
    Task
    View:AOR
    View:CR
    View:CVTMetrics
    View:Meeting
    View:Metrics
    View:News
    View:ResourceManagement
    WorkItem
    WorkRequest

09/13/2018 13:40:49.540 [klqyezqzgjreckm4ha30rkiv] - Info - http://localhost:50947/Default.aspx - App_Web_onzxrdpt.dll - _Default.Login() : checking if membership user is logged in and authenticated
09/13/2018 13:40:49.559 [klqyezqzgjreckm4ha30rkiv] - Info - http://localhost:50947/Default.aspx - App_Web_onzxrdpt.dll - _Default.Login() : 
ALL available roles: 
    Admin
    Administration
    AOR
    CR
    Dashboard
    Deployment
    MasterData
    Meeting
    News
    Reports
    ResourceManagement
    RQMT
    SustainmentRequest
    Task
    Tester
    View:Administration
    View:AOR
    View:CR
    View:CVTMetrics
    View:Dashboard
    View:Deployment
    View:MasterData
    View:Meeting
    View:Metrics
    View:News
    View:Reports
    View:ResourceManagement
    View:RQMT
    View:SustainmentRequest
    View:Task
    View:WorkItem
    View:WorkRequest
    WorkItem
    WorkRequest


User erin.mendoza is logged in and is approved.
Organization = Folsom Dev

User is in roles:  
    Admin
    Administration
    CR
    Dashboard
    MasterData
    Meeting
    Reports
    RQMT
    SustainmentRequest
    Task
    View:AOR
    View:CR
    View:CVTMetrics
    View:Meeting
    View:Metrics
    View:News
    View:ResourceManagement
    WorkItem
    WorkRequest

09/13/2018 14:06:55.694 [qlfsnntpgewfdhntmkm4plqi] - Info - http://localhost:50947/Default.aspx - App_Web_onzxrdpt.dll - _Default.Login() : checking if membership user is logged in and authenticated
09/13/2018 14:06:55.745 [qlfsnntpgewfdhntmkm4plqi] - Info - http://localhost:50947/Default.aspx - App_Web_onzxrdpt.dll - _Default.Login() : 
ALL available roles: 
    Admin
    Administration
    AOR
    CR
    Dashboard
    Deployment
    MasterData
    Meeting
    News
    Reports
    ResourceManagement
    RQMT
    SustainmentRequest
    Task
    Tester
    View:Administration
    View:AOR
    View:CR
    View:CVTMetrics
    View:Dashboard
    View:Deployment
    View:MasterData
    View:Meeting
    View:Metrics
    View:News
    View:Reports
    View:ResourceManagement
    View:RQMT
    View:SustainmentRequest
    View:Task
    View:WorkItem
    View:WorkRequest
    WorkItem
    WorkRequest


User erin.mendoza is logged in and is approved.
Organization = Folsom Dev

User is in roles:  
    Admin
    Administration
    CR
    Dashboard
    MasterData
    Meeting
    Reports
    RQMT
    SustainmentRequest
    Task
    View:AOR
    View:CR
    View:CVTMetrics
    View:Meeting
    View:Metrics
    View:News
    View:ResourceManagement
    WorkItem
    WorkRequest

09/13/2018 17:10:38.984 [qgnvylbtixwak1ljzip2zz3n] - Info - http://localhost:50947/Default.aspx - App_Web_onzxrdpt.dll - _Default.Login() : checking if membership user is logged in and authenticated
09/13/2018 17:10:39.005 [qgnvylbtixwak1ljzip2zz3n] - Info - http://localhost:50947/Default.aspx - App_Web_onzxrdpt.dll - _Default.Login() : 
ALL available roles: 
    Admin
    Administration
    AOR
    CR
    Dashboard
    Deployment
    MasterData
    Meeting
    News
    Reports
    ResourceManagement
    RQMT
    SustainmentRequest
    Task
    Tester
    View:Administration
    View:AOR
    View:CR
    View:CVTMetrics
    View:Dashboard
    View:Deployment
    View:MasterData
    View:Meeting
    View:Metrics
    View:News
    View:Reports
    View:ResourceManagement
    View:RQMT
    View:SustainmentRequest
    View:Task
    View:WorkItem
    View:WorkRequest
    WorkItem
    WorkRequest


User erin.mendoza is logged in and is approved.
Organization = Folsom Dev

User is in roles:  
    Admin
    Administration
    CR
    Dashboard
    MasterData
    Meeting
    Reports
    RQMT
    SustainmentRequest
    Task
    View:AOR
    View:CR
    View:CVTMetrics
    View:Meeting
    View:Metrics
    View:News
    View:ResourceManagement
    WorkItem
    WorkRequest

