09/24/2018 12:25:00.969 [tvebxxy4e5el14dil1wkqkfv] - Info - http://localhost:50947/Default.aspx - App_Web_f4ocw5du.dll - _Default.Login() : checking if membership user is logged in and authenticated
09/24/2018 12:25:01.143 [tvebxxy4e5el14dil1wkqkfv] - Info - http://localhost:50947/Default.aspx - App_Web_f4ocw5du.dll - _Default.Login() : 
ALL available roles: 
    Admin
    Administration
    AOR
    CR
    Dashboard
    Deployment
    MasterData
    Meeting
    News
    Reports
    ResourceManagement
    RQMT
    SustainmentRequest
    Task
    Tester
    View:Administration
    View:AOR
    View:CR
    View:CVTMetrics
    View:Dashboard
    View:Deployment
    View:MasterData
    View:Meeting
    View:Metrics
    View:News
    View:Reports
    View:ResourceManagement
    View:RQMT
    View:SustainmentRequest
    View:Task
    View:WorkItem
    View:WorkRequest
    WorkItem
    WorkRequest


User erin.mendoza is logged in and is approved.
Organization = Folsom Dev

User is in roles:  
    Admin
    Administration
    CR
    Dashboard
    MasterData
    Meeting
    Reports
    RQMT
    SustainmentRequest
    Task
    View:AOR
    View:CR
    View:CVTMetrics
    View:Meeting
    View:Metrics
    View:News
    View:ResourceManagement
    WorkItem
    WorkRequest

09/24/2018 14:10:24.320 [anu2s3pbhmftxmbskoerfww3] - Info - http://localhost:50947/Default.aspx - App_Web_f4ocw5du.dll - _Default.Login() : checking if membership user is logged in and authenticated
09/24/2018 14:10:24.452 [anu2s3pbhmftxmbskoerfww3] - Info - http://localhost:50947/Default.aspx - App_Web_f4ocw5du.dll - _Default.Login() : 
ALL available roles: 
    Admin
    Administration
    AOR
    CR
    Dashboard
    Deployment
    MasterData
    Meeting
    News
    Reports
    ResourceManagement
    RQMT
    SustainmentRequest
    Task
    Tester
    View:Administration
    View:AOR
    View:CR
    View:CVTMetrics
    View:Dashboard
    View:Deployment
    View:MasterData
    View:Meeting
    View:Metrics
    View:News
    View:Reports
    View:ResourceManagement
    View:RQMT
    View:SustainmentRequest
    View:Task
    View:WorkItem
    View:WorkRequest
    WorkItem
    WorkRequest


User erin.mendoza is logged in and is approved.
Organization = Folsom Dev

User is in roles:  
    Admin
    Administration
    CR
    Dashboard
    MasterData
    Meeting
    Reports
    RQMT
    SustainmentRequest
    Task
    View:AOR
    View:CR
    View:CVTMetrics
    View:Meeting
    View:Metrics
    View:News
    View:ResourceManagement
    WorkItem
    WorkRequest

09/24/2018 18:15:25.630 [af0kprt0r3sjiajludip0br3] - Info - http://localhost:50947/Default.aspx - App_Web_te3pox4m.dll - _Default.Login() : checking if membership user is logged in and authenticated
09/24/2018 18:15:25.741 [af0kprt0r3sjiajludip0br3] - Info - http://localhost:50947/Default.aspx - App_Web_te3pox4m.dll - _Default.Login() : 
ALL available roles: 
    Admin
    Administration
    AOR
    CR
    Dashboard
    Deployment
    MasterData
    Meeting
    News
    Reports
    ResourceManagement
    RQMT
    SustainmentRequest
    Task
    Tester
    View:Administration
    View:AOR
    View:CR
    View:CVTMetrics
    View:Dashboard
    View:Deployment
    View:MasterData
    View:Meeting
    View:Metrics
    View:News
    View:Reports
    View:ResourceManagement
    View:RQMT
    View:SustainmentRequest
    View:Task
    View:WorkItem
    View:WorkRequest
    WorkItem
    WorkRequest


User erin.mendoza is logged in and is approved.
Organization = Folsom Dev

User is in roles:  
    Admin
    Administration
    CR
    Dashboard
    MasterData
    Meeting
    Reports
    RQMT
    SustainmentRequest
    Task
    View:AOR
    View:CR
    View:CVTMetrics
    View:Meeting
    View:Metrics
    View:News
    View:ResourceManagement
    WorkItem
    WorkRequest

09/24/2018 18:16:05.961 [50af0qzesikuymqxdm4gs5wq] - Info - http://localhost:50947/Default.aspx - App_Web_te3pox4m.dll - _Default.Login() : checking if membership user is logged in and authenticated
09/24/2018 18:16:05.970 [50af0qzesikuymqxdm4gs5wq] - Info - http://localhost:50947/Default.aspx - App_Web_te3pox4m.dll - _Default.Login() : 
ALL available roles: 
    Admin
    Administration
    AOR
    CR
    Dashboard
    Deployment
    MasterData
    Meeting
    News
    Reports
    ResourceManagement
    RQMT
    SustainmentRequest
    Task
    Tester
    View:Administration
    View:AOR
    View:CR
    View:CVTMetrics
    View:Dashboard
    View:Deployment
    View:MasterData
    View:Meeting
    View:Metrics
    View:News
    View:Reports
    View:ResourceManagement
    View:RQMT
    View:SustainmentRequest
    View:Task
    View:WorkItem
    View:WorkRequest
    WorkItem
    WorkRequest


User erin.mendoza is logged in and is approved.
Organization = Folsom Dev

User is in roles:  
    Admin
    Administration
    CR
    Dashboard
    MasterData
    Meeting
    Reports
    RQMT
    SustainmentRequest
    Task
    View:AOR
    View:CR
    View:CVTMetrics
    View:Meeting
    View:Metrics
    View:News
    View:ResourceManagement
    WorkItem
    WorkRequest

09/24/2018 18:44:47.145 [50af0qzesikuymqxdm4gs5wq] - Info - http://localhost:50947/MDGrid_SystemSuite_WorkArea.aspx?&WTS_SYSTEM_SUITEID=27 - App_global.asax.hfvqawyw.dll - ASP.global_asax.Application_Error(System.Object, System.EventArgs) : Exception of type 'System.Web.HttpUnhandledException' was thrown.    at ASP.global_asax.Application_Error(Object sender, EventArgs e) in c:\inetpub\wwwroot\Dev\WTS\Global.asax:line 74
09/24/2018 18:46:05.266 [50af0qzesikuymqxdm4gs5wq] - Info - http://localhost:50947/MDGrid_SystemSuite_WorkArea.aspx?&WTS_SYSTEM_SUITEID=28 - App_global.asax.hfvqawyw.dll - ASP.global_asax.Application_Error(System.Object, System.EventArgs) : Exception of type 'System.Web.HttpUnhandledException' was thrown.    at ASP.global_asax.Application_Error(Object sender, EventArgs e) in c:\inetpub\wwwroot\Dev\WTS\Global.asax:line 74
09/24/2018 18:58:52.529 [cbemwpdouwxtiyckszthemk1] - Info - http://localhost:50947/Default.aspx - App_Web_5envhly5.dll - _Default.Login() : checking if membership user is logged in and authenticated
09/24/2018 18:58:52.700 [cbemwpdouwxtiyckszthemk1] - Info - http://localhost:50947/Default.aspx - App_Web_5envhly5.dll - _Default.Login() : 
ALL available roles: 
    Admin
    Administration
    AOR
    CR
    Dashboard
    Deployment
    MasterData
    Meeting
    News
    Reports
    ResourceManagement
    RQMT
    SustainmentRequest
    Task
    Tester
    View:Administration
    View:AOR
    View:CR
    View:CVTMetrics
    View:Dashboard
    View:Deployment
    View:MasterData
    View:Meeting
    View:Metrics
    View:News
    View:Reports
    View:ResourceManagement
    View:RQMT
    View:SustainmentRequest
    View:Task
    View:WorkItem
    View:WorkRequest
    WorkItem
    WorkRequest


User erin.mendoza is logged in and is approved.
Organization = Folsom Dev

User is in roles:  
    Admin
    Administration
    CR
    Dashboard
    MasterData
    Meeting
    Reports
    RQMT
    SustainmentRequest
    Task
    View:AOR
    View:CR
    View:CVTMetrics
    View:Meeting
    View:Metrics
    View:News
    View:ResourceManagement
    WorkItem
    WorkRequest

09/24/2018 19:19:14.739 [yaile5dfiiq4d55eomzd3gta] - Info - http://localhost:50947/Default.aspx - App_Web_5envhly5.dll - _Default.Login() : checking if membership user is logged in and authenticated
09/24/2018 19:19:14.776 [yaile5dfiiq4d55eomzd3gta] - Info - http://localhost:50947/Default.aspx - App_Web_5envhly5.dll - _Default.Login() : 
ALL available roles: 
    Admin
    Administration
    AOR
    CR
    Dashboard
    Deployment
    MasterData
    Meeting
    News
    Reports
    ResourceManagement
    RQMT
    SustainmentRequest
    Task
    Tester
    View:Administration
    View:AOR
    View:CR
    View:CVTMetrics
    View:Dashboard
    View:Deployment
    View:MasterData
    View:Meeting
    View:Metrics
    View:News
    View:Reports
    View:ResourceManagement
    View:RQMT
    View:SustainmentRequest
    View:Task
    View:WorkItem
    View:WorkRequest
    WorkItem
    WorkRequest


User erin.mendoza is logged in and is approved.
Organization = Folsom Dev

User is in roles:  
    Admin
    Administration
    CR
    Dashboard
    MasterData
    Meeting
    Reports
    RQMT
    SustainmentRequest
    Task
    View:AOR
    View:CR
    View:CVTMetrics
    View:Meeting
    View:Metrics
    View:News
    View:ResourceManagement
    WorkItem
    WorkRequest

09/24/2018 22:16:12.561 [bg0l2onjobk1vdddt4gpzald] - Info - http://localhost:50947/Default.aspx - App_Web_la2v4d3d.dll - _Default.Login() : checking if membership user is logged in and authenticated
09/24/2018 22:16:12.623 [bg0l2onjobk1vdddt4gpzald] - Info - http://localhost:50947/Default.aspx - App_Web_la2v4d3d.dll - _Default.Login() : 
ALL available roles: 
    Admin
    Administration
    AOR
    CR
    Dashboard
    Deployment
    MasterData
    Meeting
    News
    Reports
    ResourceManagement
    RQMT
    SustainmentRequest
    Task
    Tester
    View:Administration
    View:AOR
    View:CR
    View:CVTMetrics
    View:Dashboard
    View:Deployment
    View:MasterData
    View:Meeting
    View:Metrics
    View:News
    View:Reports
    View:ResourceManagement
    View:RQMT
    View:SustainmentRequest
    View:Task
    View:WorkItem
    View:WorkRequest
    WorkItem
    WorkRequest


User erin.mendoza is logged in and is approved.
Organization = Folsom Dev

User is in roles:  
    Admin
    Administration
    CR
    Dashboard
    MasterData
    Meeting
    Reports
    RQMT
    SustainmentRequest
    Task
    View:AOR
    View:CR
    View:CVTMetrics
    View:Meeting
    View:Metrics
    View:News
    View:ResourceManagement
    WorkItem
    WorkRequest

