09/07/2018 09:32:58.899 [sg3uzlgrjzfndix1wietgyfd] - Info - http://localhost:50947/Default.aspx - App_Web_iqtt2z2y.dll - _Default.Login() : checking if membership user is logged in and authenticated
09/07/2018 09:32:59.200 [sg3uzlgrjzfndix1wietgyfd] - Info - http://localhost:50947/Default.aspx - App_Web_iqtt2z2y.dll - _Default.Login() : 
ALL available roles: 
    Admin
    Administration
    AOR
    CR
    Dashboard
    Deployment
    MasterData
    Meeting
    News
    Reports
    ResourceManagement
    RQMT
    SustainmentRequest
    Task
    Tester
    View:Administration
    View:AOR
    View:CR
    View:CVTMetrics
    View:Dashboard
    View:Deployment
    View:MasterData
    View:Meeting
    View:Metrics
    View:News
    View:Reports
    View:ResourceManagement
    View:RQMT
    View:SustainmentRequest
    View:Task
    View:WorkItem
    View:WorkRequest
    WorkItem
    WorkRequest


User erin.mendoza is logged in and is approved.
Organization = Folsom Dev

User is in roles:  
    Admin
    Administration
    CR
    Dashboard
    MasterData
    Meeting
    Reports
    RQMT
    SustainmentRequest
    Task
    View:AOR
    View:CR
    View:CVTMetrics
    View:Meeting
    View:Metrics
    View:News
    View:ResourceManagement
    WorkItem
    WorkRequest

09/07/2018 09:35:02.838 [ezlroqxzyqftvlzfo1l2jwab] - Info - http://localhost:50947/Default.aspx - App_Web_iqtt2z2y.dll - _Default.Login() : checking if membership user is logged in and authenticated
09/07/2018 09:35:03.083 [ezlroqxzyqftvlzfo1l2jwab] - Info - http://localhost:50947/Default.aspx - App_Web_iqtt2z2y.dll - _Default.Login() : 
ALL available roles: 
    Admin
    Administration
    AOR
    CR
    Dashboard
    Deployment
    MasterData
    Meeting
    News
    Reports
    ResourceManagement
    RQMT
    SustainmentRequest
    Task
    Tester
    View:Administration
    View:AOR
    View:CR
    View:CVTMetrics
    View:Dashboard
    View:Deployment
    View:MasterData
    View:Meeting
    View:Metrics
    View:News
    View:Reports
    View:ResourceManagement
    View:RQMT
    View:SustainmentRequest
    View:Task
    View:WorkItem
    View:WorkRequest
    WorkItem
    WorkRequest


User erin.mendoza is logged in and is approved.
Organization = Folsom Dev

User is in roles:  
    Admin
    Administration
    CR
    Dashboard
    MasterData
    Meeting
    Reports
    RQMT
    SustainmentRequest
    Task
    View:AOR
    View:CR
    View:CVTMetrics
    View:Meeting
    View:Metrics
    View:News
    View:ResourceManagement
    WorkItem
    WorkRequest

09/07/2018 10:25:36.723 [zgxiq2yzqytty3j4s23dvikt] - Info - http://localhost:50947/Default.aspx - App_Web_iqtt2z2y.dll - _Default.Login() : checking if membership user is logged in and authenticated
09/07/2018 10:25:36.845 [zgxiq2yzqytty3j4s23dvikt] - Info - http://localhost:50947/Default.aspx - App_Web_iqtt2z2y.dll - _Default.Login() : 
ALL available roles: 
    Admin
    Administration
    AOR
    CR
    Dashboard
    MasterData
    Meeting
    News
    Reports
    ResourceManagement
    RQMT
    SustainmentRequest
    Task
    Tester
    View:Administration
    View:AOR
    View:CR
    View:CVTMetrics
    View:Dashboard
    View:MasterData
    View:Meeting
    View:Metrics
    View:News
    View:Reports
    View:ResourceManagement
    View:RQMT
    View:SustainmentRequest
    View:Task
    View:WorkItem
    View:WorkRequest
    WorkItem
    WorkRequest


User erin.mendoza is logged in and is approved.
Organization = Folsom Dev

User is in roles:  
    Admin
    Administration
    CR
    Dashboard
    MasterData
    Meeting
    Reports
    RQMT
    SustainmentRequest
    Task
    View:AOR
    View:CR
    View:CVTMetrics
    View:Meeting
    View:Metrics
    View:News
    View:ResourceManagement
    WorkItem
    WorkRequest

09/07/2018 10:26:52.316 [0w2quxhzdgluac2swky2i03w] - Info - http://localhost:50947/Default.aspx - App_Web_iqtt2z2y.dll - _Default.Login() : checking if membership user is logged in and authenticated
09/07/2018 10:26:52.415 [0w2quxhzdgluac2swky2i03w] - Info - http://localhost:50947/Default.aspx - App_Web_iqtt2z2y.dll - _Default.Login() : 
ALL available roles: 
    Admin
    Administration
    AOR
    CR
    Dashboard
    MasterData
    Meeting
    News
    Reports
    ResourceManagement
    RQMT
    SustainmentRequest
    Task
    Tester
    View:Administration
    View:AOR
    View:CR
    View:CVTMetrics
    View:Dashboard
    View:MasterData
    View:Meeting
    View:Metrics
    View:News
    View:Reports
    View:ResourceManagement
    View:RQMT
    View:SustainmentRequest
    View:Task
    View:WorkItem
    View:WorkRequest
    WorkItem
    WorkRequest


User erin.mendoza is logged in and is approved.
Organization = Folsom Dev

User is in roles:  
    Admin
    Administration
    CR
    Dashboard
    MasterData
    Meeting
    Reports
    RQMT
    SustainmentRequest
    Task
    View:AOR
    View:CR
    View:CVTMetrics
    View:Meeting
    View:Metrics
    View:News
    View:ResourceManagement
    WorkItem
    WorkRequest

09/07/2018 11:51:20.039 [0w2quxhzdgluac2swky2i03w] - Info - http://localhost:50947/QM_Workload_Crosswalk_Multi_Level_Grid.aspx?GridType=MultiLevel&MyData=false&showParameters=true&random=1536335372654&SelectedStatuses=80,72,1,2,3,4,5,7,8,9,11,12,13&SelectedAssigned=101,90,44,36,113,55,54,89,103,80,18,41,75,60,58,81,37,110,82,46,21,76,45,26,65,66,42,51,11,105,10,33,28,86,97,94,83,71,108,120,31,62,102,47,121,84,122,53,49,100,74,43,106,126,95,111,112,114,38,56,59,20,73,29,98,25,77,72,104,107,35,6,88,85,91,50,96,27,79,40,87,99,109,137,17,39,30,68,67,14,23&GridPageSize=25&BusinessReview=false&GridPageIndex=0&UserDDLChange=yes - App_global.asax.4zivkgef.dll - ASP.global_asax.Application_Error(System.Object, System.EventArgs) : Exception of type 'System.Web.HttpUnhandledException' was thrown.    at ASP.global_asax.Application_Error(Object sender, EventArgs e) in c:\inetpub\wwwroot\Dev\WTS\Global.asax:line 74
09/07/2018 14:52:24.832 [ohxsge3o3jo1yzuic4as2xph] - Info - http://localhost:50947/Default.aspx - App_Web_iqtt2z2y.dll - _Default.Login() : checking if membership user is logged in and authenticated
09/07/2018 14:52:24.932 [ohxsge3o3jo1yzuic4as2xph] - Info - http://localhost:50947/Default.aspx - App_Web_iqtt2z2y.dll - _Default.Login() : 
ALL available roles: 
    Admin
    Administration
    AOR
    CR
    Dashboard
    MasterData
    Meeting
    News
    Reports
    ResourceManagement
    RQMT
    SustainmentRequest
    Task
    Tester
    View:Administration
    View:AOR
    View:CR
    View:CVTMetrics
    View:Dashboard
    View:MasterData
    View:Meeting
    View:Metrics
    View:News
    View:Reports
    View:ResourceManagement
    View:RQMT
    View:SustainmentRequest
    View:Task
    View:WorkItem
    View:WorkRequest
    WorkItem
    WorkRequest


User erin.mendoza is logged in and is approved.
Organization = Folsom Dev

User is in roles:  
    Admin
    Administration
    CR
    Dashboard
    MasterData
    Meeting
    Reports
    RQMT
    SustainmentRequest
    Task
    View:AOR
    View:CR
    View:CVTMetrics
    View:Meeting
    View:Metrics
    View:News
    View:ResourceManagement
    WorkItem
    WorkRequest

09/07/2018 15:13:09.577 [dyfwm13zsod03guiwdvbe5n4] - Info - http://localhost:50947/Default.aspx - App_Web_iqtt2z2y.dll - _Default.Login() : checking if membership user is logged in and authenticated
09/07/2018 15:13:09.684 [dyfwm13zsod03guiwdvbe5n4] - Info - http://localhost:50947/Default.aspx - App_Web_iqtt2z2y.dll - _Default.Login() : 
ALL available roles: 
    Admin
    Administration
    AOR
    CR
    Dashboard
    MasterData
    Meeting
    News
    Reports
    ResourceManagement
    RQMT
    SustainmentRequest
    Task
    Tester
    View:Administration
    View:AOR
    View:CR
    View:CVTMetrics
    View:Dashboard
    View:MasterData
    View:Meeting
    View:Metrics
    View:News
    View:Reports
    View:ResourceManagement
    View:RQMT
    View:SustainmentRequest
    View:Task
    View:WorkItem
    View:WorkRequest
    WorkItem
    WorkRequest


User erin.mendoza is logged in and is approved.
Organization = Folsom Dev

User is in roles:  
    Admin
    Administration
    CR
    Dashboard
    MasterData
    Meeting
    Reports
    RQMT
    SustainmentRequest
    Task
    View:AOR
    View:CR
    View:CVTMetrics
    View:Meeting
    View:Metrics
    View:News
    View:ResourceManagement
    WorkItem
    WorkRequest

09/07/2018 16:12:04.644 [damht1wbfypuj0b3gb344fcq] - Info - http://localhost:50947/Default.aspx - App_Web_iqtt2z2y.dll - _Default.Login() : checking if membership user is logged in and authenticated
09/07/2018 16:12:04.750 [damht1wbfypuj0b3gb344fcq] - Info - http://localhost:50947/Default.aspx - App_Web_iqtt2z2y.dll - _Default.Login() : 
ALL available roles: 
    Admin
    Administration
    AOR
    CR
    Dashboard
    MasterData
    Meeting
    News
    Reports
    ResourceManagement
    RQMT
    SustainmentRequest
    Task
    Tester
    View:Administration
    View:AOR
    View:CR
    View:CVTMetrics
    View:Dashboard
    View:MasterData
    View:Meeting
    View:Metrics
    View:News
    View:Reports
    View:ResourceManagement
    View:RQMT
    View:SustainmentRequest
    View:Task
    View:WorkItem
    View:WorkRequest
    WorkItem
    WorkRequest


User erin.mendoza is logged in and is approved.
Organization = Folsom Dev

User is in roles:  
    Admin
    Administration
    CR
    Dashboard
    MasterData
    Meeting
    Reports
    RQMT
    SustainmentRequest
    Task
    View:AOR
    View:CR
    View:CVTMetrics
    View:Meeting
    View:Metrics
    View:News
    View:ResourceManagement
    WorkItem
    WorkRequest

09/07/2018 16:45:42.709 [frab2uzkgl04wfq5pyg4trj4] - Info - http://localhost:50947/Default.aspx - App_Web_iqtt2z2y.dll - _Default.Login() : checking if membership user is logged in and authenticated
09/07/2018 16:45:42.900 [frab2uzkgl04wfq5pyg4trj4] - Info - http://localhost:50947/Default.aspx - App_Web_iqtt2z2y.dll - _Default.Login() : 
ALL available roles: 
    Admin
    Administration
    AOR
    CR
    Dashboard
    MasterData
    Meeting
    News
    Reports
    ResourceManagement
    RQMT
    SustainmentRequest
    Task
    Tester
    View:Administration
    View:AOR
    View:CR
    View:CVTMetrics
    View:Dashboard
    View:MasterData
    View:Meeting
    View:Metrics
    View:News
    View:Reports
    View:ResourceManagement
    View:RQMT
    View:SustainmentRequest
    View:Task
    View:WorkItem
    View:WorkRequest
    WorkItem
    WorkRequest


User erin.mendoza is logged in and is approved.
Organization = Folsom Dev

User is in roles:  
    Admin
    Administration
    CR
    Dashboard
    MasterData
    Meeting
    Reports
    RQMT
    SustainmentRequest
    Task
    View:AOR
    View:CR
    View:CVTMetrics
    View:Meeting
    View:Metrics
    View:News
    View:ResourceManagement
    WorkItem
    WorkRequest

09/07/2018 17:18:53.435 [wgtwkalgttvka3t2ctpwmm0g] - Info - http://localhost:50947/Default.aspx - App_Web_iqtt2z2y.dll - _Default.Login() : checking if membership user is logged in and authenticated
09/07/2018 17:18:53.582 [wgtwkalgttvka3t2ctpwmm0g] - Info - http://localhost:50947/Default.aspx - App_Web_iqtt2z2y.dll - _Default.Login() : 
ALL available roles: 
    Admin
    Administration
    AOR
    CR
    Dashboard
    MasterData
    Meeting
    News
    Reports
    ResourceManagement
    RQMT
    SustainmentRequest
    Task
    Tester
    View:Administration
    View:AOR
    View:CR
    View:CVTMetrics
    View:Dashboard
    View:MasterData
    View:Meeting
    View:Metrics
    View:News
    View:Reports
    View:ResourceManagement
    View:RQMT
    View:SustainmentRequest
    View:Task
    View:WorkItem
    View:WorkRequest
    WorkItem
    WorkRequest


User erin.mendoza is logged in and is approved.
Organization = Folsom Dev

User is in roles:  
    Admin
    Administration
    CR
    Dashboard
    MasterData
    Meeting
    Reports
    RQMT
    SustainmentRequest
    Task
    View:AOR
    View:CR
    View:CVTMetrics
    View:Meeting
    View:Metrics
    View:News
    View:ResourceManagement
    WorkItem
    WorkRequest

