10/11/2018 10:59:37.013 [u2purd1nd14vijbkhf2pya01] - Info - http://localhost:50947/Default.aspx - App_Web_3hif1vt5.dll - _Default.Login() : checking if membership user is logged in and authenticated
10/11/2018 10:59:37.148 [u2purd1nd14vijbkhf2pya01] - Info - http://localhost:50947/Default.aspx - App_Web_3hif1vt5.dll - _Default.Login() : 
ALL available roles: 
    Admin
    Administration
    AOR
    CR
    Dashboard
    Deployment
    MasterData
    Meeting
    News
    Reports
    ResourceManagement
    RQMT
    SustainmentRequest
    Task
    Tester
    View:Administration
    View:AOR
    View:CR
    View:CVTMetrics
    View:Dashboard
    View:Deployment
    View:MasterData
    View:Meeting
    View:Metrics
    View:News
    View:Reports
    View:ResourceManagement
    View:RQMT
    View:SustainmentRequest
    View:Task
    View:WorkItem
    View:WorkRequest
    WorkItem
    WorkRequest


User erin.mendoza is logged in and is approved.
Organization = Folsom Dev

User is in roles:  
    Admin
    Administration
    CR
    Dashboard
    MasterData
    Meeting
    Reports
    RQMT
    SustainmentRequest
    Task
    View:AOR
    View:CR
    View:CVTMetrics
    View:Meeting
    View:Metrics
    View:News
    View:ResourceManagement
    WorkItem
    WorkRequest

10/11/2018 11:06:34.808 [[NONE]] - Info - http://localhost:50947/News_AddEdit.aspx?newsId=78&attachmentId=14907&newsTypeId=1&editType=edit&random=0.8049447284801112 - App_global.asax.fkyz5sgm.dll - ASP.global_asax.Application_Error(System.Object, System.EventArgs) : c:\inetpub\wwwroot\Dev\WTS\News_AddEdit.aspx(233): error CS1061: 'ASP.news_addedit_aspx' does not contain a definition for 'fileUpload' and no extension method 'fileUpload' accepting a first argument of type 'ASP.news_addedit_aspx' could be found (are you missing a using directive or an assembly reference?)    at ASP.global_asax.Application_Error(Object sender, EventArgs e) in c:\inetpub\wwwroot\Dev\WTS\Global.asax:line 74
10/11/2018 11:07:34.234 [vdu2bw3nuhj2inim4wqjundi] - Info - http://localhost:50947/Default.aspx - App_Web_pgjzr1tf.dll - _Default.Login() : checking if membership user is logged in and authenticated
10/11/2018 11:07:34.291 [vdu2bw3nuhj2inim4wqjundi] - Info - http://localhost:50947/Default.aspx - App_Web_pgjzr1tf.dll - _Default.Login() : 
ALL available roles: 
    Admin
    Administration
    AOR
    CR
    Dashboard
    Deployment
    MasterData
    Meeting
    News
    Reports
    ResourceManagement
    RQMT
    SustainmentRequest
    Task
    Tester
    View:Administration
    View:AOR
    View:CR
    View:CVTMetrics
    View:Dashboard
    View:Deployment
    View:MasterData
    View:Meeting
    View:Metrics
    View:News
    View:Reports
    View:ResourceManagement
    View:RQMT
    View:SustainmentRequest
    View:Task
    View:WorkItem
    View:WorkRequest
    WorkItem
    WorkRequest


User erin.mendoza is logged in and is approved.
Organization = Folsom Dev

User is in roles:  
    Admin
    Administration
    CR
    Dashboard
    MasterData
    Meeting
    Reports
    RQMT
    SustainmentRequest
    Task
    View:AOR
    View:CR
    View:CVTMetrics
    View:Meeting
    View:Metrics
    View:News
    View:ResourceManagement
    WorkItem
    WorkRequest

10/11/2018 11:42:38.443 [[NONE]] - Info - http://localhost:50947/NewsAttachments.aspx?newsId=78&attachmentId=14907&newsTypeId=1&editType=edit&random=0.9646011975868522&Saved=0 - App_global.asax.fkyz5sgm.dll - ASP.global_asax.Application_Error(System.Object, System.EventArgs) : c:\inetpub\wwwroot\Dev\WTS\NewsAttachments.aspx(54): error CS1002: ; expected    at ASP.global_asax.Application_Error(Object sender, EventArgs e) in c:\inetpub\wwwroot\Dev\WTS\Global.asax:line 74
10/11/2018 11:44:51.463 [5coukzwtdydzlrkblidgnvd3] - Info - http://localhost:50947/Default.aspx - App_Web_cmcsi5tp.dll - _Default.Login() : checking if membership user is logged in and authenticated
10/11/2018 12:27:50.866 [gb1o0nh4zsnchkpxofpzbxxd] - Info - http://localhost:50947/Default.aspx - App_Web_cmcsi5tp.dll - _Default.Login() : checking if membership user is logged in and authenticated
10/11/2018 12:27:50.928 [gb1o0nh4zsnchkpxofpzbxxd] - Info - http://localhost:50947/Default.aspx - App_Web_cmcsi5tp.dll - _Default.Login() : 
ALL available roles: 
    Admin
    Administration
    AOR
    CR
    Dashboard
    Deployment
    MasterData
    Meeting
    News
    Reports
    ResourceManagement
    RQMT
    SustainmentRequest
    Task
    Tester
    View:Administration
    View:AOR
    View:CR
    View:CVTMetrics
    View:Dashboard
    View:Deployment
    View:MasterData
    View:Meeting
    View:Metrics
    View:News
    View:Reports
    View:ResourceManagement
    View:RQMT
    View:SustainmentRequest
    View:Task
    View:WorkItem
    View:WorkRequest
    WorkItem
    WorkRequest


User erin.mendoza is logged in and is approved.
Organization = Folsom Dev

User is in roles:  
    Admin
    Administration
    CR
    Dashboard
    MasterData
    Meeting
    Reports
    RQMT
    SustainmentRequest
    Task
    View:AOR
    View:CR
    View:CVTMetrics
    View:Meeting
    View:Metrics
    View:News
    View:ResourceManagement
    WorkItem
    WorkRequest

10/11/2018 12:49:24.049 [gb1o0nh4zsnchkpxofpzbxxd] - Info - http://localhost:50947/Attachment_Edit.aspx?newsId=78&attachmentId=14907&attachmentId=14907&newsTypeId=1&editType=edit&random=0.8112038464287792&random=1539276314939&Saved=0&Module=News&edit=1&fileName=Test.xlsx&attachmentType=NEWS&description=p&attachmentTypeID=5 - App_global.asax.fkyz5sgm.dll - ASP.global_asax.Application_Error(System.Object, System.EventArgs) : Exception of type 'System.Web.HttpUnhandledException' was thrown.    at ASP.global_asax.Application_Error(Object sender, EventArgs e) in c:\inetpub\wwwroot\Dev\WTS\Global.asax:line 74
10/11/2018 12:53:25.598 [gb1o0nh4zsnchkpxofpzbxxd] - Info - http://localhost:50947/Attachment_Edit.aspx?newsId=78&attachmentId=14907&attachmentId=14907&newsTypeId=1&editType=edit&random=0.8112038464287792&random=1539276622481&Saved=0&Module=News&edit=1&fileName=Test.xlsx&attachmentType=NEWS&description=p&attachmentTypeID=5 - App_global.asax.fkyz5sgm.dll - ASP.global_asax.Application_Error(System.Object, System.EventArgs) : Exception of type 'System.Web.HttpUnhandledException' was thrown.    at ASP.global_asax.Application_Error(Object sender, EventArgs e) in c:\inetpub\wwwroot\Dev\WTS\Global.asax:line 74
10/11/2018 12:58:47.111 [vkxvwm1olptfl0uz5qqxqu43] - Info - http://localhost:50947/Default.aspx - App_Web_ss2tsqp3.dll - _Default.Login() : checking if membership user is logged in and authenticated
10/11/2018 12:58:47.214 [vkxvwm1olptfl0uz5qqxqu43] - Info - http://localhost:50947/Default.aspx - App_Web_ss2tsqp3.dll - _Default.Login() : 
ALL available roles: 
    Admin
    Administration
    AOR
    CR
    Dashboard
    Deployment
    MasterData
    Meeting
    News
    Reports
    ResourceManagement
    RQMT
    SustainmentRequest
    Task
    Tester
    View:Administration
    View:AOR
    View:CR
    View:CVTMetrics
    View:Dashboard
    View:Deployment
    View:MasterData
    View:Meeting
    View:Metrics
    View:News
    View:Reports
    View:ResourceManagement
    View:RQMT
    View:SustainmentRequest
    View:Task
    View:WorkItem
    View:WorkRequest
    WorkItem
    WorkRequest


User erin.mendoza is logged in and is approved.
Organization = Folsom Dev

User is in roles:  
    Admin
    Administration
    CR
    Dashboard
    MasterData
    Meeting
    Reports
    RQMT
    SustainmentRequest
    Task
    View:AOR
    View:CR
    View:CVTMetrics
    View:Meeting
    View:Metrics
    View:News
    View:ResourceManagement
    WorkItem
    WorkRequest

10/11/2018 13:22:48.504 [ijtyeealtmlkm4wmquj3eatu] - Info - http://localhost:50947/Default.aspx - App_Web_ss2tsqp3.dll - _Default.Login() : checking if membership user is logged in and authenticated
10/11/2018 13:22:48.615 [ijtyeealtmlkm4wmquj3eatu] - Info - http://localhost:50947/Default.aspx - App_Web_ss2tsqp3.dll - _Default.Login() : 
ALL available roles: 
    Admin
    Administration
    AOR
    CR
    Dashboard
    Deployment
    MasterData
    Meeting
    News
    Reports
    ResourceManagement
    RQMT
    SustainmentRequest
    Task
    Tester
    View:Administration
    View:AOR
    View:CR
    View:CVTMetrics
    View:Dashboard
    View:Deployment
    View:MasterData
    View:Meeting
    View:Metrics
    View:News
    View:Reports
    View:ResourceManagement
    View:RQMT
    View:SustainmentRequest
    View:Task
    View:WorkItem
    View:WorkRequest
    WorkItem
    WorkRequest


User erin.mendoza is logged in and is approved.
Organization = Folsom Dev

User is in roles:  
    Admin
    Administration
    CR
    Dashboard
    MasterData
    Meeting
    Reports
    RQMT
    SustainmentRequest
    Task
    View:AOR
    View:CR
    View:CVTMetrics
    View:Meeting
    View:Metrics
    View:News
    View:ResourceManagement
    WorkItem
    WorkRequest

10/11/2018 13:23:17.777 [y21zmpt5efr1djmtu3ci0mew] - Info - http://localhost:50947/Default.aspx - App_Web_ss2tsqp3.dll - _Default.Login() : checking if membership user is logged in and authenticated
10/11/2018 13:23:17.861 [y21zmpt5efr1djmtu3ci0mew] - Info - http://localhost:50947/Default.aspx - App_Web_ss2tsqp3.dll - _Default.Login() : 
ALL available roles: 
    Admin
    Administration
    AOR
    CR
    Dashboard
    Deployment
    MasterData
    Meeting
    News
    Reports
    ResourceManagement
    RQMT
    SustainmentRequest
    Task
    Tester
    View:Administration
    View:AOR
    View:CR
    View:CVTMetrics
    View:Dashboard
    View:Deployment
    View:MasterData
    View:Meeting
    View:Metrics
    View:News
    View:Reports
    View:ResourceManagement
    View:RQMT
    View:SustainmentRequest
    View:Task
    View:WorkItem
    View:WorkRequest
    WorkItem
    WorkRequest


User erin.mendoza is logged in and is approved.
Organization = Folsom Dev

User is in roles:  
    Admin
    Administration
    CR
    Dashboard
    MasterData
    Meeting
    Reports
    RQMT
    SustainmentRequest
    Task
    View:AOR
    View:CR
    View:CVTMetrics
    View:Meeting
    View:Metrics
    View:News
    View:ResourceManagement
    WorkItem
    WorkRequest

10/11/2018 14:50:03.301 [[NONE]] - Info - http://localhost:50947/NewsAttachments.aspx?newsId=78&attachmentId=14907&newsTypeId=1&editType=edit&random=0.8185480364562873&Saved=0 - App_global.asax.fe0bfhpj.dll - ASP.global_asax.Application_Error(System.Object, System.EventArgs) : c:\inetpub\wwwroot\Dev\WTS\NewsAttachments.aspx.cs(38): error CS1738: Named argument specifications must appear after all fixed arguments have been specified    at ASP.global_asax.Application_Error(Object sender, EventArgs e) in c:\inetpub\wwwroot\Dev\WTS\Global.asax:line 74
10/11/2018 14:50:23.721 [[NONE]] - Info - http://localhost:50947/NewsAttachments.aspx?newsId=78&attachmentId=14907&newsTypeId=1&editType=edit&random=0.5223408804569574&Saved=0 - App_global.asax.fe0bfhpj.dll - ASP.global_asax.Application_Error(System.Object, System.EventArgs) : c:\inetpub\wwwroot\Dev\WTS\NewsAttachments.aspx.cs(38): error CS1738: Named argument specifications must appear after all fixed arguments have been specified    at ASP.global_asax.Application_Error(Object sender, EventArgs e) in c:\inetpub\wwwroot\Dev\WTS\Global.asax:line 74
10/11/2018 15:22:33.210 [m2dux03bedbzq0ud5j1zdhj5] - Info - http://localhost:50947/Default.aspx - App_Web_vvxrddn3.dll - _Default.Login() : checking if membership user is logged in and authenticated
10/11/2018 15:22:33.330 [m2dux03bedbzq0ud5j1zdhj5] - Info - http://localhost:50947/Default.aspx - App_Web_vvxrddn3.dll - _Default.Login() : 
ALL available roles: 
    Admin
    Administration
    AOR
    CR
    Dashboard
    Deployment
    MasterData
    Meeting
    News
    Reports
    ResourceManagement
    RQMT
    SustainmentRequest
    Task
    Tester
    View:Administration
    View:AOR
    View:CR
    View:CVTMetrics
    View:Dashboard
    View:Deployment
    View:MasterData
    View:Meeting
    View:Metrics
    View:News
    View:Reports
    View:ResourceManagement
    View:RQMT
    View:SustainmentRequest
    View:Task
    View:WorkItem
    View:WorkRequest
    WorkItem
    WorkRequest


User erin.mendoza is logged in and is approved.
Organization = Folsom Dev

User is in roles:  
    Admin
    Administration
    CR
    Dashboard
    MasterData
    Meeting
    Reports
    RQMT
    SustainmentRequest
    Task
    View:AOR
    View:CR
    View:CVTMetrics
    View:Meeting
    View:Metrics
    View:News
    View:ResourceManagement
    WorkItem
    WorkRequest

10/11/2018 15:44:21.587 [m2dux03bedbzq0ud5j1zdhj5] - Info - http://localhost:50947/News_AddEdit.aspx?newsId=78&newsTypeId=2&editType=edit&random=0.8889395463999825 - App_global.asax.fe0bfhpj.dll - ASP.global_asax.Application_Error(System.Object, System.EventArgs) : Exception of type 'System.Web.HttpUnhandledException' was thrown.    at ASP.global_asax.Application_Error(Object sender, EventArgs e) in c:\inetpub\wwwroot\Dev\WTS\Global.asax:line 74
10/11/2018 15:56:13.701 [[NONE]] - Info - http://localhost:50947/News_AddEdit.aspx?newsId=78&newsTypeId=2&editType=edit&random=0.32534700407765804 - App_global.asax.fe0bfhpj.dll - ASP.global_asax.Application_Error(System.Object, System.EventArgs) : c:\inetpub\wwwroot\Dev\WTS\News_AddEdit.aspx.cs(76): error CS0029: Cannot implicitly convert type 'int' to 'string'    at ASP.global_asax.Application_Error(Object sender, EventArgs e) in c:\inetpub\wwwroot\Dev\WTS\Global.asax:line 74
10/11/2018 16:01:25.383 [nukfrbgyhm0qojnfley4aorh] - Info - http://localhost:50947/Default.aspx - App_Web_faemitg4.dll - _Default.Login() : checking if membership user is logged in and authenticated
10/11/2018 16:01:25.495 [nukfrbgyhm0qojnfley4aorh] - Info - http://localhost:50947/Default.aspx - App_Web_faemitg4.dll - _Default.Login() : 
ALL available roles: 
    Admin
    Administration
    AOR
    CR
    Dashboard
    Deployment
    MasterData
    Meeting
    News
    Reports
    ResourceManagement
    RQMT
    SustainmentRequest
    Task
    Tester
    View:Administration
    View:AOR
    View:CR
    View:CVTMetrics
    View:Dashboard
    View:Deployment
    View:MasterData
    View:Meeting
    View:Metrics
    View:News
    View:Reports
    View:ResourceManagement
    View:RQMT
    View:SustainmentRequest
    View:Task
    View:WorkItem
    View:WorkRequest
    WorkItem
    WorkRequest


User erin.mendoza is logged in and is approved.
Organization = Folsom Dev

User is in roles:  
    Admin
    Administration
    CR
    Dashboard
    MasterData
    Meeting
    Reports
    RQMT
    SustainmentRequest
    Task
    View:AOR
    View:CR
    View:CVTMetrics
    View:Meeting
    View:Metrics
    View:News
    View:ResourceManagement
    WorkItem
    WorkRequest

10/11/2018 16:08:55.495 [nukfrbgyhm0qojnfley4aorh] - Info - http://localhost:50947/News_AddEdit.aspx?newsId=-1&editType=add&random=0.6229352860925883 - App_global.asax.sboortys.dll - ASP.global_asax.Application_Error(System.Object, System.EventArgs) : Exception of type 'System.Web.HttpUnhandledException' was thrown.    at ASP.global_asax.Application_Error(Object sender, EventArgs e) in c:\inetpub\wwwroot\Dev\WTS\Global.asax:line 74
10/11/2018 16:19:11.200 [nukfrbgyhm0qojnfley4aorh] - Info - http://localhost:50947/Default.aspx - App_Web_5isx3wue.dll - _Default.Login() : checking if membership user is logged in and authenticated
10/11/2018 16:19:11.262 [nukfrbgyhm0qojnfley4aorh] - Info - http://localhost:50947/Default.aspx - App_Web_5isx3wue.dll - _Default.Login() : 
ALL available roles: 
    Admin
    Administration
    AOR
    CR
    Dashboard
    Deployment
    MasterData
    Meeting
    News
    Reports
    ResourceManagement
    RQMT
    SustainmentRequest
    Task
    Tester
    View:Administration
    View:AOR
    View:CR
    View:CVTMetrics
    View:Dashboard
    View:Deployment
    View:MasterData
    View:Meeting
    View:Metrics
    View:News
    View:Reports
    View:ResourceManagement
    View:RQMT
    View:SustainmentRequest
    View:Task
    View:WorkItem
    View:WorkRequest
    WorkItem
    WorkRequest


User erin.mendoza is logged in and is approved.
Organization = Folsom Dev

User is in roles:  
    Admin
    Administration
    CR
    Dashboard
    MasterData
    Meeting
    Reports
    RQMT
    SustainmentRequest
    Task
    View:AOR
    View:CR
    View:CVTMetrics
    View:Meeting
    View:Metrics
    View:News
    View:ResourceManagement
    WorkItem
    WorkRequest

10/11/2018 16:36:12.003 [2iyma2hfyy3tx41ydrlwo5fy] - Info - http://localhost:50947/Default.aspx - App_Web_rltmftgo.dll - _Default.Login() : checking if membership user is logged in and authenticated
10/11/2018 16:36:12.109 [2iyma2hfyy3tx41ydrlwo5fy] - Info - http://localhost:50947/Default.aspx - App_Web_rltmftgo.dll - _Default.Login() : 
ALL available roles: 
    Admin
    Administration
    AOR
    CR
    Dashboard
    Deployment
    MasterData
    Meeting
    News
    Reports
    ResourceManagement
    RQMT
    SustainmentRequest
    Task
    Tester
    View:Administration
    View:AOR
    View:CR
    View:CVTMetrics
    View:Dashboard
    View:Deployment
    View:MasterData
    View:Meeting
    View:Metrics
    View:News
    View:Reports
    View:ResourceManagement
    View:RQMT
    View:SustainmentRequest
    View:Task
    View:WorkItem
    View:WorkRequest
    WorkItem
    WorkRequest


User erin.mendoza is logged in and is approved.
Organization = Folsom Dev

User is in roles:  
    Admin
    Administration
    CR
    Dashboard
    MasterData
    Meeting
    Reports
    RQMT
    SustainmentRequest
    Task
    View:AOR
    View:CR
    View:CVTMetrics
    View:Meeting
    View:Metrics
    View:News
    View:ResourceManagement
    WorkItem
    WorkRequest

10/11/2018 16:38:38.969 [2iyma2hfyy3tx41ydrlwo5fy] - Info - http://localhost:50947/News_AddEdit.aspx?newsId=-1&editType=add&random=0.9354129646784898 - App_global.asax.gndpkcpm.dll - ASP.global_asax.Application_Error(System.Object, System.EventArgs) : c:\inetpub\wwwroot\Dev\WTS\News_AddEdit.aspx.cs(264): error CS1502: The best overloaded method match for 'WTSNews.SaveNews(WTSNewsArticle, int, int)' has some invalid arguments    at ASP.global_asax.Application_Error(Object sender, EventArgs e) in c:\inetpub\wwwroot\Dev\WTS\Global.asax:line 74
10/11/2018 16:39:46.166 [[NONE]] - Info - http://localhost:50947/News_AddEdit.aspx?newsId=-1&editType=add&random=0.18069257455069032 - App_global.asax.gndpkcpm.dll - ASP.global_asax.Application_Error(System.Object, System.EventArgs) : c:\inetpub\wwwroot\Dev\WTS\News_AddEdit.aspx.cs(264): error CS1502: The best overloaded method match for 'WTSNews.SaveNews(WTSNewsArticle, int, int)' has some invalid arguments    at ASP.global_asax.Application_Error(Object sender, EventArgs e) in c:\inetpub\wwwroot\Dev\WTS\Global.asax:line 74
10/11/2018 16:48:13.049 [2iyma2hfyy3tx41ydrlwo5fy] - Info - http://localhost:50947/Default.aspx - App_Web_rltmftgo.dll - _Default.Login() : checking if membership user is logged in and authenticated
10/11/2018 16:48:13.157 [2iyma2hfyy3tx41ydrlwo5fy] - Info - http://localhost:50947/Default.aspx - App_Web_rltmftgo.dll - _Default.Login() : 
ALL available roles: 
    Admin
    Administration
    AOR
    CR
    Dashboard
    Deployment
    MasterData
    Meeting
    News
    Reports
    ResourceManagement
    RQMT
    SustainmentRequest
    Task
    Tester
    View:Administration
    View:AOR
    View:CR
    View:CVTMetrics
    View:Dashboard
    View:Deployment
    View:MasterData
    View:Meeting
    View:Metrics
    View:News
    View:Reports
    View:ResourceManagement
    View:RQMT
    View:SustainmentRequest
    View:Task
    View:WorkItem
    View:WorkRequest
    WorkItem
    WorkRequest


User erin.mendoza is logged in and is approved.
Organization = Folsom Dev

User is in roles:  
    Admin
    Administration
    CR
    Dashboard
    MasterData
    Meeting
    Reports
    RQMT
    SustainmentRequest
    Task
    View:AOR
    View:CR
    View:CVTMetrics
    View:Meeting
    View:Metrics
    View:News
    View:ResourceManagement
    WorkItem
    WorkRequest

10/11/2018 17:00:02.632 [f1vohdbk2rj3lzpzsbtq2zml] - Info - http://localhost:50947/Default.aspx - App_Web_rltmftgo.dll - _Default.Login() : checking if membership user is logged in and authenticated
10/11/2018 17:00:02.835 [f1vohdbk2rj3lzpzsbtq2zml] - Info - http://localhost:50947/Default.aspx - App_Web_rltmftgo.dll - _Default.Login() : 
ALL available roles: 
    Admin
    Administration
    AOR
    CR
    Dashboard
    Deployment
    MasterData
    Meeting
    News
    Reports
    ResourceManagement
    RQMT
    SustainmentRequest
    Task
    Tester
    View:Administration
    View:AOR
    View:CR
    View:CVTMetrics
    View:Dashboard
    View:Deployment
    View:MasterData
    View:Meeting
    View:Metrics
    View:News
    View:Reports
    View:ResourceManagement
    View:RQMT
    View:SustainmentRequest
    View:Task
    View:WorkItem
    View:WorkRequest
    WorkItem
    WorkRequest


User erin.mendoza is logged in and is approved.
Organization = Folsom Dev

User is in roles:  
    Admin
    Administration
    CR
    Dashboard
    MasterData
    Meeting
    Reports
    RQMT
    SustainmentRequest
    Task
    View:AOR
    View:CR
    View:CVTMetrics
    View:Meeting
    View:Metrics
    View:News
    View:ResourceManagement
    WorkItem
    WorkRequest

10/11/2018 17:01:43.847 [f1vohdbk2rj3lzpzsbtq2zml] - Info - http://localhost:50947/Default.aspx - App_Web_rltmftgo.dll - _Default.Login() : checking if membership user is logged in and authenticated
10/11/2018 17:01:43.960 [f1vohdbk2rj3lzpzsbtq2zml] - Info - http://localhost:50947/Default.aspx - App_Web_rltmftgo.dll - _Default.Login() : 
ALL available roles: 
    Admin
    Administration
    AOR
    CR
    Dashboard
    Deployment
    MasterData
    Meeting
    News
    Reports
    ResourceManagement
    RQMT
    SustainmentRequest
    Task
    Tester
    View:Administration
    View:AOR
    View:CR
    View:CVTMetrics
    View:Dashboard
    View:Deployment
    View:MasterData
    View:Meeting
    View:Metrics
    View:News
    View:Reports
    View:ResourceManagement
    View:RQMT
    View:SustainmentRequest
    View:Task
    View:WorkItem
    View:WorkRequest
    WorkItem
    WorkRequest


User erin.mendoza is logged in and is approved.
Organization = Folsom Dev

User is in roles:  
    Admin
    Administration
    CR
    Dashboard
    MasterData
    Meeting
    Reports
    RQMT
    SustainmentRequest
    Task
    View:AOR
    View:CR
    View:CVTMetrics
    View:Meeting
    View:Metrics
    View:News
    View:ResourceManagement
    WorkItem
    WorkRequest

10/11/2018 17:03:07.965 [f1vohdbk2rj3lzpzsbtq2zml] - Info - http://localhost:50947/Default.aspx - App_Web_rltmftgo.dll - _Default.Login() : checking if membership user is logged in and authenticated
10/11/2018 17:03:08.093 [f1vohdbk2rj3lzpzsbtq2zml] - Info - http://localhost:50947/Default.aspx - App_Web_rltmftgo.dll - _Default.Login() : 
ALL available roles: 
    Admin
    Administration
    AOR
    CR
    Dashboard
    Deployment
    MasterData
    Meeting
    News
    Reports
    ResourceManagement
    RQMT
    SustainmentRequest
    Task
    Tester
    View:Administration
    View:AOR
    View:CR
    View:CVTMetrics
    View:Dashboard
    View:Deployment
    View:MasterData
    View:Meeting
    View:Metrics
    View:News
    View:Reports
    View:ResourceManagement
    View:RQMT
    View:SustainmentRequest
    View:Task
    View:WorkItem
    View:WorkRequest
    WorkItem
    WorkRequest


User erin.mendoza is logged in and is approved.
Organization = Folsom Dev

User is in roles:  
    Admin
    Administration
    CR
    Dashboard
    MasterData
    Meeting
    Reports
    RQMT
    SustainmentRequest
    Task
    View:AOR
    View:CR
    View:CVTMetrics
    View:Meeting
    View:Metrics
    View:News
    View:ResourceManagement
    WorkItem
    WorkRequest

10/11/2018 17:21:48.518 [f1vohdbk2rj3lzpzsbtq2zml] - Info - http://localhost:50947/Default.aspx - App_Web_rltmftgo.dll - _Default.Login() : checking if membership user is logged in and authenticated
10/11/2018 17:21:48.592 [f1vohdbk2rj3lzpzsbtq2zml] - Info - http://localhost:50947/Default.aspx - App_Web_rltmftgo.dll - _Default.Login() : 
ALL available roles: 
    Admin
    Administration
    AOR
    CR
    Dashboard
    Deployment
    MasterData
    Meeting
    News
    Reports
    ResourceManagement
    RQMT
    SustainmentRequest
    Task
    Tester
    View:Administration
    View:AOR
    View:CR
    View:CVTMetrics
    View:Dashboard
    View:Deployment
    View:MasterData
    View:Meeting
    View:Metrics
    View:News
    View:Reports
    View:ResourceManagement
    View:RQMT
    View:SustainmentRequest
    View:Task
    View:WorkItem
    View:WorkRequest
    WorkItem
    WorkRequest


User erin.mendoza is logged in and is approved.
Organization = Folsom Dev

User is in roles:  
    Admin
    Administration
    CR
    Dashboard
    MasterData
    Meeting
    Reports
    RQMT
    SustainmentRequest
    Task
    View:AOR
    View:CR
    View:CVTMetrics
    View:Meeting
    View:Metrics
    View:News
    View:ResourceManagement
    WorkItem
    WorkRequest

10/11/2018 17:22:25.689 [f1vohdbk2rj3lzpzsbtq2zml] - Info - http://localhost:50947/Default.aspx - App_Web_rltmftgo.dll - _Default.Login() : checking if membership user is logged in and authenticated
10/11/2018 17:22:25.735 [f1vohdbk2rj3lzpzsbtq2zml] - Info - http://localhost:50947/Default.aspx - App_Web_rltmftgo.dll - _Default.Login() : 
ALL available roles: 
    Admin
    Administration
    AOR
    CR
    Dashboard
    Deployment
    MasterData
    Meeting
    News
    Reports
    ResourceManagement
    RQMT
    SustainmentRequest
    Task
    Tester
    View:Administration
    View:AOR
    View:CR
    View:CVTMetrics
    View:Dashboard
    View:Deployment
    View:MasterData
    View:Meeting
    View:Metrics
    View:News
    View:Reports
    View:ResourceManagement
    View:RQMT
    View:SustainmentRequest
    View:Task
    View:WorkItem
    View:WorkRequest
    WorkItem
    WorkRequest


User erin.mendoza is logged in and is approved.
Organization = Folsom Dev

User is in roles:  
    Admin
    Administration
    CR
    Dashboard
    MasterData
    Meeting
    Reports
    RQMT
    SustainmentRequest
    Task
    View:AOR
    View:CR
    View:CVTMetrics
    View:Meeting
    View:Metrics
    View:News
    View:ResourceManagement
    WorkItem
    WorkRequest

10/11/2018 17:27:31.016 [f1vohdbk2rj3lzpzsbtq2zml] - Info - http://localhost:50947/Default.aspx - App_Web_rltmftgo.dll - _Default.Login() : checking if membership user is logged in and authenticated
10/11/2018 17:27:31.061 [f1vohdbk2rj3lzpzsbtq2zml] - Info - http://localhost:50947/Default.aspx - App_Web_rltmftgo.dll - _Default.Login() : 
ALL available roles: 
    Admin
    Administration
    AOR
    CR
    Dashboard
    Deployment
    MasterData
    Meeting
    News
    Reports
    ResourceManagement
    RQMT
    SustainmentRequest
    Task
    Tester
    View:Administration
    View:AOR
    View:CR
    View:CVTMetrics
    View:Dashboard
    View:Deployment
    View:MasterData
    View:Meeting
    View:Metrics
    View:News
    View:Reports
    View:ResourceManagement
    View:RQMT
    View:SustainmentRequest
    View:Task
    View:WorkItem
    View:WorkRequest
    WorkItem
    WorkRequest


User erin.mendoza is logged in and is approved.
Organization = Folsom Dev

User is in roles:  
    Admin
    Administration
    CR
    Dashboard
    MasterData
    Meeting
    Reports
    RQMT
    SustainmentRequest
    Task
    View:AOR
    View:CR
    View:CVTMetrics
    View:Meeting
    View:Metrics
    View:News
    View:ResourceManagement
    WorkItem
    WorkRequest

10/11/2018 17:29:06.280 [f1vohdbk2rj3lzpzsbtq2zml] - Info - http://localhost:50947/Default.aspx - App_Web_rltmftgo.dll - _Default.Login() : checking if membership user is logged in and authenticated
10/11/2018 17:29:06.334 [f1vohdbk2rj3lzpzsbtq2zml] - Info - http://localhost:50947/Default.aspx - App_Web_rltmftgo.dll - _Default.Login() : 
ALL available roles: 
    Admin
    Administration
    AOR
    CR
    Dashboard
    Deployment
    MasterData
    Meeting
    News
    Reports
    ResourceManagement
    RQMT
    SustainmentRequest
    Task
    Tester
    View:Administration
    View:AOR
    View:CR
    View:CVTMetrics
    View:Dashboard
    View:Deployment
    View:MasterData
    View:Meeting
    View:Metrics
    View:News
    View:Reports
    View:ResourceManagement
    View:RQMT
    View:SustainmentRequest
    View:Task
    View:WorkItem
    View:WorkRequest
    WorkItem
    WorkRequest


User erin.mendoza is logged in and is approved.
Organization = Folsom Dev

User is in roles:  
    Admin
    Administration
    CR
    Dashboard
    MasterData
    Meeting
    Reports
    RQMT
    SustainmentRequest
    Task
    View:AOR
    View:CR
    View:CVTMetrics
    View:Meeting
    View:Metrics
    View:News
    View:ResourceManagement
    WorkItem
    WorkRequest

10/11/2018 17:32:12.408 [f1vohdbk2rj3lzpzsbtq2zml] - Info - http://localhost:50947/Default.aspx - App_Web_rltmftgo.dll - _Default.Login() : checking if membership user is logged in and authenticated
10/11/2018 17:32:12.514 [f1vohdbk2rj3lzpzsbtq2zml] - Info - http://localhost:50947/Default.aspx - App_Web_rltmftgo.dll - _Default.Login() : 
ALL available roles: 
    Admin
    Administration
    AOR
    CR
    Dashboard
    Deployment
    MasterData
    Meeting
    News
    Reports
    ResourceManagement
    RQMT
    SustainmentRequest
    Task
    Tester
    View:Administration
    View:AOR
    View:CR
    View:CVTMetrics
    View:Dashboard
    View:Deployment
    View:MasterData
    View:Meeting
    View:Metrics
    View:News
    View:Reports
    View:ResourceManagement
    View:RQMT
    View:SustainmentRequest
    View:Task
    View:WorkItem
    View:WorkRequest
    WorkItem
    WorkRequest


User erin.mendoza is logged in and is approved.
Organization = Folsom Dev

User is in roles:  
    Admin
    Administration
    CR
    Dashboard
    MasterData
    Meeting
    Reports
    RQMT
    SustainmentRequest
    Task
    View:AOR
    View:CR
    View:CVTMetrics
    View:Meeting
    View:Metrics
    View:News
    View:ResourceManagement
    WorkItem
    WorkRequest

10/11/2018 17:33:02.006 [f1vohdbk2rj3lzpzsbtq2zml] - Info - http://localhost:50947/Default.aspx - App_Web_rltmftgo.dll - _Default.Login() : checking if membership user is logged in and authenticated
10/11/2018 17:33:02.053 [f1vohdbk2rj3lzpzsbtq2zml] - Info - http://localhost:50947/Default.aspx - App_Web_rltmftgo.dll - _Default.Login() : 
ALL available roles: 
    Admin
    Administration
    AOR
    CR
    Dashboard
    Deployment
    MasterData
    Meeting
    News
    Reports
    ResourceManagement
    RQMT
    SustainmentRequest
    Task
    Tester
    View:Administration
    View:AOR
    View:CR
    View:CVTMetrics
    View:Dashboard
    View:Deployment
    View:MasterData
    View:Meeting
    View:Metrics
    View:News
    View:Reports
    View:ResourceManagement
    View:RQMT
    View:SustainmentRequest
    View:Task
    View:WorkItem
    View:WorkRequest
    WorkItem
    WorkRequest


User erin.mendoza is logged in and is approved.
Organization = Folsom Dev

User is in roles:  
    Admin
    Administration
    CR
    Dashboard
    MasterData
    Meeting
    Reports
    RQMT
    SustainmentRequest
    Task
    View:AOR
    View:CR
    View:CVTMetrics
    View:Meeting
    View:Metrics
    View:News
    View:ResourceManagement
    WorkItem
    WorkRequest

10/11/2018 17:34:50.308 [f1vohdbk2rj3lzpzsbtq2zml] - Info - http://localhost:50947/Default.aspx - App_Web_rltmftgo.dll - _Default.Login() : checking if membership user is logged in and authenticated
10/11/2018 17:34:50.376 [f1vohdbk2rj3lzpzsbtq2zml] - Info - http://localhost:50947/Default.aspx - App_Web_rltmftgo.dll - _Default.Login() : 
ALL available roles: 
    Admin
    Administration
    AOR
    CR
    Dashboard
    Deployment
    MasterData
    Meeting
    News
    Reports
    ResourceManagement
    RQMT
    SustainmentRequest
    Task
    Tester
    View:Administration
    View:AOR
    View:CR
    View:CVTMetrics
    View:Dashboard
    View:Deployment
    View:MasterData
    View:Meeting
    View:Metrics
    View:News
    View:Reports
    View:ResourceManagement
    View:RQMT
    View:SustainmentRequest
    View:Task
    View:WorkItem
    View:WorkRequest
    WorkItem
    WorkRequest


User erin.mendoza is logged in and is approved.
Organization = Folsom Dev

User is in roles:  
    Admin
    Administration
    CR
    Dashboard
    MasterData
    Meeting
    Reports
    RQMT
    SustainmentRequest
    Task
    View:AOR
    View:CR
    View:CVTMetrics
    View:Meeting
    View:Metrics
    View:News
    View:ResourceManagement
    WorkItem
    WorkRequest

10/11/2018 17:35:47.649 [f1vohdbk2rj3lzpzsbtq2zml] - Info - http://localhost:50947/Default.aspx - App_Web_rltmftgo.dll - _Default.Login() : checking if membership user is logged in and authenticated
10/11/2018 17:35:47.799 [f1vohdbk2rj3lzpzsbtq2zml] - Info - http://localhost:50947/Default.aspx - App_Web_rltmftgo.dll - _Default.Login() : 
ALL available roles: 
    Admin
    Administration
    AOR
    CR
    Dashboard
    Deployment
    MasterData
    Meeting
    News
    Reports
    ResourceManagement
    RQMT
    SustainmentRequest
    Task
    Tester
    View:Administration
    View:AOR
    View:CR
    View:CVTMetrics
    View:Dashboard
    View:Deployment
    View:MasterData
    View:Meeting
    View:Metrics
    View:News
    View:Reports
    View:ResourceManagement
    View:RQMT
    View:SustainmentRequest
    View:Task
    View:WorkItem
    View:WorkRequest
    WorkItem
    WorkRequest


User erin.mendoza is logged in and is approved.
Organization = Folsom Dev

User is in roles:  
    Admin
    Administration
    CR
    Dashboard
    MasterData
    Meeting
    Reports
    RQMT
    SustainmentRequest
    Task
    View:AOR
    View:CR
    View:CVTMetrics
    View:Meeting
    View:Metrics
    View:News
    View:ResourceManagement
    WorkItem
    WorkRequest

10/11/2018 17:36:26.126 [f1vohdbk2rj3lzpzsbtq2zml] - Info - http://localhost:50947/Default.aspx - App_Web_rltmftgo.dll - _Default.Login() : checking if membership user is logged in and authenticated
10/11/2018 17:36:26.173 [f1vohdbk2rj3lzpzsbtq2zml] - Info - http://localhost:50947/Default.aspx - App_Web_rltmftgo.dll - _Default.Login() : 
ALL available roles: 
    Admin
    Administration
    AOR
    CR
    Dashboard
    Deployment
    MasterData
    Meeting
    News
    Reports
    ResourceManagement
    RQMT
    SustainmentRequest
    Task
    Tester
    View:Administration
    View:AOR
    View:CR
    View:CVTMetrics
    View:Dashboard
    View:Deployment
    View:MasterData
    View:Meeting
    View:Metrics
    View:News
    View:Reports
    View:ResourceManagement
    View:RQMT
    View:SustainmentRequest
    View:Task
    View:WorkItem
    View:WorkRequest
    WorkItem
    WorkRequest


User erin.mendoza is logged in and is approved.
Organization = Folsom Dev

User is in roles:  
    Admin
    Administration
    CR
    Dashboard
    MasterData
    Meeting
    Reports
    RQMT
    SustainmentRequest
    Task
    View:AOR
    View:CR
    View:CVTMetrics
    View:Meeting
    View:Metrics
    View:News
    View:ResourceManagement
    WorkItem
    WorkRequest

10/11/2018 17:38:25.227 [f1vohdbk2rj3lzpzsbtq2zml] - Info - http://localhost:50947/Default.aspx - App_Web_rltmftgo.dll - _Default.Login() : checking if membership user is logged in and authenticated
10/11/2018 17:38:25.283 [f1vohdbk2rj3lzpzsbtq2zml] - Info - http://localhost:50947/Default.aspx - App_Web_rltmftgo.dll - _Default.Login() : 
ALL available roles: 
    Admin
    Administration
    AOR
    CR
    Dashboard
    Deployment
    MasterData
    Meeting
    News
    Reports
    ResourceManagement
    RQMT
    SustainmentRequest
    Task
    Tester
    View:Administration
    View:AOR
    View:CR
    View:CVTMetrics
    View:Dashboard
    View:Deployment
    View:MasterData
    View:Meeting
    View:Metrics
    View:News
    View:Reports
    View:ResourceManagement
    View:RQMT
    View:SustainmentRequest
    View:Task
    View:WorkItem
    View:WorkRequest
    WorkItem
    WorkRequest


User erin.mendoza is logged in and is approved.
Organization = Folsom Dev

User is in roles:  
    Admin
    Administration
    CR
    Dashboard
    MasterData
    Meeting
    Reports
    RQMT
    SustainmentRequest
    Task
    View:AOR
    View:CR
    View:CVTMetrics
    View:Meeting
    View:Metrics
    View:News
    View:ResourceManagement
    WorkItem
    WorkRequest

10/11/2018 17:51:40.438 [f1vohdbk2rj3lzpzsbtq2zml] - Info - http://localhost:50947/Default.aspx - App_Web_rltmftgo.dll - _Default.Login() : checking if membership user is logged in and authenticated
10/11/2018 17:51:40.553 [f1vohdbk2rj3lzpzsbtq2zml] - Info - http://localhost:50947/Default.aspx - App_Web_rltmftgo.dll - _Default.Login() : 
ALL available roles: 
    Admin
    Administration
    AOR
    CR
    Dashboard
    Deployment
    MasterData
    Meeting
    News
    Reports
    ResourceManagement
    RQMT
    SustainmentRequest
    Task
    Tester
    View:Administration
    View:AOR
    View:CR
    View:CVTMetrics
    View:Dashboard
    View:Deployment
    View:MasterData
    View:Meeting
    View:Metrics
    View:News
    View:Reports
    View:ResourceManagement
    View:RQMT
    View:SustainmentRequest
    View:Task
    View:WorkItem
    View:WorkRequest
    WorkItem
    WorkRequest


User erin.mendoza is logged in and is approved.
Organization = Folsom Dev

User is in roles:  
    Admin
    Administration
    CR
    Dashboard
    MasterData
    Meeting
    Reports
    RQMT
    SustainmentRequest
    Task
    View:AOR
    View:CR
    View:CVTMetrics
    View:Meeting
    View:Metrics
    View:News
    View:ResourceManagement
    WorkItem
    WorkRequest

10/11/2018 17:51:54.987 [[NONE]] - Info - http://localhost:50947/Dashboard.aspx - App_global.asax.gndpkcpm.dll - ASP.global_asax.Application_Error(System.Object, System.EventArgs) : c:\inetpub\wwwroot\Dev\WTS\Dashboard.aspx.cs(26): error CS0103: The name 'gridNews' does not exist in the current context    at ASP.global_asax.Application_Error(Object sender, EventArgs e) in c:\inetpub\wwwroot\Dev\WTS\Global.asax:line 74
10/11/2018 17:52:25.087 [f1vohdbk2rj3lzpzsbtq2zml] - Info - http://localhost:50947/Default.aspx - App_Web_rltmftgo.dll - _Default.Login() : checking if membership user is logged in and authenticated
10/11/2018 17:52:25.141 [f1vohdbk2rj3lzpzsbtq2zml] - Info - http://localhost:50947/Default.aspx - App_Web_rltmftgo.dll - _Default.Login() : 
ALL available roles: 
    Admin
    Administration
    AOR
    CR
    Dashboard
    Deployment
    MasterData
    Meeting
    News
    Reports
    ResourceManagement
    RQMT
    SustainmentRequest
    Task
    Tester
    View:Administration
    View:AOR
    View:CR
    View:CVTMetrics
    View:Dashboard
    View:Deployment
    View:MasterData
    View:Meeting
    View:Metrics
    View:News
    View:Reports
    View:ResourceManagement
    View:RQMT
    View:SustainmentRequest
    View:Task
    View:WorkItem
    View:WorkRequest
    WorkItem
    WorkRequest


User erin.mendoza is logged in and is approved.
Organization = Folsom Dev

User is in roles:  
    Admin
    Administration
    CR
    Dashboard
    MasterData
    Meeting
    Reports
    RQMT
    SustainmentRequest
    Task
    View:AOR
    View:CR
    View:CVTMetrics
    View:Meeting
    View:Metrics
    View:News
    View:ResourceManagement
    WorkItem
    WorkRequest

10/11/2018 22:37:27.510 [puzex2gtr3s05jhmae0rujiw] - Info - http://localhost:50947/Default.aspx - App_Web_rltmftgo.dll - _Default.Login() : checking if membership user is logged in and authenticated
10/11/2018 22:37:27.759 [puzex2gtr3s05jhmae0rujiw] - Info - http://localhost:50947/Default.aspx - App_Web_rltmftgo.dll - _Default.Login() : 
ALL available roles: 
    Admin
    Administration
    AOR
    CR
    Dashboard
    Deployment
    MasterData
    Meeting
    News
    Reports
    ResourceManagement
    RQMT
    SustainmentRequest
    Task
    Tester
    View:Administration
    View:AOR
    View:CR
    View:CVTMetrics
    View:Dashboard
    View:Deployment
    View:MasterData
    View:Meeting
    View:Metrics
    View:News
    View:Reports
    View:ResourceManagement
    View:RQMT
    View:SustainmentRequest
    View:Task
    View:WorkItem
    View:WorkRequest
    WorkItem
    WorkRequest


User erin.mendoza is logged in and is approved.
Organization = Folsom Dev

User is in roles:  
    Admin
    Administration
    CR
    Dashboard
    MasterData
    Meeting
    Reports
    RQMT
    SustainmentRequest
    Task
    View:AOR
    View:CR
    View:CVTMetrics
    View:Meeting
    View:Metrics
    View:News
    View:ResourceManagement
    WorkItem
    WorkRequest

10/11/2018 22:39:53.471 [ez4ctbuy3zep2woqcxfqx10y] - Info - http://localhost:50947/Default.aspx - App_Web_rltmftgo.dll - _Default.Login() : checking if membership user is logged in and authenticated
10/11/2018 22:39:53.634 [ez4ctbuy3zep2woqcxfqx10y] - Info - http://localhost:50947/Default.aspx - App_Web_rltmftgo.dll - _Default.Login() : 
ALL available roles: 
    Admin
    Administration
    AOR
    CR
    Dashboard
    Deployment
    MasterData
    Meeting
    News
    Reports
    ResourceManagement
    RQMT
    SustainmentRequest
    Task
    Tester
    View:Administration
    View:AOR
    View:CR
    View:CVTMetrics
    View:Dashboard
    View:Deployment
    View:MasterData
    View:Meeting
    View:Metrics
    View:News
    View:Reports
    View:ResourceManagement
    View:RQMT
    View:SustainmentRequest
    View:Task
    View:WorkItem
    View:WorkRequest
    WorkItem
    WorkRequest


User erin.mendoza is logged in and is approved.
Organization = Folsom Dev

User is in roles:  
    Admin
    Administration
    CR
    Dashboard
    MasterData
    Meeting
    Reports
    RQMT
    SustainmentRequest
    Task
    View:AOR
    View:CR
    View:CVTMetrics
    View:Meeting
    View:Metrics
    View:News
    View:ResourceManagement
    WorkItem
    WorkRequest

