08/27/2018 09:35:29.475 [jb3uzflpkxoxxthoeeu2cuv2] - Info - http://localhost:50947/Default.aspx - App_Web_1wldnkxe.dll - _Default.Login() : checking if membership user is logged in and authenticated
08/27/2018 09:35:29.482 [jb3uzflpkxoxxthoeeu2cuv2] - Info - http://localhost:50947/Default.aspx - App_Web_1wldnkxe.dll - _Default.Login() : 
ALL available roles: 
    Admin
    Administration
    AOR
    CR
    Dashboard
    MasterData
    Meeting
    News
    Reports
    ResourceManagement
    RQMT
    SustainmentRequest
    Task
    Tester
    View:Administration
    View:AOR
    View:CR
    View:CVTMetrics
    View:Dashboard
    View:MasterData
    View:Meeting
    View:Metrics
    View:News
    View:Reports
    View:ResourceManagement
    View:RQMT
    View:SustainmentRequest
    View:Task
    View:WorkItem
    View:WorkRequest
    WorkItem
    WorkRequest


User erin.mendoza is logged in and is approved.
Organization = Folsom Dev

User is in roles:  
    Admin
    Administration
    CR
    Dashboard
    MasterData
    Meeting
    Reports
    RQMT
    SustainmentRequest
    Task
    View:AOR
    View:CR
    View:CVTMetrics
    View:Meeting
    View:Metrics
    View:News
    View:ResourceManagement
    WorkItem
    WorkRequest

08/27/2018 10:38:24.199 [apjnpzfv2ygmd3bdqtfaz5v3] - Info - http://localhost:50947/Default.aspx - App_Web_1wldnkxe.dll - _Default.Login() : checking if membership user is logged in and authenticated
08/27/2018 10:38:24.205 [apjnpzfv2ygmd3bdqtfaz5v3] - Info - http://localhost:50947/Default.aspx - App_Web_1wldnkxe.dll - _Default.Login() : 
ALL available roles: 
    Admin
    Administration
    AOR
    CR
    Dashboard
    MasterData
    Meeting
    News
    Reports
    ResourceManagement
    RQMT
    SustainmentRequest
    Task
    Tester
    View:Administration
    View:AOR
    View:CR
    View:CVTMetrics
    View:Dashboard
    View:MasterData
    View:Meeting
    View:Metrics
    View:News
    View:Reports
    View:ResourceManagement
    View:RQMT
    View:SustainmentRequest
    View:Task
    View:WorkItem
    View:WorkRequest
    WorkItem
    WorkRequest


User erin.mendoza is logged in and is approved.
Organization = Folsom Dev

User is in roles:  
    Admin
    Administration
    CR
    Dashboard
    MasterData
    Meeting
    Reports
    RQMT
    SustainmentRequest
    Task
    View:AOR
    View:CR
    View:CVTMetrics
    View:Meeting
    View:Metrics
    View:News
    View:ResourceManagement
    WorkItem
    WorkRequest

08/27/2018 10:53:05.874 [voj1h2ykluojg053f0b3z0mu] - Info - http://localhost:50947/Default.aspx - App_Web_1wldnkxe.dll - _Default.Login() : checking if membership user is logged in and authenticated
08/27/2018 10:53:05.917 [voj1h2ykluojg053f0b3z0mu] - Info - http://localhost:50947/Default.aspx - App_Web_1wldnkxe.dll - _Default.Login() : 
ALL available roles: 
    Admin
    Administration
    AOR
    CR
    Dashboard
    MasterData
    Meeting
    News
    Reports
    ResourceManagement
    RQMT
    SustainmentRequest
    Task
    Tester
    View:Administration
    View:AOR
    View:CR
    View:CVTMetrics
    View:Dashboard
    View:MasterData
    View:Meeting
    View:Metrics
    View:News
    View:Reports
    View:ResourceManagement
    View:RQMT
    View:SustainmentRequest
    View:Task
    View:WorkItem
    View:WorkRequest
    WorkItem
    WorkRequest


User erin.mendoza is logged in and is approved.
Organization = Folsom Dev

User is in roles:  
    Admin
    Administration
    CR
    Dashboard
    MasterData
    Meeting
    Reports
    RQMT
    SustainmentRequest
    Task
    View:AOR
    View:CR
    View:CVTMetrics
    View:Meeting
    View:Metrics
    View:News
    View:ResourceManagement
    WorkItem
    WorkRequest

08/27/2018 13:39:26.870 [ic24kp0mugqlf2j3k1nldrf3] - Info - http://localhost:50947/Default.aspx - App_Web_1wldnkxe.dll - _Default.Login() : checking if membership user is logged in and authenticated
08/27/2018 13:39:26.876 [ic24kp0mugqlf2j3k1nldrf3] - Info - http://localhost:50947/Default.aspx - App_Web_1wldnkxe.dll - _Default.Login() : 
ALL available roles: 
    Admin
    Administration
    AOR
    CR
    Dashboard
    MasterData
    Meeting
    News
    Reports
    ResourceManagement
    RQMT
    SustainmentRequest
    Task
    Tester
    View:Administration
    View:AOR
    View:CR
    View:CVTMetrics
    View:Dashboard
    View:MasterData
    View:Meeting
    View:Metrics
    View:News
    View:Reports
    View:ResourceManagement
    View:RQMT
    View:SustainmentRequest
    View:Task
    View:WorkItem
    View:WorkRequest
    WorkItem
    WorkRequest


User erin.mendoza is logged in and is approved.
Organization = Folsom Dev

User is in roles:  
    Admin
    Administration
    CR
    Dashboard
    MasterData
    Meeting
    Reports
    RQMT
    SustainmentRequest
    Task
    View:AOR
    View:CR
    View:CVTMetrics
    View:Meeting
    View:Metrics
    View:News
    View:ResourceManagement
    WorkItem
    WorkRequest

08/27/2018 13:45:40.695 [opgqrj5lqomy1qigdnwewy5l] - Info - http://localhost:50947/Default.aspx - App_Web_1wldnkxe.dll - _Default.Login() : checking if membership user is logged in and authenticated
08/27/2018 13:45:40.702 [opgqrj5lqomy1qigdnwewy5l] - Info - http://localhost:50947/Default.aspx - App_Web_1wldnkxe.dll - _Default.Login() : 
ALL available roles: 
    Admin
    Administration
    AOR
    CR
    Dashboard
    MasterData
    Meeting
    News
    Reports
    ResourceManagement
    RQMT
    SustainmentRequest
    Task
    Tester
    View:Administration
    View:AOR
    View:CR
    View:CVTMetrics
    View:Dashboard
    View:MasterData
    View:Meeting
    View:Metrics
    View:News
    View:Reports
    View:ResourceManagement
    View:RQMT
    View:SustainmentRequest
    View:Task
    View:WorkItem
    View:WorkRequest
    WorkItem
    WorkRequest


User erin.mendoza is logged in and is approved.
Organization = Folsom Dev

User is in roles:  
    Admin
    Administration
    CR
    Dashboard
    MasterData
    Meeting
    Reports
    RQMT
    SustainmentRequest
    Task
    View:AOR
    View:CR
    View:CVTMetrics
    View:Meeting
    View:Metrics
    View:News
    View:ResourceManagement
    WorkItem
    WorkRequest

08/27/2018 13:45:48.379 [ic24kp0mugqlf2j3k1nldrf3] - Info - http://localhost:50947/WorkItemGrid.aspx?&MyData=false - App_global.asax.taf65i3v.dll - ASP.global_asax.Application_Error(System.Object, System.EventArgs) : Exception of type 'System.Web.HttpUnhandledException' was thrown.    at ASP.global_asax.Application_Error(Object sender, EventArgs e) in c:\inetpub\wwwroot\Dev\WTS\Global.asax:line 74
08/27/2018 13:52:19.406 [wijb4fslzdkq4noufwp3be5c] - Info - http://localhost:50947/Default.aspx - App_Web_1wldnkxe.dll - _Default.Login() : checking if membership user is logged in and authenticated
08/27/2018 13:52:19.422 [wijb4fslzdkq4noufwp3be5c] - Info - http://localhost:50947/Default.aspx - App_Web_1wldnkxe.dll - _Default.Login() : 
ALL available roles: 
    Admin
    Administration
    AOR
    CR
    Dashboard
    MasterData
    Meeting
    News
    Reports
    ResourceManagement
    RQMT
    SustainmentRequest
    Task
    Tester
    View:Administration
    View:AOR
    View:CR
    View:CVTMetrics
    View:Dashboard
    View:MasterData
    View:Meeting
    View:Metrics
    View:News
    View:Reports
    View:ResourceManagement
    View:RQMT
    View:SustainmentRequest
    View:Task
    View:WorkItem
    View:WorkRequest
    WorkItem
    WorkRequest


User erin.mendoza is logged in and is approved.
Organization = Folsom Dev

User is in roles:  
    Admin
    Administration
    CR
    Dashboard
    MasterData
    Meeting
    Reports
    RQMT
    SustainmentRequest
    Task
    View:AOR
    View:CR
    View:CVTMetrics
    View:Meeting
    View:Metrics
    View:News
    View:ResourceManagement
    WorkItem
    WorkRequest

08/27/2018 13:59:17.043 [[NONE]] - Info - http://localhost:50947/WorkItemGrid.aspx?&MyData=false - App_global.asax.taf65i3v.dll - ASP.global_asax.Application_Error(System.Object, System.EventArgs) : Only Content controls are allowed directly in a content page that contains Content controls.    at ASP.global_asax.Application_Error(Object sender, EventArgs e) in c:\inetpub\wwwroot\Dev\WTS\Global.asax:line 74
08/27/2018 13:59:33.905 [[NONE]] - Info - http://localhost:50947/WorkItemGrid.aspx?&MyData=false - App_global.asax.taf65i3v.dll - ASP.global_asax.Application_Error(System.Object, System.EventArgs) : Only Content controls are allowed directly in a content page that contains Content controls.    at ASP.global_asax.Application_Error(Object sender, EventArgs e) in c:\inetpub\wwwroot\Dev\WTS\Global.asax:line 74
08/27/2018 14:36:16.539 [hfdaeeiymj2zt1s4yqx3nqzr] - Info - http://localhost:50947/Default.aspx - App_Web_1wldnkxe.dll - _Default.Login() : checking if membership user is logged in and authenticated
08/27/2018 14:36:16.545 [hfdaeeiymj2zt1s4yqx3nqzr] - Info - http://localhost:50947/Default.aspx - App_Web_1wldnkxe.dll - _Default.Login() : 
ALL available roles: 
    Admin
    Administration
    AOR
    CR
    Dashboard
    MasterData
    Meeting
    News
    Reports
    ResourceManagement
    RQMT
    SustainmentRequest
    Task
    Tester
    View:Administration
    View:AOR
    View:CR
    View:CVTMetrics
    View:Dashboard
    View:MasterData
    View:Meeting
    View:Metrics
    View:News
    View:Reports
    View:ResourceManagement
    View:RQMT
    View:SustainmentRequest
    View:Task
    View:WorkItem
    View:WorkRequest
    WorkItem
    WorkRequest


User erin.mendoza is logged in and is approved.
Organization = Folsom Dev

User is in roles:  
    Admin
    Administration
    CR
    Dashboard
    MasterData
    Meeting
    Reports
    RQMT
    SustainmentRequest
    Task
    View:AOR
    View:CR
    View:CVTMetrics
    View:Meeting
    View:Metrics
    View:News
    View:ResourceManagement
    WorkItem
    WorkRequest

08/27/2018 15:31:34.837 [o5ecbujydn4yylrueoamxmlj] - Info - http://localhost:50947/Default.aspx - App_Web_1wldnkxe.dll - _Default.Login() : checking if membership user is logged in and authenticated
08/27/2018 15:31:34.844 [o5ecbujydn4yylrueoamxmlj] - Info - http://localhost:50947/Default.aspx - App_Web_1wldnkxe.dll - _Default.Login() : 
ALL available roles: 
    Admin
    Administration
    AOR
    CR
    Dashboard
    MasterData
    Meeting
    News
    Reports
    ResourceManagement
    RQMT
    SustainmentRequest
    Task
    Tester
    View:Administration
    View:AOR
    View:CR
    View:CVTMetrics
    View:Dashboard
    View:MasterData
    View:Meeting
    View:Metrics
    View:News
    View:Reports
    View:ResourceManagement
    View:RQMT
    View:SustainmentRequest
    View:Task
    View:WorkItem
    View:WorkRequest
    WorkItem
    WorkRequest


User erin.mendoza is logged in and is approved.
Organization = Folsom Dev

User is in roles:  
    Admin
    Administration
    CR
    Dashboard
    MasterData
    Meeting
    Reports
    RQMT
    SustainmentRequest
    Task
    View:AOR
    View:CR
    View:CVTMetrics
    View:Meeting
    View:Metrics
    View:News
    View:ResourceManagement
    WorkItem
    WorkRequest

08/27/2018 15:54:21.910 [oxxdqti4bm0tham0htm5gtbv] - Info - http://localhost:50947/Default.aspx - App_Web_1wldnkxe.dll - _Default.Login() : checking if membership user is logged in and authenticated
08/27/2018 15:54:21.916 [oxxdqti4bm0tham0htm5gtbv] - Info - http://localhost:50947/Default.aspx - App_Web_1wldnkxe.dll - _Default.Login() : 
ALL available roles: 
    Admin
    Administration
    AOR
    CR
    Dashboard
    MasterData
    Meeting
    News
    Reports
    ResourceManagement
    RQMT
    SustainmentRequest
    Task
    Tester
    View:Administration
    View:AOR
    View:CR
    View:CVTMetrics
    View:Dashboard
    View:MasterData
    View:Meeting
    View:Metrics
    View:News
    View:Reports
    View:ResourceManagement
    View:RQMT
    View:SustainmentRequest
    View:Task
    View:WorkItem
    View:WorkRequest
    WorkItem
    WorkRequest


User erin.mendoza is logged in and is approved.
Organization = Folsom Dev

User is in roles:  
    Admin
    Administration
    CR
    Dashboard
    MasterData
    Meeting
    Reports
    RQMT
    SustainmentRequest
    Task
    View:AOR
    View:CR
    View:CVTMetrics
    View:Meeting
    View:Metrics
    View:News
    View:ResourceManagement
    WorkItem
    WorkRequest

08/27/2018 16:20:24.635 [we213x4sgilldgl3kv0j1qya] - Info - http://localhost:50947/Default.aspx - App_Web_r3nrh1kt.dll - _Default.Login() : checking if membership user is logged in and authenticated
08/27/2018 16:20:24.650 [we213x4sgilldgl3kv0j1qya] - Info - http://localhost:50947/Default.aspx - App_Web_r3nrh1kt.dll - _Default.Login() : 
ALL available roles: 
    Admin
    Administration
    AOR
    CR
    Dashboard
    MasterData
    Meeting
    News
    Reports
    ResourceManagement
    RQMT
    SustainmentRequest
    Task
    Tester
    View:Administration
    View:AOR
    View:CR
    View:CVTMetrics
    View:Dashboard
    View:MasterData
    View:Meeting
    View:Metrics
    View:News
    View:Reports
    View:ResourceManagement
    View:RQMT
    View:SustainmentRequest
    View:Task
    View:WorkItem
    View:WorkRequest
    WorkItem
    WorkRequest


User erin.mendoza is logged in and is approved.
Organization = Folsom Dev

User is in roles:  
    Admin
    Administration
    CR
    Dashboard
    MasterData
    Meeting
    Reports
    RQMT
    SustainmentRequest
    Task
    View:AOR
    View:CR
    View:CVTMetrics
    View:Meeting
    View:Metrics
    View:News
    View:ResourceManagement
    WorkItem
    WorkRequest

08/27/2018 16:23:41.876 [we213x4sgilldgl3kv0j1qya] - Info - http://localhost:50947/AOR_Tasks.aspx?GridType=AOR&MyData=false&NewAOR=false&AORID=431&AORReleaseID=621&ReleaseAOR=true - App_global.asax.icoisz3s.dll - ASP.global_asax.Application_Error(System.Object, System.EventArgs) : Exception of type 'System.Web.HttpUnhandledException' was thrown.    at ASP.global_asax.Application_Error(Object sender, EventArgs e) in c:\inetpub\wwwroot\Dev\WTS\Global.asax:line 74
08/27/2018 16:24:30.283 [we213x4sgilldgl3kv0j1qya] - Info - http://localhost:50947/AOR_Tasks.aspx?GridType=AOR&MyData=false&NewAOR=false&AORID=431&AORReleaseID=621&ReleaseAOR=true - App_global.asax.icoisz3s.dll - ASP.global_asax.Application_Error(System.Object, System.EventArgs) : Exception of type 'System.Web.HttpUnhandledException' was thrown.    at ASP.global_asax.Application_Error(Object sender, EventArgs e) in c:\inetpub\wwwroot\Dev\WTS\Global.asax:line 74
08/27/2018 17:09:34.330 [gtltxyrjrd105xdw4u5ohyjc] - Info - http://localhost:50947/Default.aspx - App_Web_l5imub3x.dll - _Default.Login() : checking if membership user is logged in and authenticated
08/27/2018 17:09:34.374 [gtltxyrjrd105xdw4u5ohyjc] - Info - http://localhost:50947/Default.aspx - App_Web_l5imub3x.dll - _Default.Login() : 
ALL available roles: 
    Admin
    Administration
    AOR
    CR
    Dashboard
    MasterData
    Meeting
    News
    Reports
    ResourceManagement
    RQMT
    SustainmentRequest
    Task
    Tester
    View:Administration
    View:AOR
    View:CR
    View:CVTMetrics
    View:Dashboard
    View:MasterData
    View:Meeting
    View:Metrics
    View:News
    View:Reports
    View:ResourceManagement
    View:RQMT
    View:SustainmentRequest
    View:Task
    View:WorkItem
    View:WorkRequest
    WorkItem
    WorkRequest


User erin.mendoza is logged in and is approved.
Organization = Folsom Dev

User is in roles:  
    Admin
    Administration
    CR
    Dashboard
    MasterData
    Meeting
    Reports
    RQMT
    SustainmentRequest
    Task
    View:AOR
    View:CR
    View:CVTMetrics
    View:Meeting
    View:Metrics
    View:News
    View:ResourceManagement
    WorkItem
    WorkRequest

