10/10/2018 11:33:26.017 [btfbddwt2dyipmqkohhjr4ql] - Info - http://localhost:50947/Default.aspx - App_Web_u4hwq4um.dll - _Default.Login() : checking if membership user is logged in and authenticated
10/10/2018 11:33:26.080 [btfbddwt2dyipmqkohhjr4ql] - Info - http://localhost:50947/Default.aspx - App_Web_u4hwq4um.dll - _Default.Login() : 
ALL available roles: 
    Admin
    Administration
    AOR
    CR
    Dashboard
    Deployment
    MasterData
    Meeting
    News
    Reports
    ResourceManagement
    RQMT
    SustainmentRequest
    Task
    Tester
    View:Administration
    View:AOR
    View:CR
    View:CVTMetrics
    View:Dashboard
    View:Deployment
    View:MasterData
    View:Meeting
    View:Metrics
    View:News
    View:Reports
    View:ResourceManagement
    View:RQMT
    View:SustainmentRequest
    View:Task
    View:WorkItem
    View:WorkRequest
    WorkItem
    WorkRequest


User erin.mendoza is logged in and is approved.
Organization = Folsom Dev

User is in roles:  
    Admin
    Administration
    CR
    Dashboard
    MasterData
    Meeting
    Reports
    RQMT
    SustainmentRequest
    Task
    View:AOR
    View:CR
    View:CVTMetrics
    View:Meeting
    View:Metrics
    View:News
    View:ResourceManagement
    WorkItem
    WorkRequest

10/10/2018 11:43:56.360 [xq3i2az5xeyszm4h2kor0kqd] - Info - http://localhost:50947/Default.aspx - App_Web_heciiygs.dll - _Default.Login() : checking if membership user is logged in and authenticated
10/10/2018 11:43:56.376 [xq3i2az5xeyszm4h2kor0kqd] - Info - http://localhost:50947/Default.aspx - App_Web_heciiygs.dll - _Default.Login() : 
ALL available roles: 
    Admin
    Administration
    AOR
    CR
    Dashboard
    Deployment
    MasterData
    Meeting
    News
    Reports
    ResourceManagement
    RQMT
    SustainmentRequest
    Task
    Tester
    View:Administration
    View:AOR
    View:CR
    View:CVTMetrics
    View:Dashboard
    View:Deployment
    View:MasterData
    View:Meeting
    View:Metrics
    View:News
    View:Reports
    View:ResourceManagement
    View:RQMT
    View:SustainmentRequest
    View:Task
    View:WorkItem
    View:WorkRequest
    WorkItem
    WorkRequest


User erin.mendoza is logged in and is approved.
Organization = Folsom Dev

User is in roles:  
    Admin
    Administration
    CR
    Dashboard
    MasterData
    Meeting
    Reports
    RQMT
    SustainmentRequest
    Task
    View:AOR
    View:CR
    View:CVTMetrics
    View:Meeting
    View:Metrics
    View:News
    View:ResourceManagement
    WorkItem
    WorkRequest

10/10/2018 12:22:19.680 [qck0rfarbrhkc3huqppbijji] - Info - http://localhost:50947/Default.aspx - App_Web_lrxasvth.dll - _Default.Login() : checking if membership user is logged in and authenticated
10/10/2018 12:22:19.744 [qck0rfarbrhkc3huqppbijji] - Info - http://localhost:50947/Default.aspx - App_Web_lrxasvth.dll - _Default.Login() : 
ALL available roles: 
    Admin
    Administration
    AOR
    CR
    Dashboard
    Deployment
    MasterData
    Meeting
    News
    Reports
    ResourceManagement
    RQMT
    SustainmentRequest
    Task
    Tester
    View:Administration
    View:AOR
    View:CR
    View:CVTMetrics
    View:Dashboard
    View:Deployment
    View:MasterData
    View:Meeting
    View:Metrics
    View:News
    View:Reports
    View:ResourceManagement
    View:RQMT
    View:SustainmentRequest
    View:Task
    View:WorkItem
    View:WorkRequest
    WorkItem
    WorkRequest


User erin.mendoza is logged in and is approved.
Organization = Folsom Dev

User is in roles:  
    Admin
    Administration
    CR
    Dashboard
    MasterData
    Meeting
    Reports
    RQMT
    SustainmentRequest
    Task
    View:AOR
    View:CR
    View:CVTMetrics
    View:Meeting
    View:Metrics
    View:News
    View:ResourceManagement
    WorkItem
    WorkRequest

10/10/2018 12:25:52.845 [bmwaa4mqqkfiaru2rx04igvo] - Info - http://localhost:50947/Default.aspx - App_Web_lrxasvth.dll - _Default.Login() : checking if membership user is logged in and authenticated
10/10/2018 12:25:52.857 [bmwaa4mqqkfiaru2rx04igvo] - Info - http://localhost:50947/Default.aspx - App_Web_lrxasvth.dll - _Default.Login() : 
ALL available roles: 
    Admin
    Administration
    AOR
    CR
    Dashboard
    Deployment
    MasterData
    Meeting
    News
    Reports
    ResourceManagement
    RQMT
    SustainmentRequest
    Task
    Tester
    View:Administration
    View:AOR
    View:CR
    View:CVTMetrics
    View:Dashboard
    View:Deployment
    View:MasterData
    View:Meeting
    View:Metrics
    View:News
    View:Reports
    View:ResourceManagement
    View:RQMT
    View:SustainmentRequest
    View:Task
    View:WorkItem
    View:WorkRequest
    WorkItem
    WorkRequest


User erin.mendoza is logged in and is approved.
Organization = Folsom Dev

User is in roles:  
    Admin
    Administration
    CR
    Dashboard
    MasterData
    Meeting
    Reports
    RQMT
    SustainmentRequest
    Task
    View:AOR
    View:CR
    View:CVTMetrics
    View:Meeting
    View:Metrics
    View:News
    View:ResourceManagement
    WorkItem
    WorkRequest

10/10/2018 12:31:08.943 [ydio2tdhkej3k4z2ijw3vdse] - Info - http://localhost:50947/Default.aspx - App_Web_lrxasvth.dll - _Default.Login() : checking if membership user is logged in and authenticated
10/10/2018 12:31:08.997 [ydio2tdhkej3k4z2ijw3vdse] - Info - http://localhost:50947/Default.aspx - App_Web_lrxasvth.dll - _Default.Login() : 
ALL available roles: 
    Admin
    Administration
    AOR
    CR
    Dashboard
    Deployment
    MasterData
    Meeting
    News
    Reports
    ResourceManagement
    RQMT
    SustainmentRequest
    Task
    Tester
    View:Administration
    View:AOR
    View:CR
    View:CVTMetrics
    View:Dashboard
    View:Deployment
    View:MasterData
    View:Meeting
    View:Metrics
    View:News
    View:Reports
    View:ResourceManagement
    View:RQMT
    View:SustainmentRequest
    View:Task
    View:WorkItem
    View:WorkRequest
    WorkItem
    WorkRequest


User erin.mendoza is logged in and is approved.
Organization = Folsom Dev

User is in roles:  
    Admin
    Administration
    CR
    Dashboard
    MasterData
    Meeting
    Reports
    RQMT
    SustainmentRequest
    Task
    View:AOR
    View:CR
    View:CVTMetrics
    View:Meeting
    View:Metrics
    View:News
    View:ResourceManagement
    WorkItem
    WorkRequest

10/10/2018 12:32:57.702 [0ec5iwwfokd1hfceq5wdrog4] - Info - http://localhost:50947/Default.aspx - App_Web_lrxasvth.dll - _Default.Login() : checking if membership user is logged in and authenticated
10/10/2018 12:32:57.708 [0ec5iwwfokd1hfceq5wdrog4] - Info - http://localhost:50947/Default.aspx - App_Web_lrxasvth.dll - _Default.Login() : 
ALL available roles: 
    Admin
    Administration
    AOR
    CR
    Dashboard
    Deployment
    MasterData
    Meeting
    News
    Reports
    ResourceManagement
    RQMT
    SustainmentRequest
    Task
    Tester
    View:Administration
    View:AOR
    View:CR
    View:CVTMetrics
    View:Dashboard
    View:Deployment
    View:MasterData
    View:Meeting
    View:Metrics
    View:News
    View:Reports
    View:ResourceManagement
    View:RQMT
    View:SustainmentRequest
    View:Task
    View:WorkItem
    View:WorkRequest
    WorkItem
    WorkRequest


User erin.mendoza is logged in and is approved.
Organization = Folsom Dev

User is in roles:  
    Admin
    Administration
    CR
    Dashboard
    MasterData
    Meeting
    Reports
    RQMT
    SustainmentRequest
    Task
    View:AOR
    View:CR
    View:CVTMetrics
    View:Meeting
    View:Metrics
    View:News
    View:ResourceManagement
    WorkItem
    WorkRequest

10/10/2018 12:35:59.828 [ofmopkndujtbs4grbuykjq5p] - Info - http://localhost:50947/Default.aspx - App_Web_lrxasvth.dll - _Default.Login() : checking if membership user is logged in and authenticated
10/10/2018 12:35:59.887 [ofmopkndujtbs4grbuykjq5p] - Info - http://localhost:50947/Default.aspx - App_Web_lrxasvth.dll - _Default.Login() : 
ALL available roles: 
    Admin
    Administration
    AOR
    CR
    Dashboard
    Deployment
    MasterData
    Meeting
    News
    Reports
    ResourceManagement
    RQMT
    SustainmentRequest
    Task
    Tester
    View:Administration
    View:AOR
    View:CR
    View:CVTMetrics
    View:Dashboard
    View:Deployment
    View:MasterData
    View:Meeting
    View:Metrics
    View:News
    View:Reports
    View:ResourceManagement
    View:RQMT
    View:SustainmentRequest
    View:Task
    View:WorkItem
    View:WorkRequest
    WorkItem
    WorkRequest


User erin.mendoza is logged in and is approved.
Organization = Folsom Dev

User is in roles:  
    Admin
    Administration
    CR
    Dashboard
    MasterData
    Meeting
    Reports
    RQMT
    SustainmentRequest
    Task
    View:AOR
    View:CR
    View:CVTMetrics
    View:Meeting
    View:Metrics
    View:News
    View:ResourceManagement
    WorkItem
    WorkRequest

10/10/2018 12:49:39.075 [1tzwvedqzdcuxopn5iq1peq1] - Info - http://localhost:50947/Default.aspx - App_Web_lrxasvth.dll - _Default.Login() : checking if membership user is logged in and authenticated
10/10/2018 12:49:39.166 [1tzwvedqzdcuxopn5iq1peq1] - Info - http://localhost:50947/Default.aspx - App_Web_lrxasvth.dll - _Default.Login() : 
ALL available roles: 
    Admin
    Administration
    AOR
    CR
    Dashboard
    Deployment
    MasterData
    Meeting
    News
    Reports
    ResourceManagement
    RQMT
    SustainmentRequest
    Task
    Tester
    View:Administration
    View:AOR
    View:CR
    View:CVTMetrics
    View:Dashboard
    View:Deployment
    View:MasterData
    View:Meeting
    View:Metrics
    View:News
    View:Reports
    View:ResourceManagement
    View:RQMT
    View:SustainmentRequest
    View:Task
    View:WorkItem
    View:WorkRequest
    WorkItem
    WorkRequest


User erin.mendoza is logged in and is approved.
Organization = Folsom Dev

User is in roles:  
    Admin
    Administration
    CR
    Dashboard
    MasterData
    Meeting
    Reports
    RQMT
    SustainmentRequest
    Task
    View:AOR
    View:CR
    View:CVTMetrics
    View:Meeting
    View:Metrics
    View:News
    View:ResourceManagement
    WorkItem
    WorkRequest

10/10/2018 13:21:50.343 [wx3jk3y3g5ruxjxuiccscwar] - Info - http://localhost:50947/Default.aspx - App_Web_e22ivhks.dll - _Default.Login() : checking if membership user is logged in and authenticated
10/10/2018 13:21:50.429 [wx3jk3y3g5ruxjxuiccscwar] - Info - http://localhost:50947/Default.aspx - App_Web_e22ivhks.dll - _Default.Login() : 
ALL available roles: 
    Admin
    Administration
    AOR
    CR
    Dashboard
    Deployment
    MasterData
    Meeting
    News
    Reports
    ResourceManagement
    RQMT
    SustainmentRequest
    Task
    Tester
    View:Administration
    View:AOR
    View:CR
    View:CVTMetrics
    View:Dashboard
    View:Deployment
    View:MasterData
    View:Meeting
    View:Metrics
    View:News
    View:Reports
    View:ResourceManagement
    View:RQMT
    View:SustainmentRequest
    View:Task
    View:WorkItem
    View:WorkRequest
    WorkItem
    WorkRequest


User erin.mendoza is logged in and is approved.
Organization = Folsom Dev

User is in roles:  
    Admin
    Administration
    CR
    Dashboard
    MasterData
    Meeting
    Reports
    RQMT
    SustainmentRequest
    Task
    View:AOR
    View:CR
    View:CVTMetrics
    View:Meeting
    View:Metrics
    View:News
    View:ResourceManagement
    WorkItem
    WorkRequest

10/10/2018 13:29:17.923 [wx3jk3y3g5ruxjxuiccscwar] - Info - http://localhost:50947/Default.aspx - App_Web_te2voimp.dll - _Default.Login() : checking if membership user is logged in and authenticated
10/10/2018 13:29:18.043 [wx3jk3y3g5ruxjxuiccscwar] - Info - http://localhost:50947/Default.aspx - App_Web_te2voimp.dll - _Default.Login() : 
ALL available roles: 
    Admin
    Administration
    AOR
    CR
    Dashboard
    Deployment
    MasterData
    Meeting
    News
    Reports
    ResourceManagement
    RQMT
    SustainmentRequest
    Task
    Tester
    View:Administration
    View:AOR
    View:CR
    View:CVTMetrics
    View:Dashboard
    View:Deployment
    View:MasterData
    View:Meeting
    View:Metrics
    View:News
    View:Reports
    View:ResourceManagement
    View:RQMT
    View:SustainmentRequest
    View:Task
    View:WorkItem
    View:WorkRequest
    WorkItem
    WorkRequest


User erin.mendoza is logged in and is approved.
Organization = Folsom Dev

User is in roles:  
    Admin
    Administration
    CR
    Dashboard
    MasterData
    Meeting
    Reports
    RQMT
    SustainmentRequest
    Task
    View:AOR
    View:CR
    View:CVTMetrics
    View:Meeting
    View:Metrics
    View:News
    View:ResourceManagement
    WorkItem
    WorkRequest

10/10/2018 13:41:34.798 [wx3jk3y3g5ruxjxuiccscwar] - Info - http://localhost:50947/Default.aspx - App_Web_te2voimp.dll - _Default.Login() : checking if membership user is logged in and authenticated
10/10/2018 13:41:34.839 [wx3jk3y3g5ruxjxuiccscwar] - Info - http://localhost:50947/Default.aspx - App_Web_te2voimp.dll - _Default.Login() : 
ALL available roles: 
    Admin
    Administration
    AOR
    CR
    Dashboard
    Deployment
    MasterData
    Meeting
    News
    Reports
    ResourceManagement
    RQMT
    SustainmentRequest
    Task
    Tester
    View:Administration
    View:AOR
    View:CR
    View:CVTMetrics
    View:Dashboard
    View:Deployment
    View:MasterData
    View:Meeting
    View:Metrics
    View:News
    View:Reports
    View:ResourceManagement
    View:RQMT
    View:SustainmentRequest
    View:Task
    View:WorkItem
    View:WorkRequest
    WorkItem
    WorkRequest


User erin.mendoza is logged in and is approved.
Organization = Folsom Dev

User is in roles:  
    Admin
    Administration
    CR
    Dashboard
    MasterData
    Meeting
    Reports
    RQMT
    SustainmentRequest
    Task
    View:AOR
    View:CR
    View:CVTMetrics
    View:Meeting
    View:Metrics
    View:News
    View:ResourceManagement
    WorkItem
    WorkRequest

10/10/2018 13:56:13.956 [wx3jk3y3g5ruxjxuiccscwar] - Info - http://localhost:50947/Default.aspx - App_Web_f0ot0fnx.dll - _Default.Login() : checking if membership user is logged in and authenticated
10/10/2018 13:56:14.055 [wx3jk3y3g5ruxjxuiccscwar] - Info - http://localhost:50947/Default.aspx - App_Web_f0ot0fnx.dll - _Default.Login() : 
ALL available roles: 
    Admin
    Administration
    AOR
    CR
    Dashboard
    Deployment
    MasterData
    Meeting
    News
    Reports
    ResourceManagement
    RQMT
    SustainmentRequest
    Task
    Tester
    View:Administration
    View:AOR
    View:CR
    View:CVTMetrics
    View:Dashboard
    View:Deployment
    View:MasterData
    View:Meeting
    View:Metrics
    View:News
    View:Reports
    View:ResourceManagement
    View:RQMT
    View:SustainmentRequest
    View:Task
    View:WorkItem
    View:WorkRequest
    WorkItem
    WorkRequest


User erin.mendoza is logged in and is approved.
Organization = Folsom Dev

User is in roles:  
    Admin
    Administration
    CR
    Dashboard
    MasterData
    Meeting
    Reports
    RQMT
    SustainmentRequest
    Task
    View:AOR
    View:CR
    View:CVTMetrics
    View:Meeting
    View:Metrics
    View:News
    View:ResourceManagement
    WorkItem
    WorkRequest

10/10/2018 14:00:36.232 [wx3jk3y3g5ruxjxuiccscwar] - Info - http://localhost:50947/Default.aspx - App_Web_f0ot0fnx.dll - _Default.Login() : checking if membership user is logged in and authenticated
10/10/2018 14:00:36.283 [wx3jk3y3g5ruxjxuiccscwar] - Info - http://localhost:50947/Default.aspx - App_Web_f0ot0fnx.dll - _Default.Login() : 
ALL available roles: 
    Admin
    Administration
    AOR
    CR
    Dashboard
    Deployment
    MasterData
    Meeting
    News
    Reports
    ResourceManagement
    RQMT
    SustainmentRequest
    Task
    Tester
    View:Administration
    View:AOR
    View:CR
    View:CVTMetrics
    View:Dashboard
    View:Deployment
    View:MasterData
    View:Meeting
    View:Metrics
    View:News
    View:Reports
    View:ResourceManagement
    View:RQMT
    View:SustainmentRequest
    View:Task
    View:WorkItem
    View:WorkRequest
    WorkItem
    WorkRequest


User erin.mendoza is logged in and is approved.
Organization = Folsom Dev

User is in roles:  
    Admin
    Administration
    CR
    Dashboard
    MasterData
    Meeting
    Reports
    RQMT
    SustainmentRequest
    Task
    View:AOR
    View:CR
    View:CVTMetrics
    View:Meeting
    View:Metrics
    View:News
    View:ResourceManagement
    WorkItem
    WorkRequest

10/10/2018 14:08:01.120 [wx3jk3y3g5ruxjxuiccscwar] - Info - http://localhost:50947/Default.aspx - App_Web_f0ot0fnx.dll - _Default.Login() : checking if membership user is logged in and authenticated
10/10/2018 14:08:01.221 [wx3jk3y3g5ruxjxuiccscwar] - Info - http://localhost:50947/Default.aspx - App_Web_f0ot0fnx.dll - _Default.Login() : 
ALL available roles: 
    Admin
    Administration
    AOR
    CR
    Dashboard
    Deployment
    MasterData
    Meeting
    News
    Reports
    ResourceManagement
    RQMT
    SustainmentRequest
    Task
    Tester
    View:Administration
    View:AOR
    View:CR
    View:CVTMetrics
    View:Dashboard
    View:Deployment
    View:MasterData
    View:Meeting
    View:Metrics
    View:News
    View:Reports
    View:ResourceManagement
    View:RQMT
    View:SustainmentRequest
    View:Task
    View:WorkItem
    View:WorkRequest
    WorkItem
    WorkRequest


User erin.mendoza is logged in and is approved.
Organization = Folsom Dev

User is in roles:  
    Admin
    Administration
    CR
    Dashboard
    MasterData
    Meeting
    Reports
    RQMT
    SustainmentRequest
    Task
    View:AOR
    View:CR
    View:CVTMetrics
    View:Meeting
    View:Metrics
    View:News
    View:ResourceManagement
    WorkItem
    WorkRequest

10/10/2018 16:02:58.642 [na2juy4bhrdwuol35y0diit0] - Info - http://localhost:50947/Default.aspx - App_Web_f0ot0fnx.dll - _Default.Login() : checking if membership user is logged in and authenticated
10/10/2018 16:02:58.747 [na2juy4bhrdwuol35y0diit0] - Info - http://localhost:50947/Default.aspx - App_Web_f0ot0fnx.dll - _Default.Login() : 
ALL available roles: 
    Admin
    Administration
    AOR
    CR
    Dashboard
    Deployment
    MasterData
    Meeting
    News
    Reports
    ResourceManagement
    RQMT
    SustainmentRequest
    Task
    Tester
    View:Administration
    View:AOR
    View:CR
    View:CVTMetrics
    View:Dashboard
    View:Deployment
    View:MasterData
    View:Meeting
    View:Metrics
    View:News
    View:Reports
    View:ResourceManagement
    View:RQMT
    View:SustainmentRequest
    View:Task
    View:WorkItem
    View:WorkRequest
    WorkItem
    WorkRequest


User erin.mendoza is logged in and is approved.
Organization = Folsom Dev

User is in roles:  
    Admin
    Administration
    CR
    Dashboard
    MasterData
    Meeting
    Reports
    RQMT
    SustainmentRequest
    Task
    View:AOR
    View:CR
    View:CVTMetrics
    View:Meeting
    View:Metrics
    View:News
    View:ResourceManagement
    WorkItem
    WorkRequest

10/10/2018 16:07:05.959 [hqig23htuu1ibadvdynrt1d3] - Info - http://localhost:50947/Default.aspx - App_Web_f0ot0fnx.dll - _Default.Login() : checking if membership user is logged in and authenticated
10/10/2018 16:07:06.027 [hqig23htuu1ibadvdynrt1d3] - Info - http://localhost:50947/Default.aspx - App_Web_f0ot0fnx.dll - _Default.Login() : 
ALL available roles: 
    Admin
    Administration
    AOR
    CR
    Dashboard
    Deployment
    MasterData
    Meeting
    News
    Reports
    ResourceManagement
    RQMT
    SustainmentRequest
    Task
    Tester
    View:Administration
    View:AOR
    View:CR
    View:CVTMetrics
    View:Dashboard
    View:Deployment
    View:MasterData
    View:Meeting
    View:Metrics
    View:News
    View:Reports
    View:ResourceManagement
    View:RQMT
    View:SustainmentRequest
    View:Task
    View:WorkItem
    View:WorkRequest
    WorkItem
    WorkRequest


User erin.mendoza is logged in and is approved.
Organization = Folsom Dev

User is in roles:  
    Admin
    Administration
    CR
    Dashboard
    MasterData
    Meeting
    Reports
    RQMT
    SustainmentRequest
    Task
    View:AOR
    View:CR
    View:CVTMetrics
    View:Meeting
    View:Metrics
    View:News
    View:ResourceManagement
    WorkItem
    WorkRequest

10/10/2018 16:11:31.769 [hqig23htuu1ibadvdynrt1d3] - Info - http://localhost:50947/Default.aspx - App_Web_f0ot0fnx.dll - _Default.Login() : checking if membership user is logged in and authenticated
10/10/2018 16:11:31.870 [hqig23htuu1ibadvdynrt1d3] - Info - http://localhost:50947/Default.aspx - App_Web_f0ot0fnx.dll - _Default.Login() : 
ALL available roles: 
    Admin
    Administration
    AOR
    CR
    Dashboard
    Deployment
    MasterData
    Meeting
    News
    Reports
    ResourceManagement
    RQMT
    SustainmentRequest
    Task
    Tester
    View:Administration
    View:AOR
    View:CR
    View:CVTMetrics
    View:Dashboard
    View:Deployment
    View:MasterData
    View:Meeting
    View:Metrics
    View:News
    View:Reports
    View:ResourceManagement
    View:RQMT
    View:SustainmentRequest
    View:Task
    View:WorkItem
    View:WorkRequest
    WorkItem
    WorkRequest


User erin.mendoza is logged in and is approved.
Organization = Folsom Dev

User is in roles:  
    Admin
    Administration
    CR
    Dashboard
    MasterData
    Meeting
    Reports
    RQMT
    SustainmentRequest
    Task
    View:AOR
    View:CR
    View:CVTMetrics
    View:Meeting
    View:Metrics
    View:News
    View:ResourceManagement
    WorkItem
    WorkRequest

10/10/2018 16:13:50.404 [hqig23htuu1ibadvdynrt1d3] - Info - http://localhost:50947/News_AddEdit.aspx?newsId=11&attachmentId=0&newsTypeId=1&editType=edit&random=0.3166014969610934 - App_global.asax.ythtsaal.dll - ASP.global_asax.Application_Error(System.Object, System.EventArgs) : Exception of type 'System.Web.HttpUnhandledException' was thrown.    at ASP.global_asax.Application_Error(Object sender, EventArgs e) in c:\inetpub\wwwroot\Dev\WTS\Global.asax:line 74
10/10/2018 16:15:25.179 [hqig23htuu1ibadvdynrt1d3] - Info - http://localhost:50947/Default.aspx - App_Web_f0ot0fnx.dll - _Default.Login() : checking if membership user is logged in and authenticated
10/10/2018 16:15:25.226 [hqig23htuu1ibadvdynrt1d3] - Info - http://localhost:50947/Default.aspx - App_Web_f0ot0fnx.dll - _Default.Login() : 
ALL available roles: 
    Admin
    Administration
    AOR
    CR
    Dashboard
    Deployment
    MasterData
    Meeting
    News
    Reports
    ResourceManagement
    RQMT
    SustainmentRequest
    Task
    Tester
    View:Administration
    View:AOR
    View:CR
    View:CVTMetrics
    View:Dashboard
    View:Deployment
    View:MasterData
    View:Meeting
    View:Metrics
    View:News
    View:Reports
    View:ResourceManagement
    View:RQMT
    View:SustainmentRequest
    View:Task
    View:WorkItem
    View:WorkRequest
    WorkItem
    WorkRequest


User erin.mendoza is logged in and is approved.
Organization = Folsom Dev

User is in roles:  
    Admin
    Administration
    CR
    Dashboard
    MasterData
    Meeting
    Reports
    RQMT
    SustainmentRequest
    Task
    View:AOR
    View:CR
    View:CVTMetrics
    View:Meeting
    View:Metrics
    View:News
    View:ResourceManagement
    WorkItem
    WorkRequest

10/10/2018 16:40:31.056 [4jwxengenshfkb0q1vzag2ka] - Info - http://localhost:50947/Default.aspx - App_Web_f0ot0fnx.dll - _Default.Login() : checking if membership user is logged in and authenticated
10/10/2018 16:40:31.120 [4jwxengenshfkb0q1vzag2ka] - Info - http://localhost:50947/Default.aspx - App_Web_f0ot0fnx.dll - _Default.Login() : 
ALL available roles: 
    Admin
    Administration
    AOR
    CR
    Dashboard
    Deployment
    MasterData
    Meeting
    News
    Reports
    ResourceManagement
    RQMT
    SustainmentRequest
    Task
    Tester
    View:Administration
    View:AOR
    View:CR
    View:CVTMetrics
    View:Dashboard
    View:Deployment
    View:MasterData
    View:Meeting
    View:Metrics
    View:News
    View:Reports
    View:ResourceManagement
    View:RQMT
    View:SustainmentRequest
    View:Task
    View:WorkItem
    View:WorkRequest
    WorkItem
    WorkRequest


User erin.mendoza is logged in and is approved.
Organization = Folsom Dev

User is in roles:  
    Admin
    Administration
    CR
    Dashboard
    MasterData
    Meeting
    Reports
    RQMT
    SustainmentRequest
    Task
    View:AOR
    View:CR
    View:CVTMetrics
    View:Meeting
    View:Metrics
    View:News
    View:ResourceManagement
    WorkItem
    WorkRequest

10/10/2018 16:45:28.665 [4jwxengenshfkb0q1vzag2ka] - Info - http://localhost:50947/Default.aspx - App_Web_oiji0deo.dll - _Default.Login() : checking if membership user is logged in and authenticated
10/10/2018 16:45:28.750 [4jwxengenshfkb0q1vzag2ka] - Info - http://localhost:50947/Default.aspx - App_Web_oiji0deo.dll - _Default.Login() : 
ALL available roles: 
    Admin
    Administration
    AOR
    CR
    Dashboard
    Deployment
    MasterData
    Meeting
    News
    Reports
    ResourceManagement
    RQMT
    SustainmentRequest
    Task
    Tester
    View:Administration
    View:AOR
    View:CR
    View:CVTMetrics
    View:Dashboard
    View:Deployment
    View:MasterData
    View:Meeting
    View:Metrics
    View:News
    View:Reports
    View:ResourceManagement
    View:RQMT
    View:SustainmentRequest
    View:Task
    View:WorkItem
    View:WorkRequest
    WorkItem
    WorkRequest


User erin.mendoza is logged in and is approved.
Organization = Folsom Dev

User is in roles:  
    Admin
    Administration
    CR
    Dashboard
    MasterData
    Meeting
    Reports
    RQMT
    SustainmentRequest
    Task
    View:AOR
    View:CR
    View:CVTMetrics
    View:Meeting
    View:Metrics
    View:News
    View:ResourceManagement
    WorkItem
    WorkRequest

10/10/2018 16:57:26.031 [3vcixjtvm1sgdvrmy2jbdsbk] - Info - http://localhost/wtsdev/default.aspx - App_Web_o4i33e15.dll - _Default.Login() : checking if membership user is logged in and authenticated
10/10/2018 16:57:26.107 [3vcixjtvm1sgdvrmy2jbdsbk] - Info - http://localhost/wtsdev/default.aspx - App_Web_o4i33e15.dll - _Default.Login() : 
ALL available roles: 
    Admin
    Administration
    AOR
    CR
    Dashboard
    Deployment
    MasterData
    Meeting
    News
    Reports
    ResourceManagement
    RQMT
    SustainmentRequest
    Task
    Tester
    View:Administration
    View:AOR
    View:CR
    View:CVTMetrics
    View:Dashboard
    View:Deployment
    View:MasterData
    View:Meeting
    View:Metrics
    View:News
    View:Reports
    View:ResourceManagement
    View:RQMT
    View:SustainmentRequest
    View:Task
    View:WorkItem
    View:WorkRequest
    WorkItem
    WorkRequest


User erin.mendoza is logged in and is approved.
Organization = Folsom Dev

User is in roles:  
    Admin
    Administration
    CR
    Dashboard
    MasterData
    Meeting
    Reports
    RQMT
    SustainmentRequest
    Task
    View:AOR
    View:CR
    View:CVTMetrics
    View:Meeting
    View:Metrics
    View:News
    View:ResourceManagement
    WorkItem
    WorkRequest

10/10/2018 17:14:27.035 [3vcixjtvm1sgdvrmy2jbdsbk] - Info - http://localhost/wtsdev/News_AddEdit.aspx?newsId=11&attachmentId=0&newsTypeId=1&editType=edit&random=0.8740920847065382 - App_global.asax.vxt-4vtn.dll - ASP.global_asax.Application_Error(System.Object, System.EventArgs) : A potentially dangerous Request.Form value was detected from the client (textNewsBody="<p>hhhh</p>").    at ASP.global_asax.Application_Error(Object sender, EventArgs e) in c:\inetpub\wwwroot\Dev\WTS\Global.asax:line 74
10/10/2018 19:48:08.174 [xkbt15aups2liunffszpfv4u] - Info - http://localhost:50947/Default.aspx - App_Web_n3c321jl.dll - _Default.Login() : checking if membership user is logged in and authenticated
10/10/2018 19:48:08.305 [xkbt15aups2liunffszpfv4u] - Info - http://localhost:50947/Default.aspx - App_Web_n3c321jl.dll - _Default.Login() : 
ALL available roles: 
    Admin
    Administration
    AOR
    CR
    Dashboard
    Deployment
    MasterData
    Meeting
    News
    Reports
    ResourceManagement
    RQMT
    SustainmentRequest
    Task
    Tester
    View:Administration
    View:AOR
    View:CR
    View:CVTMetrics
    View:Dashboard
    View:Deployment
    View:MasterData
    View:Meeting
    View:Metrics
    View:News
    View:Reports
    View:ResourceManagement
    View:RQMT
    View:SustainmentRequest
    View:Task
    View:WorkItem
    View:WorkRequest
    WorkItem
    WorkRequest


User erin.mendoza is logged in and is approved.
Organization = Folsom Dev

User is in roles:  
    Admin
    Administration
    CR
    Dashboard
    MasterData
    Meeting
    Reports
    RQMT
    SustainmentRequest
    Task
    View:AOR
    View:CR
    View:CVTMetrics
    View:Meeting
    View:Metrics
    View:News
    View:ResourceManagement
    WorkItem
    WorkRequest

10/10/2018 22:15:34.518 [kxqohxj05hgnwxxxpypjkypi] - Info - http://localhost:50947/Default.aspx - App_Web_n3c321jl.dll - _Default.Login() : checking if membership user is logged in and authenticated
10/10/2018 22:15:34.663 [kxqohxj05hgnwxxxpypjkypi] - Info - http://localhost:50947/Default.aspx - App_Web_n3c321jl.dll - _Default.Login() : 
ALL available roles: 
    Admin
    Administration
    AOR
    CR
    Dashboard
    Deployment
    MasterData
    Meeting
    News
    Reports
    ResourceManagement
    RQMT
    SustainmentRequest
    Task
    Tester
    View:Administration
    View:AOR
    View:CR
    View:CVTMetrics
    View:Dashboard
    View:Deployment
    View:MasterData
    View:Meeting
    View:Metrics
    View:News
    View:Reports
    View:ResourceManagement
    View:RQMT
    View:SustainmentRequest
    View:Task
    View:WorkItem
    View:WorkRequest
    WorkItem
    WorkRequest


User erin.mendoza is logged in and is approved.
Organization = Folsom Dev

User is in roles:  
    Admin
    Administration
    CR
    Dashboard
    MasterData
    Meeting
    Reports
    RQMT
    SustainmentRequest
    Task
    View:AOR
    View:CR
    View:CVTMetrics
    View:Meeting
    View:Metrics
    View:News
    View:ResourceManagement
    WorkItem
    WorkRequest

10/10/2018 22:40:42.187 [p1dry0tbisfoewd4cdumy0yx] - Info - http://localhost:50947/Default.aspx - App_Web_tlivjxxq.dll - _Default.Login() : checking if membership user is logged in and authenticated
10/10/2018 22:40:42.268 [p1dry0tbisfoewd4cdumy0yx] - Info - http://localhost:50947/Default.aspx - App_Web_tlivjxxq.dll - _Default.Login() : 
ALL available roles: 
    Admin
    Administration
    AOR
    CR
    Dashboard
    Deployment
    MasterData
    Meeting
    News
    Reports
    ResourceManagement
    RQMT
    SustainmentRequest
    Task
    Tester
    View:Administration
    View:AOR
    View:CR
    View:CVTMetrics
    View:Dashboard
    View:Deployment
    View:MasterData
    View:Meeting
    View:Metrics
    View:News
    View:Reports
    View:ResourceManagement
    View:RQMT
    View:SustainmentRequest
    View:Task
    View:WorkItem
    View:WorkRequest
    WorkItem
    WorkRequest


User erin.mendoza is logged in and is approved.
Organization = Folsom Dev

User is in roles:  
    Admin
    Administration
    CR
    Dashboard
    MasterData
    Meeting
    Reports
    RQMT
    SustainmentRequest
    Task
    View:AOR
    View:CR
    View:CVTMetrics
    View:Meeting
    View:Metrics
    View:News
    View:ResourceManagement
    WorkItem
    WorkRequest

10/10/2018 23:19:24.224 [[NONE]] - Info - http://localhost:50947/News_AddEdit.aspx?newsId=78&attachmentId=14907&newsTypeId=1&editType=edit&random=0.9487478994411695 - App_global.asax.iqgpx4mr.dll - ASP.global_asax.Application_Error(System.Object, System.EventArgs) : c:\inetpub\wwwroot\Dev\WTS\News_AddEdit.aspx(187): error CS1061: 'ASP.news_addedit_aspx' does not contain a definition for 'gridAttachments' and no extension method 'gridAttachments' accepting a first argument of type 'ASP.news_addedit_aspx' could be found (are you missing a using directive or an assembly reference?)    at ASP.global_asax.Application_Error(Object sender, EventArgs e) in c:\inetpub\wwwroot\Dev\WTS\Global.asax:line 74
