08/13/2018 10:14:10.136 [hlix3ahfucwwntfer0za0ygu] - Info - http://localhost:50947/Default.aspx - App_Web_bzlyzcun.dll - _Default.Login() : checking if membership user is logged in and authenticated
08/13/2018 10:14:10.187 [hlix3ahfucwwntfer0za0ygu] - Info - http://localhost:50947/Default.aspx - App_Web_bzlyzcun.dll - _Default.Login() : 
ALL available roles: 
    Admin
    Administration
    AOR
    CR
    Dashboard
    MasterData
    Meeting
    News
    Reports
    ResourceManagement
    RQMT
    SustainmentRequest
    Task
    Tester
    View:Administration
    View:AOR
    View:CR
    View:CVTMetrics
    View:Dashboard
    View:MasterData
    View:Meeting
    View:Metrics
    View:News
    View:Reports
    View:ResourceManagement
    View:RQMT
    View:SustainmentRequest
    View:Task
    View:WorkItem
    View:WorkRequest
    WorkItem
    WorkRequest


User erin.mendoza is logged in and is approved.
Organization = Folsom Dev

User is in roles:  
    Admin
    Administration
    CR
    Dashboard
    MasterData
    Meeting
    Reports
    RQMT
    SustainmentRequest
    Task
    View:AOR
    View:CR
    View:CVTMetrics
    View:Meeting
    View:Metrics
    View:News
    View:ResourceManagement
    WorkItem
    WorkRequest

08/13/2018 10:51:22.055 [hlix3ahfucwwntfer0za0ygu] - Info - http://localhost:50947/QM_Workload_Crosswalk_Multi_Level_Grid.aspx?GridType=MultiLevel&MyData=false&showParameters=true&random=1534169721384&SelectedStatuses=80,72,1,2,3,4,5,7,8,9,11,12,13&SelectedAssigned=101,90,44,36,113,55,54,89,103,80,18,41,75,60,58,81,37,110,82,46,21,76,45,26,65,66,42,51,11,105,10,33,28,86,97,94,83,71,108,120,31,62,102,47,121,84,122,53,49,100,74,43,106,126,95,111,112,114,38,56,59,20,73,29,98,25,77,72,104,107,35,6,88,85,91,50,96,27,79,40,87,99,109,137,17,39,30,68,67,14,23&GridPageSize=25&BusinessReview=false&GridPageIndex=0&UserDDLChange=yes - App_global.asax.qnvd4mlo.dll - ASP.global_asax.Application_Error(System.Object, System.EventArgs) : Exception of type 'System.Web.HttpUnhandledException' was thrown.    at ASP.global_asax.Application_Error(Object sender, EventArgs e) in c:\inetpub\wwwroot\Dev\WTS\Global.asax:line 74
08/13/2018 10:54:06.581 [podn0jaquutllgbjadkwtwpg] - Info - http://localhost:50947/Default.aspx - App_Web_bzlyzcun.dll - _Default.Login() : checking if membership user is logged in and authenticated
08/13/2018 10:54:06.634 [podn0jaquutllgbjadkwtwpg] - Info - http://localhost:50947/Default.aspx - App_Web_bzlyzcun.dll - _Default.Login() : 
ALL available roles: 
    Admin
    Administration
    AOR
    CR
    Dashboard
    MasterData
    Meeting
    News
    Reports
    ResourceManagement
    RQMT
    SustainmentRequest
    Task
    Tester
    View:Administration
    View:AOR
    View:CR
    View:CVTMetrics
    View:Dashboard
    View:MasterData
    View:Meeting
    View:Metrics
    View:News
    View:Reports
    View:ResourceManagement
    View:RQMT
    View:SustainmentRequest
    View:Task
    View:WorkItem
    View:WorkRequest
    WorkItem
    WorkRequest


User erin.mendoza is logged in and is approved.
Organization = Folsom Dev

User is in roles:  
    Admin
    Administration
    CR
    Dashboard
    MasterData
    Meeting
    Reports
    RQMT
    SustainmentRequest
    Task
    View:AOR
    View:CR
    View:CVTMetrics
    View:Meeting
    View:Metrics
    View:News
    View:ResourceManagement
    WorkItem
    WorkRequest

08/13/2018 12:55:32.341 [podn0jaquutllgbjadkwtwpg] - Info - http://localhost:50947/QM_Workload_Crosswalk_Multi_Level_Grid.aspx?GridType=MultiLevel&MyData=false&showParameters=true&random=1534172470114&SelectedStatuses=80,72,1,2,3,4,5,7,8,9,11,12,13&SelectedAssigned=101,90,44,36,113,55,54,89,103,80,18,41,75,60,58,81,37,110,82,46,21,76,45,26,65,66,42,51,11,105,10,33,28,86,97,94,83,71,108,120,31,62,102,47,121,84,122,53,49,100,74,43,106,126,95,111,112,114,38,56,59,20,73,29,98,25,77,72,104,107,35,6,88,85,91,50,96,27,79,40,87,99,109,137,17,39,30,68,67,14,23&GridPageSize=25&BusinessReview=false&GridPageIndex=0&UserDDLChange=yes - App_global.asax.fgz-kzfs.dll - ASP.global_asax.Application_Error(System.Object, System.EventArgs) : Exception of type 'System.Web.HttpUnhandledException' was thrown.    at ASP.global_asax.Application_Error(Object sender, EventArgs e) in c:\inetpub\wwwroot\Dev\WTS\Global.asax:line 74
08/13/2018 12:59:25.811 [podn0jaquutllgbjadkwtwpg] - Info - http://localhost:50947/QM_Workload_Crosswalk_Multi_Level_Grid.aspx?GridType=MultiLevel&MyData=false&showParameters=true&random=1534179458427&SelectedStatuses=80,72,1,2,3,4,5,7,8,9,11,12,13&SelectedAssigned=101,90,44,36,113,55,54,89,103,80,18,41,75,60,58,81,37,110,82,46,21,76,45,26,65,66,42,51,11,105,10,33,28,86,97,94,83,71,108,120,31,62,102,47,121,84,122,53,49,100,74,43,106,126,95,111,112,114,38,56,59,20,73,29,98,25,77,72,104,107,35,6,88,85,91,50,96,27,79,40,87,99,109,137,17,39,30,68,67,14,23&GridPageSize=25&BusinessReview=false&GridPageIndex=0&UserDDLChange=yes - App_global.asax.fgz-kzfs.dll - ASP.global_asax.Application_Error(System.Object, System.EventArgs) : Exception of type 'System.Web.HttpUnhandledException' was thrown.    at ASP.global_asax.Application_Error(Object sender, EventArgs e) in c:\inetpub\wwwroot\Dev\WTS\Global.asax:line 74
08/13/2018 13:01:02.021 [podn0jaquutllgbjadkwtwpg] - Info - http://localhost:50947/QM_Workload_Crosswalk_Multi_Level_Grid.aspx?GridType=MultiLevel&MyData=false&showParameters=true&random=1534179578286 - App_global.asax.fgz-kzfs.dll - ASP.global_asax.Application_Error(System.Object, System.EventArgs) : Exception of type 'System.Web.HttpUnhandledException' was thrown.    at ASP.global_asax.Application_Error(Object sender, EventArgs e) in c:\inetpub\wwwroot\Dev\WTS\Global.asax:line 74
08/13/2018 13:01:58.886 [kdrou2wbjxnida3rgudrjbga] - Info - http://localhost:50947/Default.aspx - App_Web_rb5hn32g.dll - _Default.Login() : checking if membership user is logged in and authenticated
08/13/2018 13:01:58.906 [kdrou2wbjxnida3rgudrjbga] - Info - http://localhost:50947/Default.aspx - App_Web_rb5hn32g.dll - _Default.Login() : 
ALL available roles: 
    Admin
    Administration
    AOR
    CR
    Dashboard
    MasterData
    Meeting
    News
    Reports
    ResourceManagement
    RQMT
    SustainmentRequest
    Task
    Tester
    View:Administration
    View:AOR
    View:CR
    View:CVTMetrics
    View:Dashboard
    View:MasterData
    View:Meeting
    View:Metrics
    View:News
    View:Reports
    View:ResourceManagement
    View:RQMT
    View:SustainmentRequest
    View:Task
    View:WorkItem
    View:WorkRequest
    WorkItem
    WorkRequest


User erin.mendoza is logged in and is approved.
Organization = Folsom Dev

User is in roles:  
    Admin
    Administration
    CR
    Dashboard
    MasterData
    Meeting
    Reports
    RQMT
    SustainmentRequest
    Task
    View:AOR
    View:CR
    View:CVTMetrics
    View:Meeting
    View:Metrics
    View:News
    View:ResourceManagement
    WorkItem
    WorkRequest

08/13/2018 13:58:06.489 [kdrou2wbjxnida3rgudrjbga] - Info - http://localhost:50947/QM_Workload_Crosswalk_Multi_Level_Grid.aspx?GridType=MultiLevel&MyData=false&showParameters=true&random=1534179756453&SelectedStatuses=80,72,1,2,3,4,5,7,8,9,11,12,13&SelectedAssigned=101,90,44,36,113,55,54,89,103,80,18,41,75,60,58,81,37,110,82,46,21,76,45,26,65,66,42,51,11,105,10,33,28,86,97,94,83,71,108,120,31,62,102,47,121,84,122,53,49,100,74,43,106,126,95,111,112,114,38,56,59,20,73,29,98,25,77,72,104,107,35,6,88,85,91,50,96,27,79,40,87,99,109,137,17,39,30,68,67,14,23&GridPageSize=25&BusinessReview=false&GridPageIndex=0&UserDDLChange=yes - App_global.asax.fgz-kzfs.dll - ASP.global_asax.Application_Error(System.Object, System.EventArgs) : Exception of type 'System.Web.HttpUnhandledException' was thrown.    at ASP.global_asax.Application_Error(Object sender, EventArgs e) in c:\inetpub\wwwroot\Dev\WTS\Global.asax:line 74
08/13/2018 13:58:45.410 [uixtwfuxumcce3m4tbewvq0q] - Info - http://localhost:50947/Default.aspx - App_Web_rb5hn32g.dll - _Default.Login() : checking if membership user is logged in and authenticated
08/13/2018 13:58:45.443 [uixtwfuxumcce3m4tbewvq0q] - Info - http://localhost:50947/Default.aspx - App_Web_rb5hn32g.dll - _Default.Login() : 
ALL available roles: 
    Admin
    Administration
    AOR
    CR
    Dashboard
    MasterData
    Meeting
    News
    Reports
    ResourceManagement
    RQMT
    SustainmentRequest
    Task
    Tester
    View:Administration
    View:AOR
    View:CR
    View:CVTMetrics
    View:Dashboard
    View:MasterData
    View:Meeting
    View:Metrics
    View:News
    View:Reports
    View:ResourceManagement
    View:RQMT
    View:SustainmentRequest
    View:Task
    View:WorkItem
    View:WorkRequest
    WorkItem
    WorkRequest


User erin.mendoza is logged in and is approved.
Organization = Folsom Dev

User is in roles:  
    Admin
    Administration
    CR
    Dashboard
    MasterData
    Meeting
    Reports
    RQMT
    SustainmentRequest
    Task
    View:AOR
    View:CR
    View:CVTMetrics
    View:Meeting
    View:Metrics
    View:News
    View:ResourceManagement
    WorkItem
    WorkRequest

08/13/2018 14:12:46.616 [uixtwfuxumcce3m4tbewvq0q] - Info - http://localhost:50947/QM_Workload_Crosswalk_Multi_Level_Grid.aspx?GridType=MultiLevel&MyData=false&showParameters=true&random=1534183138506&SelectedStatuses=80,72,1,2,3,4,5,7,8,9,11,12,13&SelectedAssigned=101,90,44,36,113,55,54,89,103,80,18,41,75,60,58,81,37,110,82,46,21,76,45,26,65,66,42,51,11,105,10,33,28,86,97,94,83,71,108,120,31,62,102,47,121,84,122,53,49,100,74,43,106,126,95,111,112,114,38,56,59,20,73,29,98,25,77,72,104,107,35,6,88,85,91,50,96,27,79,40,87,99,109,137,17,39,30,68,67,14,23&GridPageSize=25&BusinessReview=false&GridPageIndex=0&UserDDLChange=yes - App_global.asax.fgz-kzfs.dll - ASP.global_asax.Application_Error(System.Object, System.EventArgs) : Exception of type 'System.Web.HttpUnhandledException' was thrown.    at ASP.global_asax.Application_Error(Object sender, EventArgs e) in c:\inetpub\wwwroot\Dev\WTS\Global.asax:line 74
08/13/2018 14:24:46.169 [uixtwfuxumcce3m4tbewvq0q] - Info - http://localhost:50947/QM_Workload_Crosswalk_Multi_Level_Grid.aspx?GridType=MultiLevel&MyData=false&showParameters=true&random=1534183976066 - App_global.asax.fgz-kzfs.dll - ASP.global_asax.Application_Error(System.Object, System.EventArgs) : Exception of type 'System.Web.HttpUnhandledException' was thrown.    at ASP.global_asax.Application_Error(Object sender, EventArgs e) in c:\inetpub\wwwroot\Dev\WTS\Global.asax:line 74
08/13/2018 14:27:23.893 [uixtwfuxumcce3m4tbewvq0q] - Info - http://localhost:50947/QM_Workload_Crosswalk_Multi_Level_Grid.aspx?GridType=MultiLevel&MyData=false&showParameters=true&random=1534184747754 - App_global.asax.fgz-kzfs.dll - ASP.global_asax.Application_Error(System.Object, System.EventArgs) : Exception of type 'System.Web.HttpUnhandledException' was thrown.    at ASP.global_asax.Application_Error(Object sender, EventArgs e) in c:\inetpub\wwwroot\Dev\WTS\Global.asax:line 74
08/13/2018 14:29:48.296 [uixtwfuxumcce3m4tbewvq0q] - Info - http://localhost:50947/QM_Workload_Crosswalk_Multi_Level_Grid.aspx?GridType=MultiLevel&MyData=false&showParameters=true&random=1534184851412 - App_global.asax.fgz-kzfs.dll - ASP.global_asax.Application_Error(System.Object, System.EventArgs) : Exception of type 'System.Web.HttpUnhandledException' was thrown.    at ASP.global_asax.Application_Error(Object sender, EventArgs e) in c:\inetpub\wwwroot\Dev\WTS\Global.asax:line 74
08/13/2018 15:05:54.963 [uixtwfuxumcce3m4tbewvq0q] - Info - http://localhost:50947/QM_Workload_Crosswalk_Multi_Level_Grid.aspx?GridType=MultiLevel&MyData=false&showParameters=true&random=1534185032564&SelectedStatuses=80,72,1,2,3,4,5,7,8,9,11,12,13&SelectedAssigned=101,90,44,36,113,55,54,89,103,80,18,41,75,60,58,81,37,110,82,46,21,76,45,26,65,66,42,51,11,105,10,33,28,86,97,94,83,71,108,120,31,62,102,47,121,84,122,53,49,100,74,43,106,126,95,111,112,114,38,56,59,20,73,29,98,25,77,72,104,107,35,6,88,85,91,50,96,27,79,40,87,99,109,137,17,39,30,68,67,14,23&GridPageSize=25&BusinessReview=false&GridPageIndex=0&UserDDLChange=yes - App_global.asax.fgz-kzfs.dll - ASP.global_asax.Application_Error(System.Object, System.EventArgs) : Exception of type 'System.Web.HttpUnhandledException' was thrown.    at ASP.global_asax.Application_Error(Object sender, EventArgs e) in c:\inetpub\wwwroot\Dev\WTS\Global.asax:line 74
08/13/2018 15:08:07.758 [uixtwfuxumcce3m4tbewvq0q] - Info - http://localhost:50947/QM_Workload_Crosswalk_Multi_Level_Grid.aspx?GridType=MultiLevel&MyData=false&showParameters=true&random=1534187201048 - App_global.asax.fgz-kzfs.dll - ASP.global_asax.Application_Error(System.Object, System.EventArgs) : Exception of type 'System.Web.HttpUnhandledException' was thrown.    at ASP.global_asax.Application_Error(Object sender, EventArgs e) in c:\inetpub\wwwroot\Dev\WTS\Global.asax:line 74
08/13/2018 15:11:10.113 [acjexrguawdos2fgajlsselv] - Info - http://localhost:50947/Default.aspx - App_Web_rb5hn32g.dll - _Default.Login() : checking if membership user is logged in and authenticated
08/13/2018 15:11:10.120 [acjexrguawdos2fgajlsselv] - Info - http://localhost:50947/Default.aspx - App_Web_rb5hn32g.dll - _Default.Login() : 
ALL available roles: 
    Admin
    Administration
    AOR
    CR
    Dashboard
    MasterData
    Meeting
    News
    Reports
    ResourceManagement
    RQMT
    SustainmentRequest
    Task
    Tester
    View:Administration
    View:AOR
    View:CR
    View:CVTMetrics
    View:Dashboard
    View:MasterData
    View:Meeting
    View:Metrics
    View:News
    View:Reports
    View:ResourceManagement
    View:RQMT
    View:SustainmentRequest
    View:Task
    View:WorkItem
    View:WorkRequest
    WorkItem
    WorkRequest


User erin.mendoza is logged in and is approved.
Organization = Folsom Dev

User is in roles:  
    Admin
    Administration
    CR
    Dashboard
    MasterData
    Meeting
    Reports
    RQMT
    SustainmentRequest
    Task
    View:AOR
    View:CR
    View:CVTMetrics
    View:Meeting
    View:Metrics
    View:News
    View:ResourceManagement
    WorkItem
    WorkRequest

08/13/2018 15:18:10.357 [acjexrguawdos2fgajlsselv] - Info - http://localhost:50947/QM_Workload_Crosswalk_Multi_Level_Grid.aspx?GridType=MultiLevel&MyData=false&showParameters=true&random=1534187479084&SelectedStatuses=80,72,1,2,3,4,5,7,8,9,11,12,13&SelectedAssigned=101,90,44,36,113,55,54,89,103,80,18,41,75,60,58,81,37,110,82,46,21,76,45,26,65,66,42,51,11,105,10,33,28,86,97,94,83,71,108,120,31,62,102,47,121,84,122,53,49,100,74,43,106,126,95,111,112,114,38,56,59,20,73,29,98,25,77,72,104,107,35,6,88,85,91,50,96,27,79,40,87,99,109,137,17,39,30,68,67,14,23&GridPageSize=25&BusinessReview=false&GridPageIndex=0&UserDDLChange=yes - App_global.asax.fgz-kzfs.dll - ASP.global_asax.Application_Error(System.Object, System.EventArgs) : Exception of type 'System.Web.HttpUnhandledException' was thrown.    at ASP.global_asax.Application_Error(Object sender, EventArgs e) in c:\inetpub\wwwroot\Dev\WTS\Global.asax:line 74
08/13/2018 15:19:30.615 [pxoj5yaxycdmrarml1dmtojx] - Info - http://localhost:50947/Default.aspx - App_Web_rb5hn32g.dll - _Default.Login() : checking if membership user is logged in and authenticated
08/13/2018 15:19:30.621 [pxoj5yaxycdmrarml1dmtojx] - Info - http://localhost:50947/Default.aspx - App_Web_rb5hn32g.dll - _Default.Login() : 
ALL available roles: 
    Admin
    Administration
    AOR
    CR
    Dashboard
    MasterData
    Meeting
    News
    Reports
    ResourceManagement
    RQMT
    SustainmentRequest
    Task
    Tester
    View:Administration
    View:AOR
    View:CR
    View:CVTMetrics
    View:Dashboard
    View:MasterData
    View:Meeting
    View:Metrics
    View:News
    View:Reports
    View:ResourceManagement
    View:RQMT
    View:SustainmentRequest
    View:Task
    View:WorkItem
    View:WorkRequest
    WorkItem
    WorkRequest


User erin.mendoza is logged in and is approved.
Organization = Folsom Dev

User is in roles:  
    Admin
    Administration
    CR
    Dashboard
    MasterData
    Meeting
    Reports
    RQMT
    SustainmentRequest
    Task
    View:AOR
    View:CR
    View:CVTMetrics
    View:Meeting
    View:Metrics
    View:News
    View:ResourceManagement
    WorkItem
    WorkRequest

08/13/2018 16:20:59.567 [pxoj5yaxycdmrarml1dmtojx] - Info - http://localhost:50947/QM_Workload_Crosswalk_Multi_Level_Grid.aspx?GridType=MultiLevel&MyData=false&showParameters=true&random=1534191380516&SelectedStatuses=80,72,1,2,3,4,5,7,8,9,11,12,13&SelectedAssigned=101,90,44,36,113,55,54,89,103,80,18,41,75,60,58,81,37,110,82,46,21,76,45,26,65,66,42,51,11,105,10,33,28,86,97,94,83,71,108,120,31,62,102,47,121,84,122,53,49,100,74,43,106,126,95,111,112,114,38,56,59,20,73,29,98,25,77,72,104,107,35,6,88,85,91,50,96,27,79,40,87,99,109,137,17,39,30,68,67,14,23&GridPageSize=25&BusinessReview=false&GridPageIndex=0&UserDDLChange=yes - App_global.asax.fgz-kzfs.dll - ASP.global_asax.Application_Error(System.Object, System.EventArgs) : Exception of type 'System.Web.HttpUnhandledException' was thrown.    at ASP.global_asax.Application_Error(Object sender, EventArgs e) in c:\inetpub\wwwroot\Dev\WTS\Global.asax:line 74
08/13/2018 16:21:14.686 [yef3hcpgz2f1zn0e4oxm3t4a] - Info - http://localhost:50947/Default.aspx - App_Web_rb5hn32g.dll - _Default.Login() : checking if membership user is logged in and authenticated
08/13/2018 16:21:14.695 [yef3hcpgz2f1zn0e4oxm3t4a] - Info - http://localhost:50947/Default.aspx - App_Web_rb5hn32g.dll - _Default.Login() : 
ALL available roles: 
    Admin
    Administration
    AOR
    CR
    Dashboard
    MasterData
    Meeting
    News
    Reports
    ResourceManagement
    RQMT
    SustainmentRequest
    Task
    Tester
    View:Administration
    View:AOR
    View:CR
    View:CVTMetrics
    View:Dashboard
    View:MasterData
    View:Meeting
    View:Metrics
    View:News
    View:Reports
    View:ResourceManagement
    View:RQMT
    View:SustainmentRequest
    View:Task
    View:WorkItem
    View:WorkRequest
    WorkItem
    WorkRequest


User erin.mendoza is logged in and is approved.
Organization = Folsom Dev

User is in roles:  
    Admin
    Administration
    CR
    Dashboard
    MasterData
    Meeting
    Reports
    RQMT
    SustainmentRequest
    Task
    View:AOR
    View:CR
    View:CVTMetrics
    View:Meeting
    View:Metrics
    View:News
    View:ResourceManagement
    WorkItem
    WorkRequest

08/13/2018 16:55:36.233 [ma04fam1ppguw42ii0gxewjy] - Info - http://localhost:50947/Default.aspx - App_Web_rb5hn32g.dll - _Default.Login() : checking if membership user is logged in and authenticated
08/13/2018 16:55:36.244 [ma04fam1ppguw42ii0gxewjy] - Info - http://localhost:50947/Default.aspx - App_Web_rb5hn32g.dll - _Default.Login() : 
ALL available roles: 
    Admin
    Administration
    AOR
    CR
    Dashboard
    MasterData
    Meeting
    News
    Reports
    ResourceManagement
    RQMT
    SustainmentRequest
    Task
    Tester
    View:Administration
    View:AOR
    View:CR
    View:CVTMetrics
    View:Dashboard
    View:MasterData
    View:Meeting
    View:Metrics
    View:News
    View:Reports
    View:ResourceManagement
    View:RQMT
    View:SustainmentRequest
    View:Task
    View:WorkItem
    View:WorkRequest
    WorkItem
    WorkRequest


User erin.mendoza is logged in and is approved.
Organization = Folsom Dev

User is in roles:  
    Admin
    Administration
    CR
    Dashboard
    MasterData
    Meeting
    Reports
    RQMT
    SustainmentRequest
    Task
    View:AOR
    View:CR
    View:CVTMetrics
    View:Meeting
    View:Metrics
    View:News
    View:ResourceManagement
    WorkItem
    WorkRequest

08/13/2018 16:59:29.174 [2ffzben5pezphoxatv5vhbgt] - Info - http://localhost:50947/Default.aspx - App_Web_rb5hn32g.dll - _Default.Login() : checking if membership user is logged in and authenticated
08/13/2018 16:59:29.182 [2ffzben5pezphoxatv5vhbgt] - Info - http://localhost:50947/Default.aspx - App_Web_rb5hn32g.dll - _Default.Login() : 
ALL available roles: 
    Admin
    Administration
    AOR
    CR
    Dashboard
    MasterData
    Meeting
    News
    Reports
    ResourceManagement
    RQMT
    SustainmentRequest
    Task
    Tester
    View:Administration
    View:AOR
    View:CR
    View:CVTMetrics
    View:Dashboard
    View:MasterData
    View:Meeting
    View:Metrics
    View:News
    View:Reports
    View:ResourceManagement
    View:RQMT
    View:SustainmentRequest
    View:Task
    View:WorkItem
    View:WorkRequest
    WorkItem
    WorkRequest


User erin.mendoza is logged in and is approved.
Organization = Folsom Dev

User is in roles:  
    Admin
    Administration
    CR
    Dashboard
    MasterData
    Meeting
    Reports
    RQMT
    SustainmentRequest
    Task
    View:AOR
    View:CR
    View:CVTMetrics
    View:Meeting
    View:Metrics
    View:News
    View:ResourceManagement
    WorkItem
    WorkRequest

08/13/2018 17:29:04.909 [ifzhahgslkjdcnvxehqeljit] - Info - http://localhost:50947/Default.aspx - App_Web_rb5hn32g.dll - _Default.Login() : checking if membership user is logged in and authenticated
08/13/2018 17:29:04.962 [ifzhahgslkjdcnvxehqeljit] - Info - http://localhost:50947/Default.aspx - App_Web_rb5hn32g.dll - _Default.Login() : 
ALL available roles: 
    Admin
    Administration
    AOR
    CR
    Dashboard
    MasterData
    Meeting
    News
    Reports
    ResourceManagement
    RQMT
    SustainmentRequest
    Task
    Tester
    View:Administration
    View:AOR
    View:CR
    View:CVTMetrics
    View:Dashboard
    View:MasterData
    View:Meeting
    View:Metrics
    View:News
    View:Reports
    View:ResourceManagement
    View:RQMT
    View:SustainmentRequest
    View:Task
    View:WorkItem
    View:WorkRequest
    WorkItem
    WorkRequest


User erin.mendoza is logged in and is approved.
Organization = Folsom Dev

User is in roles:  
    Admin
    Administration
    CR
    Dashboard
    MasterData
    Meeting
    Reports
    RQMT
    SustainmentRequest
    Task
    View:AOR
    View:CR
    View:CVTMetrics
    View:Meeting
    View:Metrics
    View:News
    View:ResourceManagement
    WorkItem
    WorkRequest

