08/22/2018 09:32:31.209 [5mzum3v2dgp5odojrceaiosc] - Info - http://localhost:50947/Default.aspx - App_Web_nvidp2mh.dll - _Default.Login() : checking if membership user is logged in and authenticated
08/22/2018 09:32:31.282 [5mzum3v2dgp5odojrceaiosc] - Info - http://localhost:50947/Default.aspx - App_Web_nvidp2mh.dll - _Default.Login() : 
ALL available roles: 
    Admin
    Administration
    AOR
    CR
    Dashboard
    MasterData
    Meeting
    News
    Reports
    ResourceManagement
    RQMT
    SustainmentRequest
    Task
    Tester
    View:Administration
    View:AOR
    View:CR
    View:CVTMetrics
    View:Dashboard
    View:MasterData
    View:Meeting
    View:Metrics
    View:News
    View:Reports
    View:ResourceManagement
    View:RQMT
    View:SustainmentRequest
    View:Task
    View:WorkItem
    View:WorkRequest
    WorkItem
    WorkRequest


User erin.mendoza is logged in and is approved.
Organization = Folsom Dev

User is in roles:  
    Admin
    Administration
    CR
    Dashboard
    MasterData
    Meeting
    Reports
    RQMT
    SustainmentRequest
    Task
    View:AOR
    View:CR
    View:CVTMetrics
    View:Meeting
    View:Metrics
    View:News
    View:ResourceManagement
    WorkItem
    WorkRequest

08/22/2018 09:56:56.949 [gxh4ome44gb2r4qic3jrxw3f] - Info - http://localhost:50947/Default.aspx - App_Web_i4oy4rkr.dll - _Default.Login() : checking if membership user is logged in and authenticated
08/22/2018 09:56:56.986 [gxh4ome44gb2r4qic3jrxw3f] - Info - http://localhost:50947/Default.aspx - App_Web_i4oy4rkr.dll - _Default.Login() : 
ALL available roles: 
    Admin
    Administration
    AOR
    CR
    Dashboard
    MasterData
    Meeting
    News
    Reports
    ResourceManagement
    RQMT
    SustainmentRequest
    Task
    Tester
    View:Administration
    View:AOR
    View:CR
    View:CVTMetrics
    View:Dashboard
    View:MasterData
    View:Meeting
    View:Metrics
    View:News
    View:Reports
    View:ResourceManagement
    View:RQMT
    View:SustainmentRequest
    View:Task
    View:WorkItem
    View:WorkRequest
    WorkItem
    WorkRequest


User erin.mendoza is logged in and is approved.
Organization = Folsom Dev

User is in roles:  
    Admin
    Administration
    CR
    Dashboard
    MasterData
    Meeting
    Reports
    RQMT
    SustainmentRequest
    Task
    View:AOR
    View:CR
    View:CVTMetrics
    View:Meeting
    View:Metrics
    View:News
    View:ResourceManagement
    WorkItem
    WorkRequest

08/22/2018 10:05:00.384 [gxh4ome44gb2r4qic3jrxw3f] - Info - http://localhost:50947/AOR_Tasks_Add.aspx?GridType=AOR&MyData=false&NewAOR=false&AORID=431&AORReleaseID=621&ReleaseAOR=true&Type=Task - App_global.asax.9isilurx.dll - ASP.global_asax.Application_Error(System.Object, System.EventArgs) : Exception of type 'System.Web.HttpUnhandledException' was thrown.    at ASP.global_asax.Application_Error(Object sender, EventArgs e) in c:\inetpub\wwwroot\Dev\WTS\Global.asax:line 74
08/22/2018 10:05:46.586 [gxh4ome44gb2r4qic3jrxw3f] - Info - http://localhost:50947/AOR_Tasks_Add.aspx?GridType=AOR&MyData=false&NewAOR=false&AORID=431&AORReleaseID=621&ReleaseAOR=true&Type=Task - App_global.asax.9isilurx.dll - ASP.global_asax.Application_Error(System.Object, System.EventArgs) : Exception of type 'System.Web.HttpUnhandledException' was thrown.    at ASP.global_asax.Application_Error(Object sender, EventArgs e) in c:\inetpub\wwwroot\Dev\WTS\Global.asax:line 74
08/22/2018 10:14:30.904 [gbybjtfghkftjtugkdiomjym] - Info - http://localhost:50947/Default.aspx - App_Web_yqmt0uns.dll - _Default.Login() : checking if membership user is logged in and authenticated
08/22/2018 10:14:30.922 [gbybjtfghkftjtugkdiomjym] - Info - http://localhost:50947/Default.aspx - App_Web_yqmt0uns.dll - _Default.Login() : 
ALL available roles: 
    Admin
    Administration
    AOR
    CR
    Dashboard
    MasterData
    Meeting
    News
    Reports
    ResourceManagement
    RQMT
    SustainmentRequest
    Task
    Tester
    View:Administration
    View:AOR
    View:CR
    View:CVTMetrics
    View:Dashboard
    View:MasterData
    View:Meeting
    View:Metrics
    View:News
    View:Reports
    View:ResourceManagement
    View:RQMT
    View:SustainmentRequest
    View:Task
    View:WorkItem
    View:WorkRequest
    WorkItem
    WorkRequest


User erin.mendoza is logged in and is approved.
Organization = Folsom Dev

User is in roles:  
    Admin
    Administration
    CR
    Dashboard
    MasterData
    Meeting
    Reports
    RQMT
    SustainmentRequest
    Task
    View:AOR
    View:CR
    View:CVTMetrics
    View:Meeting
    View:Metrics
    View:News
    View:ResourceManagement
    WorkItem
    WorkRequest

08/22/2018 10:48:21.211 [lwnqlywlibrwq2pzsex4t4rl] - Info - http://localhost:50947/Default.aspx - App_Web_yqmt0uns.dll - _Default.Login() : checking if membership user is logged in and authenticated
08/22/2018 10:48:21.252 [lwnqlywlibrwq2pzsex4t4rl] - Info - http://localhost:50947/Default.aspx - App_Web_yqmt0uns.dll - _Default.Login() : 
ALL available roles: 
    Admin
    Administration
    AOR
    CR
    Dashboard
    MasterData
    Meeting
    News
    Reports
    ResourceManagement
    RQMT
    SustainmentRequest
    Task
    Tester
    View:Administration
    View:AOR
    View:CR
    View:CVTMetrics
    View:Dashboard
    View:MasterData
    View:Meeting
    View:Metrics
    View:News
    View:Reports
    View:ResourceManagement
    View:RQMT
    View:SustainmentRequest
    View:Task
    View:WorkItem
    View:WorkRequest
    WorkItem
    WorkRequest


User erin.mendoza is logged in and is approved.
Organization = Folsom Dev

User is in roles:  
    Admin
    Administration
    CR
    Dashboard
    MasterData
    Meeting
    Reports
    RQMT
    SustainmentRequest
    Task
    View:AOR
    View:CR
    View:CVTMetrics
    View:Meeting
    View:Metrics
    View:News
    View:ResourceManagement
    WorkItem
    WorkRequest

08/22/2018 10:52:36.179 [cz2ijdxz2woidorhvv1cjenn] - Info - http://localhost:50947/Default.aspx - App_Web_yqmt0uns.dll - _Default.Login() : checking if membership user is logged in and authenticated
08/22/2018 10:52:36.187 [cz2ijdxz2woidorhvv1cjenn] - Info - http://localhost:50947/Default.aspx - App_Web_yqmt0uns.dll - _Default.Login() : 
ALL available roles: 
    Admin
    Administration
    AOR
    CR
    Dashboard
    MasterData
    Meeting
    News
    Reports
    ResourceManagement
    RQMT
    SustainmentRequest
    Task
    Tester
    View:Administration
    View:AOR
    View:CR
    View:CVTMetrics
    View:Dashboard
    View:MasterData
    View:Meeting
    View:Metrics
    View:News
    View:Reports
    View:ResourceManagement
    View:RQMT
    View:SustainmentRequest
    View:Task
    View:WorkItem
    View:WorkRequest
    WorkItem
    WorkRequest


User erin.mendoza is logged in and is approved.
Organization = Folsom Dev

User is in roles:  
    Admin
    Administration
    CR
    Dashboard
    MasterData
    Meeting
    Reports
    RQMT
    SustainmentRequest
    Task
    View:AOR
    View:CR
    View:CVTMetrics
    View:Meeting
    View:Metrics
    View:News
    View:ResourceManagement
    WorkItem
    WorkRequest

08/22/2018 10:59:53.392 [1elbv55lerq11zgzyqevv4rr] - Info - http://localhost:50947/Default.aspx - App_Web_yqmt0uns.dll - _Default.Login() : checking if membership user is logged in and authenticated
08/22/2018 10:59:53.439 [1elbv55lerq11zgzyqevv4rr] - Info - http://localhost:50947/Default.aspx - App_Web_yqmt0uns.dll - _Default.Login() : 
ALL available roles: 
    Admin
    Administration
    AOR
    CR
    Dashboard
    MasterData
    Meeting
    News
    Reports
    ResourceManagement
    RQMT
    SustainmentRequest
    Task
    Tester
    View:Administration
    View:AOR
    View:CR
    View:CVTMetrics
    View:Dashboard
    View:MasterData
    View:Meeting
    View:Metrics
    View:News
    View:Reports
    View:ResourceManagement
    View:RQMT
    View:SustainmentRequest
    View:Task
    View:WorkItem
    View:WorkRequest
    WorkItem
    WorkRequest


User erin.mendoza is logged in and is approved.
Organization = Folsom Dev

User is in roles:  
    Admin
    Administration
    CR
    Dashboard
    MasterData
    Meeting
    Reports
    RQMT
    SustainmentRequest
    Task
    View:AOR
    View:CR
    View:CVTMetrics
    View:Meeting
    View:Metrics
    View:News
    View:ResourceManagement
    WorkItem
    WorkRequest

08/22/2018 11:30:54.831 [pfmfyi1jg1y4fwwwkvowq2ds] - Info - http://localhost:50947/Default.aspx - App_Web_kqfk0fhq.dll - _Default.Login() : checking if membership user is logged in and authenticated
08/22/2018 11:30:54.903 [pfmfyi1jg1y4fwwwkvowq2ds] - Info - http://localhost:50947/Default.aspx - App_Web_kqfk0fhq.dll - _Default.Login() : 
ALL available roles: 
    Admin
    Administration
    AOR
    CR
    Dashboard
    MasterData
    Meeting
    News
    Reports
    ResourceManagement
    RQMT
    SustainmentRequest
    Task
    Tester
    View:Administration
    View:AOR
    View:CR
    View:CVTMetrics
    View:Dashboard
    View:MasterData
    View:Meeting
    View:Metrics
    View:News
    View:Reports
    View:ResourceManagement
    View:RQMT
    View:SustainmentRequest
    View:Task
    View:WorkItem
    View:WorkRequest
    WorkItem
    WorkRequest


User erin.mendoza is logged in and is approved.
Organization = Folsom Dev

User is in roles:  
    Admin
    Administration
    CR
    Dashboard
    MasterData
    Meeting
    Reports
    RQMT
    SustainmentRequest
    Task
    View:AOR
    View:CR
    View:CVTMetrics
    View:Meeting
    View:Metrics
    View:News
    View:ResourceManagement
    WorkItem
    WorkRequest

08/22/2018 11:37:05.205 [cz2ijdxz2woidorhvv1cjenn] - Info - http://localhost:50947/Default.aspx - App_Web_kqfk0fhq.dll - _Default.Login() : checking if membership user is logged in and authenticated
08/22/2018 11:37:05.278 [cz2ijdxz2woidorhvv1cjenn] - Info - http://localhost:50947/Default.aspx - App_Web_kqfk0fhq.dll - _Default.Login() : 
ALL available roles: 
    Admin
    Administration
    AOR
    CR
    Dashboard
    MasterData
    Meeting
    News
    Reports
    ResourceManagement
    RQMT
    SustainmentRequest
    Task
    Tester
    View:Administration
    View:AOR
    View:CR
    View:CVTMetrics
    View:Dashboard
    View:MasterData
    View:Meeting
    View:Metrics
    View:News
    View:Reports
    View:ResourceManagement
    View:RQMT
    View:SustainmentRequest
    View:Task
    View:WorkItem
    View:WorkRequest
    WorkItem
    WorkRequest


User erin.mendoza is logged in and is approved.
Organization = Folsom Dev

User is in roles:  
    Admin
    Administration
    CR
    Dashboard
    MasterData
    Meeting
    Reports
    RQMT
    SustainmentRequest
    Task
    View:AOR
    View:CR
    View:CVTMetrics
    View:Meeting
    View:Metrics
    View:News
    View:ResourceManagement
    WorkItem
    WorkRequest

08/22/2018 12:10:21.425 [usl1bgmsbdnlqcqx22pogqyw] - Info - http://localhost:50947/Default.aspx - App_Web_kqfk0fhq.dll - _Default.Login() : checking if membership user is logged in and authenticated
08/22/2018 12:10:21.494 [usl1bgmsbdnlqcqx22pogqyw] - Info - http://localhost:50947/Default.aspx - App_Web_kqfk0fhq.dll - _Default.Login() : 
ALL available roles: 
    Admin
    Administration
    AOR
    CR
    Dashboard
    MasterData
    Meeting
    News
    Reports
    ResourceManagement
    RQMT
    SustainmentRequest
    Task
    Tester
    View:Administration
    View:AOR
    View:CR
    View:CVTMetrics
    View:Dashboard
    View:MasterData
    View:Meeting
    View:Metrics
    View:News
    View:Reports
    View:ResourceManagement
    View:RQMT
    View:SustainmentRequest
    View:Task
    View:WorkItem
    View:WorkRequest
    WorkItem
    WorkRequest


User erin.mendoza is logged in and is approved.
Organization = Folsom Dev

User is in roles:  
    Admin
    Administration
    CR
    Dashboard
    MasterData
    Meeting
    Reports
    RQMT
    SustainmentRequest
    Task
    View:AOR
    View:CR
    View:CVTMetrics
    View:Meeting
    View:Metrics
    View:News
    View:ResourceManagement
    WorkItem
    WorkRequest

08/22/2018 12:28:41.713 [cz2ijdxz2woidorhvv1cjenn] - Info - http://localhost:50947/Default.aspx - App_Web_kqfk0fhq.dll - _Default.Login() : checking if membership user is logged in and authenticated
08/22/2018 12:28:41.796 [cz2ijdxz2woidorhvv1cjenn] - Info - http://localhost:50947/Default.aspx - App_Web_kqfk0fhq.dll - _Default.Login() : 
ALL available roles: 
    Admin
    Administration
    AOR
    CR
    Dashboard
    MasterData
    Meeting
    News
    Reports
    ResourceManagement
    RQMT
    SustainmentRequest
    Task
    Tester
    View:Administration
    View:AOR
    View:CR
    View:CVTMetrics
    View:Dashboard
    View:MasterData
    View:Meeting
    View:Metrics
    View:News
    View:Reports
    View:ResourceManagement
    View:RQMT
    View:SustainmentRequest
    View:Task
    View:WorkItem
    View:WorkRequest
    WorkItem
    WorkRequest


User erin.mendoza is logged in and is approved.
Organization = Folsom Dev

User is in roles:  
    Admin
    Administration
    CR
    Dashboard
    MasterData
    Meeting
    Reports
    RQMT
    SustainmentRequest
    Task
    View:AOR
    View:CR
    View:CVTMetrics
    View:Meeting
    View:Metrics
    View:News
    View:ResourceManagement
    WorkItem
    WorkRequest

08/22/2018 13:19:19.306 [4hox1lrpocbmnjf4vypejx4s] - Info - http://localhost:50947/Default.aspx - App_Web_kqfk0fhq.dll - _Default.Login() : checking if membership user is logged in and authenticated
08/22/2018 13:19:19.364 [4hox1lrpocbmnjf4vypejx4s] - Info - http://localhost:50947/Default.aspx - App_Web_kqfk0fhq.dll - _Default.Login() : 
ALL available roles: 
    Admin
    Administration
    AOR
    CR
    Dashboard
    MasterData
    Meeting
    News
    Reports
    ResourceManagement
    RQMT
    SustainmentRequest
    Task
    Tester
    View:Administration
    View:AOR
    View:CR
    View:CVTMetrics
    View:Dashboard
    View:MasterData
    View:Meeting
    View:Metrics
    View:News
    View:Reports
    View:ResourceManagement
    View:RQMT
    View:SustainmentRequest
    View:Task
    View:WorkItem
    View:WorkRequest
    WorkItem
    WorkRequest


User erin.mendoza is logged in and is approved.
Organization = Folsom Dev

User is in roles:  
    Admin
    Administration
    CR
    Dashboard
    MasterData
    Meeting
    Reports
    RQMT
    SustainmentRequest
    Task
    View:AOR
    View:CR
    View:CVTMetrics
    View:Meeting
    View:Metrics
    View:News
    View:ResourceManagement
    WorkItem
    WorkRequest

08/22/2018 13:33:25.554 [kao1ukjmpjq55zjkeizkq5os] - Info - http://localhost:50947/Default.aspx - App_Web_kqfk0fhq.dll - _Default.Login() : checking if membership user is logged in and authenticated
08/22/2018 13:33:25.603 [kao1ukjmpjq55zjkeizkq5os] - Info - http://localhost:50947/Default.aspx - App_Web_kqfk0fhq.dll - _Default.Login() : 
ALL available roles: 
    Admin
    Administration
    AOR
    CR
    Dashboard
    MasterData
    Meeting
    News
    Reports
    ResourceManagement
    RQMT
    SustainmentRequest
    Task
    Tester
    View:Administration
    View:AOR
    View:CR
    View:CVTMetrics
    View:Dashboard
    View:MasterData
    View:Meeting
    View:Metrics
    View:News
    View:Reports
    View:ResourceManagement
    View:RQMT
    View:SustainmentRequest
    View:Task
    View:WorkItem
    View:WorkRequest
    WorkItem
    WorkRequest


User erin.mendoza is logged in and is approved.
Organization = Folsom Dev

User is in roles:  
    Admin
    Administration
    CR
    Dashboard
    MasterData
    Meeting
    Reports
    RQMT
    SustainmentRequest
    Task
    View:AOR
    View:CR
    View:CVTMetrics
    View:Meeting
    View:Metrics
    View:News
    View:ResourceManagement
    WorkItem
    WorkRequest

08/22/2018 14:37:33.029 [4l50phpjzc2rxpo1xb24kgka] - Info - http://localhost:50947/Default.aspx - App_Web_kqfk0fhq.dll - _Default.Login() : checking if membership user is logged in and authenticated
08/22/2018 14:37:33.101 [4l50phpjzc2rxpo1xb24kgka] - Info - http://localhost:50947/Default.aspx - App_Web_kqfk0fhq.dll - _Default.Login() : 
ALL available roles: 
    Admin
    Administration
    AOR
    CR
    Dashboard
    MasterData
    Meeting
    News
    Reports
    ResourceManagement
    RQMT
    SustainmentRequest
    Task
    Tester
    View:Administration
    View:AOR
    View:CR
    View:CVTMetrics
    View:Dashboard
    View:MasterData
    View:Meeting
    View:Metrics
    View:News
    View:Reports
    View:ResourceManagement
    View:RQMT
    View:SustainmentRequest
    View:Task
    View:WorkItem
    View:WorkRequest
    WorkItem
    WorkRequest


User erin.mendoza is logged in and is approved.
Organization = Folsom Dev

User is in roles:  
    Admin
    Administration
    CR
    Dashboard
    MasterData
    Meeting
    Reports
    RQMT
    SustainmentRequest
    Task
    View:AOR
    View:CR
    View:CVTMetrics
    View:Meeting
    View:Metrics
    View:News
    View:ResourceManagement
    WorkItem
    WorkRequest

08/22/2018 14:46:03.291 [54yzba3bkb0oh1pyullx2ryp] - Info - http://localhost:50947/Default.aspx - App_Web_kqfk0fhq.dll - _Default.Login() : checking if membership user is logged in and authenticated
08/22/2018 14:46:03.306 [54yzba3bkb0oh1pyullx2ryp] - Info - http://localhost:50947/Default.aspx - App_Web_kqfk0fhq.dll - _Default.Login() : 
ALL available roles: 
    Admin
    Administration
    AOR
    CR
    Dashboard
    MasterData
    Meeting
    News
    Reports
    ResourceManagement
    RQMT
    SustainmentRequest
    Task
    Tester
    View:Administration
    View:AOR
    View:CR
    View:CVTMetrics
    View:Dashboard
    View:MasterData
    View:Meeting
    View:Metrics
    View:News
    View:Reports
    View:ResourceManagement
    View:RQMT
    View:SustainmentRequest
    View:Task
    View:WorkItem
    View:WorkRequest
    WorkItem
    WorkRequest


User erin.mendoza is logged in and is approved.
Organization = Folsom Dev

User is in roles:  
    Admin
    Administration
    CR
    Dashboard
    MasterData
    Meeting
    Reports
    RQMT
    SustainmentRequest
    Task
    View:AOR
    View:CR
    View:CVTMetrics
    View:Meeting
    View:Metrics
    View:News
    View:ResourceManagement
    WorkItem
    WorkRequest

08/22/2018 14:48:31.426 [14ij4rkkhsair3ix5knq0osx] - Info - http://localhost:50947/Default.aspx - App_Web_kqfk0fhq.dll - _Default.Login() : checking if membership user is logged in and authenticated
08/22/2018 14:48:31.470 [14ij4rkkhsair3ix5knq0osx] - Info - http://localhost:50947/Default.aspx - App_Web_kqfk0fhq.dll - _Default.Login() : 
ALL available roles: 
    Admin
    Administration
    AOR
    CR
    Dashboard
    MasterData
    Meeting
    News
    Reports
    ResourceManagement
    RQMT
    SustainmentRequest
    Task
    Tester
    View:Administration
    View:AOR
    View:CR
    View:CVTMetrics
    View:Dashboard
    View:MasterData
    View:Meeting
    View:Metrics
    View:News
    View:Reports
    View:ResourceManagement
    View:RQMT
    View:SustainmentRequest
    View:Task
    View:WorkItem
    View:WorkRequest
    WorkItem
    WorkRequest


User erin.mendoza is logged in and is approved.
Organization = Folsom Dev

User is in roles:  
    Admin
    Administration
    CR
    Dashboard
    MasterData
    Meeting
    Reports
    RQMT
    SustainmentRequest
    Task
    View:AOR
    View:CR
    View:CVTMetrics
    View:Meeting
    View:Metrics
    View:News
    View:ResourceManagement
    WorkItem
    WorkRequest

08/22/2018 14:50:39.686 [03que5kiqdrh4j0qdd3oc14y] - Info - http://localhost:50947/Default.aspx - App_Web_kqfk0fhq.dll - _Default.Login() : checking if membership user is logged in and authenticated
08/22/2018 14:50:39.738 [03que5kiqdrh4j0qdd3oc14y] - Info - http://localhost:50947/Default.aspx - App_Web_kqfk0fhq.dll - _Default.Login() : 
ALL available roles: 
    Admin
    Administration
    AOR
    CR
    Dashboard
    MasterData
    Meeting
    News
    Reports
    ResourceManagement
    RQMT
    SustainmentRequest
    Task
    Tester
    View:Administration
    View:AOR
    View:CR
    View:CVTMetrics
    View:Dashboard
    View:MasterData
    View:Meeting
    View:Metrics
    View:News
    View:Reports
    View:ResourceManagement
    View:RQMT
    View:SustainmentRequest
    View:Task
    View:WorkItem
    View:WorkRequest
    WorkItem
    WorkRequest


User erin.mendoza is logged in and is approved.
Organization = Folsom Dev

User is in roles:  
    Admin
    Administration
    CR
    Dashboard
    MasterData
    Meeting
    Reports
    RQMT
    SustainmentRequest
    Task
    View:AOR
    View:CR
    View:CVTMetrics
    View:Meeting
    View:Metrics
    View:News
    View:ResourceManagement
    WorkItem
    WorkRequest

08/22/2018 14:51:35.208 [03que5kiqdrh4j0qdd3oc14y] - Info - http://localhost:50947/Metrics.aspx?Module=Work - App_global.asax.5qu8dsxa.dll - ASP.global_asax.Application_Error(System.Object, System.EventArgs) : Exception of type 'System.Web.HttpUnhandledException' was thrown.    at ASP.global_asax.Application_Error(Object sender, EventArgs e) in c:\inetpub\wwwroot\Dev\WTS\Global.asax:line 74
08/22/2018 14:51:46.118 [2htsa0llbhkc2mwsib1b2fj3] - Info - http://localhost:50947/Default.aspx - App_Web_kqfk0fhq.dll - _Default.Login() : checking if membership user is logged in and authenticated
08/22/2018 14:51:46.183 [2htsa0llbhkc2mwsib1b2fj3] - Info - http://localhost:50947/Default.aspx - App_Web_kqfk0fhq.dll - _Default.Login() : 
ALL available roles: 
    Admin
    Administration
    AOR
    CR
    Dashboard
    MasterData
    Meeting
    News
    Reports
    ResourceManagement
    RQMT
    SustainmentRequest
    Task
    Tester
    View:Administration
    View:AOR
    View:CR
    View:CVTMetrics
    View:Dashboard
    View:MasterData
    View:Meeting
    View:Metrics
    View:News
    View:Reports
    View:ResourceManagement
    View:RQMT
    View:SustainmentRequest
    View:Task
    View:WorkItem
    View:WorkRequest
    WorkItem
    WorkRequest


User erin.mendoza is logged in and is approved.
Organization = Folsom Dev

User is in roles:  
    Admin
    Administration
    CR
    Dashboard
    MasterData
    Meeting
    Reports
    RQMT
    SustainmentRequest
    Task
    View:AOR
    View:CR
    View:CVTMetrics
    View:Meeting
    View:Metrics
    View:News
    View:ResourceManagement
    WorkItem
    WorkRequest

08/22/2018 14:55:01.291 [5xmjitmms5qniyilqnf5cmqw] - Info - http://localhost:50947/Default.aspx - App_Web_kqfk0fhq.dll - _Default.Login() : checking if membership user is logged in and authenticated
08/22/2018 14:55:01.300 [5xmjitmms5qniyilqnf5cmqw] - Info - http://localhost:50947/Default.aspx - App_Web_kqfk0fhq.dll - _Default.Login() : 
ALL available roles: 
    Admin
    Administration
    AOR
    CR
    Dashboard
    MasterData
    Meeting
    News
    Reports
    ResourceManagement
    RQMT
    SustainmentRequest
    Task
    Tester
    View:Administration
    View:AOR
    View:CR
    View:CVTMetrics
    View:Dashboard
    View:MasterData
    View:Meeting
    View:Metrics
    View:News
    View:Reports
    View:ResourceManagement
    View:RQMT
    View:SustainmentRequest
    View:Task
    View:WorkItem
    View:WorkRequest
    WorkItem
    WorkRequest


User erin.mendoza is logged in and is approved.
Organization = Folsom Dev

User is in roles:  
    Admin
    Administration
    CR
    Dashboard
    MasterData
    Meeting
    Reports
    RQMT
    SustainmentRequest
    Task
    View:AOR
    View:CR
    View:CVTMetrics
    View:Meeting
    View:Metrics
    View:News
    View:ResourceManagement
    WorkItem
    WorkRequest

08/22/2018 15:08:24.581 [g1f5gkrrxczgqnc44rca4hy5] - Info - http://localhost:50947/Default.aspx - App_Web_kqfk0fhq.dll - _Default.Login() : checking if membership user is logged in and authenticated
08/22/2018 15:08:24.654 [g1f5gkrrxczgqnc44rca4hy5] - Info - http://localhost:50947/Default.aspx - App_Web_kqfk0fhq.dll - _Default.Login() : 
ALL available roles: 
    Admin
    Administration
    AOR
    CR
    Dashboard
    MasterData
    Meeting
    News
    Reports
    ResourceManagement
    RQMT
    SustainmentRequest
    Task
    Tester
    View:Administration
    View:AOR
    View:CR
    View:CVTMetrics
    View:Dashboard
    View:MasterData
    View:Meeting
    View:Metrics
    View:News
    View:Reports
    View:ResourceManagement
    View:RQMT
    View:SustainmentRequest
    View:Task
    View:WorkItem
    View:WorkRequest
    WorkItem
    WorkRequest


User erin.mendoza is logged in and is approved.
Organization = Folsom Dev

User is in roles:  
    Admin
    Administration
    CR
    Dashboard
    MasterData
    Meeting
    Reports
    RQMT
    SustainmentRequest
    Task
    View:AOR
    View:CR
    View:CVTMetrics
    View:Meeting
    View:Metrics
    View:News
    View:ResourceManagement
    WorkItem
    WorkRequest

08/22/2018 16:13:04.455 [d5jr2ks1k1xnryh1l5cva0dy] - Info - http://localhost:50947/Default.aspx - App_Web_kqfk0fhq.dll - _Default.Login() : checking if membership user is logged in and authenticated
08/22/2018 16:13:04.529 [d5jr2ks1k1xnryh1l5cva0dy] - Info - http://localhost:50947/Default.aspx - App_Web_kqfk0fhq.dll - _Default.Login() : 
ALL available roles: 
    Admin
    Administration
    AOR
    CR
    Dashboard
    MasterData
    Meeting
    News
    Reports
    ResourceManagement
    RQMT
    SustainmentRequest
    Task
    Tester
    View:Administration
    View:AOR
    View:CR
    View:CVTMetrics
    View:Dashboard
    View:MasterData
    View:Meeting
    View:Metrics
    View:News
    View:Reports
    View:ResourceManagement
    View:RQMT
    View:SustainmentRequest
    View:Task
    View:WorkItem
    View:WorkRequest
    WorkItem
    WorkRequest


User erin.mendoza is logged in and is approved.
Organization = Folsom Dev

User is in roles:  
    Admin
    Administration
    CR
    Dashboard
    MasterData
    Meeting
    Reports
    RQMT
    SustainmentRequest
    Task
    View:AOR
    View:CR
    View:CVTMetrics
    View:Meeting
    View:Metrics
    View:News
    View:ResourceManagement
    WorkItem
    WorkRequest

08/22/2018 16:56:47.200 [[NONE]] - Info - http://localhost:50947/AOR_Tasks_Add.aspx?GridType=AOR&MyData=false&NewAOR=false&AORID=431&AORReleaseID=621&ReleaseAOR=true&Type=Task - App_global.asax.5qu8dsxa.dll - ASP.global_asax.Application_Error(System.Object, System.EventArgs) : Type 'iti_Tools_Sharp.Grid' does not have a public property named 'EnableResizing'.    at ASP.global_asax.Application_Error(Object sender, EventArgs e) in c:\inetpub\wwwroot\Dev\WTS\Global.asax:line 74
08/22/2018 17:17:29.058 [ndey0toz0ed3l2v1tiu2nq4v] - Info - http://localhost:50947/Default.aspx - App_Web_kqfk0fhq.dll - _Default.Login() : checking if membership user is logged in and authenticated
08/22/2018 17:17:29.140 [ndey0toz0ed3l2v1tiu2nq4v] - Info - http://localhost:50947/Default.aspx - App_Web_kqfk0fhq.dll - _Default.Login() : 
ALL available roles: 
    Admin
    Administration
    AOR
    CR
    Dashboard
    MasterData
    Meeting
    News
    Reports
    ResourceManagement
    RQMT
    SustainmentRequest
    Task
    Tester
    View:Administration
    View:AOR
    View:CR
    View:CVTMetrics
    View:Dashboard
    View:MasterData
    View:Meeting
    View:Metrics
    View:News
    View:Reports
    View:ResourceManagement
    View:RQMT
    View:SustainmentRequest
    View:Task
    View:WorkItem
    View:WorkRequest
    WorkItem
    WorkRequest


User erin.mendoza is logged in and is approved.
Organization = Folsom Dev

User is in roles:  
    Admin
    Administration
    CR
    Dashboard
    MasterData
    Meeting
    Reports
    RQMT
    SustainmentRequest
    Task
    View:AOR
    View:CR
    View:CVTMetrics
    View:Meeting
    View:Metrics
    View:News
    View:ResourceManagement
    WorkItem
    WorkRequest

08/22/2018 17:50:22.873 [e5osm1e4135zmi1ke1hwk4yz] - Info - http://localhost:50947/Default.aspx - App_Web_kqfk0fhq.dll - _Default.Login() : checking if membership user is logged in and authenticated
08/22/2018 17:50:22.979 [e5osm1e4135zmi1ke1hwk4yz] - Info - http://localhost:50947/Default.aspx - App_Web_kqfk0fhq.dll - _Default.Login() : 
ALL available roles: 
    Admin
    Administration
    AOR
    CR
    Dashboard
    MasterData
    Meeting
    News
    Reports
    ResourceManagement
    RQMT
    SustainmentRequest
    Task
    Tester
    View:Administration
    View:AOR
    View:CR
    View:CVTMetrics
    View:Dashboard
    View:MasterData
    View:Meeting
    View:Metrics
    View:News
    View:Reports
    View:ResourceManagement
    View:RQMT
    View:SustainmentRequest
    View:Task
    View:WorkItem
    View:WorkRequest
    WorkItem
    WorkRequest


User erin.mendoza is logged in and is approved.
Organization = Folsom Dev

User is in roles:  
    Admin
    Administration
    CR
    Dashboard
    MasterData
    Meeting
    Reports
    RQMT
    SustainmentRequest
    Task
    View:AOR
    View:CR
    View:CVTMetrics
    View:Meeting
    View:Metrics
    View:News
    View:ResourceManagement
    WorkItem
    WorkRequest

08/22/2018 17:50:53.934 [v3ufba1cgk22jn2izhulcigz] - Info - http://localhost:50947/Default.aspx - App_Web_kqfk0fhq.dll - _Default.Login() : checking if membership user is logged in and authenticated
08/22/2018 17:50:53.969 [v3ufba1cgk22jn2izhulcigz] - Info - http://localhost:50947/Default.aspx - App_Web_kqfk0fhq.dll - _Default.Login() : 
ALL available roles: 
    Admin
    Administration
    AOR
    CR
    Dashboard
    MasterData
    Meeting
    News
    Reports
    ResourceManagement
    RQMT
    SustainmentRequest
    Task
    Tester
    View:Administration
    View:AOR
    View:CR
    View:CVTMetrics
    View:Dashboard
    View:MasterData
    View:Meeting
    View:Metrics
    View:News
    View:Reports
    View:ResourceManagement
    View:RQMT
    View:SustainmentRequest
    View:Task
    View:WorkItem
    View:WorkRequest
    WorkItem
    WorkRequest


User erin.mendoza is logged in and is approved.
Organization = Folsom Dev

User is in roles:  
    Admin
    Administration
    CR
    Dashboard
    MasterData
    Meeting
    Reports
    RQMT
    SustainmentRequest
    Task
    View:AOR
    View:CR
    View:CVTMetrics
    View:Meeting
    View:Metrics
    View:News
    View:ResourceManagement
    WorkItem
    WorkRequest

