10/04/2018 14:33:47.667 [4v5mnsq5kdosjudvwmrwr2q1] - Info - http://localhost:50947/Default.aspx - App_Web_mvwtfqwy.dll - _Default.Login() : checking if membership user is logged in and authenticated
10/04/2018 14:33:48.690 [4v5mnsq5kdosjudvwmrwr2q1] - Info - http://localhost:50947/Default.aspx - App_Web_mvwtfqwy.dll - _Default.Login() : 
ALL available roles: 
    Admin
    Administration
    AOR
    CR
    Dashboard
    Deployment
    MasterData
    Meeting
    News
    Reports
    ResourceManagement
    RQMT
    SustainmentRequest
    Task
    Tester
    View:Administration
    View:AOR
    View:CR
    View:CVTMetrics
    View:Dashboard
    View:Deployment
    View:MasterData
    View:Meeting
    View:Metrics
    View:News
    View:Reports
    View:ResourceManagement
    View:RQMT
    View:SustainmentRequest
    View:Task
    View:WorkItem
    View:WorkRequest
    WorkItem
    WorkRequest


User erin.mendoza is logged in and is approved.
Organization = Folsom Dev

User is in roles:  
    Admin
    Administration
    CR
    Dashboard
    MasterData
    Meeting
    Reports
    RQMT
    SustainmentRequest
    Task
    View:AOR
    View:CR
    View:CVTMetrics
    View:Meeting
    View:Metrics
    View:News
    View:ResourceManagement
    WorkItem
    WorkRequest

10/04/2018 14:35:56.542 [4v5mnsq5kdosjudvwmrwr2q1] - Info - http://localhost:50947/News_AddEdit.aspx?newsId=11&attachmentId=0&editType=edit&random=0.5600108119653777 - App_global.asax.gmkvadqq.dll - ASP.global_asax.Application_Error(System.Object, System.EventArgs) : Exception of type 'System.Web.HttpUnhandledException' was thrown.    at ASP.global_asax.Application_Error(Object sender, EventArgs e) in c:\inetpub\wwwroot\Dev\WTS\Global.asax:line 74
10/04/2018 14:36:48.904 [4v5mnsq5kdosjudvwmrwr2q1] - Info - http://localhost:50947/News_AddEdit.aspx?newsId=11&attachmentId=0&editType=edit&random=0.11855531830536636 - App_global.asax.gmkvadqq.dll - ASP.global_asax.Application_Error(System.Object, System.EventArgs) : Exception of type 'System.Web.HttpUnhandledException' was thrown.    at ASP.global_asax.Application_Error(Object sender, EventArgs e) in c:\inetpub\wwwroot\Dev\WTS\Global.asax:line 74
10/04/2018 14:38:18.457 [4v5mnsq5kdosjudvwmrwr2q1] - Info - http://localhost:50947/News_AddEdit.aspx?newsId=11&attachmentId=0&editType=edit&random=0.35978196097466114 - App_global.asax.gmkvadqq.dll - ASP.global_asax.Application_Error(System.Object, System.EventArgs) : Exception of type 'System.Web.HttpUnhandledException' was thrown.    at ASP.global_asax.Application_Error(Object sender, EventArgs e) in c:\inetpub\wwwroot\Dev\WTS\Global.asax:line 74
10/04/2018 14:40:10.296 [4v5mnsq5kdosjudvwmrwr2q1] - Info - http://localhost:50947/News_AddEdit.aspx?newsId=11&attachmentId=0&editType=edit&random=0.6866820593266625 - App_global.asax.gmkvadqq.dll - ASP.global_asax.Application_Error(System.Object, System.EventArgs) : Exception of type 'System.Web.HttpUnhandledException' was thrown.    at ASP.global_asax.Application_Error(Object sender, EventArgs e) in c:\inetpub\wwwroot\Dev\WTS\Global.asax:line 74
10/04/2018 14:40:50.681 [5sm0j2cmh5oqd2mo03mkvywn] - Info - http://localhost:50947/Default.aspx - App_Web_mvwtfqwy.dll - _Default.Login() : checking if membership user is logged in and authenticated
10/04/2018 14:40:50.788 [5sm0j2cmh5oqd2mo03mkvywn] - Info - http://localhost:50947/Default.aspx - App_Web_mvwtfqwy.dll - _Default.Login() : 
ALL available roles: 
    Admin
    Administration
    AOR
    CR
    Dashboard
    Deployment
    MasterData
    Meeting
    News
    Reports
    ResourceManagement
    RQMT
    SustainmentRequest
    Task
    Tester
    View:Administration
    View:AOR
    View:CR
    View:CVTMetrics
    View:Dashboard
    View:Deployment
    View:MasterData
    View:Meeting
    View:Metrics
    View:News
    View:Reports
    View:ResourceManagement
    View:RQMT
    View:SustainmentRequest
    View:Task
    View:WorkItem
    View:WorkRequest
    WorkItem
    WorkRequest


User erin.mendoza is logged in and is approved.
Organization = Folsom Dev

User is in roles:  
    Admin
    Administration
    CR
    Dashboard
    MasterData
    Meeting
    Reports
    RQMT
    SustainmentRequest
    Task
    View:AOR
    View:CR
    View:CVTMetrics
    View:Meeting
    View:Metrics
    View:News
    View:ResourceManagement
    WorkItem
    WorkRequest

10/04/2018 14:55:17.905 [thgvrtqoeourifz3swm14dmz] - Info - http://localhost:50947/Default.aspx - App_Web_mvwtfqwy.dll - _Default.Login() : checking if membership user is logged in and authenticated
10/04/2018 14:55:17.952 [thgvrtqoeourifz3swm14dmz] - Info - http://localhost:50947/Default.aspx - App_Web_mvwtfqwy.dll - _Default.Login() : 
ALL available roles: 
    Admin
    Administration
    AOR
    CR
    Dashboard
    Deployment
    MasterData
    Meeting
    News
    Reports
    ResourceManagement
    RQMT
    SustainmentRequest
    Task
    Tester
    View:Administration
    View:AOR
    View:CR
    View:CVTMetrics
    View:Dashboard
    View:Deployment
    View:MasterData
    View:Meeting
    View:Metrics
    View:News
    View:Reports
    View:ResourceManagement
    View:RQMT
    View:SustainmentRequest
    View:Task
    View:WorkItem
    View:WorkRequest
    WorkItem
    WorkRequest


User erin.mendoza is logged in and is approved.
Organization = Folsom Dev

User is in roles:  
    Admin
    Administration
    CR
    Dashboard
    MasterData
    Meeting
    Reports
    RQMT
    SustainmentRequest
    Task
    View:AOR
    View:CR
    View:CVTMetrics
    View:Meeting
    View:Metrics
    View:News
    View:ResourceManagement
    WorkItem
    WorkRequest

10/04/2018 14:56:16.821 [thgvrtqoeourifz3swm14dmz] - Info - http://localhost:50947/News_AddEdit.aspx?newsId=11&attachmentId=0&editType=edit&random=0.6061288012971201 - App_global.asax.gmkvadqq.dll - ASP.global_asax.Application_Error(System.Object, System.EventArgs) : Exception of type 'System.Web.HttpUnhandledException' was thrown.    at ASP.global_asax.Application_Error(Object sender, EventArgs e) in c:\inetpub\wwwroot\Dev\WTS\Global.asax:line 74
10/04/2018 14:58:55.557 [thgvrtqoeourifz3swm14dmz] - Info - http://localhost:50947/News_AddEdit.aspx?newsId=11&attachmentId=0&editType=edit&random=0.08379278512693644 - App_global.asax.gmkvadqq.dll - ASP.global_asax.Application_Error(System.Object, System.EventArgs) : Exception of type 'System.Web.HttpUnhandledException' was thrown.    at ASP.global_asax.Application_Error(Object sender, EventArgs e) in c:\inetpub\wwwroot\Dev\WTS\Global.asax:line 74
10/04/2018 15:07:59.025 [thgvrtqoeourifz3swm14dmz] - Info - http://localhost:50947/Default.aspx - App_Web_mvwtfqwy.dll - _Default.Login() : checking if membership user is logged in and authenticated
10/04/2018 15:07:59.032 [thgvrtqoeourifz3swm14dmz] - Info - http://localhost:50947/Default.aspx - App_Web_mvwtfqwy.dll - _Default.Login() : 
ALL available roles: 
    Admin
    Administration
    AOR
    CR
    Dashboard
    Deployment
    MasterData
    Meeting
    News
    Reports
    ResourceManagement
    RQMT
    SustainmentRequest
    Task
    Tester
    View:Administration
    View:AOR
    View:CR
    View:CVTMetrics
    View:Dashboard
    View:Deployment
    View:MasterData
    View:Meeting
    View:Metrics
    View:News
    View:Reports
    View:ResourceManagement
    View:RQMT
    View:SustainmentRequest
    View:Task
    View:WorkItem
    View:WorkRequest
    WorkItem
    WorkRequest


User erin.mendoza is logged in and is approved.
Organization = Folsom Dev

User is in roles:  
    Admin
    Administration
    CR
    Dashboard
    MasterData
    Meeting
    Reports
    RQMT
    SustainmentRequest
    Task
    View:AOR
    View:CR
    View:CVTMetrics
    View:Meeting
    View:Metrics
    View:News
    View:ResourceManagement
    WorkItem
    WorkRequest

10/04/2018 15:22:43.075 [ws2yj4vxnuzs55oezeo3kknr] - Info - http://localhost:50947/Default.aspx - App_Web_mvwtfqwy.dll - _Default.Login() : checking if membership user is logged in and authenticated
10/04/2018 15:22:43.090 [ws2yj4vxnuzs55oezeo3kknr] - Info - http://localhost:50947/Default.aspx - App_Web_mvwtfqwy.dll - _Default.Login() : 
ALL available roles: 
    Admin
    Administration
    AOR
    CR
    Dashboard
    Deployment
    MasterData
    Meeting
    News
    Reports
    ResourceManagement
    RQMT
    SustainmentRequest
    Task
    Tester
    View:Administration
    View:AOR
    View:CR
    View:CVTMetrics
    View:Dashboard
    View:Deployment
    View:MasterData
    View:Meeting
    View:Metrics
    View:News
    View:Reports
    View:ResourceManagement
    View:RQMT
    View:SustainmentRequest
    View:Task
    View:WorkItem
    View:WorkRequest
    WorkItem
    WorkRequest


User erin.mendoza is logged in and is approved.
Organization = Folsom Dev

User is in roles:  
    Admin
    Administration
    CR
    Dashboard
    MasterData
    Meeting
    Reports
    RQMT
    SustainmentRequest
    Task
    View:AOR
    View:CR
    View:CVTMetrics
    View:Meeting
    View:Metrics
    View:News
    View:ResourceManagement
    WorkItem
    WorkRequest

10/04/2018 15:23:51.573 [3wlebh5pnxkwgbm23ybv2v4k] - Info - http://localhost:50947/Default.aspx - App_Web_mvwtfqwy.dll - _Default.Login() : checking if membership user is logged in and authenticated
10/04/2018 15:23:51.589 [3wlebh5pnxkwgbm23ybv2v4k] - Info - http://localhost:50947/Default.aspx - App_Web_mvwtfqwy.dll - _Default.Login() : 
ALL available roles: 
    Admin
    Administration
    AOR
    CR
    Dashboard
    Deployment
    MasterData
    Meeting
    News
    Reports
    ResourceManagement
    RQMT
    SustainmentRequest
    Task
    Tester
    View:Administration
    View:AOR
    View:CR
    View:CVTMetrics
    View:Dashboard
    View:Deployment
    View:MasterData
    View:Meeting
    View:Metrics
    View:News
    View:Reports
    View:ResourceManagement
    View:RQMT
    View:SustainmentRequest
    View:Task
    View:WorkItem
    View:WorkRequest
    WorkItem
    WorkRequest


User erin.mendoza is logged in and is approved.
Organization = Folsom Dev

User is in roles:  
    Admin
    Administration
    CR
    Dashboard
    MasterData
    Meeting
    Reports
    RQMT
    SustainmentRequest
    Task
    View:AOR
    View:CR
    View:CVTMetrics
    View:Meeting
    View:Metrics
    View:News
    View:ResourceManagement
    WorkItem
    WorkRequest

10/04/2018 15:27:19.559 [ipduf122hwkrk4sxjsyvc5lp] - Info - http://localhost:50947/Default.aspx - App_Web_mvwtfqwy.dll - _Default.Login() : checking if membership user is logged in and authenticated
10/04/2018 15:27:19.575 [ipduf122hwkrk4sxjsyvc5lp] - Info - http://localhost:50947/Default.aspx - App_Web_mvwtfqwy.dll - _Default.Login() : 
ALL available roles: 
    Admin
    Administration
    AOR
    CR
    Dashboard
    Deployment
    MasterData
    Meeting
    News
    Reports
    ResourceManagement
    RQMT
    SustainmentRequest
    Task
    Tester
    View:Administration
    View:AOR
    View:CR
    View:CVTMetrics
    View:Dashboard
    View:Deployment
    View:MasterData
    View:Meeting
    View:Metrics
    View:News
    View:Reports
    View:ResourceManagement
    View:RQMT
    View:SustainmentRequest
    View:Task
    View:WorkItem
    View:WorkRequest
    WorkItem
    WorkRequest


User erin.mendoza is logged in and is approved.
Organization = Folsom Dev

User is in roles:  
    Admin
    Administration
    CR
    Dashboard
    MasterData
    Meeting
    Reports
    RQMT
    SustainmentRequest
    Task
    View:AOR
    View:CR
    View:CVTMetrics
    View:Meeting
    View:Metrics
    View:News
    View:ResourceManagement
    WorkItem
    WorkRequest

10/04/2018 15:49:19.259 [pjwwez1obeqbxdxuxirhypaz] - Info - http://localhost:50947/Default.aspx - App_Web_mvwtfqwy.dll - _Default.Login() : checking if membership user is logged in and authenticated
10/04/2018 15:49:19.305 [pjwwez1obeqbxdxuxirhypaz] - Info - http://localhost:50947/Default.aspx - App_Web_mvwtfqwy.dll - _Default.Login() : 
ALL available roles: 
    Admin
    Administration
    AOR
    CR
    Dashboard
    Deployment
    MasterData
    Meeting
    News
    Reports
    ResourceManagement
    RQMT
    SustainmentRequest
    Task
    Tester
    View:Administration
    View:AOR
    View:CR
    View:CVTMetrics
    View:Dashboard
    View:Deployment
    View:MasterData
    View:Meeting
    View:Metrics
    View:News
    View:Reports
    View:ResourceManagement
    View:RQMT
    View:SustainmentRequest
    View:Task
    View:WorkItem
    View:WorkRequest
    WorkItem
    WorkRequest


User erin.mendoza is logged in and is approved.
Organization = Folsom Dev

User is in roles:  
    Admin
    Administration
    CR
    Dashboard
    MasterData
    Meeting
    Reports
    RQMT
    SustainmentRequest
    Task
    View:AOR
    View:CR
    View:CVTMetrics
    View:Meeting
    View:Metrics
    View:News
    View:ResourceManagement
    WorkItem
    WorkRequest

10/04/2018 15:49:54.595 [3r2wnoqybcrpf42gujmq4tvx] - Info - http://localhost:50947/Default.aspx - App_Web_mvwtfqwy.dll - _Default.Login() : checking if membership user is logged in and authenticated
10/04/2018 15:49:54.610 [3r2wnoqybcrpf42gujmq4tvx] - Info - http://localhost:50947/Default.aspx - App_Web_mvwtfqwy.dll - _Default.Login() : 
ALL available roles: 
    Admin
    Administration
    AOR
    CR
    Dashboard
    Deployment
    MasterData
    Meeting
    News
    Reports
    ResourceManagement
    RQMT
    SustainmentRequest
    Task
    Tester
    View:Administration
    View:AOR
    View:CR
    View:CVTMetrics
    View:Dashboard
    View:Deployment
    View:MasterData
    View:Meeting
    View:Metrics
    View:News
    View:Reports
    View:ResourceManagement
    View:RQMT
    View:SustainmentRequest
    View:Task
    View:WorkItem
    View:WorkRequest
    WorkItem
    WorkRequest


User erin.mendoza is logged in and is approved.
Organization = Folsom Dev

User is in roles:  
    Admin
    Administration
    CR
    Dashboard
    MasterData
    Meeting
    Reports
    RQMT
    SustainmentRequest
    Task
    View:AOR
    View:CR
    View:CVTMetrics
    View:Meeting
    View:Metrics
    View:News
    View:ResourceManagement
    WorkItem
    WorkRequest

10/04/2018 16:10:41.136 [d1ogcps3ul1letqliy4n2v0b] - Info - http://localhost:50947/Default.aspx - App_Web_mvwtfqwy.dll - _Default.Login() : checking if membership user is logged in and authenticated
10/04/2018 16:10:41.187 [d1ogcps3ul1letqliy4n2v0b] - Info - http://localhost:50947/Default.aspx - App_Web_mvwtfqwy.dll - _Default.Login() : 
ALL available roles: 
    Admin
    Administration
    AOR
    CR
    Dashboard
    Deployment
    MasterData
    Meeting
    News
    Reports
    ResourceManagement
    RQMT
    SustainmentRequest
    Task
    Tester
    View:Administration
    View:AOR
    View:CR
    View:CVTMetrics
    View:Dashboard
    View:Deployment
    View:MasterData
    View:Meeting
    View:Metrics
    View:News
    View:Reports
    View:ResourceManagement
    View:RQMT
    View:SustainmentRequest
    View:Task
    View:WorkItem
    View:WorkRequest
    WorkItem
    WorkRequest


User erin.mendoza is logged in and is approved.
Organization = Folsom Dev

User is in roles:  
    Admin
    Administration
    CR
    Dashboard
    MasterData
    Meeting
    Reports
    RQMT
    SustainmentRequest
    Task
    View:AOR
    View:CR
    View:CVTMetrics
    View:Meeting
    View:Metrics
    View:News
    View:ResourceManagement
    WorkItem
    WorkRequest

10/04/2018 16:42:24.476 [pj1iltyxoznjdkhzck13eaiw] - Info - http://localhost:50947/Default.aspx - App_Web_mvwtfqwy.dll - _Default.Login() : checking if membership user is logged in and authenticated
10/04/2018 16:42:24.484 [pj1iltyxoznjdkhzck13eaiw] - Info - http://localhost:50947/Default.aspx - App_Web_mvwtfqwy.dll - _Default.Login() : 
ALL available roles: 
    Admin
    Administration
    AOR
    CR
    Dashboard
    Deployment
    MasterData
    Meeting
    News
    Reports
    ResourceManagement
    RQMT
    SustainmentRequest
    Task
    Tester
    View:Administration
    View:AOR
    View:CR
    View:CVTMetrics
    View:Dashboard
    View:Deployment
    View:MasterData
    View:Meeting
    View:Metrics
    View:News
    View:Reports
    View:ResourceManagement
    View:RQMT
    View:SustainmentRequest
    View:Task
    View:WorkItem
    View:WorkRequest
    WorkItem
    WorkRequest


User erin.mendoza is logged in and is approved.
Organization = Folsom Dev

User is in roles:  
    Admin
    Administration
    CR
    Dashboard
    MasterData
    Meeting
    Reports
    RQMT
    SustainmentRequest
    Task
    View:AOR
    View:CR
    View:CVTMetrics
    View:Meeting
    View:Metrics
    View:News
    View:ResourceManagement
    WorkItem
    WorkRequest

10/04/2018 16:45:23.383 [mmmc12s0n5qvaajxfbedmg2a] - Info - http://localhost:50947/Default.aspx - App_Web_mvwtfqwy.dll - _Default.Login() : checking if membership user is logged in and authenticated
10/04/2018 16:45:23.389 [mmmc12s0n5qvaajxfbedmg2a] - Info - http://localhost:50947/Default.aspx - App_Web_mvwtfqwy.dll - _Default.Login() : 
ALL available roles: 
    Admin
    Administration
    AOR
    CR
    Dashboard
    Deployment
    MasterData
    Meeting
    News
    Reports
    ResourceManagement
    RQMT
    SustainmentRequest
    Task
    Tester
    View:Administration
    View:AOR
    View:CR
    View:CVTMetrics
    View:Dashboard
    View:Deployment
    View:MasterData
    View:Meeting
    View:Metrics
    View:News
    View:Reports
    View:ResourceManagement
    View:RQMT
    View:SustainmentRequest
    View:Task
    View:WorkItem
    View:WorkRequest
    WorkItem
    WorkRequest


User erin.mendoza is logged in and is approved.
Organization = Folsom Dev

User is in roles:  
    Admin
    Administration
    CR
    Dashboard
    MasterData
    Meeting
    Reports
    RQMT
    SustainmentRequest
    Task
    View:AOR
    View:CR
    View:CVTMetrics
    View:Meeting
    View:Metrics
    View:News
    View:ResourceManagement
    WorkItem
    WorkRequest

10/04/2018 16:47:54.430 [d50a0xp0dfmpaiulp21f1qrj] - Info - http://localhost:50947/Default.aspx - App_Web_mvwtfqwy.dll - _Default.Login() : checking if membership user is logged in and authenticated
10/04/2018 16:47:54.720 [d50a0xp0dfmpaiulp21f1qrj] - Info - http://localhost:50947/Default.aspx - App_Web_mvwtfqwy.dll - _Default.Login() : 
ALL available roles: 
    Admin
    Administration
    AOR
    CR
    Dashboard
    Deployment
    MasterData
    Meeting
    News
    Reports
    ResourceManagement
    RQMT
    SustainmentRequest
    Task
    Tester
    View:Administration
    View:AOR
    View:CR
    View:CVTMetrics
    View:Dashboard
    View:Deployment
    View:MasterData
    View:Meeting
    View:Metrics
    View:News
    View:Reports
    View:ResourceManagement
    View:RQMT
    View:SustainmentRequest
    View:Task
    View:WorkItem
    View:WorkRequest
    WorkItem
    Workload MGMT
    WorkRequest


User erin.mendoza is logged in and is approved.
Organization = Folsom Dev

User is in roles:  
    Admin
    Administration
    AOR
    CR
    Dashboard
    Deployment
    MasterData
    Meeting
    News
    Reports
    ResourceManagement
    RQMT
    SustainmentRequest
    Task
    View:Administration
    View:AOR
    View:CR
    View:CVTMetrics
    View:Dashboard
    View:Deployment
    View:MasterData
    View:Meeting
    View:Metrics
    View:News
    View:Reports
    View:ResourceManagement
    View:RQMT
    View:SustainmentRequest
    View:Task
    View:WorkItem
    View:WorkRequest
    WorkItem
    Workload MGMT
    WorkRequest

10/04/2018 16:49:43.860 [hizjrv5mmjzzleepdht5wwji] - Info - http://localhost:50947/Default.aspx - App_Web_mvwtfqwy.dll - _Default.Login() : checking if membership user is logged in and authenticated
10/04/2018 16:49:44.076 [hizjrv5mmjzzleepdht5wwji] - Info - http://localhost:50947/Default.aspx - App_Web_mvwtfqwy.dll - _Default.Login() : 
ALL available roles: 
    Admin
    Administration
    AOR
    CR
    Dashboard
    Deployment
    MasterData
    Meeting
    News
    Reports
    ResourceManagement
    RQMT
    SustainmentRequest
    Task
    Tester
    View:Administration
    View:AOR
    View:CR
    View:CVTMetrics
    View:Dashboard
    View:Deployment
    View:MasterData
    View:Meeting
    View:Metrics
    View:News
    View:Reports
    View:ResourceManagement
    View:RQMT
    View:SustainmentRequest
    View:Task
    View:WorkItem
    View:WorkRequest
    WorkItem
    Workload MGMT
    WorkRequest


User erin.mendoza is logged in and is approved.
Organization = Folsom Dev

User is in roles:  
    Admin
    Administration
    AOR
    CR
    Dashboard
    Deployment
    MasterData
    Meeting
    News
    Reports
    ResourceManagement
    RQMT
    SustainmentRequest
    Task
    View:Administration
    View:AOR
    View:CR
    View:CVTMetrics
    View:Dashboard
    View:Deployment
    View:MasterData
    View:Meeting
    View:Metrics
    View:News
    View:Reports
    View:ResourceManagement
    View:RQMT
    View:SustainmentRequest
    View:Task
    View:WorkItem
    View:WorkRequest
    WorkItem
    Workload MGMT
    WorkRequest

10/04/2018 17:09:21.610 [rxy4zrugm3yeyfz5cm2nieym] - Info - http://localhost:50947/Default.aspx - App_Web_mvwtfqwy.dll - _Default.Login() : checking if membership user is logged in and authenticated
10/04/2018 17:09:44.474 [rxy4zrugm3yeyfz5cm2nieym] - Info - http://localhost:50947/Default.aspx - App_global.asax.gmkvadqq.dll - ASP.global_asax.Application_Error(System.Object, System.EventArgs) : Exception of type 'System.Web.HttpUnhandledException' was thrown.    at ASP.global_asax.Application_Error(Object sender, EventArgs e) in c:\inetpub\wwwroot\Dev\WTS\Global.asax:line 74
10/04/2018 17:10:47.430 [ibf3xrk0kspl1w4a5makpoh5] - Info - http://localhost:50947/Default.aspx - App_Web_mvwtfqwy.dll - _Default.Login() : checking if membership user is logged in and authenticated
10/04/2018 17:11:15.677 [ibf3xrk0kspl1w4a5makpoh5] - Info - http://localhost:50947/Default.aspx - App_Web_mvwtfqwy.dll - _Default.Login() : 
ALL available roles: 
    Admin
    Administration
    AOR
    CR
    Dashboard
    Deployment
    MasterData
    Meeting
    News
    Reports
    ResourceManagement
    RQMT
    SustainmentRequest
    Task
    Tester
    View:Administration
    View:AOR
    View:CR
    View:CVTMetrics
    View:Dashboard
    View:Deployment
    View:MasterData
    View:Meeting
    View:Metrics
    View:News
    View:Reports
    View:ResourceManagement
    View:RQMT
    View:SustainmentRequest
    View:Task
    View:WorkItem
    View:WorkRequest
    WorkItem
    Workload MGMT
    WorkRequest


User erin.mendoza is logged in and is approved.
Organization = Folsom Dev

User is in roles:  
    Admin
    Administration
    AOR
    CR
    Dashboard
    Deployment
    MasterData
    Meeting
    News
    Reports
    ResourceManagement
    RQMT
    SustainmentRequest
    Task
    View:Administration
    View:AOR
    View:CR
    View:CVTMetrics
    View:Dashboard
    View:Deployment
    View:MasterData
    View:Meeting
    View:Metrics
    View:News
    View:Reports
    View:ResourceManagement
    View:RQMT
    View:SustainmentRequest
    View:Task
    View:WorkItem
    View:WorkRequest
    WorkItem
    Workload MGMT
    WorkRequest

10/04/2018 17:11:59.394 [eice4hb5jmckx5mjn1whxrn5] - Info - http://localhost:50947/Default.aspx - App_Web_mvwtfqwy.dll - _Default.Login() : checking if membership user is logged in and authenticated
10/04/2018 17:12:16.134 [eice4hb5jmckx5mjn1whxrn5] - Info - http://localhost:50947/Default.aspx - App_Web_mvwtfqwy.dll - _Default.Login() : 
ALL available roles: 
    Admin
    Administration
    AOR
    CR
    Dashboard
    Deployment
    MasterData
    Meeting
    News
    Reports
    ResourceManagement
    RQMT
    SustainmentRequest
    Task
    Tester
    View:Administration
    View:AOR
    View:CR
    View:CVTMetrics
    View:Dashboard
    View:Deployment
    View:MasterData
    View:Meeting
    View:Metrics
    View:News
    View:Reports
    View:ResourceManagement
    View:RQMT
    View:SustainmentRequest
    View:Task
    View:WorkItem
    View:WorkRequest
    WorkItem
    Workload MGMT
    WorkRequest


User erin.mendoza is logged in and is approved.
Organization = Folsom Dev

User is in roles:  
    Admin
    Administration
    AOR
    CR
    Dashboard
    Deployment
    MasterData
    Meeting
    News
    Reports
    ResourceManagement
    RQMT
    SustainmentRequest
    Task
    View:Administration
    View:AOR
    View:CR
    View:CVTMetrics
    View:Dashboard
    View:Deployment
    View:MasterData
    View:Meeting
    View:Metrics
    View:News
    View:Reports
    View:ResourceManagement
    View:RQMT
    View:SustainmentRequest
    View:Task
    View:WorkItem
    View:WorkRequest
    WorkItem
    Workload MGMT
    WorkRequest

10/04/2018 17:13:08.244 [5lfbvmtv0v15hpqsgdnueyum] - Info - http://localhost:50947/Default.aspx - App_Web_mvwtfqwy.dll - _Default.Login() : checking if membership user is logged in and authenticated
10/04/2018 17:17:19.553 [5lfbvmtv0v15hpqsgdnueyum] - Info - http://localhost:50947/Default.aspx - App_Web_mvwtfqwy.dll - _Default.Login() : 
ALL available roles: 
    Admin
    Administration
    AOR
    CR
    Dashboard
    Deployment
    MasterData
    Meeting
    News
    Reports
    ResourceManagement
    RQMT
    SustainmentRequest
    Task
    Tester
    View:Administration
    View:AOR
    View:CR
    View:CVTMetrics
    View:Dashboard
    View:Deployment
    View:MasterData
    View:Meeting
    View:Metrics
    View:News
    View:Reports
    View:ResourceManagement
    View:RQMT
    View:SustainmentRequest
    View:Task
    View:WorkItem
    View:WorkRequest
    WorkItem
    Workload MGMT
    WorkRequest


User erin.mendoza is logged in and is approved.
Organization = Folsom Dev

User is in roles:  
    Admin
    Administration
    AOR
    CR
    Dashboard
    Deployment
    MasterData
    Meeting
    News
    Reports
    ResourceManagement
    RQMT
    SustainmentRequest
    Task
    View:Administration
    View:AOR
    View:CR
    View:CVTMetrics
    View:Dashboard
    View:Deployment
    View:MasterData
    View:Meeting
    View:Metrics
    View:News
    View:Reports
    View:ResourceManagement
    View:RQMT
    View:SustainmentRequest
    View:Task
    View:WorkItem
    View:WorkRequest
    WorkItem
    Workload MGMT
    WorkRequest

10/04/2018 17:19:21.636 [dr0jkuqpevaw3ykcmmxqjcqm] - Info - http://localhost:50947/Default.aspx - App_Web_oeplxqg1.dll - _Default.Login() : checking if membership user is logged in and authenticated
10/04/2018 17:20:26.068 [dr0jkuqpevaw3ykcmmxqjcqm] - Info - http://localhost:50947/Default.aspx - App_global.asax.f4d-ymmm.dll - ASP.global_asax.Application_Error(System.Object, System.EventArgs) : Exception of type 'System.Web.HttpUnhandledException' was thrown.    at ASP.global_asax.Application_Error(Object sender, EventArgs e) in c:\inetpub\wwwroot\Dev\WTS\Global.asax:line 74
10/04/2018 17:21:42.800 [lpo3xjyruoj5mc4qkwmpdm1j] - Info - http://localhost:50947/Default.aspx - App_Web_sfuvhmpb.dll - _Default.Login() : checking if membership user is logged in and authenticated
10/04/2018 17:21:43.231 [lpo3xjyruoj5mc4qkwmpdm1j] - Info - http://localhost:50947/Default.aspx - App_Web_sfuvhmpb.dll - _Default.Login() : 
ALL available roles: 
    Admin
    Administration
    AOR
    CR
    Dashboard
    Deployment
    MasterData
    Meeting
    News
    Reports
    ResourceManagement
    RQMT
    SustainmentRequest
    Task
    Tester
    View:Administration
    View:AOR
    View:CR
    View:CVTMetrics
    View:Dashboard
    View:Deployment
    View:MasterData
    View:Meeting
    View:Metrics
    View:News
    View:Reports
    View:ResourceManagement
    View:RQMT
    View:SustainmentRequest
    View:Task
    View:WorkItem
    View:WorkRequest
    WorkItem
    Workload MGMT
    WorkRequest


User erin.mendoza is logged in and is approved.
Organization = Folsom Dev

User is in roles:  
    Admin
    Administration
    AOR
    CR
    Dashboard
    Deployment
    MasterData
    Meeting
    News
    Reports
    ResourceManagement
    RQMT
    SustainmentRequest
    Task
    View:Administration
    View:AOR
    View:CR
    View:CVTMetrics
    View:Dashboard
    View:Deployment
    View:MasterData
    View:Meeting
    View:Metrics
    View:News
    View:Reports
    View:ResourceManagement
    View:RQMT
    View:SustainmentRequest
    View:Task
    View:WorkItem
    View:WorkRequest
    WorkItem
    Workload MGMT
    WorkRequest

10/04/2018 18:32:28.104 [1ippndttxugnveqoqq3eix21] - Info - http://localhost:50947/Default.aspx - App_Web_sfuvhmpb.dll - _Default.Login() : checking if membership user is logged in and authenticated
10/04/2018 18:32:28.539 [1ippndttxugnveqoqq3eix21] - Info - http://localhost:50947/Default.aspx - App_Web_sfuvhmpb.dll - _Default.Login() : 
ALL available roles: 
    Admin
    Administration
    AOR
    CR
    Dashboard
    Deployment
    MasterData
    Meeting
    News
    Reports
    ResourceManagement
    RQMT
    SustainmentRequest
    Task
    Tester
    View:Administration
    View:AOR
    View:CR
    View:CVTMetrics
    View:Dashboard
    View:Deployment
    View:MasterData
    View:Meeting
    View:Metrics
    View:News
    View:Reports
    View:ResourceManagement
    View:RQMT
    View:SustainmentRequest
    View:Task
    View:WorkItem
    View:WorkRequest
    WorkItem
    Workload MGMT
    WorkRequest


User erin.mendoza is logged in and is approved.
Organization = Folsom Dev

User is in roles:  
    Admin
    Administration
    AOR
    CR
    Dashboard
    Deployment
    MasterData
    Meeting
    News
    Reports
    ResourceManagement
    RQMT
    SustainmentRequest
    Task
    View:Administration
    View:AOR
    View:CR
    View:CVTMetrics
    View:Dashboard
    View:Deployment
    View:MasterData
    View:Meeting
    View:Metrics
    View:News
    View:Reports
    View:ResourceManagement
    View:RQMT
    View:SustainmentRequest
    View:Task
    View:WorkItem
    View:WorkRequest
    WorkItem
    Workload MGMT
    WorkRequest

