08/23/2018 09:39:28.491 [1lgomxt3z5tq4fij4kwkn5i5] - Info - http://localhost:50947/Default.aspx - App_Web_kqfk0fhq.dll - _Default.Login() : checking if membership user is logged in and authenticated
08/23/2018 09:39:28.559 [1lgomxt3z5tq4fij4kwkn5i5] - Info - http://localhost:50947/Default.aspx - App_Web_kqfk0fhq.dll - _Default.Login() : 
ALL available roles: 
    Admin
    Administration
    AOR
    CR
    Dashboard
    MasterData
    Meeting
    News
    Reports
    ResourceManagement
    RQMT
    SustainmentRequest
    Task
    Tester
    View:Administration
    View:AOR
    View:CR
    View:CVTMetrics
    View:Dashboard
    View:MasterData
    View:Meeting
    View:Metrics
    View:News
    View:Reports
    View:ResourceManagement
    View:RQMT
    View:SustainmentRequest
    View:Task
    View:WorkItem
    View:WorkRequest
    WorkItem
    WorkRequest


User erin.mendoza is logged in and is approved.
Organization = Folsom Dev

User is in roles:  
    Admin
    Administration
    CR
    Dashboard
    MasterData
    Meeting
    Reports
    RQMT
    SustainmentRequest
    Task
    View:AOR
    View:CR
    View:CVTMetrics
    View:Meeting
    View:Metrics
    View:News
    View:ResourceManagement
    WorkItem
    WorkRequest

08/23/2018 10:31:06.589 [0mzhrhgoctg1vefnmuqjfbiz] - Info - http://localhost:50947/Default.aspx - App_Web_kqfk0fhq.dll - _Default.Login() : checking if membership user is logged in and authenticated
08/23/2018 10:31:06.682 [0mzhrhgoctg1vefnmuqjfbiz] - Info - http://localhost:50947/Default.aspx - App_Web_kqfk0fhq.dll - _Default.Login() : 
ALL available roles: 
    Admin
    Administration
    AOR
    CR
    Dashboard
    MasterData
    Meeting
    News
    Reports
    ResourceManagement
    RQMT
    SustainmentRequest
    Task
    Tester
    View:Administration
    View:AOR
    View:CR
    View:CVTMetrics
    View:Dashboard
    View:MasterData
    View:Meeting
    View:Metrics
    View:News
    View:Reports
    View:ResourceManagement
    View:RQMT
    View:SustainmentRequest
    View:Task
    View:WorkItem
    View:WorkRequest
    WorkItem
    WorkRequest


User erin.mendoza is logged in and is approved.
Organization = Folsom Dev

User is in roles:  
    Admin
    Administration
    CR
    Dashboard
    MasterData
    Meeting
    Reports
    RQMT
    SustainmentRequest
    Task
    View:AOR
    View:CR
    View:CVTMetrics
    View:Meeting
    View:Metrics
    View:News
    View:ResourceManagement
    WorkItem
    WorkRequest

08/23/2018 10:44:24.157 [0mzhrhgoctg1vefnmuqjfbiz] - Info - http://localhost:50947/AOR_Tasks_Add.aspx?GridType=AOR&MyData=false&NewAOR=false&AORID=431&AORReleaseID=621&ReleaseAOR=true&Type=Task - App_global.asax.5qu8dsxa.dll - ASP.global_asax.Application_Error(System.Object, System.EventArgs) : Exception of type 'System.Web.HttpUnhandledException' was thrown.    at ASP.global_asax.Application_Error(Object sender, EventArgs e) in c:\inetpub\wwwroot\Dev\WTS\Global.asax:line 74
08/23/2018 12:33:53.031 [0mzhrhgoctg1vefnmuqjfbiz] - Info - http://localhost:50947/AOR_Tasks_Add.aspx?GridType=AOR&MyData=false&NewAOR=false&AORID=431&AORReleaseID=621&ReleaseAOR=true&Type=Task - App_global.asax.5qu8dsxa.dll - ASP.global_asax.Application_Error(System.Object, System.EventArgs) : Exception of type 'System.Web.HttpUnhandledException' was thrown.    at ASP.global_asax.Application_Error(Object sender, EventArgs e) in c:\inetpub\wwwroot\Dev\WTS\Global.asax:line 74
08/23/2018 14:03:13.520 [0tmagtcs53xgjexedsfldjam] - Info - http://localhost:50947/Default.aspx - App_Web_kqfk0fhq.dll - _Default.Login() : checking if membership user is logged in and authenticated
08/23/2018 14:03:13.613 [0tmagtcs53xgjexedsfldjam] - Info - http://localhost:50947/Default.aspx - App_Web_kqfk0fhq.dll - _Default.Login() : 
ALL available roles: 
    Admin
    Administration
    AOR
    CR
    Dashboard
    MasterData
    Meeting
    News
    Reports
    ResourceManagement
    RQMT
    SustainmentRequest
    Task
    Tester
    View:Administration
    View:AOR
    View:CR
    View:CVTMetrics
    View:Dashboard
    View:MasterData
    View:Meeting
    View:Metrics
    View:News
    View:Reports
    View:ResourceManagement
    View:RQMT
    View:SustainmentRequest
    View:Task
    View:WorkItem
    View:WorkRequest
    WorkItem
    WorkRequest


User erin.mendoza is logged in and is approved.
Organization = Folsom Dev

User is in roles:  
    Admin
    Administration
    CR
    Dashboard
    MasterData
    Meeting
    Reports
    RQMT
    SustainmentRequest
    Task
    View:AOR
    View:CR
    View:CVTMetrics
    View:Meeting
    View:Metrics
    View:News
    View:ResourceManagement
    WorkItem
    WorkRequest

08/23/2018 14:53:12.400 [np1nnenzwon4bpmsul02lkjr] - Info - http://localhost:50947/Default.aspx - App_Web_u1pyjmpk.dll - _Default.Login() : checking if membership user is logged in and authenticated
08/23/2018 14:53:12.482 [np1nnenzwon4bpmsul02lkjr] - Info - http://localhost:50947/Default.aspx - App_Web_u1pyjmpk.dll - _Default.Login() : 
ALL available roles: 
    Admin
    Administration
    AOR
    CR
    Dashboard
    MasterData
    Meeting
    News
    Reports
    ResourceManagement
    RQMT
    SustainmentRequest
    Task
    Tester
    View:Administration
    View:AOR
    View:CR
    View:CVTMetrics
    View:Dashboard
    View:MasterData
    View:Meeting
    View:Metrics
    View:News
    View:Reports
    View:ResourceManagement
    View:RQMT
    View:SustainmentRequest
    View:Task
    View:WorkItem
    View:WorkRequest
    WorkItem
    WorkRequest


User erin.mendoza is logged in and is approved.
Organization = Folsom Dev

User is in roles:  
    Admin
    Administration
    CR
    Dashboard
    MasterData
    Meeting
    Reports
    RQMT
    SustainmentRequest
    Task
    View:AOR
    View:CR
    View:CVTMetrics
    View:Meeting
    View:Metrics
    View:News
    View:ResourceManagement
    WorkItem
    WorkRequest

08/23/2018 14:57:34.580 [np1nnenzwon4bpmsul02lkjr] - Info - http://localhost:50947/Dashboard.aspx - App_global.asax.x9-afmwa.dll - ASP.global_asax.Application_Error(System.Object, System.EventArgs) : Exception of type 'System.Web.HttpUnhandledException' was thrown.    at ASP.global_asax.Application_Error(Object sender, EventArgs e) in c:\inetpub\wwwroot\Dev\WTS\Global.asax:line 74
08/23/2018 14:57:48.276 [yocv2xs3nhnszqjpfxwrzigh] - Info - http://localhost:50947/Default.aspx - App_Web_u1pyjmpk.dll - _Default.Login() : checking if membership user is logged in and authenticated
08/23/2018 14:57:48.318 [yocv2xs3nhnszqjpfxwrzigh] - Info - http://localhost:50947/Default.aspx - App_Web_u1pyjmpk.dll - _Default.Login() : 
ALL available roles: 
    Admin
    Administration
    AOR
    CR
    Dashboard
    MasterData
    Meeting
    News
    Reports
    ResourceManagement
    RQMT
    SustainmentRequest
    Task
    Tester
    View:Administration
    View:AOR
    View:CR
    View:CVTMetrics
    View:Dashboard
    View:MasterData
    View:Meeting
    View:Metrics
    View:News
    View:Reports
    View:ResourceManagement
    View:RQMT
    View:SustainmentRequest
    View:Task
    View:WorkItem
    View:WorkRequest
    WorkItem
    WorkRequest


User erin.mendoza is logged in and is approved.
Organization = Folsom Dev

User is in roles:  
    Admin
    Administration
    CR
    Dashboard
    MasterData
    Meeting
    Reports
    RQMT
    SustainmentRequest
    Task
    View:AOR
    View:CR
    View:CVTMetrics
    View:Meeting
    View:Metrics
    View:News
    View:ResourceManagement
    WorkItem
    WorkRequest

08/23/2018 15:01:36.108 [yocv2xs3nhnszqjpfxwrzigh] - Info - http://localhost:50947/AOR_Tasks_Add.aspx?GridType=AOR&MyData=false&NewAOR=false&AORID=431&AORReleaseID=621&ReleaseAOR=true&Type=Task - App_global.asax.x9-afmwa.dll - ASP.global_asax.Application_Error(System.Object, System.EventArgs) : Exception of type 'System.Web.HttpUnhandledException' was thrown.    at ASP.global_asax.Application_Error(Object sender, EventArgs e) in c:\inetpub\wwwroot\Dev\WTS\Global.asax:line 74
08/23/2018 15:45:36.832 [m1xvqoerw2u0dbzeglsfpdip] - Info - http://localhost:50947/Default.aspx - App_Web_u1pyjmpk.dll - _Default.Login() : checking if membership user is logged in and authenticated
08/23/2018 15:45:36.898 [m1xvqoerw2u0dbzeglsfpdip] - Info - http://localhost:50947/Default.aspx - App_Web_u1pyjmpk.dll - _Default.Login() : 
ALL available roles: 
    Admin
    Administration
    AOR
    CR
    Dashboard
    MasterData
    Meeting
    News
    Reports
    ResourceManagement
    RQMT
    SustainmentRequest
    Task
    Tester
    View:Administration
    View:AOR
    View:CR
    View:CVTMetrics
    View:Dashboard
    View:MasterData
    View:Meeting
    View:Metrics
    View:News
    View:Reports
    View:ResourceManagement
    View:RQMT
    View:SustainmentRequest
    View:Task
    View:WorkItem
    View:WorkRequest
    WorkItem
    WorkRequest


User erin.mendoza is logged in and is approved.
Organization = Folsom Dev

User is in roles:  
    Admin
    Administration
    CR
    Dashboard
    MasterData
    Meeting
    Reports
    RQMT
    SustainmentRequest
    Task
    View:AOR
    View:CR
    View:CVTMetrics
    View:Meeting
    View:Metrics
    View:News
    View:ResourceManagement
    WorkItem
    WorkRequest

08/23/2018 15:46:07.452 [pfgqujewmsipzhh0nszwm3vw] - Info - http://localhost:50947/Default.aspx - App_Web_u1pyjmpk.dll - _Default.Login() : checking if membership user is logged in and authenticated
08/23/2018 15:46:07.552 [pfgqujewmsipzhh0nszwm3vw] - Info - http://localhost:50947/Default.aspx - App_Web_u1pyjmpk.dll - _Default.Login() : 
ALL available roles: 
    Admin
    Administration
    AOR
    CR
    Dashboard
    MasterData
    Meeting
    News
    Reports
    ResourceManagement
    RQMT
    SustainmentRequest
    Task
    Tester
    View:Administration
    View:AOR
    View:CR
    View:CVTMetrics
    View:Dashboard
    View:MasterData
    View:Meeting
    View:Metrics
    View:News
    View:Reports
    View:ResourceManagement
    View:RQMT
    View:SustainmentRequest
    View:Task
    View:WorkItem
    View:WorkRequest
    WorkItem
    WorkRequest


User erin.mendoza is logged in and is approved.
Organization = Folsom Dev

User is in roles:  
    Admin
    Administration
    CR
    Dashboard
    MasterData
    Meeting
    Reports
    RQMT
    SustainmentRequest
    Task
    View:AOR
    View:CR
    View:CVTMetrics
    View:Meeting
    View:Metrics
    View:News
    View:ResourceManagement
    WorkItem
    WorkRequest

08/23/2018 15:58:37.612 [0hr21ps1gqoew4kdxkyqvqyy] - Info - http://localhost:50947/Default.aspx - App_Web_akqokg3p.dll - _Default.Login() : checking if membership user is logged in and authenticated
08/23/2018 15:58:37.679 [0hr21ps1gqoew4kdxkyqvqyy] - Info - http://localhost:50947/Default.aspx - App_Web_akqokg3p.dll - _Default.Login() : 
ALL available roles: 
    Admin
    Administration
    AOR
    CR
    Dashboard
    MasterData
    Meeting
    News
    Reports
    ResourceManagement
    RQMT
    SustainmentRequest
    Task
    Tester
    View:Administration
    View:AOR
    View:CR
    View:CVTMetrics
    View:Dashboard
    View:MasterData
    View:Meeting
    View:Metrics
    View:News
    View:Reports
    View:ResourceManagement
    View:RQMT
    View:SustainmentRequest
    View:Task
    View:WorkItem
    View:WorkRequest
    WorkItem
    WorkRequest


User erin.mendoza is logged in and is approved.
Organization = Folsom Dev

User is in roles:  
    Admin
    Administration
    CR
    Dashboard
    MasterData
    Meeting
    Reports
    RQMT
    SustainmentRequest
    Task
    View:AOR
    View:CR
    View:CVTMetrics
    View:Meeting
    View:Metrics
    View:News
    View:ResourceManagement
    WorkItem
    WorkRequest

08/23/2018 16:23:08.571 [1mw2jc2cj0ixoxtphvatuxbs] - Info - http://localhost:50947/Default.aspx - App_Web_akqokg3p.dll - _Default.Login() : checking if membership user is logged in and authenticated
08/23/2018 16:23:08.646 [1mw2jc2cj0ixoxtphvatuxbs] - Info - http://localhost:50947/Default.aspx - App_Web_akqokg3p.dll - _Default.Login() : 
ALL available roles: 
    Admin
    Administration
    AOR
    CR
    Dashboard
    MasterData
    Meeting
    News
    Reports
    ResourceManagement
    RQMT
    SustainmentRequest
    Task
    Tester
    View:Administration
    View:AOR
    View:CR
    View:CVTMetrics
    View:Dashboard
    View:MasterData
    View:Meeting
    View:Metrics
    View:News
    View:Reports
    View:ResourceManagement
    View:RQMT
    View:SustainmentRequest
    View:Task
    View:WorkItem
    View:WorkRequest
    WorkItem
    WorkRequest


User erin.mendoza is logged in and is approved.
Organization = Folsom Dev

User is in roles:  
    Admin
    Administration
    CR
    Dashboard
    MasterData
    Meeting
    Reports
    RQMT
    SustainmentRequest
    Task
    View:AOR
    View:CR
    View:CVTMetrics
    View:Meeting
    View:Metrics
    View:News
    View:ResourceManagement
    WorkItem
    WorkRequest

08/23/2018 16:25:44.070 [tqsqytsecy2wsdytwismkehr] - Info - http://localhost:50947/Default.aspx - App_Web_akqokg3p.dll - _Default.Login() : checking if membership user is logged in and authenticated
08/23/2018 16:25:44.078 [tqsqytsecy2wsdytwismkehr] - Info - http://localhost:50947/Default.aspx - App_Web_akqokg3p.dll - _Default.Login() : 
ALL available roles: 
    Admin
    Administration
    AOR
    CR
    Dashboard
    MasterData
    Meeting
    News
    Reports
    ResourceManagement
    RQMT
    SustainmentRequest
    Task
    Tester
    View:Administration
    View:AOR
    View:CR
    View:CVTMetrics
    View:Dashboard
    View:MasterData
    View:Meeting
    View:Metrics
    View:News
    View:Reports
    View:ResourceManagement
    View:RQMT
    View:SustainmentRequest
    View:Task
    View:WorkItem
    View:WorkRequest
    WorkItem
    WorkRequest


User erin.mendoza is logged in and is approved.
Organization = Folsom Dev

User is in roles:  
    Admin
    Administration
    CR
    Dashboard
    MasterData
    Meeting
    Reports
    RQMT
    SustainmentRequest
    Task
    View:AOR
    View:CR
    View:CVTMetrics
    View:Meeting
    View:Metrics
    View:News
    View:ResourceManagement
    WorkItem
    WorkRequest

08/23/2018 17:00:08.169 [d1qi52ijo20nl2uepx41ogik] - Info - http://localhost:50947/Default.aspx - App_Web_akqokg3p.dll - _Default.Login() : checking if membership user is logged in and authenticated
08/23/2018 17:00:08.229 [d1qi52ijo20nl2uepx41ogik] - Info - http://localhost:50947/Default.aspx - App_Web_akqokg3p.dll - _Default.Login() : 
ALL available roles: 
    Admin
    Administration
    AOR
    CR
    Dashboard
    MasterData
    Meeting
    News
    Reports
    ResourceManagement
    RQMT
    SustainmentRequest
    Task
    Tester
    View:Administration
    View:AOR
    View:CR
    View:CVTMetrics
    View:Dashboard
    View:MasterData
    View:Meeting
    View:Metrics
    View:News
    View:Reports
    View:ResourceManagement
    View:RQMT
    View:SustainmentRequest
    View:Task
    View:WorkItem
    View:WorkRequest
    WorkItem
    WorkRequest


User erin.mendoza is logged in and is approved.
Organization = Folsom Dev

User is in roles:  
    Admin
    Administration
    CR
    Dashboard
    MasterData
    Meeting
    Reports
    RQMT
    SustainmentRequest
    Task
    View:AOR
    View:CR
    View:CVTMetrics
    View:Meeting
    View:Metrics
    View:News
    View:ResourceManagement
    WorkItem
    WorkRequest

08/23/2018 17:16:12.768 [0fvipruqddz3vypwoaaqthfs] - Info - http://localhost:50947/Default.aspx - App_Web_akqokg3p.dll - _Default.Login() : checking if membership user is logged in and authenticated
08/23/2018 17:16:12.793 [0fvipruqddz3vypwoaaqthfs] - Info - http://localhost:50947/Default.aspx - App_Web_akqokg3p.dll - _Default.Login() : 
ALL available roles: 
    Admin
    Administration
    AOR
    CR
    Dashboard
    MasterData
    Meeting
    News
    Reports
    ResourceManagement
    RQMT
    SustainmentRequest
    Task
    Tester
    View:Administration
    View:AOR
    View:CR
    View:CVTMetrics
    View:Dashboard
    View:MasterData
    View:Meeting
    View:Metrics
    View:News
    View:Reports
    View:ResourceManagement
    View:RQMT
    View:SustainmentRequest
    View:Task
    View:WorkItem
    View:WorkRequest
    WorkItem
    WorkRequest


User erin.mendoza is logged in and is approved.
Organization = Folsom Dev

User is in roles:  
    Admin
    Administration
    CR
    Dashboard
    MasterData
    Meeting
    Reports
    RQMT
    SustainmentRequest
    Task
    View:AOR
    View:CR
    View:CVTMetrics
    View:Meeting
    View:Metrics
    View:News
    View:ResourceManagement
    WorkItem
    WorkRequest

