09/27/2018 12:16:55.074 [vmedrmhnhuyku3d11jswm1s4] - Info - http://localhost:50947/Default.aspx - App_Web_xhxosu4d.dll - _Default.Login() : checking if membership user is logged in and authenticated
09/27/2018 12:16:55.128 [vmedrmhnhuyku3d11jswm1s4] - Info - http://localhost:50947/Default.aspx - App_Web_xhxosu4d.dll - _Default.Login() : 
ALL available roles: 
    Admin
    Administration
    AOR
    CR
    Dashboard
    Deployment
    MasterData
    Meeting
    News
    Reports
    ResourceManagement
    RQMT
    SustainmentRequest
    Task
    Tester
    View:Administration
    View:AOR
    View:CR
    View:CVTMetrics
    View:Dashboard
    View:Deployment
    View:MasterData
    View:Meeting
    View:Metrics
    View:News
    View:Reports
    View:ResourceManagement
    View:RQMT
    View:SustainmentRequest
    View:Task
    View:WorkItem
    View:WorkRequest
    WorkItem
    WorkRequest


User erin.mendoza is logged in and is approved.
Organization = Folsom Dev

User is in roles:  
    Admin
    Administration
    CR
    Dashboard
    MasterData
    Meeting
    Reports
    RQMT
    SustainmentRequest
    Task
    View:AOR
    View:CR
    View:CVTMetrics
    View:Meeting
    View:Metrics
    View:News
    View:ResourceManagement
    WorkItem
    WorkRequest

09/27/2018 12:28:20.887 [vmedrmhnhuyku3d11jswm1s4] - Info - http://localhost:50947/Default.aspx - App_Web_xhxosu4d.dll - _Default.Login() : checking if membership user is logged in and authenticated
09/27/2018 12:28:20.894 [vmedrmhnhuyku3d11jswm1s4] - Info - http://localhost:50947/Default.aspx - App_Web_xhxosu4d.dll - _Default.Login() : 
ALL available roles: 
    Admin
    Administration
    AOR
    CR
    Dashboard
    Deployment
    MasterData
    Meeting
    News
    Reports
    ResourceManagement
    RQMT
    SustainmentRequest
    Task
    Tester
    View:Administration
    View:AOR
    View:CR
    View:CVTMetrics
    View:Dashboard
    View:Deployment
    View:MasterData
    View:Meeting
    View:Metrics
    View:News
    View:Reports
    View:ResourceManagement
    View:RQMT
    View:SustainmentRequest
    View:Task
    View:WorkItem
    View:WorkRequest
    WorkItem
    WorkRequest


User erin.mendoza is logged in and is approved.
Organization = Folsom Dev

User is in roles:  
    Admin
    Administration
    CR
    Dashboard
    MasterData
    Meeting
    Reports
    RQMT
    SustainmentRequest
    Task
    View:AOR
    View:CR
    View:CVTMetrics
    View:Meeting
    View:Metrics
    View:News
    View:ResourceManagement
    WorkItem
    WorkRequest

09/27/2018 13:12:18.117 [vmedrmhnhuyku3d11jswm1s4] - Info - http://localhost:50947/Default.aspx - App_Web_xhxosu4d.dll - _Default.Login() : checking if membership user is logged in and authenticated
09/27/2018 13:12:18.193 [vmedrmhnhuyku3d11jswm1s4] - Info - http://localhost:50947/Default.aspx - App_Web_xhxosu4d.dll - _Default.Login() : 
ALL available roles: 
    Admin
    Administration
    AOR
    CR
    Dashboard
    Deployment
    MasterData
    Meeting
    News
    Reports
    ResourceManagement
    RQMT
    SustainmentRequest
    Task
    Tester
    View:Administration
    View:AOR
    View:CR
    View:CVTMetrics
    View:Dashboard
    View:Deployment
    View:MasterData
    View:Meeting
    View:Metrics
    View:News
    View:Reports
    View:ResourceManagement
    View:RQMT
    View:SustainmentRequest
    View:Task
    View:WorkItem
    View:WorkRequest
    WorkItem
    WorkRequest


User erin.mendoza is logged in and is approved.
Organization = Folsom Dev

User is in roles:  
    Admin
    Administration
    CR
    Dashboard
    MasterData
    Meeting
    Reports
    RQMT
    SustainmentRequest
    Task
    View:AOR
    View:CR
    View:CVTMetrics
    View:Meeting
    View:Metrics
    View:News
    View:ResourceManagement
    WorkItem
    WorkRequest

09/27/2018 13:13:21.919 [kugr0modlqnsoqvnhsjtbqos] - Info - http://localhost:50947/Default.aspx - App_Web_xhxosu4d.dll - _Default.Login() : checking if membership user is logged in and authenticated
09/27/2018 13:13:21.925 [kugr0modlqnsoqvnhsjtbqos] - Info - http://localhost:50947/Default.aspx - App_Web_xhxosu4d.dll - _Default.Login() : 
ALL available roles: 
    Admin
    Administration
    AOR
    CR
    Dashboard
    Deployment
    MasterData
    Meeting
    News
    Reports
    ResourceManagement
    RQMT
    SustainmentRequest
    Task
    Tester
    View:Administration
    View:AOR
    View:CR
    View:CVTMetrics
    View:Dashboard
    View:Deployment
    View:MasterData
    View:Meeting
    View:Metrics
    View:News
    View:Reports
    View:ResourceManagement
    View:RQMT
    View:SustainmentRequest
    View:Task
    View:WorkItem
    View:WorkRequest
    WorkItem
    WorkRequest


User erin.mendoza is logged in and is approved.
Organization = Folsom Dev

User is in roles:  
    Admin
    Administration
    CR
    Dashboard
    MasterData
    Meeting
    Reports
    RQMT
    SustainmentRequest
    Task
    View:AOR
    View:CR
    View:CVTMetrics
    View:Meeting
    View:Metrics
    View:News
    View:ResourceManagement
    WorkItem
    WorkRequest

09/27/2018 13:18:52.145 [kugr0modlqnsoqvnhsjtbqos] - Info - http://localhost:50947/Default.aspx - App_Web_xhxosu4d.dll - _Default.Login() : checking if membership user is logged in and authenticated
09/27/2018 13:18:52.153 [kugr0modlqnsoqvnhsjtbqos] - Info - http://localhost:50947/Default.aspx - App_Web_xhxosu4d.dll - _Default.Login() : 
ALL available roles: 
    Admin
    Administration
    AOR
    CR
    Dashboard
    Deployment
    MasterData
    Meeting
    News
    Reports
    ResourceManagement
    RQMT
    SustainmentRequest
    Task
    Tester
    View:Administration
    View:AOR
    View:CR
    View:CVTMetrics
    View:Dashboard
    View:Deployment
    View:MasterData
    View:Meeting
    View:Metrics
    View:News
    View:Reports
    View:ResourceManagement
    View:RQMT
    View:SustainmentRequest
    View:Task
    View:WorkItem
    View:WorkRequest
    WorkItem
    WorkRequest


User erin.mendoza is logged in and is approved.
Organization = Folsom Dev

User is in roles:  
    Admin
    Administration
    CR
    Dashboard
    MasterData
    Meeting
    Reports
    RQMT
    SustainmentRequest
    Task
    View:AOR
    View:CR
    View:CVTMetrics
    View:Meeting
    View:Metrics
    View:News
    View:ResourceManagement
    WorkItem
    WorkRequest

09/27/2018 13:21:00.130 [kugr0modlqnsoqvnhsjtbqos] - Info - http://localhost:50947/Default.aspx - App_Web_xhxosu4d.dll - _Default.Login() : checking if membership user is logged in and authenticated
09/27/2018 13:21:00.156 [kugr0modlqnsoqvnhsjtbqos] - Info - http://localhost:50947/Default.aspx - App_Web_xhxosu4d.dll - _Default.Login() : 
ALL available roles: 
    Admin
    Administration
    AOR
    CR
    Dashboard
    Deployment
    MasterData
    Meeting
    News
    Reports
    ResourceManagement
    RQMT
    SustainmentRequest
    Task
    Tester
    View:Administration
    View:AOR
    View:CR
    View:CVTMetrics
    View:Dashboard
    View:Deployment
    View:MasterData
    View:Meeting
    View:Metrics
    View:News
    View:Reports
    View:ResourceManagement
    View:RQMT
    View:SustainmentRequest
    View:Task
    View:WorkItem
    View:WorkRequest
    WorkItem
    WorkRequest


User erin.mendoza is logged in and is approved.
Organization = Folsom Dev

User is in roles:  
    Admin
    Administration
    CR
    Dashboard
    MasterData
    Meeting
    Reports
    RQMT
    SustainmentRequest
    Task
    View:AOR
    View:CR
    View:CVTMetrics
    View:Meeting
    View:Metrics
    View:News
    View:ResourceManagement
    WorkItem
    WorkRequest

09/27/2018 13:21:52.493 [tmxp42jehviez4pwcbsdrnyr] - Info - http://localhost:50947/Default.aspx - App_Web_xhxosu4d.dll - _Default.Login() : checking if membership user is logged in and authenticated
09/27/2018 13:21:52.499 [tmxp42jehviez4pwcbsdrnyr] - Info - http://localhost:50947/Default.aspx - App_Web_xhxosu4d.dll - _Default.Login() : 
ALL available roles: 
    Admin
    Administration
    AOR
    CR
    Dashboard
    Deployment
    MasterData
    Meeting
    News
    Reports
    ResourceManagement
    RQMT
    SustainmentRequest
    Task
    Tester
    View:Administration
    View:AOR
    View:CR
    View:CVTMetrics
    View:Dashboard
    View:Deployment
    View:MasterData
    View:Meeting
    View:Metrics
    View:News
    View:Reports
    View:ResourceManagement
    View:RQMT
    View:SustainmentRequest
    View:Task
    View:WorkItem
    View:WorkRequest
    WorkItem
    WorkRequest


User erin.mendoza is logged in and is approved.
Organization = Folsom Dev

User is in roles:  
    Admin
    Administration
    CR
    Dashboard
    MasterData
    Meeting
    Reports
    RQMT
    SustainmentRequest
    Task
    View:AOR
    View:CR
    View:CVTMetrics
    View:Meeting
    View:Metrics
    View:News
    View:ResourceManagement
    WorkItem
    WorkRequest

09/27/2018 13:22:29.098 [qxkgfiuvor43ptovs2hsoxnv] - Info - http://localhost:50947/Default.aspx - App_Web_xhxosu4d.dll - _Default.Login() : checking if membership user is logged in and authenticated
09/27/2018 13:22:29.104 [qxkgfiuvor43ptovs2hsoxnv] - Info - http://localhost:50947/Default.aspx - App_Web_xhxosu4d.dll - _Default.Login() : 
ALL available roles: 
    Admin
    Administration
    AOR
    CR
    Dashboard
    Deployment
    MasterData
    Meeting
    News
    Reports
    ResourceManagement
    RQMT
    SustainmentRequest
    Task
    Tester
    View:Administration
    View:AOR
    View:CR
    View:CVTMetrics
    View:Dashboard
    View:Deployment
    View:MasterData
    View:Meeting
    View:Metrics
    View:News
    View:Reports
    View:ResourceManagement
    View:RQMT
    View:SustainmentRequest
    View:Task
    View:WorkItem
    View:WorkRequest
    WorkItem
    WorkRequest


User erin.mendoza is logged in and is approved.
Organization = Folsom Dev

User is in roles:  
    Admin
    Administration
    CR
    Dashboard
    MasterData
    Meeting
    Reports
    RQMT
    SustainmentRequest
    Task
    View:AOR
    View:CR
    View:CVTMetrics
    View:Meeting
    View:Metrics
    View:News
    View:ResourceManagement
    WorkItem
    WorkRequest

09/27/2018 13:27:40.366 [qxkgfiuvor43ptovs2hsoxnv] - Info - http://localhost:50947/Default.aspx - App_Web_xhxosu4d.dll - _Default.Login() : checking if membership user is logged in and authenticated
09/27/2018 13:27:40.383 [qxkgfiuvor43ptovs2hsoxnv] - Info - http://localhost:50947/Default.aspx - App_Web_xhxosu4d.dll - _Default.Login() : 
ALL available roles: 
    Admin
    Administration
    AOR
    CR
    Dashboard
    Deployment
    MasterData
    Meeting
    News
    Reports
    ResourceManagement
    RQMT
    SustainmentRequest
    Task
    Tester
    View:Administration
    View:AOR
    View:CR
    View:CVTMetrics
    View:Dashboard
    View:Deployment
    View:MasterData
    View:Meeting
    View:Metrics
    View:News
    View:Reports
    View:ResourceManagement
    View:RQMT
    View:SustainmentRequest
    View:Task
    View:WorkItem
    View:WorkRequest
    WorkItem
    WorkRequest


User erin.mendoza is logged in and is approved.
Organization = Folsom Dev

User is in roles:  
    Admin
    Administration
    CR
    Dashboard
    MasterData
    Meeting
    Reports
    RQMT
    SustainmentRequest
    Task
    View:AOR
    View:CR
    View:CVTMetrics
    View:Meeting
    View:Metrics
    View:News
    View:ResourceManagement
    WorkItem
    WorkRequest

09/27/2018 13:30:09.258 [qxkgfiuvor43ptovs2hsoxnv] - Info - http://localhost:50947/Default.aspx - App_Web_xhxosu4d.dll - _Default.Login() : checking if membership user is logged in and authenticated
09/27/2018 13:30:09.269 [qxkgfiuvor43ptovs2hsoxnv] - Info - http://localhost:50947/Default.aspx - App_Web_xhxosu4d.dll - _Default.Login() : 
ALL available roles: 
    Admin
    Administration
    AOR
    CR
    Dashboard
    Deployment
    MasterData
    Meeting
    News
    Reports
    ResourceManagement
    RQMT
    SustainmentRequest
    Task
    Tester
    View:Administration
    View:AOR
    View:CR
    View:CVTMetrics
    View:Dashboard
    View:Deployment
    View:MasterData
    View:Meeting
    View:Metrics
    View:News
    View:Reports
    View:ResourceManagement
    View:RQMT
    View:SustainmentRequest
    View:Task
    View:WorkItem
    View:WorkRequest
    WorkItem
    WorkRequest


User erin.mendoza is logged in and is approved.
Organization = Folsom Dev

User is in roles:  
    Admin
    Administration
    CR
    Dashboard
    MasterData
    Meeting
    Reports
    RQMT
    SustainmentRequest
    Task
    View:AOR
    View:CR
    View:CVTMetrics
    View:Meeting
    View:Metrics
    View:News
    View:ResourceManagement
    WorkItem
    WorkRequest

09/27/2018 13:38:04.432 [qxkgfiuvor43ptovs2hsoxnv] - Info - http://localhost:50947/Default.aspx - App_Web_xhxosu4d.dll - _Default.Login() : checking if membership user is logged in and authenticated
09/27/2018 13:38:04.447 [qxkgfiuvor43ptovs2hsoxnv] - Info - http://localhost:50947/Default.aspx - App_Web_xhxosu4d.dll - _Default.Login() : 
ALL available roles: 
    Admin
    Administration
    AOR
    CR
    Dashboard
    Deployment
    MasterData
    Meeting
    News
    Reports
    ResourceManagement
    RQMT
    SustainmentRequest
    Task
    Tester
    View:Administration
    View:AOR
    View:CR
    View:CVTMetrics
    View:Dashboard
    View:Deployment
    View:MasterData
    View:Meeting
    View:Metrics
    View:News
    View:Reports
    View:ResourceManagement
    View:RQMT
    View:SustainmentRequest
    View:Task
    View:WorkItem
    View:WorkRequest
    WorkItem
    WorkRequest


User erin.mendoza is logged in and is approved.
Organization = Folsom Dev

User is in roles:  
    Admin
    Administration
    CR
    Dashboard
    MasterData
    Meeting
    Reports
    RQMT
    SustainmentRequest
    Task
    View:AOR
    View:CR
    View:CVTMetrics
    View:Meeting
    View:Metrics
    View:News
    View:ResourceManagement
    WorkItem
    WorkRequest

09/27/2018 13:42:01.728 [qxkgfiuvor43ptovs2hsoxnv] - Info - http://localhost:50947/Default.aspx - App_Web_xhxosu4d.dll - _Default.Login() : checking if membership user is logged in and authenticated
09/27/2018 13:42:01.743 [qxkgfiuvor43ptovs2hsoxnv] - Info - http://localhost:50947/Default.aspx - App_Web_xhxosu4d.dll - _Default.Login() : 
ALL available roles: 
    Admin
    Administration
    AOR
    CR
    Dashboard
    Deployment
    MasterData
    Meeting
    News
    Reports
    ResourceManagement
    RQMT
    SustainmentRequest
    Task
    Tester
    View:Administration
    View:AOR
    View:CR
    View:CVTMetrics
    View:Dashboard
    View:Deployment
    View:MasterData
    View:Meeting
    View:Metrics
    View:News
    View:Reports
    View:ResourceManagement
    View:RQMT
    View:SustainmentRequest
    View:Task
    View:WorkItem
    View:WorkRequest
    WorkItem
    WorkRequest


User erin.mendoza is logged in and is approved.
Organization = Folsom Dev

User is in roles:  
    Admin
    Administration
    CR
    Dashboard
    MasterData
    Meeting
    Reports
    RQMT
    SustainmentRequest
    Task
    View:AOR
    View:CR
    View:CVTMetrics
    View:Meeting
    View:Metrics
    View:News
    View:ResourceManagement
    WorkItem
    WorkRequest

09/27/2018 13:42:32.022 [qxkgfiuvor43ptovs2hsoxnv] - Info - http://localhost:50947/Default.aspx - App_Web_xhxosu4d.dll - _Default.Login() : checking if membership user is logged in and authenticated
09/27/2018 13:42:32.035 [qxkgfiuvor43ptovs2hsoxnv] - Info - http://localhost:50947/Default.aspx - App_Web_xhxosu4d.dll - _Default.Login() : 
ALL available roles: 
    Admin
    Administration
    AOR
    CR
    Dashboard
    Deployment
    MasterData
    Meeting
    News
    Reports
    ResourceManagement
    RQMT
    SustainmentRequest
    Task
    Tester
    View:Administration
    View:AOR
    View:CR
    View:CVTMetrics
    View:Dashboard
    View:Deployment
    View:MasterData
    View:Meeting
    View:Metrics
    View:News
    View:Reports
    View:ResourceManagement
    View:RQMT
    View:SustainmentRequest
    View:Task
    View:WorkItem
    View:WorkRequest
    WorkItem
    WorkRequest


User erin.mendoza is logged in and is approved.
Organization = Folsom Dev

User is in roles:  
    Admin
    Administration
    CR
    Dashboard
    MasterData
    Meeting
    Reports
    RQMT
    SustainmentRequest
    Task
    View:AOR
    View:CR
    View:CVTMetrics
    View:Meeting
    View:Metrics
    View:News
    View:ResourceManagement
    WorkItem
    WorkRequest

09/27/2018 13:48:23.562 [qxkgfiuvor43ptovs2hsoxnv] - Info - http://localhost:50947/Default.aspx - App_Web_xhxosu4d.dll - _Default.Login() : checking if membership user is logged in and authenticated
09/27/2018 13:48:23.569 [qxkgfiuvor43ptovs2hsoxnv] - Info - http://localhost:50947/Default.aspx - App_Web_xhxosu4d.dll - _Default.Login() : 
ALL available roles: 
    Admin
    Administration
    AOR
    CR
    Dashboard
    Deployment
    MasterData
    Meeting
    News
    Reports
    ResourceManagement
    RQMT
    SustainmentRequest
    Task
    Tester
    View:Administration
    View:AOR
    View:CR
    View:CVTMetrics
    View:Dashboard
    View:Deployment
    View:MasterData
    View:Meeting
    View:Metrics
    View:News
    View:Reports
    View:ResourceManagement
    View:RQMT
    View:SustainmentRequest
    View:Task
    View:WorkItem
    View:WorkRequest
    WorkItem
    WorkRequest


User erin.mendoza is logged in and is approved.
Organization = Folsom Dev

User is in roles:  
    Admin
    Administration
    CR
    Dashboard
    MasterData
    Meeting
    Reports
    RQMT
    SustainmentRequest
    Task
    View:AOR
    View:CR
    View:CVTMetrics
    View:Meeting
    View:Metrics
    View:News
    View:ResourceManagement
    WorkItem
    WorkRequest

09/27/2018 13:51:30.323 [qxkgfiuvor43ptovs2hsoxnv] - Info - http://localhost:50947/Default.aspx - App_Web_xhxosu4d.dll - _Default.Login() : checking if membership user is logged in and authenticated
09/27/2018 13:51:30.331 [qxkgfiuvor43ptovs2hsoxnv] - Info - http://localhost:50947/Default.aspx - App_Web_xhxosu4d.dll - _Default.Login() : 
ALL available roles: 
    Admin
    Administration
    AOR
    CR
    Dashboard
    Deployment
    MasterData
    Meeting
    News
    Reports
    ResourceManagement
    RQMT
    SustainmentRequest
    Task
    Tester
    View:Administration
    View:AOR
    View:CR
    View:CVTMetrics
    View:Dashboard
    View:Deployment
    View:MasterData
    View:Meeting
    View:Metrics
    View:News
    View:Reports
    View:ResourceManagement
    View:RQMT
    View:SustainmentRequest
    View:Task
    View:WorkItem
    View:WorkRequest
    WorkItem
    WorkRequest


User erin.mendoza is logged in and is approved.
Organization = Folsom Dev

User is in roles:  
    Admin
    Administration
    CR
    Dashboard
    MasterData
    Meeting
    Reports
    RQMT
    SustainmentRequest
    Task
    View:AOR
    View:CR
    View:CVTMetrics
    View:Meeting
    View:Metrics
    View:News
    View:ResourceManagement
    WorkItem
    WorkRequest

09/27/2018 14:10:41.000 [qxkgfiuvor43ptovs2hsoxnv] - Info - http://localhost:50947/Default.aspx - App_Web_baejtobb.dll - _Default.Login() : checking if membership user is logged in and authenticated
09/27/2018 14:10:41.055 [qxkgfiuvor43ptovs2hsoxnv] - Info - http://localhost:50947/Default.aspx - App_Web_baejtobb.dll - _Default.Login() : 
ALL available roles: 
    Admin
    Administration
    AOR
    CR
    Dashboard
    Deployment
    MasterData
    Meeting
    News
    Reports
    ResourceManagement
    RQMT
    SustainmentRequest
    Task
    Tester
    View:Administration
    View:AOR
    View:CR
    View:CVTMetrics
    View:Dashboard
    View:Deployment
    View:MasterData
    View:Meeting
    View:Metrics
    View:News
    View:Reports
    View:ResourceManagement
    View:RQMT
    View:SustainmentRequest
    View:Task
    View:WorkItem
    View:WorkRequest
    WorkItem
    WorkRequest


User erin.mendoza is logged in and is approved.
Organization = Folsom Dev

User is in roles:  
    Admin
    Administration
    CR
    Dashboard
    MasterData
    Meeting
    Reports
    RQMT
    SustainmentRequest
    Task
    View:AOR
    View:CR
    View:CVTMetrics
    View:Meeting
    View:Metrics
    View:News
    View:ResourceManagement
    WorkItem
    WorkRequest

09/27/2018 14:25:02.158 [qxkgfiuvor43ptovs2hsoxnv] - Info - http://localhost:50947/Default.aspx - App_Web_baejtobb.dll - _Default.Login() : checking if membership user is logged in and authenticated
09/27/2018 14:25:02.202 [qxkgfiuvor43ptovs2hsoxnv] - Info - http://localhost:50947/Default.aspx - App_Web_baejtobb.dll - _Default.Login() : 
ALL available roles: 
    Admin
    Administration
    AOR
    CR
    Dashboard
    Deployment
    MasterData
    Meeting
    News
    Reports
    ResourceManagement
    RQMT
    SustainmentRequest
    Task
    Tester
    View:Administration
    View:AOR
    View:CR
    View:CVTMetrics
    View:Dashboard
    View:Deployment
    View:MasterData
    View:Meeting
    View:Metrics
    View:News
    View:Reports
    View:ResourceManagement
    View:RQMT
    View:SustainmentRequest
    View:Task
    View:WorkItem
    View:WorkRequest
    WorkItem
    WorkRequest


User erin.mendoza is logged in and is approved.
Organization = Folsom Dev

User is in roles:  
    Admin
    Administration
    CR
    Dashboard
    MasterData
    Meeting
    Reports
    RQMT
    SustainmentRequest
    Task
    View:AOR
    View:CR
    View:CVTMetrics
    View:Meeting
    View:Metrics
    View:News
    View:ResourceManagement
    WorkItem
    WorkRequest

09/27/2018 18:49:50.069 [cd4striny05bzdxlzuekepxq] - Info - http://localhost:50947/Default.aspx - App_Web_baejtobb.dll - _Default.Login() : checking if membership user is logged in and authenticated
09/27/2018 18:49:50.122 [cd4striny05bzdxlzuekepxq] - Info - http://localhost:50947/Default.aspx - App_Web_baejtobb.dll - _Default.Login() : 
ALL available roles: 
    Admin
    Administration
    AOR
    CR
    Dashboard
    Deployment
    MasterData
    Meeting
    News
    Reports
    ResourceManagement
    RQMT
    SustainmentRequest
    Task
    Tester
    View:Administration
    View:AOR
    View:CR
    View:CVTMetrics
    View:Dashboard
    View:Deployment
    View:MasterData
    View:Meeting
    View:Metrics
    View:News
    View:Reports
    View:ResourceManagement
    View:RQMT
    View:SustainmentRequest
    View:Task
    View:WorkItem
    View:WorkRequest
    WorkItem
    WorkRequest


User erin.mendoza is logged in and is approved.
Organization = Folsom Dev

User is in roles:  
    Admin
    Administration
    CR
    Dashboard
    MasterData
    Meeting
    Reports
    RQMT
    SustainmentRequest
    Task
    View:AOR
    View:CR
    View:CVTMetrics
    View:Meeting
    View:Metrics
    View:News
    View:ResourceManagement
    WorkItem
    WorkRequest

09/27/2018 18:58:03.603 [cd4striny05bzdxlzuekepxq] - Info - http://localhost:50947/Default.aspx - App_Web_baejtobb.dll - _Default.Login() : checking if membership user is logged in and authenticated
09/27/2018 18:58:03.618 [cd4striny05bzdxlzuekepxq] - Info - http://localhost:50947/Default.aspx - App_Web_baejtobb.dll - _Default.Login() : 
ALL available roles: 
    Admin
    Administration
    AOR
    CR
    Dashboard
    Deployment
    MasterData
    Meeting
    News
    Reports
    ResourceManagement
    RQMT
    SustainmentRequest
    Task
    Tester
    View:Administration
    View:AOR
    View:CR
    View:CVTMetrics
    View:Dashboard
    View:Deployment
    View:MasterData
    View:Meeting
    View:Metrics
    View:News
    View:Reports
    View:ResourceManagement
    View:RQMT
    View:SustainmentRequest
    View:Task
    View:WorkItem
    View:WorkRequest
    WorkItem
    WorkRequest


User erin.mendoza is logged in and is approved.
Organization = Folsom Dev

User is in roles:  
    Admin
    Administration
    CR
    Dashboard
    MasterData
    Meeting
    Reports
    RQMT
    SustainmentRequest
    Task
    View:AOR
    View:CR
    View:CVTMetrics
    View:Meeting
    View:Metrics
    View:News
    View:ResourceManagement
    WorkItem
    WorkRequest

09/27/2018 19:00:33.867 [cd4striny05bzdxlzuekepxq] - Info - http://localhost:50947/Default.aspx - App_Web_baejtobb.dll - _Default.Login() : checking if membership user is logged in and authenticated
09/27/2018 19:00:33.874 [cd4striny05bzdxlzuekepxq] - Info - http://localhost:50947/Default.aspx - App_Web_baejtobb.dll - _Default.Login() : 
ALL available roles: 
    Admin
    Administration
    AOR
    CR
    Dashboard
    Deployment
    MasterData
    Meeting
    News
    Reports
    ResourceManagement
    RQMT
    SustainmentRequest
    Task
    Tester
    View:Administration
    View:AOR
    View:CR
    View:CVTMetrics
    View:Dashboard
    View:Deployment
    View:MasterData
    View:Meeting
    View:Metrics
    View:News
    View:Reports
    View:ResourceManagement
    View:RQMT
    View:SustainmentRequest
    View:Task
    View:WorkItem
    View:WorkRequest
    WorkItem
    WorkRequest


User erin.mendoza is logged in and is approved.
Organization = Folsom Dev

User is in roles:  
    Admin
    Administration
    CR
    Dashboard
    MasterData
    Meeting
    Reports
    RQMT
    SustainmentRequest
    Task
    View:AOR
    View:CR
    View:CVTMetrics
    View:Meeting
    View:Metrics
    View:News
    View:ResourceManagement
    WorkItem
    WorkRequest

09/27/2018 19:58:21.125 [cd4striny05bzdxlzuekepxq] - Info - http://localhost:50947/Default.aspx - App_Web_baejtobb.dll - _Default.Login() : checking if membership user is logged in and authenticated
09/27/2018 19:58:21.233 [cd4striny05bzdxlzuekepxq] - Info - http://localhost:50947/Default.aspx - App_Web_baejtobb.dll - _Default.Login() : 
ALL available roles: 
    Admin
    Administration
    AOR
    CR
    Dashboard
    Deployment
    MasterData
    Meeting
    News
    Reports
    ResourceManagement
    RQMT
    SustainmentRequest
    Task
    Tester
    View:Administration
    View:AOR
    View:CR
    View:CVTMetrics
    View:Dashboard
    View:Deployment
    View:MasterData
    View:Meeting
    View:Metrics
    View:News
    View:Reports
    View:ResourceManagement
    View:RQMT
    View:SustainmentRequest
    View:Task
    View:WorkItem
    View:WorkRequest
    WorkItem
    WorkRequest


User erin.mendoza is logged in and is approved.
Organization = Folsom Dev

User is in roles:  
    Admin
    Administration
    CR
    Dashboard
    MasterData
    Meeting
    Reports
    RQMT
    SustainmentRequest
    Task
    View:AOR
    View:CR
    View:CVTMetrics
    View:Meeting
    View:Metrics
    View:News
    View:ResourceManagement
    WorkItem
    WorkRequest

09/27/2018 20:09:14.217 [cd4striny05bzdxlzuekepxq] - Info - http://localhost:50947/Default.aspx - App_Web_baejtobb.dll - _Default.Login() : checking if membership user is logged in and authenticated
09/27/2018 20:09:14.234 [cd4striny05bzdxlzuekepxq] - Info - http://localhost:50947/Default.aspx - App_Web_baejtobb.dll - _Default.Login() : 
ALL available roles: 
    Admin
    Administration
    AOR
    CR
    Dashboard
    Deployment
    MasterData
    Meeting
    News
    Reports
    ResourceManagement
    RQMT
    SustainmentRequest
    Task
    Tester
    View:Administration
    View:AOR
    View:CR
    View:CVTMetrics
    View:Dashboard
    View:Deployment
    View:MasterData
    View:Meeting
    View:Metrics
    View:News
    View:Reports
    View:ResourceManagement
    View:RQMT
    View:SustainmentRequest
    View:Task
    View:WorkItem
    View:WorkRequest
    WorkItem
    WorkRequest


User erin.mendoza is logged in and is approved.
Organization = Folsom Dev

User is in roles:  
    Admin
    Administration
    CR
    Dashboard
    MasterData
    Meeting
    Reports
    RQMT
    SustainmentRequest
    Task
    View:AOR
    View:CR
    View:CVTMetrics
    View:Meeting
    View:Metrics
    View:News
    View:ResourceManagement
    WorkItem
    WorkRequest

09/27/2018 20:17:07.048 [cd4striny05bzdxlzuekepxq] - Info - http://localhost:50947/Default.aspx - App_Web_baejtobb.dll - _Default.Login() : checking if membership user is logged in and authenticated
09/27/2018 20:17:07.056 [cd4striny05bzdxlzuekepxq] - Info - http://localhost:50947/Default.aspx - App_Web_baejtobb.dll - _Default.Login() : 
ALL available roles: 
    Admin
    Administration
    AOR
    CR
    Dashboard
    Deployment
    MasterData
    Meeting
    News
    Reports
    ResourceManagement
    RQMT
    SustainmentRequest
    Task
    Tester
    View:Administration
    View:AOR
    View:CR
    View:CVTMetrics
    View:Dashboard
    View:Deployment
    View:MasterData
    View:Meeting
    View:Metrics
    View:News
    View:Reports
    View:ResourceManagement
    View:RQMT
    View:SustainmentRequest
    View:Task
    View:WorkItem
    View:WorkRequest
    WorkItem
    WorkRequest


User erin.mendoza is logged in and is approved.
Organization = Folsom Dev

User is in roles:  
    Admin
    Administration
    CR
    Dashboard
    MasterData
    Meeting
    Reports
    RQMT
    SustainmentRequest
    Task
    View:AOR
    View:CR
    View:CVTMetrics
    View:Meeting
    View:Metrics
    View:News
    View:ResourceManagement
    WorkItem
    WorkRequest

09/27/2018 20:22:56.910 [cd4striny05bzdxlzuekepxq] - Info - http://localhost:50947/Default.aspx - App_Web_baejtobb.dll - _Default.Login() : checking if membership user is logged in and authenticated
09/27/2018 20:22:56.928 [cd4striny05bzdxlzuekepxq] - Info - http://localhost:50947/Default.aspx - App_Web_baejtobb.dll - _Default.Login() : 
ALL available roles: 
    Admin
    Administration
    AOR
    CR
    Dashboard
    Deployment
    MasterData
    Meeting
    News
    Reports
    ResourceManagement
    RQMT
    SustainmentRequest
    Task
    Tester
    View:Administration
    View:AOR
    View:CR
    View:CVTMetrics
    View:Dashboard
    View:Deployment
    View:MasterData
    View:Meeting
    View:Metrics
    View:News
    View:Reports
    View:ResourceManagement
    View:RQMT
    View:SustainmentRequest
    View:Task
    View:WorkItem
    View:WorkRequest
    WorkItem
    WorkRequest


User erin.mendoza is logged in and is approved.
Organization = Folsom Dev

User is in roles:  
    Admin
    Administration
    CR
    Dashboard
    MasterData
    Meeting
    Reports
    RQMT
    SustainmentRequest
    Task
    View:AOR
    View:CR
    View:CVTMetrics
    View:Meeting
    View:Metrics
    View:News
    View:ResourceManagement
    WorkItem
    WorkRequest

09/27/2018 20:28:40.791 [baukmniohsujzdmzhafamykw] - Info - http://localhost:50947/Default.aspx - App_Web_wba2l3af.dll - _Default.Login() : checking if membership user is logged in and authenticated
09/27/2018 20:28:40.805 [baukmniohsujzdmzhafamykw] - Info - http://localhost:50947/Default.aspx - App_Web_wba2l3af.dll - _Default.Login() : 
ALL available roles: 
    Admin
    Administration
    AOR
    CR
    Dashboard
    Deployment
    MasterData
    Meeting
    News
    Reports
    ResourceManagement
    RQMT
    SustainmentRequest
    Task
    Tester
    View:Administration
    View:AOR
    View:CR
    View:CVTMetrics
    View:Dashboard
    View:Deployment
    View:MasterData
    View:Meeting
    View:Metrics
    View:News
    View:Reports
    View:ResourceManagement
    View:RQMT
    View:SustainmentRequest
    View:Task
    View:WorkItem
    View:WorkRequest
    WorkItem
    WorkRequest


User erin.mendoza is logged in and is approved.
Organization = Folsom Dev

User is in roles:  
    Admin
    Administration
    CR
    Dashboard
    MasterData
    Meeting
    Reports
    RQMT
    SustainmentRequest
    Task
    View:AOR
    View:CR
    View:CVTMetrics
    View:Meeting
    View:Metrics
    View:News
    View:ResourceManagement
    WorkItem
    WorkRequest

09/27/2018 20:43:42.323 [baukmniohsujzdmzhafamykw] - Info - http://localhost:50947/Default.aspx - App_Web_qkx1bp5a.dll - _Default.Login() : checking if membership user is logged in and authenticated
09/27/2018 20:43:42.374 [baukmniohsujzdmzhafamykw] - Info - http://localhost:50947/Default.aspx - App_Web_qkx1bp5a.dll - _Default.Login() : 
ALL available roles: 
    Admin
    Administration
    AOR
    CR
    Dashboard
    Deployment
    MasterData
    Meeting
    News
    Reports
    ResourceManagement
    RQMT
    SustainmentRequest
    Task
    Tester
    View:Administration
    View:AOR
    View:CR
    View:CVTMetrics
    View:Dashboard
    View:Deployment
    View:MasterData
    View:Meeting
    View:Metrics
    View:News
    View:Reports
    View:ResourceManagement
    View:RQMT
    View:SustainmentRequest
    View:Task
    View:WorkItem
    View:WorkRequest
    WorkItem
    WorkRequest


User erin.mendoza is logged in and is approved.
Organization = Folsom Dev

User is in roles:  
    Admin
    Administration
    CR
    Dashboard
    MasterData
    Meeting
    Reports
    RQMT
    SustainmentRequest
    Task
    View:AOR
    View:CR
    View:CVTMetrics
    View:Meeting
    View:Metrics
    View:News
    View:ResourceManagement
    WorkItem
    WorkRequest

09/27/2018 20:48:12.366 [baukmniohsujzdmzhafamykw] - Info - http://localhost:50947/Default.aspx - App_Web_qkx1bp5a.dll - _Default.Login() : checking if membership user is logged in and authenticated
09/27/2018 20:48:12.375 [baukmniohsujzdmzhafamykw] - Info - http://localhost:50947/Default.aspx - App_Web_qkx1bp5a.dll - _Default.Login() : 
ALL available roles: 
    Admin
    Administration
    AOR
    CR
    Dashboard
    Deployment
    MasterData
    Meeting
    News
    Reports
    ResourceManagement
    RQMT
    SustainmentRequest
    Task
    Tester
    View:Administration
    View:AOR
    View:CR
    View:CVTMetrics
    View:Dashboard
    View:Deployment
    View:MasterData
    View:Meeting
    View:Metrics
    View:News
    View:Reports
    View:ResourceManagement
    View:RQMT
    View:SustainmentRequest
    View:Task
    View:WorkItem
    View:WorkRequest
    WorkItem
    WorkRequest


User erin.mendoza is logged in and is approved.
Organization = Folsom Dev

User is in roles:  
    Admin
    Administration
    CR
    Dashboard
    MasterData
    Meeting
    Reports
    RQMT
    SustainmentRequest
    Task
    View:AOR
    View:CR
    View:CVTMetrics
    View:Meeting
    View:Metrics
    View:News
    View:ResourceManagement
    WorkItem
    WorkRequest

09/27/2018 20:48:45.436 [baukmniohsujzdmzhafamykw] - Info - http://localhost:50947/Default.aspx - App_Web_qkx1bp5a.dll - _Default.Login() : checking if membership user is logged in and authenticated
09/27/2018 20:48:45.452 [baukmniohsujzdmzhafamykw] - Info - http://localhost:50947/Default.aspx - App_Web_qkx1bp5a.dll - _Default.Login() : 
ALL available roles: 
    Admin
    Administration
    AOR
    CR
    Dashboard
    Deployment
    MasterData
    Meeting
    News
    Reports
    ResourceManagement
    RQMT
    SustainmentRequest
    Task
    Tester
    View:Administration
    View:AOR
    View:CR
    View:CVTMetrics
    View:Dashboard
    View:Deployment
    View:MasterData
    View:Meeting
    View:Metrics
    View:News
    View:Reports
    View:ResourceManagement
    View:RQMT
    View:SustainmentRequest
    View:Task
    View:WorkItem
    View:WorkRequest
    WorkItem
    WorkRequest


User erin.mendoza is logged in and is approved.
Organization = Folsom Dev

User is in roles:  
    Admin
    Administration
    CR
    Dashboard
    MasterData
    Meeting
    Reports
    RQMT
    SustainmentRequest
    Task
    View:AOR
    View:CR
    View:CVTMetrics
    View:Meeting
    View:Metrics
    View:News
    View:ResourceManagement
    WorkItem
    WorkRequest

09/27/2018 22:06:32.574 [jynyi2avk1mheyk53q1efegj] - Info - http://localhost:50947/Default.aspx - App_Web_vkhcyysn.dll - _Default.Login() : checking if membership user is logged in and authenticated
09/27/2018 22:06:32.626 [jynyi2avk1mheyk53q1efegj] - Info - http://localhost:50947/Default.aspx - App_Web_vkhcyysn.dll - _Default.Login() : 
ALL available roles: 
    Admin
    Administration
    AOR
    CR
    Dashboard
    Deployment
    MasterData
    Meeting
    News
    Reports
    ResourceManagement
    RQMT
    SustainmentRequest
    Task
    Tester
    View:Administration
    View:AOR
    View:CR
    View:CVTMetrics
    View:Dashboard
    View:Deployment
    View:MasterData
    View:Meeting
    View:Metrics
    View:News
    View:Reports
    View:ResourceManagement
    View:RQMT
    View:SustainmentRequest
    View:Task
    View:WorkItem
    View:WorkRequest
    WorkItem
    WorkRequest


User erin.mendoza is logged in and is approved.
Organization = Folsom Dev

User is in roles:  
    Admin
    Administration
    CR
    Dashboard
    MasterData
    Meeting
    Reports
    RQMT
    SustainmentRequest
    Task
    View:AOR
    View:CR
    View:CVTMetrics
    View:Meeting
    View:Metrics
    View:News
    View:ResourceManagement
    WorkItem
    WorkRequest

09/27/2018 22:20:00.327 [[NONE]] - Info - http://localhost:50947/News_AddEdit.aspx?newsId=-1&newsTypeID=1&random=0.48182529913859123 - App_global.asax.pn0-jegx.dll - ASP.global_asax.Application_Error(System.Object, System.EventArgs) : c:\inetpub\wwwroot\Dev\WTS\News_AddEdit.aspx.cs(153): error CS0117: 'WTS.Enums.AttachmentTypeEnum' does not contain a definition for 'NewsOverview'    at ASP.global_asax.Application_Error(Object sender, EventArgs e) in c:\inetpub\wwwroot\Dev\WTS\Global.asax:line 74
09/27/2018 23:17:10.709 [jynyi2avk1mheyk53q1efegj] - Info - http://localhost:50947/News_AddEdit.aspx?newsId=54&newsTypeID=1&random=0.41136429780199135 - App_global.asax.f2ph24yx.dll - ASP.global_asax.Application_Error(System.Object, System.EventArgs) : A potentially dangerous Request.Form value was detected from the client (textNewsBody="<p>bye</p>").    at ASP.global_asax.Application_Error(Object sender, EventArgs e) in c:\inetpub\wwwroot\Dev\WTS\Global.asax:line 74
09/27/2018 23:18:03.157 [jynyi2avk1mheyk53q1efegj] - Info - http://localhost:50947/News_AddEdit.aspx?newsId=54&newsTypeID=1&random=0.5165677257972991 - App_global.asax.f2ph24yx.dll - ASP.global_asax.Application_Error(System.Object, System.EventArgs) : A potentially dangerous Request.Form value was detected from the client (textNewsBody="<p>bye</p>").    at ASP.global_asax.Application_Error(Object sender, EventArgs e) in c:\inetpub\wwwroot\Dev\WTS\Global.asax:line 74
09/27/2018 23:20:17.073 [jynyi2avk1mheyk53q1efegj] - Info - http://localhost:50947/News_AddEdit.aspx?newsId=54&newsTypeID=1&random=0.9992369860537709 - App_global.asax.f2ph24yx.dll - ASP.global_asax.Application_Error(System.Object, System.EventArgs) : A potentially dangerous Request.Form value was detected from the client (textNewsBody="<p>bye</p>").    at ASP.global_asax.Application_Error(Object sender, EventArgs e) in c:\inetpub\wwwroot\Dev\WTS\Global.asax:line 74
09/27/2018 23:23:07.999 [jynyi2avk1mheyk53q1efegj] - Info - http://localhost:50947/News_AddEdit.aspx?newsId=54&newsTypeID=1&random=0.8841442075895272 - App_global.asax.f2ph24yx.dll - ASP.global_asax.Application_Error(System.Object, System.EventArgs) : A potentially dangerous Request.Form value was detected from the client (textNewsBody="<p>bye</p>").    at ASP.global_asax.Application_Error(Object sender, EventArgs e) in c:\inetpub\wwwroot\Dev\WTS\Global.asax:line 74
09/27/2018 23:24:13.610 [jynyi2avk1mheyk53q1efegj] - Info - http://localhost:50947/News_AddEdit.aspx?newsId=54&newsTypeID=1&random=0.2714119567271423 - App_global.asax.f2ph24yx.dll - ASP.global_asax.Application_Error(System.Object, System.EventArgs) : A potentially dangerous Request.Form value was detected from the client (textNewsBody="<p>bye</p>").    at ASP.global_asax.Application_Error(Object sender, EventArgs e) in c:\inetpub\wwwroot\Dev\WTS\Global.asax:line 74
09/27/2018 23:29:57.241 [jynyi2avk1mheyk53q1efegj] - Info - http://localhost:50947/News_AddEdit.aspx?newsId=54&newsTypeID=1&random=0.01934824437874061 - App_global.asax.f2ph24yx.dll - ASP.global_asax.Application_Error(System.Object, System.EventArgs) : Exception of type 'System.Web.HttpUnhandledException' was thrown.    at ASP.global_asax.Application_Error(Object sender, EventArgs e) in c:\inetpub\wwwroot\Dev\WTS\Global.asax:line 74
09/27/2018 23:30:52.405 [jynyi2avk1mheyk53q1efegj] - Info - http://localhost:50947/News_AddEdit.aspx?newsId=54&newsTypeID=1&random=0.8487783631917334 - App_global.asax.f2ph24yx.dll - ASP.global_asax.Application_Error(System.Object, System.EventArgs) : Exception of type 'System.Web.HttpUnhandledException' was thrown.    at ASP.global_asax.Application_Error(Object sender, EventArgs e) in c:\inetpub\wwwroot\Dev\WTS\Global.asax:line 74
09/27/2018 23:35:13.683 [jynyi2avk1mheyk53q1efegj] - Info - http://localhost:50947/News_AddEdit.aspx?newsId=54&newsTypeID=1&random=0.20130423243982975 - App_global.asax.f2ph24yx.dll - ASP.global_asax.Application_Error(System.Object, System.EventArgs) : A potentially dangerous Request.Form value was detected from the client (textNewsBody="<p>bye</p>").    at ASP.global_asax.Application_Error(Object sender, EventArgs e) in c:\inetpub\wwwroot\Dev\WTS\Global.asax:line 74
