09/19/2018 09:05:43.710 [ckkn4o4owfawytyhs4jvpu33] - Info - http://localhost:50947/Default.aspx - App_Web_3jdfqi2i.dll - _Default.Login() : checking if membership user is logged in and authenticated
09/19/2018 09:05:43.788 [ckkn4o4owfawytyhs4jvpu33] - Info - http://localhost:50947/Default.aspx - App_Web_3jdfqi2i.dll - _Default.Login() : 
ALL available roles: 
    Admin
    Administration
    AOR
    CR
    Dashboard
    Deployment
    MasterData
    Meeting
    News
    Reports
    ResourceManagement
    RQMT
    SustainmentRequest
    Task
    Tester
    View:Administration
    View:AOR
    View:CR
    View:CVTMetrics
    View:Dashboard
    View:Deployment
    View:MasterData
    View:Meeting
    View:Metrics
    View:News
    View:Reports
    View:ResourceManagement
    View:RQMT
    View:SustainmentRequest
    View:Task
    View:WorkItem
    View:WorkRequest
    WorkItem
    WorkRequest


User erin.mendoza is logged in and is approved.
Organization = Folsom Dev

User is in roles:  
    Admin
    Administration
    CR
    Dashboard
    MasterData
    Meeting
    Reports
    RQMT
    SustainmentRequest
    Task
    View:AOR
    View:CR
    View:CVTMetrics
    View:Meeting
    View:Metrics
    View:News
    View:ResourceManagement
    WorkItem
    WorkRequest

09/19/2018 14:13:57.010 [3pf3gvucqeaie1renstmigxf] - Info - http://localhost:50947/Default.aspx - App_Web_3jdfqi2i.dll - _Default.Login() : checking if membership user is logged in and authenticated
09/19/2018 14:13:57.087 [3pf3gvucqeaie1renstmigxf] - Info - http://localhost:50947/Default.aspx - App_Web_3jdfqi2i.dll - _Default.Login() : 
ALL available roles: 
    Admin
    Administration
    AOR
    CR
    Dashboard
    Deployment
    MasterData
    Meeting
    News
    Reports
    ResourceManagement
    RQMT
    SustainmentRequest
    Task
    Tester
    View:Administration
    View:AOR
    View:CR
    View:CVTMetrics
    View:Dashboard
    View:Deployment
    View:MasterData
    View:Meeting
    View:Metrics
    View:News
    View:Reports
    View:ResourceManagement
    View:RQMT
    View:SustainmentRequest
    View:Task
    View:WorkItem
    View:WorkRequest
    WorkItem
    WorkRequest


User erin.mendoza is logged in and is approved.
Organization = Folsom Dev

User is in roles:  
    Admin
    Administration
    CR
    Dashboard
    MasterData
    Meeting
    Reports
    RQMT
    SustainmentRequest
    Task
    View:AOR
    View:CR
    View:CVTMetrics
    View:Meeting
    View:Metrics
    View:News
    View:ResourceManagement
    WorkItem
    WorkRequest

09/19/2018 14:16:38.125 [3pf3gvucqeaie1renstmigxf] - Info - http://localhost:50947/AOR_Resource_Team.aspx?GridType=AOR&MyData=false&NewAOR=false&AORID=493&AORReleaseID=693 - App_global.asax.xlor7mdy.dll - ASP.global_asax.Application_Error(System.Object, System.EventArgs) : Exception of type 'System.Web.HttpUnhandledException' was thrown.    at ASP.global_asax.Application_Error(Object sender, EventArgs e) in c:\inetpub\wwwroot\Dev\WTS\Global.asax:line 74
09/19/2018 14:20:16.152 [jy0mntgck0pztlq3renjilne] - Info - http://localhost:50947/Default.aspx - App_Web_wzdlmrpr.dll - _Default.Login() : checking if membership user is logged in and authenticated
09/19/2018 14:20:16.223 [jy0mntgck0pztlq3renjilne] - Info - http://localhost:50947/Default.aspx - App_Web_wzdlmrpr.dll - _Default.Login() : 
ALL available roles: 
    Admin
    Administration
    AOR
    CR
    Dashboard
    Deployment
    MasterData
    Meeting
    News
    Reports
    ResourceManagement
    RQMT
    SustainmentRequest
    Task
    Tester
    View:Administration
    View:AOR
    View:CR
    View:CVTMetrics
    View:Dashboard
    View:Deployment
    View:MasterData
    View:Meeting
    View:Metrics
    View:News
    View:Reports
    View:ResourceManagement
    View:RQMT
    View:SustainmentRequest
    View:Task
    View:WorkItem
    View:WorkRequest
    WorkItem
    WorkRequest


User erin.mendoza is logged in and is approved.
Organization = Folsom Dev

User is in roles:  
    Admin
    Administration
    CR
    Dashboard
    MasterData
    Meeting
    Reports
    RQMT
    SustainmentRequest
    Task
    View:AOR
    View:CR
    View:CVTMetrics
    View:Meeting
    View:Metrics
    View:News
    View:ResourceManagement
    WorkItem
    WorkRequest

09/19/2018 14:22:37.703 [jy0mntgck0pztlq3renjilne] - Info - http://localhost:50947/AOR_Resource_Team.aspx?GridType=AOR&MyData=false&NewAOR=false&AORID=493&AORReleaseID=693 - App_global.asax.jncjufzl.dll - ASP.global_asax.Application_Error(System.Object, System.EventArgs) : Exception of type 'System.Web.HttpUnhandledException' was thrown.    at ASP.global_asax.Application_Error(Object sender, EventArgs e) in c:\inetpub\wwwroot\Dev\WTS\Global.asax:line 74
09/19/2018 14:34:14.540 [xdmmx3x0tdfw1bzfrwjw5g3k] - Info - http://localhost:50947/Default.aspx - App_Web_wzdlmrpr.dll - _Default.Login() : checking if membership user is logged in and authenticated
09/19/2018 14:34:14.628 [xdmmx3x0tdfw1bzfrwjw5g3k] - Info - http://localhost:50947/Default.aspx - App_Web_wzdlmrpr.dll - _Default.Login() : 
ALL available roles: 
    Admin
    Administration
    AOR
    CR
    Dashboard
    Deployment
    MasterData
    Meeting
    News
    Reports
    ResourceManagement
    RQMT
    SustainmentRequest
    Task
    Tester
    View:Administration
    View:AOR
    View:CR
    View:CVTMetrics
    View:Dashboard
    View:Deployment
    View:MasterData
    View:Meeting
    View:Metrics
    View:News
    View:Reports
    View:ResourceManagement
    View:RQMT
    View:SustainmentRequest
    View:Task
    View:WorkItem
    View:WorkRequest
    WorkItem
    WorkRequest


User erin.mendoza is logged in and is approved.
Organization = Folsom Dev

User is in roles:  
    Admin
    Administration
    CR
    Dashboard
    MasterData
    Meeting
    Reports
    RQMT
    SustainmentRequest
    Task
    View:AOR
    View:CR
    View:CVTMetrics
    View:Meeting
    View:Metrics
    View:News
    View:ResourceManagement
    WorkItem
    WorkRequest

09/19/2018 15:34:54.477 [uyobaokz2sw532ayo1pdijrb] - Info - http://localhost:50947/Default.aspx - App_Web_02c3qrom.dll - _Default.Login() : checking if membership user is logged in and authenticated
09/19/2018 15:34:54.611 [uyobaokz2sw532ayo1pdijrb] - Info - http://localhost:50947/Default.aspx - App_Web_02c3qrom.dll - _Default.Login() : 
ALL available roles: 
    Admin
    Administration
    AOR
    CR
    Dashboard
    Deployment
    MasterData
    Meeting
    News
    Reports
    ResourceManagement
    RQMT
    SustainmentRequest
    Task
    Tester
    View:Administration
    View:AOR
    View:CR
    View:CVTMetrics
    View:Dashboard
    View:Deployment
    View:MasterData
    View:Meeting
    View:Metrics
    View:News
    View:Reports
    View:ResourceManagement
    View:RQMT
    View:SustainmentRequest
    View:Task
    View:WorkItem
    View:WorkRequest
    WorkItem
    WorkRequest


User erin.mendoza is logged in and is approved.
Organization = Folsom Dev

User is in roles:  
    Admin
    Administration
    CR
    Dashboard
    MasterData
    Meeting
    Reports
    RQMT
    SustainmentRequest
    Task
    View:AOR
    View:CR
    View:CVTMetrics
    View:Meeting
    View:Metrics
    View:News
    View:ResourceManagement
    WorkItem
    WorkRequest

09/19/2018 15:34:56.096 [[NONE]] - Info - http://localhost:50947/Account/Default.aspx - App_global.asax.otj-8knw.dll - ASP.global_asax.Application_Error(System.Object, System.EventArgs) : The file '/Account/Default.aspx' does not exist.    at ASP.global_asax.Application_Error(Object sender, EventArgs e) in c:\inetpub\wwwroot\Dev\WTS\Global.asax:line 74
09/19/2018 15:36:37.753 [[NONE]] - Info - http://localhost:50947/Account/Default.aspx - App_global.asax.otj-8knw.dll - ASP.global_asax.Application_Error(System.Object, System.EventArgs) : The file '/Account/Default.aspx' does not exist.    at ASP.global_asax.Application_Error(Object sender, EventArgs e) in c:\inetpub\wwwroot\Dev\WTS\Global.asax:line 74
09/19/2018 15:37:00.256 [wwkm3ptsvervayx0axro4m1e] - Info - http://localhost:50947/Default.aspx - App_Web_02c3qrom.dll - _Default.Login() : checking if membership user is logged in and authenticated
09/19/2018 15:37:00.327 [wwkm3ptsvervayx0axro4m1e] - Info - http://localhost:50947/Default.aspx - App_Web_02c3qrom.dll - _Default.Login() : 
ALL available roles: 
    Admin
    Administration
    AOR
    CR
    Dashboard
    Deployment
    MasterData
    Meeting
    News
    Reports
    ResourceManagement
    RQMT
    SustainmentRequest
    Task
    Tester
    View:Administration
    View:AOR
    View:CR
    View:CVTMetrics
    View:Dashboard
    View:Deployment
    View:MasterData
    View:Meeting
    View:Metrics
    View:News
    View:Reports
    View:ResourceManagement
    View:RQMT
    View:SustainmentRequest
    View:Task
    View:WorkItem
    View:WorkRequest
    WorkItem
    WorkRequest


User erin.mendoza is logged in and is approved.
Organization = Folsom Dev

User is in roles:  
    Admin
    Administration
    CR
    Dashboard
    MasterData
    Meeting
    Reports
    RQMT
    SustainmentRequest
    Task
    View:AOR
    View:CR
    View:CVTMetrics
    View:Meeting
    View:Metrics
    View:News
    View:ResourceManagement
    WorkItem
    WorkRequest

09/19/2018 15:39:36.004 [aglnbw5u0fffbbkguqou215d] - Info - http://localhost:50947/Default.aspx - App_Web_02c3qrom.dll - _Default.Login() : checking if membership user is logged in and authenticated
09/19/2018 15:39:36.083 [aglnbw5u0fffbbkguqou215d] - Info - http://localhost:50947/Default.aspx - App_Web_02c3qrom.dll - _Default.Login() : 
ALL available roles: 
    Admin
    Administration
    AOR
    CR
    Dashboard
    Deployment
    MasterData
    Meeting
    News
    Reports
    ResourceManagement
    RQMT
    SustainmentRequest
    Task
    Tester
    View:Administration
    View:AOR
    View:CR
    View:CVTMetrics
    View:Dashboard
    View:Deployment
    View:MasterData
    View:Meeting
    View:Metrics
    View:News
    View:Reports
    View:ResourceManagement
    View:RQMT
    View:SustainmentRequest
    View:Task
    View:WorkItem
    View:WorkRequest
    WorkItem
    WorkRequest


User erin.mendoza is logged in and is approved.
Organization = Folsom Dev

User is in roles:  
    Admin
    Administration
    CR
    Dashboard
    MasterData
    Meeting
    Reports
    RQMT
    SustainmentRequest
    Task
    View:AOR
    View:CR
    View:CVTMetrics
    View:Meeting
    View:Metrics
    View:News
    View:ResourceManagement
    WorkItem
    WorkRequest

09/19/2018 17:14:30.613 [3hbqaaorhfuamflj0q2yjp4g] - Info - http://localhost:50947/Default.aspx - App_Web_02c3qrom.dll - _Default.Login() : checking if membership user is logged in and authenticated
09/19/2018 17:14:30.688 [3hbqaaorhfuamflj0q2yjp4g] - Info - http://localhost:50947/Default.aspx - App_Web_02c3qrom.dll - _Default.Login() : 
ALL available roles: 
    Admin
    Administration
    AOR
    CR
    Dashboard
    Deployment
    MasterData
    Meeting
    News
    Reports
    ResourceManagement
    RQMT
    SustainmentRequest
    Task
    Tester
    View:Administration
    View:AOR
    View:CR
    View:CVTMetrics
    View:Dashboard
    View:Deployment
    View:MasterData
    View:Meeting
    View:Metrics
    View:News
    View:Reports
    View:ResourceManagement
    View:RQMT
    View:SustainmentRequest
    View:Task
    View:WorkItem
    View:WorkRequest
    WorkItem
    WorkRequest


User erin.mendoza is logged in and is approved.
Organization = Folsom Dev

User is in roles:  
    Admin
    Administration
    CR
    Dashboard
    MasterData
    Meeting
    Reports
    RQMT
    SustainmentRequest
    Task
    View:AOR
    View:CR
    View:CVTMetrics
    View:Meeting
    View:Metrics
    View:News
    View:ResourceManagement
    WorkItem
    WorkRequest

09/19/2018 17:19:57.739 [l5wrjghkwztg3jxlyphu3kho] - Info - http://localhost:50947/Default.aspx - App_Web_02c3qrom.dll - _Default.Login() : checking if membership user is logged in and authenticated
09/19/2018 17:19:59.546 [l5wrjghkwztg3jxlyphu3kho] - Info - http://localhost:50947/Default.aspx - App_Web_02c3qrom.dll - _Default.Login() : 
ALL available roles: 
    Admin
    Administration
    AOR
    CR
    Dashboard
    Deployment
    MasterData
    Meeting
    News
    Reports
    ResourceManagement
    RQMT
    SustainmentRequest
    Task
    Tester
    View:Administration
    View:AOR
    View:CR
    View:CVTMetrics
    View:Dashboard
    View:Deployment
    View:MasterData
    View:Meeting
    View:Metrics
    View:News
    View:Reports
    View:ResourceManagement
    View:RQMT
    View:SustainmentRequest
    View:Task
    View:WorkItem
    View:WorkRequest
    WorkItem
    WorkRequest


User erin.mendoza is logged in and is approved.
Organization = Folsom Dev

User is in roles:  
    Admin
    Administration
    CR
    Dashboard
    MasterData
    Meeting
    Reports
    RQMT
    SustainmentRequest
    Task
    View:AOR
    View:CR
    View:CVTMetrics
    View:Meeting
    View:Metrics
    View:News
    View:ResourceManagement
    WorkItem
    WorkRequest

09/19/2018 17:49:03.978 [hzagkii2vxrztbaeiia0lnd0] - Info - http://localhost:50947/Default.aspx - App_Web_aq1zhchr.dll - _Default.Login() : checking if membership user is logged in and authenticated
09/19/2018 17:49:04.099 [hzagkii2vxrztbaeiia0lnd0] - Info - http://localhost:50947/Default.aspx - App_Web_aq1zhchr.dll - _Default.Login() : 
ALL available roles: 
    Admin
    Administration
    AOR
    CR
    Dashboard
    Deployment
    MasterData
    Meeting
    News
    Reports
    ResourceManagement
    RQMT
    SustainmentRequest
    Task
    Tester
    View:Administration
    View:AOR
    View:CR
    View:CVTMetrics
    View:Dashboard
    View:Deployment
    View:MasterData
    View:Meeting
    View:Metrics
    View:News
    View:Reports
    View:ResourceManagement
    View:RQMT
    View:SustainmentRequest
    View:Task
    View:WorkItem
    View:WorkRequest
    WorkItem
    WorkRequest


User erin.mendoza is logged in and is approved.
Organization = Folsom Dev

User is in roles:  
    Admin
    Administration
    CR
    Dashboard
    MasterData
    Meeting
    Reports
    RQMT
    SustainmentRequest
    Task
    View:AOR
    View:CR
    View:CVTMetrics
    View:Meeting
    View:Metrics
    View:News
    View:ResourceManagement
    WorkItem
    WorkRequest

